[2025-01-18T09:18:56.424+0000] {local_task_job_runner.py:123} INFO - ::group::Pre task execution logs
[2025-01-18T09:18:56.444+0000] {taskinstance.py:2613} INFO - Dependencies all met for dep_context=non-requeueable deps ti=<TaskInstance: example_sensor_decorator.wait_for_upstream manual__2025-01-18T09:18:48.908255+00:00 [queued]>
[2025-01-18T09:18:56.452+0000] {taskinstance.py:2613} INFO - Dependencies all met for dep_context=requeueable deps ti=<TaskInstance: example_sensor_decorator.wait_for_upstream manual__2025-01-18T09:18:48.908255+00:00 [queued]>
[2025-01-18T09:18:56.452+0000] {taskinstance.py:2866} INFO - Starting attempt 1 of 1
[2025-01-18T09:18:56.470+0000] {taskinstance.py:2889} INFO - Executing <Task(DecoratedSensorOperator): wait_for_upstream> on 2025-01-18 09:18:48.908255+00:00
[2025-01-18T09:18:56.485+0000] {standard_task_runner.py:104} INFO - Running: ['***', 'tasks', 'run', 'example_sensor_decorator', 'wait_for_upstream', 'manual__2025-01-18T09:18:48.908255+00:00', '--job-id', '5', '--raw', '--subdir', '/home/***/.local/lib/python3.12/site-packages/***/example_dags/example_sensor_decorator.py', '--cfg-path', '/tmp/tmpq3uzfoyz']
[2025-01-18T09:18:56.487+0000] {warnings.py:112} WARNING - /home/***/.local/lib/python3.12/site-packages/***/task/task_runner/standard_task_runner.py:70: DeprecationWarning: This process (pid=153) is multi-threaded, use of fork() may lead to deadlocks in the child.
  pid = os.fork()

[2025-01-18T09:18:56.488+0000] {standard_task_runner.py:72} INFO - Started process 155 to run task
[2025-01-18T09:18:56.489+0000] {standard_task_runner.py:105} INFO - Job 5: Subtask wait_for_upstream
[2025-01-18T09:18:56.550+0000] {task_command.py:467} INFO - Running <TaskInstance: example_sensor_decorator.wait_for_upstream manual__2025-01-18T09:18:48.908255+00:00 [running]> on host 284f38806beb
[2025-01-18T09:18:57.088+0000] {taskinstance.py:3132} INFO - Exporting env vars: AIRFLOW_CTX_DAG_OWNER='***' AIRFLOW_CTX_DAG_ID='example_sensor_decorator' AIRFLOW_CTX_TASK_ID='wait_for_upstream' AIRFLOW_CTX_EXECUTION_DATE='2025-01-18T09:18:48.908255+00:00' AIRFLOW_CTX_TRY_NUMBER='1' AIRFLOW_CTX_DAG_RUN_ID='manual__2025-01-18T09:18:48.908255+00:00'
[2025-01-18T09:18:57.089+0000] {logging_mixin.py:190} INFO - Task instance is in running state
[2025-01-18T09:18:57.089+0000] {logging_mixin.py:190} INFO -  Previous state of the Task instance: queued
[2025-01-18T09:18:57.090+0000] {logging_mixin.py:190} INFO - Current task name:wait_for_upstream state:running start_date:2025-01-18 09:18:56.444605+00:00
[2025-01-18T09:18:57.090+0000] {logging_mixin.py:190} INFO - Dag name:example_sensor_decorator and current dag run status:running
[2025-01-18T09:18:57.091+0000] {taskinstance.py:731} INFO - ::endgroup::
[2025-01-18T09:18:57.102+0000] {python.py:75} INFO - Poking callable: <function example_sensor_decorator.<locals>.wait_for_upstream at 0x7ebc45f85c60>
[2025-01-18T09:18:57.102+0000] {base.py:336} INFO - Success criteria met. Exiting.
[2025-01-18T09:18:57.129+0000] {taskinstance.py:340} INFO - ::group::Post task execution logs
[2025-01-18T09:18:57.129+0000] {taskinstance.py:352} INFO - Marking task as SUCCESS. dag_id=example_sensor_decorator, task_id=wait_for_upstream, run_id=manual__2025-01-18T09:18:48.908255+00:00, execution_date=20250118T091848, start_date=20250118T091856, end_date=20250118T091857
[2025-01-18T09:18:57.145+0000] {logging_mixin.py:190} INFO - Task instance in success state
[2025-01-18T09:18:57.145+0000] {logging_mixin.py:190} INFO -  Previous state of the Task instance: running
[2025-01-18T09:18:57.146+0000] {logging_mixin.py:190} INFO - Dag name:example_sensor_decorator queued_at:2025-01-18 09:18:48.938821+00:00
[2025-01-18T09:18:57.146+0000] {logging_mixin.py:190} INFO - Task hostname:284f38806beb operator:DecoratedSensorOperator
[2025-01-18T09:18:57.167+0000] {local_task_job_runner.py:266} INFO - Task exited with return code 0
[2025-01-18T09:18:57.501+0000] {taskinstance.py:3895} INFO - 1 downstream tasks scheduled from follow-on schedule check
[2025-01-18T09:18:57.503+0000] {local_task_job_runner.py:245} INFO - ::endgroup::
