[2025-02-01T08:51:30.788+0000] {processor.py:186} INFO - Started process (PID=81664) to work on /opt/airflow/dags/play_with_airflow_connections_and_hooks.py
[2025-02-01T08:51:30.788+0000] {processor.py:914} INFO - Processing file /opt/airflow/dags/play_with_airflow_connections_and_hooks.py for tasks to queue
[2025-02-01T08:51:30.789+0000] {logging_mixin.py:190} INFO - [2025-02-01T08:51:30.789+0000] {dagbag.py:588} INFO - Filling up the DagBag from /opt/airflow/dags/play_with_airflow_connections_and_hooks.py
[2025-02-01T08:51:30.797+0000] {processor.py:925} INFO - DAG(s) 'play_with_airflow_connections_and_hooks' retrieved from /opt/airflow/dags/play_with_airflow_connections_and_hooks.py
[2025-02-01T08:51:30.884+0000] {logging_mixin.py:190} INFO - [2025-02-01T08:51:30.883+0000] {override.py:1911} INFO - Created Permission View: can read on DAG:play_with_airflow_connections_and_hooks
[2025-02-01T08:51:30.891+0000] {logging_mixin.py:190} INFO - [2025-02-01T08:51:30.891+0000] {override.py:1911} INFO - Created Permission View: can edit on DAG:play_with_airflow_connections_and_hooks
[2025-02-01T08:51:30.896+0000] {logging_mixin.py:190} INFO - [2025-02-01T08:51:30.896+0000] {override.py:1911} INFO - Created Permission View: can delete on DAG:play_with_airflow_connections_and_hooks
[2025-02-01T08:51:30.901+0000] {logging_mixin.py:190} INFO - [2025-02-01T08:51:30.900+0000] {override.py:1911} INFO - Created Permission View: can read on DAG Run:play_with_airflow_connections_and_hooks
[2025-02-01T08:51:30.905+0000] {logging_mixin.py:190} INFO - [2025-02-01T08:51:30.905+0000] {override.py:1911} INFO - Created Permission View: can create on DAG Run:play_with_airflow_connections_and_hooks
[2025-02-01T08:51:30.910+0000] {logging_mixin.py:190} INFO - [2025-02-01T08:51:30.909+0000] {override.py:1911} INFO - Created Permission View: menu access on DAG Run:play_with_airflow_connections_and_hooks
[2025-02-01T08:51:30.914+0000] {logging_mixin.py:190} INFO - [2025-02-01T08:51:30.914+0000] {override.py:1911} INFO - Created Permission View: can delete on DAG Run:play_with_airflow_connections_and_hooks
[2025-02-01T08:51:30.914+0000] {logging_mixin.py:190} INFO - [2025-02-01T08:51:30.914+0000] {dag.py:3239} INFO - Sync 1 DAGs
[2025-02-01T08:51:30.924+0000] {logging_mixin.py:190} INFO - [2025-02-01T08:51:30.924+0000] {dag.py:3262} INFO - Creating ORM DAG for play_with_airflow_connections_and_hooks
[2025-02-01T08:51:30.935+0000] {logging_mixin.py:190} INFO - [2025-02-01T08:51:30.934+0000] {dag.py:4180} INFO - Setting next_dagrun for play_with_airflow_connections_and_hooks to 2025-01-31 00:00:00+00:00, run_after=2025-02-01 00:00:00+00:00
[2025-02-01T08:51:30.947+0000] {processor.py:208} INFO - Processing /opt/airflow/dags/play_with_airflow_connections_and_hooks.py took 0.165 seconds
[2025-02-01T08:52:01.048+0000] {processor.py:186} INFO - Started process (PID=81967) to work on /opt/airflow/dags/play_with_airflow_connections_and_hooks.py
[2025-02-01T08:52:01.049+0000] {processor.py:914} INFO - Processing file /opt/airflow/dags/play_with_airflow_connections_and_hooks.py for tasks to queue
[2025-02-01T08:52:01.051+0000] {logging_mixin.py:190} INFO - [2025-02-01T08:52:01.051+0000] {dagbag.py:588} INFO - Filling up the DagBag from /opt/airflow/dags/play_with_airflow_connections_and_hooks.py
[2025-02-01T08:52:01.060+0000] {processor.py:925} INFO - DAG(s) 'play_with_airflow_connections_and_hooks' retrieved from /opt/airflow/dags/play_with_airflow_connections_and_hooks.py
[2025-02-01T08:52:01.075+0000] {logging_mixin.py:190} INFO - [2025-02-01T08:52:01.075+0000] {dag.py:3239} INFO - Sync 1 DAGs
[2025-02-01T08:52:01.095+0000] {logging_mixin.py:190} INFO - [2025-02-01T08:52:01.095+0000] {dag.py:4180} INFO - Setting next_dagrun for play_with_airflow_connections_and_hooks to 2025-01-31 00:00:00+00:00, run_after=2025-02-01 00:00:00+00:00
[2025-02-01T08:52:01.109+0000] {processor.py:208} INFO - Processing /opt/airflow/dags/play_with_airflow_connections_and_hooks.py took 0.067 seconds
[2025-02-01T08:52:31.564+0000] {processor.py:186} INFO - Started process (PID=82253) to work on /opt/airflow/dags/play_with_airflow_connections_and_hooks.py
[2025-02-01T08:52:31.567+0000] {processor.py:914} INFO - Processing file /opt/airflow/dags/play_with_airflow_connections_and_hooks.py for tasks to queue
[2025-02-01T08:52:31.571+0000] {logging_mixin.py:190} INFO - [2025-02-01T08:52:31.568+0000] {dagbag.py:588} INFO - Filling up the DagBag from /opt/airflow/dags/play_with_airflow_connections_and_hooks.py
[2025-02-01T08:52:31.581+0000] {processor.py:925} INFO - DAG(s) 'play_with_airflow_connections_and_hooks' retrieved from /opt/airflow/dags/play_with_airflow_connections_and_hooks.py
[2025-02-01T08:52:31.601+0000] {logging_mixin.py:190} INFO - [2025-02-01T08:52:31.600+0000] {dag.py:3239} INFO - Sync 1 DAGs
[2025-02-01T08:52:31.631+0000] {logging_mixin.py:190} INFO - [2025-02-01T08:52:31.631+0000] {dag.py:4180} INFO - Setting next_dagrun for play_with_airflow_connections_and_hooks to 2025-02-01 00:00:00+00:00, run_after=2025-02-02 00:00:00+00:00
[2025-02-01T08:52:31.650+0000] {processor.py:208} INFO - Processing /opt/airflow/dags/play_with_airflow_connections_and_hooks.py took 0.103 seconds
[2025-02-01T08:53:01.716+0000] {processor.py:186} INFO - Started process (PID=82560) to work on /opt/airflow/dags/play_with_airflow_connections_and_hooks.py
[2025-02-01T08:53:01.717+0000] {processor.py:914} INFO - Processing file /opt/airflow/dags/play_with_airflow_connections_and_hooks.py for tasks to queue
[2025-02-01T08:53:01.718+0000] {logging_mixin.py:190} INFO - [2025-02-01T08:53:01.718+0000] {dagbag.py:588} INFO - Filling up the DagBag from /opt/airflow/dags/play_with_airflow_connections_and_hooks.py
[2025-02-01T08:53:01.728+0000] {processor.py:925} INFO - DAG(s) 'play_with_airflow_connections_and_hooks' retrieved from /opt/airflow/dags/play_with_airflow_connections_and_hooks.py
[2025-02-01T08:53:01.749+0000] {logging_mixin.py:190} INFO - [2025-02-01T08:53:01.749+0000] {dag.py:3239} INFO - Sync 1 DAGs
[2025-02-01T08:53:01.779+0000] {logging_mixin.py:190} INFO - [2025-02-01T08:53:01.779+0000] {dag.py:4180} INFO - Setting next_dagrun for play_with_airflow_connections_and_hooks to 2025-02-01 00:00:00+00:00, run_after=2025-02-02 00:00:00+00:00
[2025-02-01T08:53:01.797+0000] {processor.py:208} INFO - Processing /opt/airflow/dags/play_with_airflow_connections_and_hooks.py took 0.086 seconds
[2025-02-01T08:53:31.914+0000] {processor.py:186} INFO - Started process (PID=82867) to work on /opt/airflow/dags/play_with_airflow_connections_and_hooks.py
[2025-02-01T08:53:31.915+0000] {processor.py:914} INFO - Processing file /opt/airflow/dags/play_with_airflow_connections_and_hooks.py for tasks to queue
[2025-02-01T08:53:31.916+0000] {logging_mixin.py:190} INFO - [2025-02-01T08:53:31.916+0000] {dagbag.py:588} INFO - Filling up the DagBag from /opt/airflow/dags/play_with_airflow_connections_and_hooks.py
[2025-02-01T08:53:31.925+0000] {processor.py:925} INFO - DAG(s) 'play_with_airflow_connections_and_hooks' retrieved from /opt/airflow/dags/play_with_airflow_connections_and_hooks.py
[2025-02-01T08:53:31.947+0000] {logging_mixin.py:190} INFO - [2025-02-01T08:53:31.947+0000] {dag.py:3239} INFO - Sync 1 DAGs
[2025-02-01T08:53:31.982+0000] {logging_mixin.py:190} INFO - [2025-02-01T08:53:31.981+0000] {dag.py:4180} INFO - Setting next_dagrun for play_with_airflow_connections_and_hooks to 2025-02-01 00:00:00+00:00, run_after=2025-02-02 00:00:00+00:00
[2025-02-01T08:53:32.000+0000] {processor.py:208} INFO - Processing /opt/airflow/dags/play_with_airflow_connections_and_hooks.py took 0.093 seconds
[2025-02-01T08:54:02.194+0000] {processor.py:186} INFO - Started process (PID=83177) to work on /opt/airflow/dags/play_with_airflow_connections_and_hooks.py
[2025-02-01T08:54:02.195+0000] {processor.py:914} INFO - Processing file /opt/airflow/dags/play_with_airflow_connections_and_hooks.py for tasks to queue
[2025-02-01T08:54:02.196+0000] {logging_mixin.py:190} INFO - [2025-02-01T08:54:02.195+0000] {dagbag.py:588} INFO - Filling up the DagBag from /opt/airflow/dags/play_with_airflow_connections_and_hooks.py
[2025-02-01T08:54:02.205+0000] {processor.py:925} INFO - DAG(s) 'play_with_airflow_connections_and_hooks' retrieved from /opt/airflow/dags/play_with_airflow_connections_and_hooks.py
[2025-02-01T08:54:02.225+0000] {logging_mixin.py:190} INFO - [2025-02-01T08:54:02.225+0000] {dag.py:3239} INFO - Sync 1 DAGs
[2025-02-01T08:54:02.254+0000] {logging_mixin.py:190} INFO - [2025-02-01T08:54:02.254+0000] {dag.py:4180} INFO - Setting next_dagrun for play_with_airflow_connections_and_hooks to 2025-02-01 00:00:00+00:00, run_after=2025-02-02 00:00:00+00:00
[2025-02-01T08:54:02.271+0000] {processor.py:208} INFO - Processing /opt/airflow/dags/play_with_airflow_connections_and_hooks.py took 0.083 seconds
[2025-02-01T08:54:32.400+0000] {processor.py:186} INFO - Started process (PID=83484) to work on /opt/airflow/dags/play_with_airflow_connections_and_hooks.py
[2025-02-01T08:54:32.401+0000] {processor.py:914} INFO - Processing file /opt/airflow/dags/play_with_airflow_connections_and_hooks.py for tasks to queue
[2025-02-01T08:54:32.402+0000] {logging_mixin.py:190} INFO - [2025-02-01T08:54:32.402+0000] {dagbag.py:588} INFO - Filling up the DagBag from /opt/airflow/dags/play_with_airflow_connections_and_hooks.py
[2025-02-01T08:54:32.412+0000] {processor.py:925} INFO - DAG(s) 'play_with_airflow_connections_and_hooks' retrieved from /opt/airflow/dags/play_with_airflow_connections_and_hooks.py
[2025-02-01T08:54:32.433+0000] {logging_mixin.py:190} INFO - [2025-02-01T08:54:32.432+0000] {dag.py:3239} INFO - Sync 1 DAGs
[2025-02-01T08:54:32.462+0000] {logging_mixin.py:190} INFO - [2025-02-01T08:54:32.462+0000] {dag.py:4180} INFO - Setting next_dagrun for play_with_airflow_connections_and_hooks to 2025-02-01 00:00:00+00:00, run_after=2025-02-02 00:00:00+00:00
[2025-02-01T08:54:32.480+0000] {processor.py:208} INFO - Processing /opt/airflow/dags/play_with_airflow_connections_and_hooks.py took 0.086 seconds
[2025-02-01T08:55:03.389+0000] {processor.py:186} INFO - Started process (PID=83790) to work on /opt/airflow/dags/play_with_airflow_connections_and_hooks.py
[2025-02-01T08:55:03.390+0000] {processor.py:914} INFO - Processing file /opt/airflow/dags/play_with_airflow_connections_and_hooks.py for tasks to queue
[2025-02-01T08:55:03.391+0000] {logging_mixin.py:190} INFO - [2025-02-01T08:55:03.391+0000] {dagbag.py:588} INFO - Filling up the DagBag from /opt/airflow/dags/play_with_airflow_connections_and_hooks.py
[2025-02-01T08:55:03.400+0000] {processor.py:925} INFO - DAG(s) 'play_with_airflow_connections_and_hooks' retrieved from /opt/airflow/dags/play_with_airflow_connections_and_hooks.py
[2025-02-01T08:55:03.427+0000] {logging_mixin.py:190} INFO - [2025-02-01T08:55:03.427+0000] {dag.py:3239} INFO - Sync 1 DAGs
[2025-02-01T08:55:03.457+0000] {logging_mixin.py:190} INFO - [2025-02-01T08:55:03.457+0000] {dag.py:4180} INFO - Setting next_dagrun for play_with_airflow_connections_and_hooks to 2025-02-01 00:00:00+00:00, run_after=2025-02-02 00:00:00+00:00
[2025-02-01T08:55:03.476+0000] {processor.py:208} INFO - Processing /opt/airflow/dags/play_with_airflow_connections_and_hooks.py took 0.093 seconds
[2025-02-01T08:55:33.920+0000] {processor.py:186} INFO - Started process (PID=84097) to work on /opt/airflow/dags/play_with_airflow_connections_and_hooks.py
[2025-02-01T08:55:33.921+0000] {processor.py:914} INFO - Processing file /opt/airflow/dags/play_with_airflow_connections_and_hooks.py for tasks to queue
[2025-02-01T08:55:33.922+0000] {logging_mixin.py:190} INFO - [2025-02-01T08:55:33.922+0000] {dagbag.py:588} INFO - Filling up the DagBag from /opt/airflow/dags/play_with_airflow_connections_and_hooks.py
[2025-02-01T08:55:33.932+0000] {processor.py:925} INFO - DAG(s) 'play_with_airflow_connections_and_hooks' retrieved from /opt/airflow/dags/play_with_airflow_connections_and_hooks.py
[2025-02-01T08:55:33.954+0000] {logging_mixin.py:190} INFO - [2025-02-01T08:55:33.953+0000] {dag.py:3239} INFO - Sync 1 DAGs
[2025-02-01T08:55:33.983+0000] {logging_mixin.py:190} INFO - [2025-02-01T08:55:33.982+0000] {dag.py:4180} INFO - Setting next_dagrun for play_with_airflow_connections_and_hooks to 2025-02-01 00:00:00+00:00, run_after=2025-02-02 00:00:00+00:00
[2025-02-01T08:55:34.002+0000] {processor.py:208} INFO - Processing /opt/airflow/dags/play_with_airflow_connections_and_hooks.py took 0.088 seconds
[2025-02-01T08:56:04.112+0000] {processor.py:186} INFO - Started process (PID=84404) to work on /opt/airflow/dags/play_with_airflow_connections_and_hooks.py
[2025-02-01T08:56:04.113+0000] {processor.py:914} INFO - Processing file /opt/airflow/dags/play_with_airflow_connections_and_hooks.py for tasks to queue
[2025-02-01T08:56:04.114+0000] {logging_mixin.py:190} INFO - [2025-02-01T08:56:04.114+0000] {dagbag.py:588} INFO - Filling up the DagBag from /opt/airflow/dags/play_with_airflow_connections_and_hooks.py
[2025-02-01T08:56:04.124+0000] {processor.py:925} INFO - DAG(s) 'play_with_airflow_connections_and_hooks' retrieved from /opt/airflow/dags/play_with_airflow_connections_and_hooks.py
[2025-02-01T08:56:04.201+0000] {logging_mixin.py:190} INFO - [2025-02-01T08:56:04.201+0000] {dag.py:3239} INFO - Sync 1 DAGs
[2025-02-01T08:56:04.270+0000] {logging_mixin.py:190} INFO - [2025-02-01T08:56:04.270+0000] {dag.py:4180} INFO - Setting next_dagrun for play_with_airflow_connections_and_hooks to 2025-02-01 00:00:00+00:00, run_after=2025-02-02 00:00:00+00:00
[2025-02-01T08:56:04.431+0000] {processor.py:208} INFO - Processing /opt/airflow/dags/play_with_airflow_connections_and_hooks.py took 0.327 seconds
[2025-02-01T08:56:35.365+0000] {processor.py:186} INFO - Started process (PID=84710) to work on /opt/airflow/dags/play_with_airflow_connections_and_hooks.py
[2025-02-01T08:56:35.376+0000] {processor.py:914} INFO - Processing file /opt/airflow/dags/play_with_airflow_connections_and_hooks.py for tasks to queue
[2025-02-01T08:56:35.378+0000] {logging_mixin.py:190} INFO - [2025-02-01T08:56:35.378+0000] {dagbag.py:588} INFO - Filling up the DagBag from /opt/airflow/dags/play_with_airflow_connections_and_hooks.py
[2025-02-01T08:56:35.388+0000] {processor.py:925} INFO - DAG(s) 'play_with_airflow_connections_and_hooks' retrieved from /opt/airflow/dags/play_with_airflow_connections_and_hooks.py
[2025-02-01T08:56:35.410+0000] {logging_mixin.py:190} INFO - [2025-02-01T08:56:35.410+0000] {dag.py:3239} INFO - Sync 1 DAGs
[2025-02-01T08:56:35.439+0000] {logging_mixin.py:190} INFO - [2025-02-01T08:56:35.438+0000] {dag.py:4180} INFO - Setting next_dagrun for play_with_airflow_connections_and_hooks to 2025-02-01 00:00:00+00:00, run_after=2025-02-02 00:00:00+00:00
[2025-02-01T08:56:35.457+0000] {processor.py:208} INFO - Processing /opt/airflow/dags/play_with_airflow_connections_and_hooks.py took 0.097 seconds
[2025-02-01T08:57:06.432+0000] {processor.py:186} INFO - Started process (PID=85017) to work on /opt/airflow/dags/play_with_airflow_connections_and_hooks.py
[2025-02-01T08:57:06.433+0000] {processor.py:914} INFO - Processing file /opt/airflow/dags/play_with_airflow_connections_and_hooks.py for tasks to queue
[2025-02-01T08:57:06.434+0000] {logging_mixin.py:190} INFO - [2025-02-01T08:57:06.434+0000] {dagbag.py:588} INFO - Filling up the DagBag from /opt/airflow/dags/play_with_airflow_connections_and_hooks.py
[2025-02-01T08:57:06.444+0000] {processor.py:925} INFO - DAG(s) 'play_with_airflow_connections_and_hooks' retrieved from /opt/airflow/dags/play_with_airflow_connections_and_hooks.py
[2025-02-01T08:57:06.465+0000] {logging_mixin.py:190} INFO - [2025-02-01T08:57:06.465+0000] {dag.py:3239} INFO - Sync 1 DAGs
[2025-02-01T08:57:06.495+0000] {logging_mixin.py:190} INFO - [2025-02-01T08:57:06.494+0000] {dag.py:4180} INFO - Setting next_dagrun for play_with_airflow_connections_and_hooks to 2025-02-01 00:00:00+00:00, run_after=2025-02-02 00:00:00+00:00
[2025-02-01T08:57:06.516+0000] {processor.py:208} INFO - Processing /opt/airflow/dags/play_with_airflow_connections_and_hooks.py took 0.090 seconds
[2025-02-01T08:57:37.637+0000] {processor.py:186} INFO - Started process (PID=85317) to work on /opt/airflow/dags/play_with_airflow_connections_and_hooks.py
[2025-02-01T08:57:37.639+0000] {processor.py:914} INFO - Processing file /opt/airflow/dags/play_with_airflow_connections_and_hooks.py for tasks to queue
[2025-02-01T08:57:37.640+0000] {logging_mixin.py:190} INFO - [2025-02-01T08:57:37.640+0000] {dagbag.py:588} INFO - Filling up the DagBag from /opt/airflow/dags/play_with_airflow_connections_and_hooks.py
[2025-02-01T08:57:37.653+0000] {processor.py:925} INFO - DAG(s) 'play_with_airflow_connections_and_hooks' retrieved from /opt/airflow/dags/play_with_airflow_connections_and_hooks.py
[2025-02-01T08:57:37.697+0000] {logging_mixin.py:190} INFO - [2025-02-01T08:57:37.697+0000] {dag.py:3239} INFO - Sync 1 DAGs
[2025-02-01T08:57:37.747+0000] {logging_mixin.py:190} INFO - [2025-02-01T08:57:37.746+0000] {dag.py:4180} INFO - Setting next_dagrun for play_with_airflow_connections_and_hooks to 2025-02-01 00:00:00+00:00, run_after=2025-02-02 00:00:00+00:00
[2025-02-01T08:57:37.766+0000] {processor.py:208} INFO - Processing /opt/airflow/dags/play_with_airflow_connections_and_hooks.py took 0.135 seconds
[2025-02-01T08:58:08.091+0000] {processor.py:186} INFO - Started process (PID=85586) to work on /opt/airflow/dags/play_with_airflow_connections_and_hooks.py
[2025-02-01T08:58:08.092+0000] {processor.py:914} INFO - Processing file /opt/airflow/dags/play_with_airflow_connections_and_hooks.py for tasks to queue
[2025-02-01T08:58:08.093+0000] {logging_mixin.py:190} INFO - [2025-02-01T08:58:08.093+0000] {dagbag.py:588} INFO - Filling up the DagBag from /opt/airflow/dags/play_with_airflow_connections_and_hooks.py
[2025-02-01T08:58:08.103+0000] {processor.py:925} INFO - DAG(s) 'play_with_airflow_connections_and_hooks' retrieved from /opt/airflow/dags/play_with_airflow_connections_and_hooks.py
[2025-02-01T08:58:08.128+0000] {logging_mixin.py:190} INFO - [2025-02-01T08:58:08.128+0000] {dag.py:3239} INFO - Sync 1 DAGs
[2025-02-01T08:58:08.157+0000] {logging_mixin.py:190} INFO - [2025-02-01T08:58:08.157+0000] {dag.py:4180} INFO - Setting next_dagrun for play_with_airflow_connections_and_hooks to 2025-02-01 00:00:00+00:00, run_after=2025-02-02 00:00:00+00:00
[2025-02-01T08:58:08.175+0000] {processor.py:208} INFO - Processing /opt/airflow/dags/play_with_airflow_connections_and_hooks.py took 0.089 seconds
[2025-02-01T08:58:39.099+0000] {processor.py:186} INFO - Started process (PID=85893) to work on /opt/airflow/dags/play_with_airflow_connections_and_hooks.py
[2025-02-01T08:58:39.100+0000] {processor.py:914} INFO - Processing file /opt/airflow/dags/play_with_airflow_connections_and_hooks.py for tasks to queue
[2025-02-01T08:58:39.102+0000] {logging_mixin.py:190} INFO - [2025-02-01T08:58:39.101+0000] {dagbag.py:588} INFO - Filling up the DagBag from /opt/airflow/dags/play_with_airflow_connections_and_hooks.py
[2025-02-01T08:58:39.111+0000] {processor.py:925} INFO - DAG(s) 'play_with_airflow_connections_and_hooks' retrieved from /opt/airflow/dags/play_with_airflow_connections_and_hooks.py
[2025-02-01T08:58:39.132+0000] {logging_mixin.py:190} INFO - [2025-02-01T08:58:39.132+0000] {dag.py:3239} INFO - Sync 1 DAGs
[2025-02-01T08:58:39.162+0000] {logging_mixin.py:190} INFO - [2025-02-01T08:58:39.162+0000] {dag.py:4180} INFO - Setting next_dagrun for play_with_airflow_connections_and_hooks to 2025-02-01 00:00:00+00:00, run_after=2025-02-02 00:00:00+00:00
[2025-02-01T08:58:39.181+0000] {processor.py:208} INFO - Processing /opt/airflow/dags/play_with_airflow_connections_and_hooks.py took 0.094 seconds
[2025-02-01T08:59:10.059+0000] {processor.py:186} INFO - Started process (PID=86199) to work on /opt/airflow/dags/play_with_airflow_connections_and_hooks.py
[2025-02-01T08:59:10.060+0000] {processor.py:914} INFO - Processing file /opt/airflow/dags/play_with_airflow_connections_and_hooks.py for tasks to queue
[2025-02-01T08:59:10.062+0000] {logging_mixin.py:190} INFO - [2025-02-01T08:59:10.061+0000] {dagbag.py:588} INFO - Filling up the DagBag from /opt/airflow/dags/play_with_airflow_connections_and_hooks.py
[2025-02-01T08:59:10.072+0000] {processor.py:925} INFO - DAG(s) 'play_with_airflow_connections_and_hooks' retrieved from /opt/airflow/dags/play_with_airflow_connections_and_hooks.py
[2025-02-01T08:59:10.095+0000] {logging_mixin.py:190} INFO - [2025-02-01T08:59:10.095+0000] {dag.py:3239} INFO - Sync 1 DAGs
[2025-02-01T08:59:10.127+0000] {logging_mixin.py:190} INFO - [2025-02-01T08:59:10.127+0000] {dag.py:4180} INFO - Setting next_dagrun for play_with_airflow_connections_and_hooks to 2025-02-01 00:00:00+00:00, run_after=2025-02-02 00:00:00+00:00
[2025-02-01T08:59:10.146+0000] {processor.py:208} INFO - Processing /opt/airflow/dags/play_with_airflow_connections_and_hooks.py took 0.092 seconds
[2025-02-01T08:59:40.467+0000] {processor.py:186} INFO - Started process (PID=86506) to work on /opt/airflow/dags/play_with_airflow_connections_and_hooks.py
[2025-02-01T08:59:40.468+0000] {processor.py:914} INFO - Processing file /opt/airflow/dags/play_with_airflow_connections_and_hooks.py for tasks to queue
[2025-02-01T08:59:40.470+0000] {logging_mixin.py:190} INFO - [2025-02-01T08:59:40.469+0000] {dagbag.py:588} INFO - Filling up the DagBag from /opt/airflow/dags/play_with_airflow_connections_and_hooks.py
[2025-02-01T08:59:40.479+0000] {processor.py:925} INFO - DAG(s) 'play_with_airflow_connections_and_hooks' retrieved from /opt/airflow/dags/play_with_airflow_connections_and_hooks.py
[2025-02-01T08:59:40.500+0000] {logging_mixin.py:190} INFO - [2025-02-01T08:59:40.500+0000] {dag.py:3239} INFO - Sync 1 DAGs
[2025-02-01T08:59:40.531+0000] {logging_mixin.py:190} INFO - [2025-02-01T08:59:40.530+0000] {dag.py:4180} INFO - Setting next_dagrun for play_with_airflow_connections_and_hooks to 2025-02-01 00:00:00+00:00, run_after=2025-02-02 00:00:00+00:00
[2025-02-01T08:59:40.549+0000] {processor.py:208} INFO - Processing /opt/airflow/dags/play_with_airflow_connections_and_hooks.py took 0.088 seconds
