[2025-01-18T09:18:45.950+0000] {local_task_job_runner.py:123} INFO - ::group::Pre task execution logs
[2025-01-18T09:18:46.017+0000] {taskinstance.py:2613} INFO - Dependencies all met for dep_context=non-requeueable deps ti=<TaskInstance: example_sensor_decorator.wait_for_upstream manual__2025-01-18T09:18:38.958091+00:00 [queued]>
[2025-01-18T09:18:46.048+0000] {taskinstance.py:2613} INFO - Dependencies all met for dep_context=requeueable deps ti=<TaskInstance: example_sensor_decorator.wait_for_upstream manual__2025-01-18T09:18:38.958091+00:00 [queued]>
[2025-01-18T09:18:46.049+0000] {taskinstance.py:2866} INFO - Starting attempt 1 of 1
[2025-01-18T09:18:46.077+0000] {taskinstance.py:2889} INFO - Executing <Task(DecoratedSensorOperator): wait_for_upstream> on 2025-01-18 09:18:38.958091+00:00
[2025-01-18T09:18:46.102+0000] {warnings.py:112} WARNING - /home/***/.local/lib/python3.12/site-packages/***/task/task_runner/standard_task_runner.py:70: DeprecationWarning: This process (pid=140) is multi-threaded, use of fork() may lead to deadlocks in the child.
  pid = os.fork()

[2025-01-18T09:18:46.103+0000] {standard_task_runner.py:72} INFO - Started process 149 to run task
[2025-01-18T09:18:46.097+0000] {standard_task_runner.py:104} INFO - Running: ['***', 'tasks', 'run', 'example_sensor_decorator', 'wait_for_upstream', 'manual__2025-01-18T09:18:38.958091+00:00', '--job-id', '3', '--raw', '--subdir', '/home/***/.local/lib/python3.12/site-packages/***/example_dags/example_sensor_decorator.py', '--cfg-path', '/tmp/tmpkmmamll3']
[2025-01-18T09:18:46.110+0000] {standard_task_runner.py:105} INFO - Job 3: Subtask wait_for_upstream
[2025-01-18T09:18:46.306+0000] {task_command.py:467} INFO - Running <TaskInstance: example_sensor_decorator.wait_for_upstream manual__2025-01-18T09:18:38.958091+00:00 [running]> on host 284f38806beb
[2025-01-18T09:18:47.795+0000] {taskinstance.py:3132} INFO - Exporting env vars: AIRFLOW_CTX_DAG_OWNER='***' AIRFLOW_CTX_DAG_ID='example_sensor_decorator' AIRFLOW_CTX_TASK_ID='wait_for_upstream' AIRFLOW_CTX_EXECUTION_DATE='2025-01-18T09:18:38.958091+00:00' AIRFLOW_CTX_TRY_NUMBER='1' AIRFLOW_CTX_DAG_RUN_ID='manual__2025-01-18T09:18:38.958091+00:00'
[2025-01-18T09:18:47.796+0000] {logging_mixin.py:190} INFO - Task instance is in running state
[2025-01-18T09:18:47.797+0000] {logging_mixin.py:190} INFO -  Previous state of the Task instance: queued
[2025-01-18T09:18:47.800+0000] {logging_mixin.py:190} INFO - Current task name:wait_for_upstream state:running start_date:2025-01-18 09:18:46.021508+00:00
[2025-01-18T09:18:47.809+0000] {logging_mixin.py:190} INFO - Dag name:example_sensor_decorator and current dag run status:running
[2025-01-18T09:18:47.810+0000] {taskinstance.py:731} INFO - ::endgroup::
[2025-01-18T09:18:47.842+0000] {python.py:75} INFO - Poking callable: <function example_sensor_decorator.<locals>.wait_for_upstream at 0x7ebc45d09d00>
[2025-01-18T09:18:47.843+0000] {base.py:336} INFO - Success criteria met. Exiting.
[2025-01-18T09:18:47.914+0000] {taskinstance.py:340} INFO - ::group::Post task execution logs
[2025-01-18T09:18:47.917+0000] {taskinstance.py:352} INFO - Marking task as SUCCESS. dag_id=example_sensor_decorator, task_id=wait_for_upstream, run_id=manual__2025-01-18T09:18:38.958091+00:00, execution_date=20250118T091838, start_date=20250118T091846, end_date=20250118T091847
[2025-01-18T09:18:47.946+0000] {logging_mixin.py:190} INFO - Task instance in success state
[2025-01-18T09:18:47.965+0000] {logging_mixin.py:190} INFO -  Previous state of the Task instance: running
[2025-01-18T09:18:47.966+0000] {logging_mixin.py:190} INFO - Dag name:example_sensor_decorator queued_at:2025-01-18 09:18:38.972967+00:00
[2025-01-18T09:18:47.966+0000] {logging_mixin.py:190} INFO - Task hostname:284f38806beb operator:DecoratedSensorOperator
[2025-01-18T09:18:48.173+0000] {local_task_job_runner.py:266} INFO - Task exited with return code 0
[2025-01-18T09:18:48.253+0000] {taskinstance.py:3895} INFO - 0 downstream tasks scheduled from follow-on schedule check
[2025-01-18T09:18:48.264+0000] {local_task_job_runner.py:245} INFO - ::endgroup::
