[2025-01-18T09:12:40.885+0000] {processor.py:186} INFO - Started process (PID=92) to work on /home/airflow/.local/lib/python3.12/site-packages/airflow/example_dags/example_subdag_operator.py
[2025-01-18T09:12:40.885+0000] {processor.py:914} INFO - Processing file /home/airflow/.local/lib/python3.12/site-packages/airflow/example_dags/example_subdag_operator.py for tasks to queue
[2025-01-18T09:12:40.888+0000] {logging_mixin.py:190} INFO - [2025-01-18T09:12:40.888+0000] {dagbag.py:588} INFO - Filling up the DagBag from /home/airflow/.local/lib/python3.12/site-packages/airflow/example_dags/example_subdag_operator.py
[2025-01-18T09:12:40.947+0000] {processor.py:925} INFO - DAG(s) 'example_subdag_operator.section-1', 'example_subdag_operator.section-2', 'example_subdag_operator' retrieved from /home/airflow/.local/lib/python3.12/site-packages/airflow/example_dags/example_subdag_operator.py
[2025-01-18T09:12:41.345+0000] {logging_mixin.py:190} INFO - [2025-01-18T09:12:41.344+0000] {override.py:1911} INFO - Created Permission View: can edit on DAG:example_subdag_operator
[2025-01-18T09:12:41.374+0000] {logging_mixin.py:190} INFO - [2025-01-18T09:12:41.374+0000] {override.py:1911} INFO - Created Permission View: can read on DAG:example_subdag_operator
[2025-01-18T09:12:41.409+0000] {logging_mixin.py:190} INFO - [2025-01-18T09:12:41.409+0000] {override.py:1911} INFO - Created Permission View: can delete on DAG:example_subdag_operator
[2025-01-18T09:12:41.428+0000] {logging_mixin.py:190} INFO - [2025-01-18T09:12:41.428+0000] {override.py:1911} INFO - Created Permission View: can create on DAG Run:example_subdag_operator
[2025-01-18T09:12:41.448+0000] {logging_mixin.py:190} INFO - [2025-01-18T09:12:41.448+0000] {override.py:1911} INFO - Created Permission View: menu access on DAG Run:example_subdag_operator
[2025-01-18T09:12:41.471+0000] {logging_mixin.py:190} INFO - [2025-01-18T09:12:41.470+0000] {override.py:1911} INFO - Created Permission View: can read on DAG Run:example_subdag_operator
[2025-01-18T09:12:41.481+0000] {logging_mixin.py:190} INFO - [2025-01-18T09:12:41.480+0000] {override.py:1911} INFO - Created Permission View: can delete on DAG Run:example_subdag_operator
[2025-01-18T09:12:41.484+0000] {logging_mixin.py:190} INFO - [2025-01-18T09:12:41.483+0000] {dag.py:3239} INFO - Sync 3 DAGs
[2025-01-18T09:12:41.535+0000] {logging_mixin.py:190} INFO - [2025-01-18T09:12:41.535+0000] {dag.py:3262} INFO - Creating ORM DAG for example_subdag_operator.section-1
[2025-01-18T09:12:41.536+0000] {logging_mixin.py:190} INFO - [2025-01-18T09:12:41.536+0000] {dag.py:3262} INFO - Creating ORM DAG for example_subdag_operator.section-2
[2025-01-18T09:12:41.537+0000] {logging_mixin.py:190} INFO - [2025-01-18T09:12:41.537+0000] {dag.py:3262} INFO - Creating ORM DAG for example_subdag_operator
[2025-01-18T09:12:41.573+0000] {logging_mixin.py:190} INFO - [2025-01-18T09:12:41.573+0000] {dag.py:4180} INFO - Setting next_dagrun for example_subdag_operator to 2022-01-01 00:00:00+00:00, run_after=2022-01-01 00:00:00+00:00
[2025-01-18T09:12:41.574+0000] {logging_mixin.py:190} INFO - [2025-01-18T09:12:41.574+0000] {dag.py:4180} INFO - Setting next_dagrun for example_subdag_operator.section-1 to None, run_after=None
[2025-01-18T09:12:41.574+0000] {logging_mixin.py:190} INFO - [2025-01-18T09:12:41.574+0000] {dag.py:4180} INFO - Setting next_dagrun for example_subdag_operator.section-2 to None, run_after=None
[2025-01-18T09:12:41.605+0000] {logging_mixin.py:190} INFO - [2025-01-18T09:12:41.605+0000] {dag.py:3239} INFO - Sync 2 DAGs
[2025-01-18T09:12:41.622+0000] {logging_mixin.py:190} INFO - [2025-01-18T09:12:41.622+0000] {dag.py:4180} INFO - Setting next_dagrun for example_subdag_operator.section-1 to None, run_after=None
[2025-01-18T09:12:41.625+0000] {logging_mixin.py:190} INFO - [2025-01-18T09:12:41.625+0000] {dag.py:4180} INFO - Setting next_dagrun for example_subdag_operator.section-2 to None, run_after=None
[2025-01-18T09:12:41.665+0000] {processor.py:208} INFO - Processing /home/airflow/.local/lib/python3.12/site-packages/airflow/example_dags/example_subdag_operator.py took 0.787 seconds
[2025-01-18T09:13:11.939+0000] {processor.py:186} INFO - Started process (PID=155) to work on /home/airflow/.local/lib/python3.12/site-packages/airflow/example_dags/example_subdag_operator.py
[2025-01-18T09:13:11.940+0000] {processor.py:914} INFO - Processing file /home/airflow/.local/lib/python3.12/site-packages/airflow/example_dags/example_subdag_operator.py for tasks to queue
[2025-01-18T09:13:11.942+0000] {logging_mixin.py:190} INFO - [2025-01-18T09:13:11.942+0000] {dagbag.py:588} INFO - Filling up the DagBag from /home/airflow/.local/lib/python3.12/site-packages/airflow/example_dags/example_subdag_operator.py
[2025-01-18T09:13:11.968+0000] {processor.py:925} INFO - DAG(s) 'example_subdag_operator.section-1', 'example_subdag_operator.section-2', 'example_subdag_operator' retrieved from /home/airflow/.local/lib/python3.12/site-packages/airflow/example_dags/example_subdag_operator.py
[2025-01-18T09:13:11.998+0000] {logging_mixin.py:190} INFO - [2025-01-18T09:13:11.997+0000] {dag.py:3239} INFO - Sync 3 DAGs
[2025-01-18T09:13:12.038+0000] {logging_mixin.py:190} INFO - [2025-01-18T09:13:12.038+0000] {dag.py:4180} INFO - Setting next_dagrun for example_subdag_operator to 2022-01-01 00:00:00+00:00, run_after=2022-01-01 00:00:00+00:00
[2025-01-18T09:13:12.051+0000] {logging_mixin.py:190} INFO - [2025-01-18T09:13:12.051+0000] {dag.py:4180} INFO - Setting next_dagrun for example_subdag_operator.section-1 to None, run_after=None
[2025-01-18T09:13:12.053+0000] {logging_mixin.py:190} INFO - [2025-01-18T09:13:12.053+0000] {dag.py:4180} INFO - Setting next_dagrun for example_subdag_operator.section-2 to None, run_after=None
[2025-01-18T09:13:12.064+0000] {logging_mixin.py:190} INFO - [2025-01-18T09:13:12.064+0000] {dag.py:3239} INFO - Sync 2 DAGs
[2025-01-18T09:13:12.072+0000] {logging_mixin.py:190} INFO - [2025-01-18T09:13:12.072+0000] {dag.py:4180} INFO - Setting next_dagrun for example_subdag_operator.section-1 to None, run_after=None
[2025-01-18T09:13:12.073+0000] {logging_mixin.py:190} INFO - [2025-01-18T09:13:12.073+0000] {dag.py:4180} INFO - Setting next_dagrun for example_subdag_operator.section-2 to None, run_after=None
[2025-01-18T09:13:12.082+0000] {processor.py:208} INFO - Processing /home/airflow/.local/lib/python3.12/site-packages/airflow/example_dags/example_subdag_operator.py took 0.149 seconds
[2025-01-18T09:13:42.508+0000] {processor.py:186} INFO - Started process (PID=218) to work on /home/airflow/.local/lib/python3.12/site-packages/airflow/example_dags/example_subdag_operator.py
[2025-01-18T09:13:42.508+0000] {processor.py:914} INFO - Processing file /home/airflow/.local/lib/python3.12/site-packages/airflow/example_dags/example_subdag_operator.py for tasks to queue
[2025-01-18T09:13:42.511+0000] {logging_mixin.py:190} INFO - [2025-01-18T09:13:42.510+0000] {dagbag.py:588} INFO - Filling up the DagBag from /home/airflow/.local/lib/python3.12/site-packages/airflow/example_dags/example_subdag_operator.py
[2025-01-18T09:13:42.536+0000] {processor.py:925} INFO - DAG(s) 'example_subdag_operator.section-1', 'example_subdag_operator.section-2', 'example_subdag_operator' retrieved from /home/airflow/.local/lib/python3.12/site-packages/airflow/example_dags/example_subdag_operator.py
[2025-01-18T09:13:42.563+0000] {logging_mixin.py:190} INFO - [2025-01-18T09:13:42.563+0000] {dag.py:3239} INFO - Sync 3 DAGs
[2025-01-18T09:13:42.589+0000] {logging_mixin.py:190} INFO - [2025-01-18T09:13:42.589+0000] {dag.py:4180} INFO - Setting next_dagrun for example_subdag_operator to 2022-01-01 00:00:00+00:00, run_after=2022-01-01 00:00:00+00:00
[2025-01-18T09:13:42.594+0000] {logging_mixin.py:190} INFO - [2025-01-18T09:13:42.594+0000] {dag.py:4180} INFO - Setting next_dagrun for example_subdag_operator.section-1 to None, run_after=None
[2025-01-18T09:13:42.595+0000] {logging_mixin.py:190} INFO - [2025-01-18T09:13:42.595+0000] {dag.py:4180} INFO - Setting next_dagrun for example_subdag_operator.section-2 to None, run_after=None
[2025-01-18T09:13:42.602+0000] {logging_mixin.py:190} INFO - [2025-01-18T09:13:42.602+0000] {dag.py:3239} INFO - Sync 2 DAGs
[2025-01-18T09:13:42.607+0000] {logging_mixin.py:190} INFO - [2025-01-18T09:13:42.607+0000] {dag.py:4180} INFO - Setting next_dagrun for example_subdag_operator.section-1 to None, run_after=None
[2025-01-18T09:13:42.608+0000] {logging_mixin.py:190} INFO - [2025-01-18T09:13:42.608+0000] {dag.py:4180} INFO - Setting next_dagrun for example_subdag_operator.section-2 to None, run_after=None
[2025-01-18T09:13:42.623+0000] {processor.py:208} INFO - Processing /home/airflow/.local/lib/python3.12/site-packages/airflow/example_dags/example_subdag_operator.py took 0.122 seconds
[2025-01-18T09:14:13.213+0000] {processor.py:186} INFO - Started process (PID=281) to work on /home/airflow/.local/lib/python3.12/site-packages/airflow/example_dags/example_subdag_operator.py
[2025-01-18T09:14:13.221+0000] {processor.py:914} INFO - Processing file /home/airflow/.local/lib/python3.12/site-packages/airflow/example_dags/example_subdag_operator.py for tasks to queue
[2025-01-18T09:14:13.224+0000] {logging_mixin.py:190} INFO - [2025-01-18T09:14:13.224+0000] {dagbag.py:588} INFO - Filling up the DagBag from /home/airflow/.local/lib/python3.12/site-packages/airflow/example_dags/example_subdag_operator.py
[2025-01-18T09:14:13.283+0000] {processor.py:925} INFO - DAG(s) 'example_subdag_operator.section-1', 'example_subdag_operator.section-2', 'example_subdag_operator' retrieved from /home/airflow/.local/lib/python3.12/site-packages/airflow/example_dags/example_subdag_operator.py
[2025-01-18T09:14:13.324+0000] {logging_mixin.py:190} INFO - [2025-01-18T09:14:13.323+0000] {dag.py:3239} INFO - Sync 3 DAGs
[2025-01-18T09:14:13.384+0000] {logging_mixin.py:190} INFO - [2025-01-18T09:14:13.384+0000] {dag.py:4180} INFO - Setting next_dagrun for example_subdag_operator to 2022-01-01 00:00:00+00:00, run_after=2022-01-01 00:00:00+00:00
[2025-01-18T09:14:13.388+0000] {logging_mixin.py:190} INFO - [2025-01-18T09:14:13.388+0000] {dag.py:4180} INFO - Setting next_dagrun for example_subdag_operator.section-1 to None, run_after=None
[2025-01-18T09:14:13.394+0000] {logging_mixin.py:190} INFO - [2025-01-18T09:14:13.393+0000] {dag.py:4180} INFO - Setting next_dagrun for example_subdag_operator.section-2 to None, run_after=None
[2025-01-18T09:14:13.400+0000] {logging_mixin.py:190} INFO - [2025-01-18T09:14:13.400+0000] {dag.py:3239} INFO - Sync 2 DAGs
[2025-01-18T09:14:13.429+0000] {logging_mixin.py:190} INFO - [2025-01-18T09:14:13.429+0000] {dag.py:4180} INFO - Setting next_dagrun for example_subdag_operator.section-1 to None, run_after=None
[2025-01-18T09:14:13.430+0000] {logging_mixin.py:190} INFO - [2025-01-18T09:14:13.430+0000] {dag.py:4180} INFO - Setting next_dagrun for example_subdag_operator.section-2 to None, run_after=None
[2025-01-18T09:14:13.451+0000] {processor.py:208} INFO - Processing /home/airflow/.local/lib/python3.12/site-packages/airflow/example_dags/example_subdag_operator.py took 0.247 seconds
[2025-01-18T09:14:44.012+0000] {processor.py:186} INFO - Started process (PID=345) to work on /home/airflow/.local/lib/python3.12/site-packages/airflow/example_dags/example_subdag_operator.py
[2025-01-18T09:14:44.017+0000] {processor.py:914} INFO - Processing file /home/airflow/.local/lib/python3.12/site-packages/airflow/example_dags/example_subdag_operator.py for tasks to queue
[2025-01-18T09:14:44.023+0000] {logging_mixin.py:190} INFO - [2025-01-18T09:14:44.022+0000] {dagbag.py:588} INFO - Filling up the DagBag from /home/airflow/.local/lib/python3.12/site-packages/airflow/example_dags/example_subdag_operator.py
[2025-01-18T09:14:44.057+0000] {processor.py:925} INFO - DAG(s) 'example_subdag_operator.section-1', 'example_subdag_operator.section-2', 'example_subdag_operator' retrieved from /home/airflow/.local/lib/python3.12/site-packages/airflow/example_dags/example_subdag_operator.py
[2025-01-18T09:14:44.074+0000] {logging_mixin.py:190} INFO - [2025-01-18T09:14:44.074+0000] {dag.py:3239} INFO - Sync 3 DAGs
[2025-01-18T09:14:44.100+0000] {logging_mixin.py:190} INFO - [2025-01-18T09:14:44.100+0000] {dag.py:4180} INFO - Setting next_dagrun for example_subdag_operator to 2022-01-01 00:00:00+00:00, run_after=2022-01-01 00:00:00+00:00
[2025-01-18T09:14:44.104+0000] {logging_mixin.py:190} INFO - [2025-01-18T09:14:44.103+0000] {dag.py:4180} INFO - Setting next_dagrun for example_subdag_operator.section-1 to None, run_after=None
[2025-01-18T09:14:44.105+0000] {logging_mixin.py:190} INFO - [2025-01-18T09:14:44.105+0000] {dag.py:4180} INFO - Setting next_dagrun for example_subdag_operator.section-2 to None, run_after=None
[2025-01-18T09:14:44.112+0000] {logging_mixin.py:190} INFO - [2025-01-18T09:14:44.112+0000] {dag.py:3239} INFO - Sync 2 DAGs
[2025-01-18T09:14:44.117+0000] {logging_mixin.py:190} INFO - [2025-01-18T09:14:44.117+0000] {dag.py:4180} INFO - Setting next_dagrun for example_subdag_operator.section-1 to None, run_after=None
[2025-01-18T09:14:44.118+0000] {logging_mixin.py:190} INFO - [2025-01-18T09:14:44.117+0000] {dag.py:4180} INFO - Setting next_dagrun for example_subdag_operator.section-2 to None, run_after=None
[2025-01-18T09:14:44.127+0000] {processor.py:208} INFO - Processing /home/airflow/.local/lib/python3.12/site-packages/airflow/example_dags/example_subdag_operator.py took 0.129 seconds
[2025-01-18T09:15:14.455+0000] {processor.py:186} INFO - Started process (PID=407) to work on /home/airflow/.local/lib/python3.12/site-packages/airflow/example_dags/example_subdag_operator.py
[2025-01-18T09:15:14.455+0000] {processor.py:914} INFO - Processing file /home/airflow/.local/lib/python3.12/site-packages/airflow/example_dags/example_subdag_operator.py for tasks to queue
[2025-01-18T09:15:14.458+0000] {logging_mixin.py:190} INFO - [2025-01-18T09:15:14.457+0000] {dagbag.py:588} INFO - Filling up the DagBag from /home/airflow/.local/lib/python3.12/site-packages/airflow/example_dags/example_subdag_operator.py
[2025-01-18T09:15:14.485+0000] {processor.py:925} INFO - DAG(s) 'example_subdag_operator.section-1', 'example_subdag_operator.section-2', 'example_subdag_operator' retrieved from /home/airflow/.local/lib/python3.12/site-packages/airflow/example_dags/example_subdag_operator.py
[2025-01-18T09:15:14.501+0000] {logging_mixin.py:190} INFO - [2025-01-18T09:15:14.500+0000] {dag.py:3239} INFO - Sync 3 DAGs
[2025-01-18T09:15:14.526+0000] {logging_mixin.py:190} INFO - [2025-01-18T09:15:14.526+0000] {dag.py:4180} INFO - Setting next_dagrun for example_subdag_operator to 2022-01-01 00:00:00+00:00, run_after=2022-01-01 00:00:00+00:00
[2025-01-18T09:15:14.530+0000] {logging_mixin.py:190} INFO - [2025-01-18T09:15:14.530+0000] {dag.py:4180} INFO - Setting next_dagrun for example_subdag_operator.section-1 to None, run_after=None
[2025-01-18T09:15:14.531+0000] {logging_mixin.py:190} INFO - [2025-01-18T09:15:14.531+0000] {dag.py:4180} INFO - Setting next_dagrun for example_subdag_operator.section-2 to None, run_after=None
[2025-01-18T09:15:14.538+0000] {logging_mixin.py:190} INFO - [2025-01-18T09:15:14.538+0000] {dag.py:3239} INFO - Sync 2 DAGs
[2025-01-18T09:15:14.543+0000] {logging_mixin.py:190} INFO - [2025-01-18T09:15:14.543+0000] {dag.py:4180} INFO - Setting next_dagrun for example_subdag_operator.section-1 to None, run_after=None
[2025-01-18T09:15:14.544+0000] {logging_mixin.py:190} INFO - [2025-01-18T09:15:14.544+0000] {dag.py:4180} INFO - Setting next_dagrun for example_subdag_operator.section-2 to None, run_after=None
[2025-01-18T09:15:14.553+0000] {processor.py:208} INFO - Processing /home/airflow/.local/lib/python3.12/site-packages/airflow/example_dags/example_subdag_operator.py took 0.104 seconds
[2025-01-18T09:15:44.697+0000] {processor.py:186} INFO - Started process (PID=470) to work on /home/airflow/.local/lib/python3.12/site-packages/airflow/example_dags/example_subdag_operator.py
[2025-01-18T09:15:44.697+0000] {processor.py:914} INFO - Processing file /home/airflow/.local/lib/python3.12/site-packages/airflow/example_dags/example_subdag_operator.py for tasks to queue
[2025-01-18T09:15:44.699+0000] {logging_mixin.py:190} INFO - [2025-01-18T09:15:44.699+0000] {dagbag.py:588} INFO - Filling up the DagBag from /home/airflow/.local/lib/python3.12/site-packages/airflow/example_dags/example_subdag_operator.py
[2025-01-18T09:15:44.725+0000] {processor.py:925} INFO - DAG(s) 'example_subdag_operator.section-1', 'example_subdag_operator.section-2', 'example_subdag_operator' retrieved from /home/airflow/.local/lib/python3.12/site-packages/airflow/example_dags/example_subdag_operator.py
[2025-01-18T09:15:44.741+0000] {logging_mixin.py:190} INFO - [2025-01-18T09:15:44.741+0000] {dag.py:3239} INFO - Sync 3 DAGs
[2025-01-18T09:15:44.765+0000] {logging_mixin.py:190} INFO - [2025-01-18T09:15:44.765+0000] {dag.py:4180} INFO - Setting next_dagrun for example_subdag_operator to 2022-01-01 00:00:00+00:00, run_after=2022-01-01 00:00:00+00:00
[2025-01-18T09:15:44.768+0000] {logging_mixin.py:190} INFO - [2025-01-18T09:15:44.768+0000] {dag.py:4180} INFO - Setting next_dagrun for example_subdag_operator.section-1 to None, run_after=None
[2025-01-18T09:15:44.771+0000] {logging_mixin.py:190} INFO - [2025-01-18T09:15:44.770+0000] {dag.py:4180} INFO - Setting next_dagrun for example_subdag_operator.section-2 to None, run_after=None
[2025-01-18T09:15:44.777+0000] {logging_mixin.py:190} INFO - [2025-01-18T09:15:44.777+0000] {dag.py:3239} INFO - Sync 2 DAGs
[2025-01-18T09:15:44.783+0000] {logging_mixin.py:190} INFO - [2025-01-18T09:15:44.783+0000] {dag.py:4180} INFO - Setting next_dagrun for example_subdag_operator.section-1 to None, run_after=None
[2025-01-18T09:15:44.783+0000] {logging_mixin.py:190} INFO - [2025-01-18T09:15:44.783+0000] {dag.py:4180} INFO - Setting next_dagrun for example_subdag_operator.section-2 to None, run_after=None
[2025-01-18T09:15:44.793+0000] {processor.py:208} INFO - Processing /home/airflow/.local/lib/python3.12/site-packages/airflow/example_dags/example_subdag_operator.py took 0.103 seconds
[2025-01-18T09:16:15.464+0000] {processor.py:186} INFO - Started process (PID=533) to work on /home/airflow/.local/lib/python3.12/site-packages/airflow/example_dags/example_subdag_operator.py
[2025-01-18T09:16:15.464+0000] {processor.py:914} INFO - Processing file /home/airflow/.local/lib/python3.12/site-packages/airflow/example_dags/example_subdag_operator.py for tasks to queue
[2025-01-18T09:16:15.467+0000] {logging_mixin.py:190} INFO - [2025-01-18T09:16:15.466+0000] {dagbag.py:588} INFO - Filling up the DagBag from /home/airflow/.local/lib/python3.12/site-packages/airflow/example_dags/example_subdag_operator.py
[2025-01-18T09:16:15.494+0000] {processor.py:925} INFO - DAG(s) 'example_subdag_operator.section-1', 'example_subdag_operator.section-2', 'example_subdag_operator' retrieved from /home/airflow/.local/lib/python3.12/site-packages/airflow/example_dags/example_subdag_operator.py
[2025-01-18T09:16:15.510+0000] {logging_mixin.py:190} INFO - [2025-01-18T09:16:15.510+0000] {dag.py:3239} INFO - Sync 3 DAGs
[2025-01-18T09:16:15.536+0000] {logging_mixin.py:190} INFO - [2025-01-18T09:16:15.535+0000] {dag.py:4180} INFO - Setting next_dagrun for example_subdag_operator to 2022-01-01 00:00:00+00:00, run_after=2022-01-01 00:00:00+00:00
[2025-01-18T09:16:15.539+0000] {logging_mixin.py:190} INFO - [2025-01-18T09:16:15.539+0000] {dag.py:4180} INFO - Setting next_dagrun for example_subdag_operator.section-1 to None, run_after=None
[2025-01-18T09:16:15.541+0000] {logging_mixin.py:190} INFO - [2025-01-18T09:16:15.541+0000] {dag.py:4180} INFO - Setting next_dagrun for example_subdag_operator.section-2 to None, run_after=None
[2025-01-18T09:16:15.547+0000] {logging_mixin.py:190} INFO - [2025-01-18T09:16:15.547+0000] {dag.py:3239} INFO - Sync 2 DAGs
[2025-01-18T09:16:15.553+0000] {logging_mixin.py:190} INFO - [2025-01-18T09:16:15.553+0000] {dag.py:4180} INFO - Setting next_dagrun for example_subdag_operator.section-1 to None, run_after=None
[2025-01-18T09:16:15.553+0000] {logging_mixin.py:190} INFO - [2025-01-18T09:16:15.553+0000] {dag.py:4180} INFO - Setting next_dagrun for example_subdag_operator.section-2 to None, run_after=None
[2025-01-18T09:16:15.562+0000] {processor.py:208} INFO - Processing /home/airflow/.local/lib/python3.12/site-packages/airflow/example_dags/example_subdag_operator.py took 0.106 seconds
[2025-01-18T09:16:45.982+0000] {processor.py:186} INFO - Started process (PID=594) to work on /home/airflow/.local/lib/python3.12/site-packages/airflow/example_dags/example_subdag_operator.py
[2025-01-18T09:16:45.982+0000] {processor.py:914} INFO - Processing file /home/airflow/.local/lib/python3.12/site-packages/airflow/example_dags/example_subdag_operator.py for tasks to queue
[2025-01-18T09:16:45.984+0000] {logging_mixin.py:190} INFO - [2025-01-18T09:16:45.984+0000] {dagbag.py:588} INFO - Filling up the DagBag from /home/airflow/.local/lib/python3.12/site-packages/airflow/example_dags/example_subdag_operator.py
[2025-01-18T09:16:46.007+0000] {processor.py:925} INFO - DAG(s) 'example_subdag_operator.section-1', 'example_subdag_operator.section-2', 'example_subdag_operator' retrieved from /home/airflow/.local/lib/python3.12/site-packages/airflow/example_dags/example_subdag_operator.py
[2025-01-18T09:16:46.017+0000] {logging_mixin.py:190} INFO - [2025-01-18T09:16:46.017+0000] {dag.py:3239} INFO - Sync 3 DAGs
[2025-01-18T09:16:46.034+0000] {logging_mixin.py:190} INFO - [2025-01-18T09:16:46.034+0000] {dag.py:4180} INFO - Setting next_dagrun for example_subdag_operator to 2022-01-01 00:00:00+00:00, run_after=2022-01-01 00:00:00+00:00
[2025-01-18T09:16:46.037+0000] {logging_mixin.py:190} INFO - [2025-01-18T09:16:46.037+0000] {dag.py:4180} INFO - Setting next_dagrun for example_subdag_operator.section-1 to None, run_after=None
[2025-01-18T09:16:46.038+0000] {logging_mixin.py:190} INFO - [2025-01-18T09:16:46.038+0000] {dag.py:4180} INFO - Setting next_dagrun for example_subdag_operator.section-2 to None, run_after=None
[2025-01-18T09:16:46.043+0000] {logging_mixin.py:190} INFO - [2025-01-18T09:16:46.042+0000] {dag.py:3239} INFO - Sync 2 DAGs
[2025-01-18T09:16:46.046+0000] {logging_mixin.py:190} INFO - [2025-01-18T09:16:46.046+0000] {dag.py:4180} INFO - Setting next_dagrun for example_subdag_operator.section-1 to None, run_after=None
[2025-01-18T09:16:46.047+0000] {logging_mixin.py:190} INFO - [2025-01-18T09:16:46.047+0000] {dag.py:4180} INFO - Setting next_dagrun for example_subdag_operator.section-2 to None, run_after=None
[2025-01-18T09:16:46.054+0000] {processor.py:208} INFO - Processing /home/airflow/.local/lib/python3.12/site-packages/airflow/example_dags/example_subdag_operator.py took 0.079 seconds
[2025-01-18T09:17:16.164+0000] {processor.py:186} INFO - Started process (PID=658) to work on /home/airflow/.local/lib/python3.12/site-packages/airflow/example_dags/example_subdag_operator.py
[2025-01-18T09:17:16.165+0000] {processor.py:914} INFO - Processing file /home/airflow/.local/lib/python3.12/site-packages/airflow/example_dags/example_subdag_operator.py for tasks to queue
[2025-01-18T09:17:16.167+0000] {logging_mixin.py:190} INFO - [2025-01-18T09:17:16.166+0000] {dagbag.py:588} INFO - Filling up the DagBag from /home/airflow/.local/lib/python3.12/site-packages/airflow/example_dags/example_subdag_operator.py
[2025-01-18T09:17:16.186+0000] {processor.py:925} INFO - DAG(s) 'example_subdag_operator.section-1', 'example_subdag_operator.section-2', 'example_subdag_operator' retrieved from /home/airflow/.local/lib/python3.12/site-packages/airflow/example_dags/example_subdag_operator.py
[2025-01-18T09:17:16.196+0000] {logging_mixin.py:190} INFO - [2025-01-18T09:17:16.196+0000] {dag.py:3239} INFO - Sync 3 DAGs
[2025-01-18T09:17:16.218+0000] {logging_mixin.py:190} INFO - [2025-01-18T09:17:16.218+0000] {dag.py:4180} INFO - Setting next_dagrun for example_subdag_operator to 2022-01-01 00:00:00+00:00, run_after=2022-01-01 00:00:00+00:00
[2025-01-18T09:17:16.222+0000] {logging_mixin.py:190} INFO - [2025-01-18T09:17:16.221+0000] {dag.py:4180} INFO - Setting next_dagrun for example_subdag_operator.section-1 to None, run_after=None
[2025-01-18T09:17:16.223+0000] {logging_mixin.py:190} INFO - [2025-01-18T09:17:16.223+0000] {dag.py:4180} INFO - Setting next_dagrun for example_subdag_operator.section-2 to None, run_after=None
[2025-01-18T09:17:16.230+0000] {logging_mixin.py:190} INFO - [2025-01-18T09:17:16.229+0000] {dag.py:3239} INFO - Sync 2 DAGs
[2025-01-18T09:17:16.235+0000] {logging_mixin.py:190} INFO - [2025-01-18T09:17:16.235+0000] {dag.py:4180} INFO - Setting next_dagrun for example_subdag_operator.section-1 to None, run_after=None
[2025-01-18T09:17:16.236+0000] {logging_mixin.py:190} INFO - [2025-01-18T09:17:16.235+0000] {dag.py:4180} INFO - Setting next_dagrun for example_subdag_operator.section-2 to None, run_after=None
[2025-01-18T09:17:16.244+0000] {processor.py:208} INFO - Processing /home/airflow/.local/lib/python3.12/site-packages/airflow/example_dags/example_subdag_operator.py took 0.084 seconds
[2025-01-18T09:17:47.214+0000] {processor.py:186} INFO - Started process (PID=728) to work on /home/airflow/.local/lib/python3.12/site-packages/airflow/example_dags/example_subdag_operator.py
[2025-01-18T09:17:47.215+0000] {processor.py:914} INFO - Processing file /home/airflow/.local/lib/python3.12/site-packages/airflow/example_dags/example_subdag_operator.py for tasks to queue
[2025-01-18T09:17:47.217+0000] {logging_mixin.py:190} INFO - [2025-01-18T09:17:47.216+0000] {dagbag.py:588} INFO - Filling up the DagBag from /home/airflow/.local/lib/python3.12/site-packages/airflow/example_dags/example_subdag_operator.py
[2025-01-18T09:17:47.243+0000] {processor.py:925} INFO - DAG(s) 'example_subdag_operator.section-1', 'example_subdag_operator.section-2', 'example_subdag_operator' retrieved from /home/airflow/.local/lib/python3.12/site-packages/airflow/example_dags/example_subdag_operator.py
[2025-01-18T09:17:47.260+0000] {logging_mixin.py:190} INFO - [2025-01-18T09:17:47.260+0000] {dag.py:3239} INFO - Sync 3 DAGs
[2025-01-18T09:17:47.285+0000] {logging_mixin.py:190} INFO - [2025-01-18T09:17:47.285+0000] {dag.py:4180} INFO - Setting next_dagrun for example_subdag_operator to 2022-01-01 00:00:00+00:00, run_after=2022-01-01 00:00:00+00:00
[2025-01-18T09:17:47.289+0000] {logging_mixin.py:190} INFO - [2025-01-18T09:17:47.289+0000] {dag.py:4180} INFO - Setting next_dagrun for example_subdag_operator.section-1 to None, run_after=None
[2025-01-18T09:17:47.290+0000] {logging_mixin.py:190} INFO - [2025-01-18T09:17:47.290+0000] {dag.py:4180} INFO - Setting next_dagrun for example_subdag_operator.section-2 to None, run_after=None
[2025-01-18T09:17:47.297+0000] {logging_mixin.py:190} INFO - [2025-01-18T09:17:47.296+0000] {dag.py:3239} INFO - Sync 2 DAGs
[2025-01-18T09:17:47.302+0000] {logging_mixin.py:190} INFO - [2025-01-18T09:17:47.302+0000] {dag.py:4180} INFO - Setting next_dagrun for example_subdag_operator.section-1 to None, run_after=None
[2025-01-18T09:17:47.302+0000] {logging_mixin.py:190} INFO - [2025-01-18T09:17:47.302+0000] {dag.py:4180} INFO - Setting next_dagrun for example_subdag_operator.section-2 to None, run_after=None
[2025-01-18T09:17:47.311+0000] {processor.py:208} INFO - Processing /home/airflow/.local/lib/python3.12/site-packages/airflow/example_dags/example_subdag_operator.py took 0.104 seconds
[2025-01-18T09:18:17.458+0000] {processor.py:186} INFO - Started process (PID=791) to work on /home/airflow/.local/lib/python3.12/site-packages/airflow/example_dags/example_subdag_operator.py
[2025-01-18T09:18:17.459+0000] {processor.py:914} INFO - Processing file /home/airflow/.local/lib/python3.12/site-packages/airflow/example_dags/example_subdag_operator.py for tasks to queue
[2025-01-18T09:18:17.461+0000] {logging_mixin.py:190} INFO - [2025-01-18T09:18:17.461+0000] {dagbag.py:588} INFO - Filling up the DagBag from /home/airflow/.local/lib/python3.12/site-packages/airflow/example_dags/example_subdag_operator.py
[2025-01-18T09:18:17.486+0000] {processor.py:925} INFO - DAG(s) 'example_subdag_operator.section-1', 'example_subdag_operator.section-2', 'example_subdag_operator' retrieved from /home/airflow/.local/lib/python3.12/site-packages/airflow/example_dags/example_subdag_operator.py
[2025-01-18T09:18:17.497+0000] {logging_mixin.py:190} INFO - [2025-01-18T09:18:17.497+0000] {dag.py:3239} INFO - Sync 3 DAGs
[2025-01-18T09:18:17.514+0000] {logging_mixin.py:190} INFO - [2025-01-18T09:18:17.514+0000] {dag.py:4180} INFO - Setting next_dagrun for example_subdag_operator to 2022-01-01 00:00:00+00:00, run_after=2022-01-01 00:00:00+00:00
[2025-01-18T09:18:17.517+0000] {logging_mixin.py:190} INFO - [2025-01-18T09:18:17.516+0000] {dag.py:4180} INFO - Setting next_dagrun for example_subdag_operator.section-1 to None, run_after=None
[2025-01-18T09:18:17.518+0000] {logging_mixin.py:190} INFO - [2025-01-18T09:18:17.517+0000] {dag.py:4180} INFO - Setting next_dagrun for example_subdag_operator.section-2 to None, run_after=None
[2025-01-18T09:18:17.522+0000] {logging_mixin.py:190} INFO - [2025-01-18T09:18:17.522+0000] {dag.py:3239} INFO - Sync 2 DAGs
[2025-01-18T09:18:17.526+0000] {logging_mixin.py:190} INFO - [2025-01-18T09:18:17.526+0000] {dag.py:4180} INFO - Setting next_dagrun for example_subdag_operator.section-1 to None, run_after=None
[2025-01-18T09:18:17.526+0000] {logging_mixin.py:190} INFO - [2025-01-18T09:18:17.526+0000] {dag.py:4180} INFO - Setting next_dagrun for example_subdag_operator.section-2 to None, run_after=None
[2025-01-18T09:18:17.533+0000] {processor.py:208} INFO - Processing /home/airflow/.local/lib/python3.12/site-packages/airflow/example_dags/example_subdag_operator.py took 0.092 seconds
[2025-01-18T09:18:47.935+0000] {processor.py:186} INFO - Started process (PID=854) to work on /home/airflow/.local/lib/python3.12/site-packages/airflow/example_dags/example_subdag_operator.py
[2025-01-18T09:18:47.936+0000] {processor.py:914} INFO - Processing file /home/airflow/.local/lib/python3.12/site-packages/airflow/example_dags/example_subdag_operator.py for tasks to queue
[2025-01-18T09:18:47.963+0000] {logging_mixin.py:190} INFO - [2025-01-18T09:18:47.962+0000] {dagbag.py:588} INFO - Filling up the DagBag from /home/airflow/.local/lib/python3.12/site-packages/airflow/example_dags/example_subdag_operator.py
[2025-01-18T09:18:48.119+0000] {processor.py:925} INFO - DAG(s) 'example_subdag_operator.section-1', 'example_subdag_operator.section-2', 'example_subdag_operator' retrieved from /home/airflow/.local/lib/python3.12/site-packages/airflow/example_dags/example_subdag_operator.py
[2025-01-18T09:18:48.248+0000] {logging_mixin.py:190} INFO - [2025-01-18T09:18:48.248+0000] {dag.py:3239} INFO - Sync 3 DAGs
[2025-01-18T09:18:48.336+0000] {logging_mixin.py:190} INFO - [2025-01-18T09:18:48.336+0000] {dag.py:4180} INFO - Setting next_dagrun for example_subdag_operator to 2022-01-01 00:00:00+00:00, run_after=2022-01-01 00:00:00+00:00
[2025-01-18T09:18:48.348+0000] {logging_mixin.py:190} INFO - [2025-01-18T09:18:48.348+0000] {dag.py:4180} INFO - Setting next_dagrun for example_subdag_operator.section-1 to None, run_after=None
[2025-01-18T09:18:48.356+0000] {logging_mixin.py:190} INFO - [2025-01-18T09:18:48.356+0000] {dag.py:4180} INFO - Setting next_dagrun for example_subdag_operator.section-2 to None, run_after=None
[2025-01-18T09:18:48.370+0000] {logging_mixin.py:190} INFO - [2025-01-18T09:18:48.370+0000] {dag.py:3239} INFO - Sync 2 DAGs
[2025-01-18T09:18:48.403+0000] {logging_mixin.py:190} INFO - [2025-01-18T09:18:48.402+0000] {dag.py:4180} INFO - Setting next_dagrun for example_subdag_operator.section-1 to None, run_after=None
[2025-01-18T09:18:48.403+0000] {logging_mixin.py:190} INFO - [2025-01-18T09:18:48.403+0000] {dag.py:4180} INFO - Setting next_dagrun for example_subdag_operator.section-2 to None, run_after=None
[2025-01-18T09:18:48.425+0000] {processor.py:208} INFO - Processing /home/airflow/.local/lib/python3.12/site-packages/airflow/example_dags/example_subdag_operator.py took 0.521 seconds
[2025-01-18T09:19:18.782+0000] {processor.py:186} INFO - Started process (PID=918) to work on /home/airflow/.local/lib/python3.12/site-packages/airflow/example_dags/example_subdag_operator.py
[2025-01-18T09:19:18.782+0000] {processor.py:914} INFO - Processing file /home/airflow/.local/lib/python3.12/site-packages/airflow/example_dags/example_subdag_operator.py for tasks to queue
[2025-01-18T09:19:18.784+0000] {logging_mixin.py:190} INFO - [2025-01-18T09:19:18.784+0000] {dagbag.py:588} INFO - Filling up the DagBag from /home/airflow/.local/lib/python3.12/site-packages/airflow/example_dags/example_subdag_operator.py
[2025-01-18T09:19:18.806+0000] {processor.py:925} INFO - DAG(s) 'example_subdag_operator.section-1', 'example_subdag_operator.section-2', 'example_subdag_operator' retrieved from /home/airflow/.local/lib/python3.12/site-packages/airflow/example_dags/example_subdag_operator.py
[2025-01-18T09:19:18.817+0000] {logging_mixin.py:190} INFO - [2025-01-18T09:19:18.817+0000] {dag.py:3239} INFO - Sync 3 DAGs
[2025-01-18T09:19:18.834+0000] {logging_mixin.py:190} INFO - [2025-01-18T09:19:18.834+0000] {dag.py:4180} INFO - Setting next_dagrun for example_subdag_operator to 2022-01-01 00:00:00+00:00, run_after=2022-01-01 00:00:00+00:00
[2025-01-18T09:19:18.836+0000] {logging_mixin.py:190} INFO - [2025-01-18T09:19:18.836+0000] {dag.py:4180} INFO - Setting next_dagrun for example_subdag_operator.section-1 to None, run_after=None
[2025-01-18T09:19:18.837+0000] {logging_mixin.py:190} INFO - [2025-01-18T09:19:18.837+0000] {dag.py:4180} INFO - Setting next_dagrun for example_subdag_operator.section-2 to None, run_after=None
[2025-01-18T09:19:18.842+0000] {logging_mixin.py:190} INFO - [2025-01-18T09:19:18.842+0000] {dag.py:3239} INFO - Sync 2 DAGs
[2025-01-18T09:19:18.846+0000] {logging_mixin.py:190} INFO - [2025-01-18T09:19:18.846+0000] {dag.py:4180} INFO - Setting next_dagrun for example_subdag_operator.section-1 to None, run_after=None
[2025-01-18T09:19:18.846+0000] {logging_mixin.py:190} INFO - [2025-01-18T09:19:18.846+0000] {dag.py:4180} INFO - Setting next_dagrun for example_subdag_operator.section-2 to None, run_after=None
[2025-01-18T09:19:18.854+0000] {processor.py:208} INFO - Processing /home/airflow/.local/lib/python3.12/site-packages/airflow/example_dags/example_subdag_operator.py took 0.078 seconds
[2025-01-18T09:19:49.676+0000] {processor.py:186} INFO - Started process (PID=982) to work on /home/airflow/.local/lib/python3.12/site-packages/airflow/example_dags/example_subdag_operator.py
[2025-01-18T09:19:49.677+0000] {processor.py:914} INFO - Processing file /home/airflow/.local/lib/python3.12/site-packages/airflow/example_dags/example_subdag_operator.py for tasks to queue
[2025-01-18T09:19:49.678+0000] {logging_mixin.py:190} INFO - [2025-01-18T09:19:49.678+0000] {dagbag.py:588} INFO - Filling up the DagBag from /home/airflow/.local/lib/python3.12/site-packages/airflow/example_dags/example_subdag_operator.py
[2025-01-18T09:19:49.701+0000] {processor.py:925} INFO - DAG(s) 'example_subdag_operator.section-1', 'example_subdag_operator.section-2', 'example_subdag_operator' retrieved from /home/airflow/.local/lib/python3.12/site-packages/airflow/example_dags/example_subdag_operator.py
[2025-01-18T09:19:49.712+0000] {logging_mixin.py:190} INFO - [2025-01-18T09:19:49.712+0000] {dag.py:3239} INFO - Sync 3 DAGs
[2025-01-18T09:19:49.729+0000] {logging_mixin.py:190} INFO - [2025-01-18T09:19:49.729+0000] {dag.py:4180} INFO - Setting next_dagrun for example_subdag_operator to 2022-01-01 00:00:00+00:00, run_after=2022-01-01 00:00:00+00:00
[2025-01-18T09:19:49.731+0000] {logging_mixin.py:190} INFO - [2025-01-18T09:19:49.731+0000] {dag.py:4180} INFO - Setting next_dagrun for example_subdag_operator.section-1 to None, run_after=None
[2025-01-18T09:19:49.732+0000] {logging_mixin.py:190} INFO - [2025-01-18T09:19:49.732+0000] {dag.py:4180} INFO - Setting next_dagrun for example_subdag_operator.section-2 to None, run_after=None
[2025-01-18T09:19:49.737+0000] {logging_mixin.py:190} INFO - [2025-01-18T09:19:49.737+0000] {dag.py:3239} INFO - Sync 2 DAGs
[2025-01-18T09:19:49.741+0000] {logging_mixin.py:190} INFO - [2025-01-18T09:19:49.741+0000] {dag.py:4180} INFO - Setting next_dagrun for example_subdag_operator.section-1 to None, run_after=None
[2025-01-18T09:19:49.741+0000] {logging_mixin.py:190} INFO - [2025-01-18T09:19:49.741+0000] {dag.py:4180} INFO - Setting next_dagrun for example_subdag_operator.section-2 to None, run_after=None
[2025-01-18T09:19:49.748+0000] {processor.py:208} INFO - Processing /home/airflow/.local/lib/python3.12/site-packages/airflow/example_dags/example_subdag_operator.py took 0.079 seconds
[2025-01-18T09:20:20.361+0000] {processor.py:186} INFO - Started process (PID=1045) to work on /home/airflow/.local/lib/python3.12/site-packages/airflow/example_dags/example_subdag_operator.py
[2025-01-18T09:20:20.362+0000] {processor.py:914} INFO - Processing file /home/airflow/.local/lib/python3.12/site-packages/airflow/example_dags/example_subdag_operator.py for tasks to queue
[2025-01-18T09:20:20.364+0000] {logging_mixin.py:190} INFO - [2025-01-18T09:20:20.364+0000] {dagbag.py:588} INFO - Filling up the DagBag from /home/airflow/.local/lib/python3.12/site-packages/airflow/example_dags/example_subdag_operator.py
[2025-01-18T09:20:20.392+0000] {processor.py:925} INFO - DAG(s) 'example_subdag_operator.section-1', 'example_subdag_operator.section-2', 'example_subdag_operator' retrieved from /home/airflow/.local/lib/python3.12/site-packages/airflow/example_dags/example_subdag_operator.py
[2025-01-18T09:20:20.410+0000] {logging_mixin.py:190} INFO - [2025-01-18T09:20:20.410+0000] {dag.py:3239} INFO - Sync 3 DAGs
[2025-01-18T09:20:20.449+0000] {logging_mixin.py:190} INFO - [2025-01-18T09:20:20.449+0000] {dag.py:4180} INFO - Setting next_dagrun for example_subdag_operator to 2022-01-01 00:00:00+00:00, run_after=2022-01-01 00:00:00+00:00
[2025-01-18T09:20:20.453+0000] {logging_mixin.py:190} INFO - [2025-01-18T09:20:20.453+0000] {dag.py:4180} INFO - Setting next_dagrun for example_subdag_operator.section-1 to None, run_after=None
[2025-01-18T09:20:20.455+0000] {logging_mixin.py:190} INFO - [2025-01-18T09:20:20.454+0000] {dag.py:4180} INFO - Setting next_dagrun for example_subdag_operator.section-2 to None, run_after=None
[2025-01-18T09:20:20.462+0000] {logging_mixin.py:190} INFO - [2025-01-18T09:20:20.462+0000] {dag.py:3239} INFO - Sync 2 DAGs
[2025-01-18T09:20:20.468+0000] {logging_mixin.py:190} INFO - [2025-01-18T09:20:20.468+0000] {dag.py:4180} INFO - Setting next_dagrun for example_subdag_operator.section-1 to None, run_after=None
[2025-01-18T09:20:20.468+0000] {logging_mixin.py:190} INFO - [2025-01-18T09:20:20.468+0000] {dag.py:4180} INFO - Setting next_dagrun for example_subdag_operator.section-2 to None, run_after=None
[2025-01-18T09:20:20.478+0000] {processor.py:208} INFO - Processing /home/airflow/.local/lib/python3.12/site-packages/airflow/example_dags/example_subdag_operator.py took 0.125 seconds
[2025-01-18T09:20:51.346+0000] {processor.py:186} INFO - Started process (PID=1109) to work on /home/airflow/.local/lib/python3.12/site-packages/airflow/example_dags/example_subdag_operator.py
[2025-01-18T09:20:51.347+0000] {processor.py:914} INFO - Processing file /home/airflow/.local/lib/python3.12/site-packages/airflow/example_dags/example_subdag_operator.py for tasks to queue
[2025-01-18T09:20:51.348+0000] {logging_mixin.py:190} INFO - [2025-01-18T09:20:51.348+0000] {dagbag.py:588} INFO - Filling up the DagBag from /home/airflow/.local/lib/python3.12/site-packages/airflow/example_dags/example_subdag_operator.py
[2025-01-18T09:20:51.373+0000] {processor.py:925} INFO - DAG(s) 'example_subdag_operator.section-1', 'example_subdag_operator.section-2', 'example_subdag_operator' retrieved from /home/airflow/.local/lib/python3.12/site-packages/airflow/example_dags/example_subdag_operator.py
[2025-01-18T09:20:51.391+0000] {logging_mixin.py:190} INFO - [2025-01-18T09:20:51.391+0000] {dag.py:3239} INFO - Sync 3 DAGs
[2025-01-18T09:20:51.412+0000] {logging_mixin.py:190} INFO - [2025-01-18T09:20:51.411+0000] {dag.py:4180} INFO - Setting next_dagrun for example_subdag_operator to 2022-01-01 00:00:00+00:00, run_after=2022-01-01 00:00:00+00:00
[2025-01-18T09:20:51.415+0000] {logging_mixin.py:190} INFO - [2025-01-18T09:20:51.414+0000] {dag.py:4180} INFO - Setting next_dagrun for example_subdag_operator.section-1 to None, run_after=None
[2025-01-18T09:20:51.416+0000] {logging_mixin.py:190} INFO - [2025-01-18T09:20:51.416+0000] {dag.py:4180} INFO - Setting next_dagrun for example_subdag_operator.section-2 to None, run_after=None
[2025-01-18T09:20:51.422+0000] {logging_mixin.py:190} INFO - [2025-01-18T09:20:51.422+0000] {dag.py:3239} INFO - Sync 2 DAGs
[2025-01-18T09:20:51.427+0000] {logging_mixin.py:190} INFO - [2025-01-18T09:20:51.427+0000] {dag.py:4180} INFO - Setting next_dagrun for example_subdag_operator.section-1 to None, run_after=None
[2025-01-18T09:20:51.427+0000] {logging_mixin.py:190} INFO - [2025-01-18T09:20:51.427+0000] {dag.py:4180} INFO - Setting next_dagrun for example_subdag_operator.section-2 to None, run_after=None
[2025-01-18T09:20:51.439+0000] {processor.py:208} INFO - Processing /home/airflow/.local/lib/python3.12/site-packages/airflow/example_dags/example_subdag_operator.py took 0.099 seconds
