[2025-01-18T09:12:33.992+0000] {processor.py:186} INFO - Started process (PID=82) to work on /home/airflow/.local/lib/python3.12/site-packages/airflow/example_dags/example_dataset_alias_with_no_taskflow.py
[2025-01-18T09:12:34.027+0000] {processor.py:914} INFO - Processing file /home/airflow/.local/lib/python3.12/site-packages/airflow/example_dags/example_dataset_alias_with_no_taskflow.py for tasks to queue
[2025-01-18T09:12:34.038+0000] {logging_mixin.py:190} INFO - [2025-01-18T09:12:34.038+0000] {dagbag.py:588} INFO - Filling up the DagBag from /home/airflow/.local/lib/python3.12/site-packages/airflow/example_dags/example_dataset_alias_with_no_taskflow.py
[2025-01-18T09:12:36.652+0000] {processor.py:925} INFO - DAG(s) 'dataset_s3_bucket_producer_with_no_taskflow', 'dataset_alias_example_alias_consumer_with_no_taskflow', 'dataset_alias_example_alias_producer_with_no_taskflow', 'dataset_s3_bucket_consumer_with_no_taskflow' retrieved from /home/airflow/.local/lib/python3.12/site-packages/airflow/example_dags/example_dataset_alias_with_no_taskflow.py
[2025-01-18T09:12:37.195+0000] {logging_mixin.py:190} INFO - [2025-01-18T09:12:37.195+0000] {override.py:1911} INFO - Created Permission View: can edit on DAG:dataset_s3_bucket_producer_with_no_taskflow
[2025-01-18T09:12:37.236+0000] {logging_mixin.py:190} INFO - [2025-01-18T09:12:37.234+0000] {override.py:1911} INFO - Created Permission View: can read on DAG:dataset_s3_bucket_producer_with_no_taskflow
[2025-01-18T09:12:37.282+0000] {logging_mixin.py:190} INFO - [2025-01-18T09:12:37.281+0000] {override.py:1911} INFO - Created Permission View: can delete on DAG:dataset_s3_bucket_producer_with_no_taskflow
[2025-01-18T09:12:37.301+0000] {logging_mixin.py:190} INFO - [2025-01-18T09:12:37.301+0000] {override.py:1911} INFO - Created Permission View: can create on DAG Run:dataset_s3_bucket_producer_with_no_taskflow
[2025-01-18T09:12:37.315+0000] {logging_mixin.py:190} INFO - [2025-01-18T09:12:37.315+0000] {override.py:1911} INFO - Created Permission View: menu access on DAG Run:dataset_s3_bucket_producer_with_no_taskflow
[2025-01-18T09:12:37.346+0000] {logging_mixin.py:190} INFO - [2025-01-18T09:12:37.346+0000] {override.py:1911} INFO - Created Permission View: can read on DAG Run:dataset_s3_bucket_producer_with_no_taskflow
[2025-01-18T09:12:37.361+0000] {logging_mixin.py:190} INFO - [2025-01-18T09:12:37.361+0000] {override.py:1911} INFO - Created Permission View: can delete on DAG Run:dataset_s3_bucket_producer_with_no_taskflow
[2025-01-18T09:12:37.382+0000] {logging_mixin.py:190} INFO - [2025-01-18T09:12:37.382+0000] {override.py:1911} INFO - Created Permission View: can edit on DAG:dataset_alias_example_alias_consumer_with_no_taskflow
[2025-01-18T09:12:37.412+0000] {logging_mixin.py:190} INFO - [2025-01-18T09:12:37.412+0000] {override.py:1911} INFO - Created Permission View: can read on DAG:dataset_alias_example_alias_consumer_with_no_taskflow
[2025-01-18T09:12:37.448+0000] {logging_mixin.py:190} INFO - [2025-01-18T09:12:37.448+0000] {override.py:1911} INFO - Created Permission View: can delete on DAG:dataset_alias_example_alias_consumer_with_no_taskflow
[2025-01-18T09:12:37.502+0000] {logging_mixin.py:190} INFO - [2025-01-18T09:12:37.502+0000] {override.py:1911} INFO - Created Permission View: can create on DAG Run:dataset_alias_example_alias_consumer_with_no_taskflow
[2025-01-18T09:12:37.533+0000] {logging_mixin.py:190} INFO - [2025-01-18T09:12:37.533+0000] {override.py:1911} INFO - Created Permission View: menu access on DAG Run:dataset_alias_example_alias_consumer_with_no_taskflow
[2025-01-18T09:12:37.545+0000] {logging_mixin.py:190} INFO - [2025-01-18T09:12:37.544+0000] {override.py:1911} INFO - Created Permission View: can read on DAG Run:dataset_alias_example_alias_consumer_with_no_taskflow
[2025-01-18T09:12:37.556+0000] {logging_mixin.py:190} INFO - [2025-01-18T09:12:37.556+0000] {override.py:1911} INFO - Created Permission View: can delete on DAG Run:dataset_alias_example_alias_consumer_with_no_taskflow
[2025-01-18T09:12:37.580+0000] {logging_mixin.py:190} INFO - [2025-01-18T09:12:37.580+0000] {override.py:1911} INFO - Created Permission View: can edit on DAG:dataset_alias_example_alias_producer_with_no_taskflow
[2025-01-18T09:12:37.592+0000] {logging_mixin.py:190} INFO - [2025-01-18T09:12:37.592+0000] {override.py:1911} INFO - Created Permission View: can read on DAG:dataset_alias_example_alias_producer_with_no_taskflow
[2025-01-18T09:12:37.610+0000] {logging_mixin.py:190} INFO - [2025-01-18T09:12:37.609+0000] {override.py:1911} INFO - Created Permission View: can delete on DAG:dataset_alias_example_alias_producer_with_no_taskflow
[2025-01-18T09:12:37.625+0000] {logging_mixin.py:190} INFO - [2025-01-18T09:12:37.624+0000] {override.py:1911} INFO - Created Permission View: can create on DAG Run:dataset_alias_example_alias_producer_with_no_taskflow
[2025-01-18T09:12:37.642+0000] {logging_mixin.py:190} INFO - [2025-01-18T09:12:37.642+0000] {override.py:1911} INFO - Created Permission View: menu access on DAG Run:dataset_alias_example_alias_producer_with_no_taskflow
[2025-01-18T09:12:37.666+0000] {logging_mixin.py:190} INFO - [2025-01-18T09:12:37.665+0000] {override.py:1911} INFO - Created Permission View: can read on DAG Run:dataset_alias_example_alias_producer_with_no_taskflow
[2025-01-18T09:12:37.722+0000] {logging_mixin.py:190} INFO - [2025-01-18T09:12:37.721+0000] {override.py:1911} INFO - Created Permission View: can delete on DAG Run:dataset_alias_example_alias_producer_with_no_taskflow
[2025-01-18T09:12:37.771+0000] {logging_mixin.py:190} INFO - [2025-01-18T09:12:37.770+0000] {override.py:1911} INFO - Created Permission View: can edit on DAG:dataset_s3_bucket_consumer_with_no_taskflow
[2025-01-18T09:12:37.790+0000] {logging_mixin.py:190} INFO - [2025-01-18T09:12:37.790+0000] {override.py:1911} INFO - Created Permission View: can read on DAG:dataset_s3_bucket_consumer_with_no_taskflow
[2025-01-18T09:12:37.807+0000] {logging_mixin.py:190} INFO - [2025-01-18T09:12:37.807+0000] {override.py:1911} INFO - Created Permission View: can delete on DAG:dataset_s3_bucket_consumer_with_no_taskflow
[2025-01-18T09:12:37.824+0000] {logging_mixin.py:190} INFO - [2025-01-18T09:12:37.824+0000] {override.py:1911} INFO - Created Permission View: can create on DAG Run:dataset_s3_bucket_consumer_with_no_taskflow
[2025-01-18T09:12:37.840+0000] {logging_mixin.py:190} INFO - [2025-01-18T09:12:37.840+0000] {override.py:1911} INFO - Created Permission View: menu access on DAG Run:dataset_s3_bucket_consumer_with_no_taskflow
[2025-01-18T09:12:37.862+0000] {logging_mixin.py:190} INFO - [2025-01-18T09:12:37.862+0000] {override.py:1911} INFO - Created Permission View: can read on DAG Run:dataset_s3_bucket_consumer_with_no_taskflow
[2025-01-18T09:12:37.891+0000] {logging_mixin.py:190} INFO - [2025-01-18T09:12:37.891+0000] {override.py:1911} INFO - Created Permission View: can delete on DAG Run:dataset_s3_bucket_consumer_with_no_taskflow
[2025-01-18T09:12:37.892+0000] {logging_mixin.py:190} INFO - [2025-01-18T09:12:37.891+0000] {dag.py:3239} INFO - Sync 4 DAGs
[2025-01-18T09:12:38.006+0000] {logging_mixin.py:190} INFO - [2025-01-18T09:12:38.000+0000] {dag.py:3262} INFO - Creating ORM DAG for dataset_s3_bucket_producer_with_no_taskflow
[2025-01-18T09:12:38.008+0000] {logging_mixin.py:190} INFO - [2025-01-18T09:12:38.008+0000] {dag.py:3262} INFO - Creating ORM DAG for dataset_alias_example_alias_consumer_with_no_taskflow
[2025-01-18T09:12:38.009+0000] {logging_mixin.py:190} INFO - [2025-01-18T09:12:38.009+0000] {dag.py:3262} INFO - Creating ORM DAG for dataset_alias_example_alias_producer_with_no_taskflow
[2025-01-18T09:12:38.010+0000] {logging_mixin.py:190} INFO - [2025-01-18T09:12:38.010+0000] {dag.py:3262} INFO - Creating ORM DAG for dataset_s3_bucket_consumer_with_no_taskflow
[2025-01-18T09:12:38.098+0000] {logging_mixin.py:190} INFO - [2025-01-18T09:12:38.097+0000] {dag.py:4180} INFO - Setting next_dagrun for dataset_alias_example_alias_consumer_with_no_taskflow to None, run_after=None
[2025-01-18T09:12:38.098+0000] {logging_mixin.py:190} INFO - [2025-01-18T09:12:38.098+0000] {dag.py:4180} INFO - Setting next_dagrun for dataset_alias_example_alias_producer_with_no_taskflow to None, run_after=None
[2025-01-18T09:12:38.099+0000] {logging_mixin.py:190} INFO - [2025-01-18T09:12:38.099+0000] {dag.py:4180} INFO - Setting next_dagrun for dataset_s3_bucket_consumer_with_no_taskflow to None, run_after=None
[2025-01-18T09:12:38.100+0000] {logging_mixin.py:190} INFO - [2025-01-18T09:12:38.100+0000] {dag.py:4180} INFO - Setting next_dagrun for dataset_s3_bucket_producer_with_no_taskflow to None, run_after=None
[2025-01-18T09:12:38.205+0000] {processor.py:208} INFO - Processing /home/airflow/.local/lib/python3.12/site-packages/airflow/example_dags/example_dataset_alias_with_no_taskflow.py took 4.223 seconds
[2025-01-18T09:13:09.153+0000] {processor.py:186} INFO - Started process (PID=147) to work on /home/airflow/.local/lib/python3.12/site-packages/airflow/example_dags/example_dataset_alias_with_no_taskflow.py
[2025-01-18T09:13:09.153+0000] {processor.py:914} INFO - Processing file /home/airflow/.local/lib/python3.12/site-packages/airflow/example_dags/example_dataset_alias_with_no_taskflow.py for tasks to queue
[2025-01-18T09:13:09.155+0000] {logging_mixin.py:190} INFO - [2025-01-18T09:13:09.155+0000] {dagbag.py:588} INFO - Filling up the DagBag from /home/airflow/.local/lib/python3.12/site-packages/airflow/example_dags/example_dataset_alias_with_no_taskflow.py
[2025-01-18T09:13:09.691+0000] {processor.py:925} INFO - DAG(s) 'dataset_s3_bucket_consumer_with_no_taskflow', 'dataset_alias_example_alias_producer_with_no_taskflow', 'dataset_s3_bucket_producer_with_no_taskflow', 'dataset_alias_example_alias_consumer_with_no_taskflow' retrieved from /home/airflow/.local/lib/python3.12/site-packages/airflow/example_dags/example_dataset_alias_with_no_taskflow.py
[2025-01-18T09:13:09.707+0000] {logging_mixin.py:190} INFO - [2025-01-18T09:13:09.706+0000] {dag.py:3239} INFO - Sync 4 DAGs
[2025-01-18T09:13:09.723+0000] {logging_mixin.py:190} INFO - [2025-01-18T09:13:09.723+0000] {dag.py:4180} INFO - Setting next_dagrun for dataset_alias_example_alias_consumer_with_no_taskflow to None, run_after=None
[2025-01-18T09:13:09.725+0000] {logging_mixin.py:190} INFO - [2025-01-18T09:13:09.725+0000] {dag.py:4180} INFO - Setting next_dagrun for dataset_alias_example_alias_producer_with_no_taskflow to None, run_after=None
[2025-01-18T09:13:09.726+0000] {logging_mixin.py:190} INFO - [2025-01-18T09:13:09.726+0000] {dag.py:4180} INFO - Setting next_dagrun for dataset_s3_bucket_consumer_with_no_taskflow to None, run_after=None
[2025-01-18T09:13:09.727+0000] {logging_mixin.py:190} INFO - [2025-01-18T09:13:09.727+0000] {dag.py:4180} INFO - Setting next_dagrun for dataset_s3_bucket_producer_with_no_taskflow to None, run_after=None
[2025-01-18T09:13:09.747+0000] {processor.py:208} INFO - Processing /home/airflow/.local/lib/python3.12/site-packages/airflow/example_dags/example_dataset_alias_with_no_taskflow.py took 0.600 seconds
[2025-01-18T09:13:39.906+0000] {processor.py:186} INFO - Started process (PID=210) to work on /home/airflow/.local/lib/python3.12/site-packages/airflow/example_dags/example_dataset_alias_with_no_taskflow.py
[2025-01-18T09:13:39.907+0000] {processor.py:914} INFO - Processing file /home/airflow/.local/lib/python3.12/site-packages/airflow/example_dags/example_dataset_alias_with_no_taskflow.py for tasks to queue
[2025-01-18T09:13:39.910+0000] {logging_mixin.py:190} INFO - [2025-01-18T09:13:39.909+0000] {dagbag.py:588} INFO - Filling up the DagBag from /home/airflow/.local/lib/python3.12/site-packages/airflow/example_dags/example_dataset_alias_with_no_taskflow.py
[2025-01-18T09:13:40.668+0000] {processor.py:925} INFO - DAG(s) 'dataset_alias_example_alias_consumer_with_no_taskflow', 'dataset_s3_bucket_producer_with_no_taskflow', 'dataset_alias_example_alias_producer_with_no_taskflow', 'dataset_s3_bucket_consumer_with_no_taskflow' retrieved from /home/airflow/.local/lib/python3.12/site-packages/airflow/example_dags/example_dataset_alias_with_no_taskflow.py
[2025-01-18T09:13:40.683+0000] {logging_mixin.py:190} INFO - [2025-01-18T09:13:40.683+0000] {dag.py:3239} INFO - Sync 4 DAGs
[2025-01-18T09:13:40.701+0000] {logging_mixin.py:190} INFO - [2025-01-18T09:13:40.701+0000] {dag.py:4180} INFO - Setting next_dagrun for dataset_alias_example_alias_consumer_with_no_taskflow to None, run_after=None
[2025-01-18T09:13:40.703+0000] {logging_mixin.py:190} INFO - [2025-01-18T09:13:40.703+0000] {dag.py:4180} INFO - Setting next_dagrun for dataset_alias_example_alias_producer_with_no_taskflow to None, run_after=None
[2025-01-18T09:13:40.704+0000] {logging_mixin.py:190} INFO - [2025-01-18T09:13:40.704+0000] {dag.py:4180} INFO - Setting next_dagrun for dataset_s3_bucket_consumer_with_no_taskflow to None, run_after=None
[2025-01-18T09:13:40.705+0000] {logging_mixin.py:190} INFO - [2025-01-18T09:13:40.705+0000] {dag.py:4180} INFO - Setting next_dagrun for dataset_s3_bucket_producer_with_no_taskflow to None, run_after=None
[2025-01-18T09:13:40.720+0000] {processor.py:208} INFO - Processing /home/airflow/.local/lib/python3.12/site-packages/airflow/example_dags/example_dataset_alias_with_no_taskflow.py took 0.824 seconds
[2025-01-18T09:14:10.904+0000] {processor.py:186} INFO - Started process (PID=276) to work on /home/airflow/.local/lib/python3.12/site-packages/airflow/example_dags/example_dataset_alias_with_no_taskflow.py
[2025-01-18T09:14:10.909+0000] {processor.py:914} INFO - Processing file /home/airflow/.local/lib/python3.12/site-packages/airflow/example_dags/example_dataset_alias_with_no_taskflow.py for tasks to queue
[2025-01-18T09:14:10.911+0000] {logging_mixin.py:190} INFO - [2025-01-18T09:14:10.911+0000] {dagbag.py:588} INFO - Filling up the DagBag from /home/airflow/.local/lib/python3.12/site-packages/airflow/example_dags/example_dataset_alias_with_no_taskflow.py
[2025-01-18T09:14:12.773+0000] {processor.py:925} INFO - DAG(s) 'dataset_alias_example_alias_producer_with_no_taskflow', 'dataset_alias_example_alias_consumer_with_no_taskflow', 'dataset_s3_bucket_consumer_with_no_taskflow', 'dataset_s3_bucket_producer_with_no_taskflow' retrieved from /home/airflow/.local/lib/python3.12/site-packages/airflow/example_dags/example_dataset_alias_with_no_taskflow.py
[2025-01-18T09:14:12.874+0000] {logging_mixin.py:190} INFO - [2025-01-18T09:14:12.873+0000] {dag.py:3239} INFO - Sync 4 DAGs
[2025-01-18T09:14:12.983+0000] {logging_mixin.py:190} INFO - [2025-01-18T09:14:12.982+0000] {dag.py:4180} INFO - Setting next_dagrun for dataset_alias_example_alias_consumer_with_no_taskflow to None, run_after=None
[2025-01-18T09:14:12.997+0000] {logging_mixin.py:190} INFO - [2025-01-18T09:14:12.997+0000] {dag.py:4180} INFO - Setting next_dagrun for dataset_alias_example_alias_producer_with_no_taskflow to None, run_after=None
[2025-01-18T09:14:13.005+0000] {logging_mixin.py:190} INFO - [2025-01-18T09:14:13.005+0000] {dag.py:4180} INFO - Setting next_dagrun for dataset_s3_bucket_consumer_with_no_taskflow to None, run_after=None
[2025-01-18T09:14:13.014+0000] {logging_mixin.py:190} INFO - [2025-01-18T09:14:13.014+0000] {dag.py:4180} INFO - Setting next_dagrun for dataset_s3_bucket_producer_with_no_taskflow to None, run_after=None
[2025-01-18T09:14:13.142+0000] {processor.py:208} INFO - Processing /home/airflow/.local/lib/python3.12/site-packages/airflow/example_dags/example_dataset_alias_with_no_taskflow.py took 2.251 seconds
[2025-01-18T09:14:43.802+0000] {processor.py:186} INFO - Started process (PID=343) to work on /home/airflow/.local/lib/python3.12/site-packages/airflow/example_dags/example_dataset_alias_with_no_taskflow.py
[2025-01-18T09:14:43.803+0000] {processor.py:914} INFO - Processing file /home/airflow/.local/lib/python3.12/site-packages/airflow/example_dags/example_dataset_alias_with_no_taskflow.py for tasks to queue
[2025-01-18T09:14:43.805+0000] {logging_mixin.py:190} INFO - [2025-01-18T09:14:43.805+0000] {dagbag.py:588} INFO - Filling up the DagBag from /home/airflow/.local/lib/python3.12/site-packages/airflow/example_dags/example_dataset_alias_with_no_taskflow.py
[2025-01-18T09:14:44.751+0000] {processor.py:925} INFO - DAG(s) 'dataset_s3_bucket_consumer_with_no_taskflow', 'dataset_alias_example_alias_consumer_with_no_taskflow', 'dataset_s3_bucket_producer_with_no_taskflow', 'dataset_alias_example_alias_producer_with_no_taskflow' retrieved from /home/airflow/.local/lib/python3.12/site-packages/airflow/example_dags/example_dataset_alias_with_no_taskflow.py
[2025-01-18T09:14:44.799+0000] {logging_mixin.py:190} INFO - [2025-01-18T09:14:44.799+0000] {dag.py:3239} INFO - Sync 4 DAGs
[2025-01-18T09:14:44.874+0000] {logging_mixin.py:190} INFO - [2025-01-18T09:14:44.874+0000] {dag.py:4180} INFO - Setting next_dagrun for dataset_alias_example_alias_consumer_with_no_taskflow to None, run_after=None
[2025-01-18T09:14:44.883+0000] {logging_mixin.py:190} INFO - [2025-01-18T09:14:44.883+0000] {dag.py:4180} INFO - Setting next_dagrun for dataset_alias_example_alias_producer_with_no_taskflow to None, run_after=None
[2025-01-18T09:14:44.884+0000] {logging_mixin.py:190} INFO - [2025-01-18T09:14:44.884+0000] {dag.py:4180} INFO - Setting next_dagrun for dataset_s3_bucket_consumer_with_no_taskflow to None, run_after=None
[2025-01-18T09:14:44.892+0000] {logging_mixin.py:190} INFO - [2025-01-18T09:14:44.892+0000] {dag.py:4180} INFO - Setting next_dagrun for dataset_s3_bucket_producer_with_no_taskflow to None, run_after=None
[2025-01-18T09:14:44.961+0000] {processor.py:208} INFO - Processing /home/airflow/.local/lib/python3.12/site-packages/airflow/example_dags/example_dataset_alias_with_no_taskflow.py took 1.164 seconds
[2025-01-18T09:15:15.583+0000] {processor.py:186} INFO - Started process (PID=408) to work on /home/airflow/.local/lib/python3.12/site-packages/airflow/example_dags/example_dataset_alias_with_no_taskflow.py
[2025-01-18T09:15:15.583+0000] {processor.py:914} INFO - Processing file /home/airflow/.local/lib/python3.12/site-packages/airflow/example_dags/example_dataset_alias_with_no_taskflow.py for tasks to queue
[2025-01-18T09:15:15.585+0000] {logging_mixin.py:190} INFO - [2025-01-18T09:15:15.585+0000] {dagbag.py:588} INFO - Filling up the DagBag from /home/airflow/.local/lib/python3.12/site-packages/airflow/example_dags/example_dataset_alias_with_no_taskflow.py
[2025-01-18T09:15:16.224+0000] {processor.py:925} INFO - DAG(s) 'dataset_alias_example_alias_consumer_with_no_taskflow', 'dataset_alias_example_alias_producer_with_no_taskflow', 'dataset_s3_bucket_producer_with_no_taskflow', 'dataset_s3_bucket_consumer_with_no_taskflow' retrieved from /home/airflow/.local/lib/python3.12/site-packages/airflow/example_dags/example_dataset_alias_with_no_taskflow.py
[2025-01-18T09:15:16.239+0000] {logging_mixin.py:190} INFO - [2025-01-18T09:15:16.239+0000] {dag.py:3239} INFO - Sync 4 DAGs
[2025-01-18T09:15:16.256+0000] {logging_mixin.py:190} INFO - [2025-01-18T09:15:16.256+0000] {dag.py:4180} INFO - Setting next_dagrun for dataset_alias_example_alias_consumer_with_no_taskflow to None, run_after=None
[2025-01-18T09:15:16.258+0000] {logging_mixin.py:190} INFO - [2025-01-18T09:15:16.258+0000] {dag.py:4180} INFO - Setting next_dagrun for dataset_alias_example_alias_producer_with_no_taskflow to None, run_after=None
[2025-01-18T09:15:16.260+0000] {logging_mixin.py:190} INFO - [2025-01-18T09:15:16.260+0000] {dag.py:4180} INFO - Setting next_dagrun for dataset_s3_bucket_consumer_with_no_taskflow to None, run_after=None
[2025-01-18T09:15:16.261+0000] {logging_mixin.py:190} INFO - [2025-01-18T09:15:16.260+0000] {dag.py:4180} INFO - Setting next_dagrun for dataset_s3_bucket_producer_with_no_taskflow to None, run_after=None
[2025-01-18T09:15:16.275+0000] {processor.py:208} INFO - Processing /home/airflow/.local/lib/python3.12/site-packages/airflow/example_dags/example_dataset_alias_with_no_taskflow.py took 0.698 seconds
[2025-01-18T09:15:46.968+0000] {processor.py:186} INFO - Started process (PID=479) to work on /home/airflow/.local/lib/python3.12/site-packages/airflow/example_dags/example_dataset_alias_with_no_taskflow.py
[2025-01-18T09:15:46.969+0000] {processor.py:914} INFO - Processing file /home/airflow/.local/lib/python3.12/site-packages/airflow/example_dags/example_dataset_alias_with_no_taskflow.py for tasks to queue
[2025-01-18T09:15:46.970+0000] {logging_mixin.py:190} INFO - [2025-01-18T09:15:46.970+0000] {dagbag.py:588} INFO - Filling up the DagBag from /home/airflow/.local/lib/python3.12/site-packages/airflow/example_dags/example_dataset_alias_with_no_taskflow.py
[2025-01-18T09:15:47.469+0000] {processor.py:925} INFO - DAG(s) 'dataset_s3_bucket_producer_with_no_taskflow', 'dataset_alias_example_alias_consumer_with_no_taskflow', 'dataset_alias_example_alias_producer_with_no_taskflow', 'dataset_s3_bucket_consumer_with_no_taskflow' retrieved from /home/airflow/.local/lib/python3.12/site-packages/airflow/example_dags/example_dataset_alias_with_no_taskflow.py
[2025-01-18T09:15:47.484+0000] {logging_mixin.py:190} INFO - [2025-01-18T09:15:47.483+0000] {dag.py:3239} INFO - Sync 4 DAGs
[2025-01-18T09:15:47.507+0000] {logging_mixin.py:190} INFO - [2025-01-18T09:15:47.506+0000] {dag.py:4180} INFO - Setting next_dagrun for dataset_alias_example_alias_consumer_with_no_taskflow to None, run_after=None
[2025-01-18T09:15:47.510+0000] {logging_mixin.py:190} INFO - [2025-01-18T09:15:47.510+0000] {dag.py:4180} INFO - Setting next_dagrun for dataset_alias_example_alias_producer_with_no_taskflow to None, run_after=None
[2025-01-18T09:15:47.511+0000] {logging_mixin.py:190} INFO - [2025-01-18T09:15:47.511+0000] {dag.py:4180} INFO - Setting next_dagrun for dataset_s3_bucket_consumer_with_no_taskflow to None, run_after=None
[2025-01-18T09:15:47.512+0000] {logging_mixin.py:190} INFO - [2025-01-18T09:15:47.512+0000] {dag.py:4180} INFO - Setting next_dagrun for dataset_s3_bucket_producer_with_no_taskflow to None, run_after=None
[2025-01-18T09:15:47.528+0000] {processor.py:208} INFO - Processing /home/airflow/.local/lib/python3.12/site-packages/airflow/example_dags/example_dataset_alias_with_no_taskflow.py took 0.564 seconds
[2025-01-18T09:16:18.350+0000] {processor.py:186} INFO - Started process (PID=541) to work on /home/airflow/.local/lib/python3.12/site-packages/airflow/example_dags/example_dataset_alias_with_no_taskflow.py
[2025-01-18T09:16:18.350+0000] {processor.py:914} INFO - Processing file /home/airflow/.local/lib/python3.12/site-packages/airflow/example_dags/example_dataset_alias_with_no_taskflow.py for tasks to queue
[2025-01-18T09:16:18.352+0000] {logging_mixin.py:190} INFO - [2025-01-18T09:16:18.352+0000] {dagbag.py:588} INFO - Filling up the DagBag from /home/airflow/.local/lib/python3.12/site-packages/airflow/example_dags/example_dataset_alias_with_no_taskflow.py
[2025-01-18T09:16:19.076+0000] {processor.py:925} INFO - DAG(s) 'dataset_s3_bucket_producer_with_no_taskflow', 'dataset_alias_example_alias_producer_with_no_taskflow', 'dataset_s3_bucket_consumer_with_no_taskflow', 'dataset_alias_example_alias_consumer_with_no_taskflow' retrieved from /home/airflow/.local/lib/python3.12/site-packages/airflow/example_dags/example_dataset_alias_with_no_taskflow.py
[2025-01-18T09:16:19.092+0000] {logging_mixin.py:190} INFO - [2025-01-18T09:16:19.091+0000] {dag.py:3239} INFO - Sync 4 DAGs
[2025-01-18T09:16:19.109+0000] {logging_mixin.py:190} INFO - [2025-01-18T09:16:19.108+0000] {dag.py:4180} INFO - Setting next_dagrun for dataset_alias_example_alias_consumer_with_no_taskflow to None, run_after=None
[2025-01-18T09:16:19.110+0000] {logging_mixin.py:190} INFO - [2025-01-18T09:16:19.110+0000] {dag.py:4180} INFO - Setting next_dagrun for dataset_alias_example_alias_producer_with_no_taskflow to None, run_after=None
[2025-01-18T09:16:19.111+0000] {logging_mixin.py:190} INFO - [2025-01-18T09:16:19.111+0000] {dag.py:4180} INFO - Setting next_dagrun for dataset_s3_bucket_consumer_with_no_taskflow to None, run_after=None
[2025-01-18T09:16:19.112+0000] {logging_mixin.py:190} INFO - [2025-01-18T09:16:19.112+0000] {dag.py:4180} INFO - Setting next_dagrun for dataset_s3_bucket_producer_with_no_taskflow to None, run_after=None
[2025-01-18T09:16:19.127+0000] {processor.py:208} INFO - Processing /home/airflow/.local/lib/python3.12/site-packages/airflow/example_dags/example_dataset_alias_with_no_taskflow.py took 0.782 seconds
[2025-01-18T09:16:50.053+0000] {processor.py:186} INFO - Started process (PID=609) to work on /home/airflow/.local/lib/python3.12/site-packages/airflow/example_dags/example_dataset_alias_with_no_taskflow.py
[2025-01-18T09:16:50.054+0000] {processor.py:914} INFO - Processing file /home/airflow/.local/lib/python3.12/site-packages/airflow/example_dags/example_dataset_alias_with_no_taskflow.py for tasks to queue
[2025-01-18T09:16:50.056+0000] {logging_mixin.py:190} INFO - [2025-01-18T09:16:50.055+0000] {dagbag.py:588} INFO - Filling up the DagBag from /home/airflow/.local/lib/python3.12/site-packages/airflow/example_dags/example_dataset_alias_with_no_taskflow.py
[2025-01-18T09:16:50.677+0000] {processor.py:925} INFO - DAG(s) 'dataset_s3_bucket_consumer_with_no_taskflow', 'dataset_s3_bucket_producer_with_no_taskflow', 'dataset_alias_example_alias_consumer_with_no_taskflow', 'dataset_alias_example_alias_producer_with_no_taskflow' retrieved from /home/airflow/.local/lib/python3.12/site-packages/airflow/example_dags/example_dataset_alias_with_no_taskflow.py
[2025-01-18T09:16:50.694+0000] {logging_mixin.py:190} INFO - [2025-01-18T09:16:50.693+0000] {dag.py:3239} INFO - Sync 4 DAGs
[2025-01-18T09:16:50.711+0000] {logging_mixin.py:190} INFO - [2025-01-18T09:16:50.711+0000] {dag.py:4180} INFO - Setting next_dagrun for dataset_alias_example_alias_consumer_with_no_taskflow to None, run_after=None
[2025-01-18T09:16:50.713+0000] {logging_mixin.py:190} INFO - [2025-01-18T09:16:50.713+0000] {dag.py:4180} INFO - Setting next_dagrun for dataset_alias_example_alias_producer_with_no_taskflow to None, run_after=None
[2025-01-18T09:16:50.714+0000] {logging_mixin.py:190} INFO - [2025-01-18T09:16:50.714+0000] {dag.py:4180} INFO - Setting next_dagrun for dataset_s3_bucket_consumer_with_no_taskflow to None, run_after=None
[2025-01-18T09:16:50.715+0000] {logging_mixin.py:190} INFO - [2025-01-18T09:16:50.715+0000] {dag.py:4180} INFO - Setting next_dagrun for dataset_s3_bucket_producer_with_no_taskflow to None, run_after=None
[2025-01-18T09:16:50.730+0000] {processor.py:208} INFO - Processing /home/airflow/.local/lib/python3.12/site-packages/airflow/example_dags/example_dataset_alias_with_no_taskflow.py took 0.682 seconds
[2025-01-18T09:17:21.298+0000] {processor.py:186} INFO - Started process (PID=673) to work on /home/airflow/.local/lib/python3.12/site-packages/airflow/example_dags/example_dataset_alias_with_no_taskflow.py
[2025-01-18T09:17:21.301+0000] {processor.py:914} INFO - Processing file /home/airflow/.local/lib/python3.12/site-packages/airflow/example_dags/example_dataset_alias_with_no_taskflow.py for tasks to queue
[2025-01-18T09:17:21.304+0000] {logging_mixin.py:190} INFO - [2025-01-18T09:17:21.304+0000] {dagbag.py:588} INFO - Filling up the DagBag from /home/airflow/.local/lib/python3.12/site-packages/airflow/example_dags/example_dataset_alias_with_no_taskflow.py
[2025-01-18T09:17:22.050+0000] {processor.py:925} INFO - DAG(s) 'dataset_alias_example_alias_producer_with_no_taskflow', 'dataset_s3_bucket_consumer_with_no_taskflow', 'dataset_s3_bucket_producer_with_no_taskflow', 'dataset_alias_example_alias_consumer_with_no_taskflow' retrieved from /home/airflow/.local/lib/python3.12/site-packages/airflow/example_dags/example_dataset_alias_with_no_taskflow.py
[2025-01-18T09:17:22.072+0000] {logging_mixin.py:190} INFO - [2025-01-18T09:17:22.072+0000] {dag.py:3239} INFO - Sync 4 DAGs
[2025-01-18T09:17:22.090+0000] {logging_mixin.py:190} INFO - [2025-01-18T09:17:22.090+0000] {dag.py:4180} INFO - Setting next_dagrun for dataset_alias_example_alias_consumer_with_no_taskflow to None, run_after=None
[2025-01-18T09:17:22.092+0000] {logging_mixin.py:190} INFO - [2025-01-18T09:17:22.092+0000] {dag.py:4180} INFO - Setting next_dagrun for dataset_alias_example_alias_producer_with_no_taskflow to None, run_after=None
[2025-01-18T09:17:22.093+0000] {logging_mixin.py:190} INFO - [2025-01-18T09:17:22.093+0000] {dag.py:4180} INFO - Setting next_dagrun for dataset_s3_bucket_consumer_with_no_taskflow to None, run_after=None
[2025-01-18T09:17:22.094+0000] {logging_mixin.py:190} INFO - [2025-01-18T09:17:22.094+0000] {dag.py:4180} INFO - Setting next_dagrun for dataset_s3_bucket_producer_with_no_taskflow to None, run_after=None
[2025-01-18T09:17:22.108+0000] {processor.py:208} INFO - Processing /home/airflow/.local/lib/python3.12/site-packages/airflow/example_dags/example_dataset_alias_with_no_taskflow.py took 0.816 seconds
[2025-01-18T09:17:52.508+0000] {processor.py:186} INFO - Started process (PID=738) to work on /home/airflow/.local/lib/python3.12/site-packages/airflow/example_dags/example_dataset_alias_with_no_taskflow.py
[2025-01-18T09:17:52.509+0000] {processor.py:914} INFO - Processing file /home/airflow/.local/lib/python3.12/site-packages/airflow/example_dags/example_dataset_alias_with_no_taskflow.py for tasks to queue
[2025-01-18T09:17:52.511+0000] {logging_mixin.py:190} INFO - [2025-01-18T09:17:52.510+0000] {dagbag.py:588} INFO - Filling up the DagBag from /home/airflow/.local/lib/python3.12/site-packages/airflow/example_dags/example_dataset_alias_with_no_taskflow.py
[2025-01-18T09:17:53.309+0000] {processor.py:925} INFO - DAG(s) 'dataset_alias_example_alias_consumer_with_no_taskflow', 'dataset_s3_bucket_producer_with_no_taskflow', 'dataset_alias_example_alias_producer_with_no_taskflow', 'dataset_s3_bucket_consumer_with_no_taskflow' retrieved from /home/airflow/.local/lib/python3.12/site-packages/airflow/example_dags/example_dataset_alias_with_no_taskflow.py
[2025-01-18T09:17:53.324+0000] {logging_mixin.py:190} INFO - [2025-01-18T09:17:53.324+0000] {dag.py:3239} INFO - Sync 4 DAGs
[2025-01-18T09:17:53.342+0000] {logging_mixin.py:190} INFO - [2025-01-18T09:17:53.342+0000] {dag.py:4180} INFO - Setting next_dagrun for dataset_alias_example_alias_consumer_with_no_taskflow to None, run_after=None
[2025-01-18T09:17:53.344+0000] {logging_mixin.py:190} INFO - [2025-01-18T09:17:53.343+0000] {dag.py:4180} INFO - Setting next_dagrun for dataset_alias_example_alias_producer_with_no_taskflow to None, run_after=None
[2025-01-18T09:17:53.345+0000] {logging_mixin.py:190} INFO - [2025-01-18T09:17:53.344+0000] {dag.py:4180} INFO - Setting next_dagrun for dataset_s3_bucket_consumer_with_no_taskflow to None, run_after=None
[2025-01-18T09:17:53.345+0000] {logging_mixin.py:190} INFO - [2025-01-18T09:17:53.345+0000] {dag.py:4180} INFO - Setting next_dagrun for dataset_s3_bucket_producer_with_no_taskflow to None, run_after=None
[2025-01-18T09:17:53.364+0000] {processor.py:208} INFO - Processing /home/airflow/.local/lib/python3.12/site-packages/airflow/example_dags/example_dataset_alias_with_no_taskflow.py took 0.862 seconds
[2025-01-18T09:18:24.072+0000] {processor.py:186} INFO - Started process (PID=805) to work on /home/airflow/.local/lib/python3.12/site-packages/airflow/example_dags/example_dataset_alias_with_no_taskflow.py
[2025-01-18T09:18:24.073+0000] {processor.py:914} INFO - Processing file /home/airflow/.local/lib/python3.12/site-packages/airflow/example_dags/example_dataset_alias_with_no_taskflow.py for tasks to queue
[2025-01-18T09:18:24.075+0000] {logging_mixin.py:190} INFO - [2025-01-18T09:18:24.075+0000] {dagbag.py:588} INFO - Filling up the DagBag from /home/airflow/.local/lib/python3.12/site-packages/airflow/example_dags/example_dataset_alias_with_no_taskflow.py
[2025-01-18T09:18:24.618+0000] {processor.py:925} INFO - DAG(s) 'dataset_s3_bucket_producer_with_no_taskflow', 'dataset_s3_bucket_consumer_with_no_taskflow', 'dataset_alias_example_alias_consumer_with_no_taskflow', 'dataset_alias_example_alias_producer_with_no_taskflow' retrieved from /home/airflow/.local/lib/python3.12/site-packages/airflow/example_dags/example_dataset_alias_with_no_taskflow.py
[2025-01-18T09:18:24.633+0000] {logging_mixin.py:190} INFO - [2025-01-18T09:18:24.633+0000] {dag.py:3239} INFO - Sync 4 DAGs
[2025-01-18T09:18:24.651+0000] {logging_mixin.py:190} INFO - [2025-01-18T09:18:24.651+0000] {dag.py:4180} INFO - Setting next_dagrun for dataset_alias_example_alias_consumer_with_no_taskflow to None, run_after=None
[2025-01-18T09:18:24.653+0000] {logging_mixin.py:190} INFO - [2025-01-18T09:18:24.653+0000] {dag.py:4180} INFO - Setting next_dagrun for dataset_alias_example_alias_producer_with_no_taskflow to None, run_after=None
[2025-01-18T09:18:24.654+0000] {logging_mixin.py:190} INFO - [2025-01-18T09:18:24.654+0000] {dag.py:4180} INFO - Setting next_dagrun for dataset_s3_bucket_consumer_with_no_taskflow to None, run_after=None
[2025-01-18T09:18:24.655+0000] {logging_mixin.py:190} INFO - [2025-01-18T09:18:24.655+0000] {dag.py:4180} INFO - Setting next_dagrun for dataset_s3_bucket_producer_with_no_taskflow to None, run_after=None
[2025-01-18T09:18:24.671+0000] {processor.py:208} INFO - Processing /home/airflow/.local/lib/python3.12/site-packages/airflow/example_dags/example_dataset_alias_with_no_taskflow.py took 0.605 seconds
[2025-01-18T09:18:54.899+0000] {processor.py:186} INFO - Started process (PID=868) to work on /home/airflow/.local/lib/python3.12/site-packages/airflow/example_dags/example_dataset_alias_with_no_taskflow.py
[2025-01-18T09:18:54.901+0000] {processor.py:914} INFO - Processing file /home/airflow/.local/lib/python3.12/site-packages/airflow/example_dags/example_dataset_alias_with_no_taskflow.py for tasks to queue
[2025-01-18T09:18:54.903+0000] {logging_mixin.py:190} INFO - [2025-01-18T09:18:54.903+0000] {dagbag.py:588} INFO - Filling up the DagBag from /home/airflow/.local/lib/python3.12/site-packages/airflow/example_dags/example_dataset_alias_with_no_taskflow.py
[2025-01-18T09:18:56.140+0000] {processor.py:925} INFO - DAG(s) 'dataset_s3_bucket_producer_with_no_taskflow', 'dataset_alias_example_alias_producer_with_no_taskflow', 'dataset_alias_example_alias_consumer_with_no_taskflow', 'dataset_s3_bucket_consumer_with_no_taskflow' retrieved from /home/airflow/.local/lib/python3.12/site-packages/airflow/example_dags/example_dataset_alias_with_no_taskflow.py
[2025-01-18T09:18:56.178+0000] {logging_mixin.py:190} INFO - [2025-01-18T09:18:56.177+0000] {dag.py:3239} INFO - Sync 4 DAGs
[2025-01-18T09:18:56.216+0000] {logging_mixin.py:190} INFO - [2025-01-18T09:18:56.216+0000] {dag.py:4180} INFO - Setting next_dagrun for dataset_alias_example_alias_consumer_with_no_taskflow to None, run_after=None
[2025-01-18T09:18:56.222+0000] {logging_mixin.py:190} INFO - [2025-01-18T09:18:56.221+0000] {dag.py:4180} INFO - Setting next_dagrun for dataset_alias_example_alias_producer_with_no_taskflow to None, run_after=None
[2025-01-18T09:18:56.224+0000] {logging_mixin.py:190} INFO - [2025-01-18T09:18:56.224+0000] {dag.py:4180} INFO - Setting next_dagrun for dataset_s3_bucket_consumer_with_no_taskflow to None, run_after=None
[2025-01-18T09:18:56.226+0000] {logging_mixin.py:190} INFO - [2025-01-18T09:18:56.226+0000] {dag.py:4180} INFO - Setting next_dagrun for dataset_s3_bucket_producer_with_no_taskflow to None, run_after=None
[2025-01-18T09:18:56.257+0000] {processor.py:208} INFO - Processing /home/airflow/.local/lib/python3.12/site-packages/airflow/example_dags/example_dataset_alias_with_no_taskflow.py took 1.365 seconds
[2025-01-18T09:19:26.431+0000] {processor.py:186} INFO - Started process (PID=932) to work on /home/airflow/.local/lib/python3.12/site-packages/airflow/example_dags/example_dataset_alias_with_no_taskflow.py
[2025-01-18T09:19:26.442+0000] {processor.py:914} INFO - Processing file /home/airflow/.local/lib/python3.12/site-packages/airflow/example_dags/example_dataset_alias_with_no_taskflow.py for tasks to queue
[2025-01-18T09:19:26.444+0000] {logging_mixin.py:190} INFO - [2025-01-18T09:19:26.443+0000] {dagbag.py:588} INFO - Filling up the DagBag from /home/airflow/.local/lib/python3.12/site-packages/airflow/example_dags/example_dataset_alias_with_no_taskflow.py
[2025-01-18T09:19:27.898+0000] {processor.py:925} INFO - DAG(s) 'dataset_alias_example_alias_producer_with_no_taskflow', 'dataset_alias_example_alias_consumer_with_no_taskflow', 'dataset_s3_bucket_producer_with_no_taskflow', 'dataset_s3_bucket_consumer_with_no_taskflow' retrieved from /home/airflow/.local/lib/python3.12/site-packages/airflow/example_dags/example_dataset_alias_with_no_taskflow.py
[2025-01-18T09:19:27.958+0000] {logging_mixin.py:190} INFO - [2025-01-18T09:19:27.957+0000] {dag.py:3239} INFO - Sync 4 DAGs
[2025-01-18T09:19:28.061+0000] {logging_mixin.py:190} INFO - [2025-01-18T09:19:28.061+0000] {dag.py:4180} INFO - Setting next_dagrun for dataset_alias_example_alias_consumer_with_no_taskflow to None, run_after=None
[2025-01-18T09:19:28.064+0000] {logging_mixin.py:190} INFO - [2025-01-18T09:19:28.064+0000] {dag.py:4180} INFO - Setting next_dagrun for dataset_alias_example_alias_producer_with_no_taskflow to None, run_after=None
[2025-01-18T09:19:28.065+0000] {logging_mixin.py:190} INFO - [2025-01-18T09:19:28.065+0000] {dag.py:4180} INFO - Setting next_dagrun for dataset_s3_bucket_consumer_with_no_taskflow to None, run_after=None
[2025-01-18T09:19:28.067+0000] {logging_mixin.py:190} INFO - [2025-01-18T09:19:28.066+0000] {dag.py:4180} INFO - Setting next_dagrun for dataset_s3_bucket_producer_with_no_taskflow to None, run_after=None
[2025-01-18T09:19:28.114+0000] {processor.py:208} INFO - Processing /home/airflow/.local/lib/python3.12/site-packages/airflow/example_dags/example_dataset_alias_with_no_taskflow.py took 1.694 seconds
[2025-01-18T09:19:58.979+0000] {processor.py:186} INFO - Started process (PID=997) to work on /home/airflow/.local/lib/python3.12/site-packages/airflow/example_dags/example_dataset_alias_with_no_taskflow.py
[2025-01-18T09:19:58.980+0000] {processor.py:914} INFO - Processing file /home/airflow/.local/lib/python3.12/site-packages/airflow/example_dags/example_dataset_alias_with_no_taskflow.py for tasks to queue
[2025-01-18T09:19:58.981+0000] {logging_mixin.py:190} INFO - [2025-01-18T09:19:58.981+0000] {dagbag.py:588} INFO - Filling up the DagBag from /home/airflow/.local/lib/python3.12/site-packages/airflow/example_dags/example_dataset_alias_with_no_taskflow.py
[2025-01-18T09:19:59.624+0000] {processor.py:925} INFO - DAG(s) 'dataset_alias_example_alias_producer_with_no_taskflow', 'dataset_s3_bucket_producer_with_no_taskflow', 'dataset_alias_example_alias_consumer_with_no_taskflow', 'dataset_s3_bucket_consumer_with_no_taskflow' retrieved from /home/airflow/.local/lib/python3.12/site-packages/airflow/example_dags/example_dataset_alias_with_no_taskflow.py
[2025-01-18T09:19:59.679+0000] {logging_mixin.py:190} INFO - [2025-01-18T09:19:59.679+0000] {dag.py:3239} INFO - Sync 4 DAGs
[2025-01-18T09:19:59.737+0000] {logging_mixin.py:190} INFO - [2025-01-18T09:19:59.737+0000] {dag.py:4180} INFO - Setting next_dagrun for dataset_alias_example_alias_consumer_with_no_taskflow to None, run_after=None
[2025-01-18T09:19:59.742+0000] {logging_mixin.py:190} INFO - [2025-01-18T09:19:59.741+0000] {dag.py:4180} INFO - Setting next_dagrun for dataset_alias_example_alias_producer_with_no_taskflow to None, run_after=None
[2025-01-18T09:19:59.745+0000] {logging_mixin.py:190} INFO - [2025-01-18T09:19:59.744+0000] {dag.py:4180} INFO - Setting next_dagrun for dataset_s3_bucket_consumer_with_no_taskflow to None, run_after=None
[2025-01-18T09:19:59.748+0000] {logging_mixin.py:190} INFO - [2025-01-18T09:19:59.748+0000] {dag.py:4180} INFO - Setting next_dagrun for dataset_s3_bucket_producer_with_no_taskflow to None, run_after=None
[2025-01-18T09:19:59.839+0000] {processor.py:208} INFO - Processing /home/airflow/.local/lib/python3.12/site-packages/airflow/example_dags/example_dataset_alias_with_no_taskflow.py took 0.865 seconds
[2025-01-18T09:20:29.960+0000] {processor.py:186} INFO - Started process (PID=1060) to work on /home/airflow/.local/lib/python3.12/site-packages/airflow/example_dags/example_dataset_alias_with_no_taskflow.py
[2025-01-18T09:20:29.961+0000] {processor.py:914} INFO - Processing file /home/airflow/.local/lib/python3.12/site-packages/airflow/example_dags/example_dataset_alias_with_no_taskflow.py for tasks to queue
[2025-01-18T09:20:29.963+0000] {logging_mixin.py:190} INFO - [2025-01-18T09:20:29.963+0000] {dagbag.py:588} INFO - Filling up the DagBag from /home/airflow/.local/lib/python3.12/site-packages/airflow/example_dags/example_dataset_alias_with_no_taskflow.py
[2025-01-18T09:20:30.493+0000] {processor.py:925} INFO - DAG(s) 'dataset_s3_bucket_consumer_with_no_taskflow', 'dataset_alias_example_alias_consumer_with_no_taskflow', 'dataset_alias_example_alias_producer_with_no_taskflow', 'dataset_s3_bucket_producer_with_no_taskflow' retrieved from /home/airflow/.local/lib/python3.12/site-packages/airflow/example_dags/example_dataset_alias_with_no_taskflow.py
[2025-01-18T09:20:30.521+0000] {logging_mixin.py:190} INFO - [2025-01-18T09:20:30.520+0000] {dag.py:3239} INFO - Sync 4 DAGs
[2025-01-18T09:20:30.568+0000] {logging_mixin.py:190} INFO - [2025-01-18T09:20:30.568+0000] {dag.py:4180} INFO - Setting next_dagrun for dataset_alias_example_alias_consumer_with_no_taskflow to None, run_after=None
[2025-01-18T09:20:30.571+0000] {logging_mixin.py:190} INFO - [2025-01-18T09:20:30.571+0000] {dag.py:4180} INFO - Setting next_dagrun for dataset_alias_example_alias_producer_with_no_taskflow to None, run_after=None
[2025-01-18T09:20:30.572+0000] {logging_mixin.py:190} INFO - [2025-01-18T09:20:30.572+0000] {dag.py:4180} INFO - Setting next_dagrun for dataset_s3_bucket_consumer_with_no_taskflow to None, run_after=None
[2025-01-18T09:20:30.574+0000] {logging_mixin.py:190} INFO - [2025-01-18T09:20:30.573+0000] {dag.py:4180} INFO - Setting next_dagrun for dataset_s3_bucket_producer_with_no_taskflow to None, run_after=None
[2025-01-18T09:20:30.620+0000] {processor.py:208} INFO - Processing /home/airflow/.local/lib/python3.12/site-packages/airflow/example_dags/example_dataset_alias_with_no_taskflow.py took 0.668 seconds
[2025-01-18T09:21:00.699+0000] {processor.py:186} INFO - Started process (PID=1124) to work on /home/airflow/.local/lib/python3.12/site-packages/airflow/example_dags/example_dataset_alias_with_no_taskflow.py
[2025-01-18T09:21:00.700+0000] {processor.py:914} INFO - Processing file /home/airflow/.local/lib/python3.12/site-packages/airflow/example_dags/example_dataset_alias_with_no_taskflow.py for tasks to queue
[2025-01-18T09:21:00.702+0000] {logging_mixin.py:190} INFO - [2025-01-18T09:21:00.702+0000] {dagbag.py:588} INFO - Filling up the DagBag from /home/airflow/.local/lib/python3.12/site-packages/airflow/example_dags/example_dataset_alias_with_no_taskflow.py
[2025-01-18T09:21:01.977+0000] {processor.py:925} INFO - DAG(s) 'dataset_alias_example_alias_producer_with_no_taskflow', 'dataset_alias_example_alias_consumer_with_no_taskflow', 'dataset_s3_bucket_consumer_with_no_taskflow', 'dataset_s3_bucket_producer_with_no_taskflow' retrieved from /home/airflow/.local/lib/python3.12/site-packages/airflow/example_dags/example_dataset_alias_with_no_taskflow.py
[2025-01-18T09:21:02.152+0000] {logging_mixin.py:190} INFO - [2025-01-18T09:21:02.152+0000] {dag.py:3239} INFO - Sync 4 DAGs
[2025-01-18T09:21:02.311+0000] {logging_mixin.py:190} INFO - [2025-01-18T09:21:02.310+0000] {dag.py:4180} INFO - Setting next_dagrun for dataset_alias_example_alias_consumer_with_no_taskflow to None, run_after=None
[2025-01-18T09:21:02.318+0000] {logging_mixin.py:190} INFO - [2025-01-18T09:21:02.318+0000] {dag.py:4180} INFO - Setting next_dagrun for dataset_alias_example_alias_producer_with_no_taskflow to None, run_after=None
[2025-01-18T09:21:02.330+0000] {logging_mixin.py:190} INFO - [2025-01-18T09:21:02.330+0000] {dag.py:4180} INFO - Setting next_dagrun for dataset_s3_bucket_consumer_with_no_taskflow to None, run_after=None
[2025-01-18T09:21:02.333+0000] {logging_mixin.py:190} INFO - [2025-01-18T09:21:02.333+0000] {dag.py:4180} INFO - Setting next_dagrun for dataset_s3_bucket_producer_with_no_taskflow to None, run_after=None
[2025-01-18T09:21:02.420+0000] {processor.py:208} INFO - Processing /home/airflow/.local/lib/python3.12/site-packages/airflow/example_dags/example_dataset_alias_with_no_taskflow.py took 1.727 seconds
