[2025-01-18T09:12:21.086+0000] {processor.py:186} INFO - Started process (PID=72) to work on /home/airflow/.local/lib/python3.12/site-packages/airflow/example_dags/example_branch_python_dop_operator_3.py
[2025-01-18T09:12:21.087+0000] {processor.py:914} INFO - Processing file /home/airflow/.local/lib/python3.12/site-packages/airflow/example_dags/example_branch_python_dop_operator_3.py for tasks to queue
[2025-01-18T09:12:21.162+0000] {logging_mixin.py:190} INFO - [2025-01-18T09:12:21.089+0000] {dagbag.py:588} INFO - Filling up the DagBag from /home/airflow/.local/lib/python3.12/site-packages/airflow/example_dags/example_branch_python_dop_operator_3.py
[2025-01-18T09:12:21.266+0000] {processor.py:925} INFO - DAG(s) 'example_branch_dop_operator_v3' retrieved from /home/airflow/.local/lib/python3.12/site-packages/airflow/example_dags/example_branch_python_dop_operator_3.py
[2025-01-18T09:12:21.845+0000] {logging_mixin.py:190} INFO - [2025-01-18T09:12:21.844+0000] {override.py:1911} INFO - Created Permission View: can edit on DAG:example_branch_dop_operator_v3
[2025-01-18T09:12:21.882+0000] {logging_mixin.py:190} INFO - [2025-01-18T09:12:21.882+0000] {override.py:1911} INFO - Created Permission View: can read on DAG:example_branch_dop_operator_v3
[2025-01-18T09:12:21.899+0000] {logging_mixin.py:190} INFO - [2025-01-18T09:12:21.899+0000] {override.py:1911} INFO - Created Permission View: can delete on DAG:example_branch_dop_operator_v3
[2025-01-18T09:12:21.915+0000] {logging_mixin.py:190} INFO - [2025-01-18T09:12:21.915+0000] {override.py:1911} INFO - Created Permission View: can create on DAG Run:example_branch_dop_operator_v3
[2025-01-18T09:12:21.934+0000] {logging_mixin.py:190} INFO - [2025-01-18T09:12:21.934+0000] {override.py:1911} INFO - Created Permission View: menu access on DAG Run:example_branch_dop_operator_v3
[2025-01-18T09:12:21.954+0000] {logging_mixin.py:190} INFO - [2025-01-18T09:12:21.954+0000] {override.py:1911} INFO - Created Permission View: can read on DAG Run:example_branch_dop_operator_v3
[2025-01-18T09:12:21.971+0000] {logging_mixin.py:190} INFO - [2025-01-18T09:12:21.971+0000] {override.py:1911} INFO - Created Permission View: can delete on DAG Run:example_branch_dop_operator_v3
[2025-01-18T09:12:21.972+0000] {logging_mixin.py:190} INFO - [2025-01-18T09:12:21.972+0000] {dag.py:3239} INFO - Sync 1 DAGs
[2025-01-18T09:12:22.037+0000] {logging_mixin.py:190} INFO - [2025-01-18T09:12:22.031+0000] {dag.py:3262} INFO - Creating ORM DAG for example_branch_dop_operator_v3
[2025-01-18T09:12:22.124+0000] {logging_mixin.py:190} INFO - [2025-01-18T09:12:22.124+0000] {dag.py:4180} INFO - Setting next_dagrun for example_branch_dop_operator_v3 to 2025-01-18 09:11:00+00:00, run_after=2025-01-18 09:12:00+00:00
[2025-01-18T09:12:22.253+0000] {processor.py:208} INFO - Processing /home/airflow/.local/lib/python3.12/site-packages/airflow/example_dags/example_branch_python_dop_operator_3.py took 1.195 seconds
[2025-01-18T09:12:58.960+0000] {processor.py:186} INFO - Started process (PID=135) to work on /home/airflow/.local/lib/python3.12/site-packages/airflow/example_dags/example_branch_python_dop_operator_3.py
[2025-01-18T09:12:58.966+0000] {processor.py:914} INFO - Processing file /home/airflow/.local/lib/python3.12/site-packages/airflow/example_dags/example_branch_python_dop_operator_3.py for tasks to queue
[2025-01-18T09:12:58.969+0000] {logging_mixin.py:190} INFO - [2025-01-18T09:12:58.968+0000] {dagbag.py:588} INFO - Filling up the DagBag from /home/airflow/.local/lib/python3.12/site-packages/airflow/example_dags/example_branch_python_dop_operator_3.py
[2025-01-18T09:12:59.010+0000] {processor.py:925} INFO - DAG(s) 'example_branch_dop_operator_v3' retrieved from /home/airflow/.local/lib/python3.12/site-packages/airflow/example_dags/example_branch_python_dop_operator_3.py
[2025-01-18T09:12:59.052+0000] {logging_mixin.py:190} INFO - [2025-01-18T09:12:59.052+0000] {dag.py:3239} INFO - Sync 1 DAGs
[2025-01-18T09:12:59.112+0000] {logging_mixin.py:190} INFO - [2025-01-18T09:12:59.112+0000] {dag.py:4180} INFO - Setting next_dagrun for example_branch_dop_operator_v3 to 2025-01-18 09:11:00+00:00, run_after=2025-01-18 09:12:00+00:00
[2025-01-18T09:12:59.158+0000] {processor.py:208} INFO - Processing /home/airflow/.local/lib/python3.12/site-packages/airflow/example_dags/example_branch_python_dop_operator_3.py took 0.204 seconds
[2025-01-18T09:13:29.292+0000] {processor.py:186} INFO - Started process (PID=198) to work on /home/airflow/.local/lib/python3.12/site-packages/airflow/example_dags/example_branch_python_dop_operator_3.py
[2025-01-18T09:13:29.293+0000] {processor.py:914} INFO - Processing file /home/airflow/.local/lib/python3.12/site-packages/airflow/example_dags/example_branch_python_dop_operator_3.py for tasks to queue
[2025-01-18T09:13:29.295+0000] {logging_mixin.py:190} INFO - [2025-01-18T09:13:29.295+0000] {dagbag.py:588} INFO - Filling up the DagBag from /home/airflow/.local/lib/python3.12/site-packages/airflow/example_dags/example_branch_python_dop_operator_3.py
[2025-01-18T09:13:29.305+0000] {processor.py:925} INFO - DAG(s) 'example_branch_dop_operator_v3' retrieved from /home/airflow/.local/lib/python3.12/site-packages/airflow/example_dags/example_branch_python_dop_operator_3.py
[2025-01-18T09:13:29.326+0000] {logging_mixin.py:190} INFO - [2025-01-18T09:13:29.326+0000] {dag.py:3239} INFO - Sync 1 DAGs
[2025-01-18T09:13:29.356+0000] {logging_mixin.py:190} INFO - [2025-01-18T09:13:29.356+0000] {dag.py:4180} INFO - Setting next_dagrun for example_branch_dop_operator_v3 to 2025-01-18 09:12:00+00:00, run_after=2025-01-18 09:13:00+00:00
[2025-01-18T09:13:29.373+0000] {processor.py:208} INFO - Processing /home/airflow/.local/lib/python3.12/site-packages/airflow/example_dags/example_branch_python_dop_operator_3.py took 0.087 seconds
[2025-01-18T09:13:59.838+0000] {processor.py:186} INFO - Started process (PID=257) to work on /home/airflow/.local/lib/python3.12/site-packages/airflow/example_dags/example_branch_python_dop_operator_3.py
[2025-01-18T09:13:59.839+0000] {processor.py:914} INFO - Processing file /home/airflow/.local/lib/python3.12/site-packages/airflow/example_dags/example_branch_python_dop_operator_3.py for tasks to queue
[2025-01-18T09:13:59.840+0000] {logging_mixin.py:190} INFO - [2025-01-18T09:13:59.840+0000] {dagbag.py:588} INFO - Filling up the DagBag from /home/airflow/.local/lib/python3.12/site-packages/airflow/example_dags/example_branch_python_dop_operator_3.py
[2025-01-18T09:13:59.849+0000] {processor.py:925} INFO - DAG(s) 'example_branch_dop_operator_v3' retrieved from /home/airflow/.local/lib/python3.12/site-packages/airflow/example_dags/example_branch_python_dop_operator_3.py
[2025-01-18T09:13:59.864+0000] {logging_mixin.py:190} INFO - [2025-01-18T09:13:59.864+0000] {dag.py:3239} INFO - Sync 1 DAGs
[2025-01-18T09:13:59.884+0000] {logging_mixin.py:190} INFO - [2025-01-18T09:13:59.884+0000] {dag.py:4180} INFO - Setting next_dagrun for example_branch_dop_operator_v3 to 2025-01-18 09:12:00+00:00, run_after=2025-01-18 09:13:00+00:00
[2025-01-18T09:13:59.896+0000] {processor.py:208} INFO - Processing /home/airflow/.local/lib/python3.12/site-packages/airflow/example_dags/example_branch_python_dop_operator_3.py took 0.062 seconds
[2025-01-18T09:14:30.373+0000] {processor.py:186} INFO - Started process (PID=321) to work on /home/airflow/.local/lib/python3.12/site-packages/airflow/example_dags/example_branch_python_dop_operator_3.py
[2025-01-18T09:14:30.374+0000] {processor.py:914} INFO - Processing file /home/airflow/.local/lib/python3.12/site-packages/airflow/example_dags/example_branch_python_dop_operator_3.py for tasks to queue
[2025-01-18T09:14:30.375+0000] {logging_mixin.py:190} INFO - [2025-01-18T09:14:30.375+0000] {dagbag.py:588} INFO - Filling up the DagBag from /home/airflow/.local/lib/python3.12/site-packages/airflow/example_dags/example_branch_python_dop_operator_3.py
[2025-01-18T09:14:30.383+0000] {processor.py:925} INFO - DAG(s) 'example_branch_dop_operator_v3' retrieved from /home/airflow/.local/lib/python3.12/site-packages/airflow/example_dags/example_branch_python_dop_operator_3.py
[2025-01-18T09:14:30.398+0000] {logging_mixin.py:190} INFO - [2025-01-18T09:14:30.398+0000] {dag.py:3239} INFO - Sync 1 DAGs
[2025-01-18T09:14:30.418+0000] {logging_mixin.py:190} INFO - [2025-01-18T09:14:30.418+0000] {dag.py:4180} INFO - Setting next_dagrun for example_branch_dop_operator_v3 to 2025-01-18 09:13:00+00:00, run_after=2025-01-18 09:14:00+00:00
[2025-01-18T09:14:30.430+0000] {processor.py:208} INFO - Processing /home/airflow/.local/lib/python3.12/site-packages/airflow/example_dags/example_branch_python_dop_operator_3.py took 0.061 seconds
[2025-01-18T09:15:00.588+0000] {processor.py:186} INFO - Started process (PID=384) to work on /home/airflow/.local/lib/python3.12/site-packages/airflow/example_dags/example_branch_python_dop_operator_3.py
[2025-01-18T09:15:00.589+0000] {processor.py:914} INFO - Processing file /home/airflow/.local/lib/python3.12/site-packages/airflow/example_dags/example_branch_python_dop_operator_3.py for tasks to queue
[2025-01-18T09:15:00.590+0000] {logging_mixin.py:190} INFO - [2025-01-18T09:15:00.590+0000] {dagbag.py:588} INFO - Filling up the DagBag from /home/airflow/.local/lib/python3.12/site-packages/airflow/example_dags/example_branch_python_dop_operator_3.py
[2025-01-18T09:15:00.598+0000] {processor.py:925} INFO - DAG(s) 'example_branch_dop_operator_v3' retrieved from /home/airflow/.local/lib/python3.12/site-packages/airflow/example_dags/example_branch_python_dop_operator_3.py
[2025-01-18T09:15:00.614+0000] {logging_mixin.py:190} INFO - [2025-01-18T09:15:00.613+0000] {dag.py:3239} INFO - Sync 1 DAGs
[2025-01-18T09:15:00.633+0000] {logging_mixin.py:190} INFO - [2025-01-18T09:15:00.633+0000] {dag.py:4180} INFO - Setting next_dagrun for example_branch_dop_operator_v3 to 2025-01-18 09:14:00+00:00, run_after=2025-01-18 09:15:00+00:00
[2025-01-18T09:15:00.645+0000] {processor.py:208} INFO - Processing /home/airflow/.local/lib/python3.12/site-packages/airflow/example_dags/example_branch_python_dop_operator_3.py took 0.062 seconds
[2025-01-18T09:15:31.129+0000] {processor.py:186} INFO - Started process (PID=447) to work on /home/airflow/.local/lib/python3.12/site-packages/airflow/example_dags/example_branch_python_dop_operator_3.py
[2025-01-18T09:15:31.130+0000] {processor.py:914} INFO - Processing file /home/airflow/.local/lib/python3.12/site-packages/airflow/example_dags/example_branch_python_dop_operator_3.py for tasks to queue
[2025-01-18T09:15:31.132+0000] {logging_mixin.py:190} INFO - [2025-01-18T09:15:31.132+0000] {dagbag.py:588} INFO - Filling up the DagBag from /home/airflow/.local/lib/python3.12/site-packages/airflow/example_dags/example_branch_python_dop_operator_3.py
[2025-01-18T09:15:31.142+0000] {processor.py:925} INFO - DAG(s) 'example_branch_dop_operator_v3' retrieved from /home/airflow/.local/lib/python3.12/site-packages/airflow/example_dags/example_branch_python_dop_operator_3.py
[2025-01-18T09:15:31.162+0000] {logging_mixin.py:190} INFO - [2025-01-18T09:15:31.162+0000] {dag.py:3239} INFO - Sync 1 DAGs
[2025-01-18T09:15:31.191+0000] {logging_mixin.py:190} INFO - [2025-01-18T09:15:31.191+0000] {dag.py:4180} INFO - Setting next_dagrun for example_branch_dop_operator_v3 to 2025-01-18 09:14:00+00:00, run_after=2025-01-18 09:15:00+00:00
[2025-01-18T09:15:31.211+0000] {processor.py:208} INFO - Processing /home/airflow/.local/lib/python3.12/site-packages/airflow/example_dags/example_branch_python_dop_operator_3.py took 0.088 seconds
[2025-01-18T09:16:01.508+0000] {processor.py:186} INFO - Started process (PID=510) to work on /home/airflow/.local/lib/python3.12/site-packages/airflow/example_dags/example_branch_python_dop_operator_3.py
[2025-01-18T09:16:01.508+0000] {processor.py:914} INFO - Processing file /home/airflow/.local/lib/python3.12/site-packages/airflow/example_dags/example_branch_python_dop_operator_3.py for tasks to queue
[2025-01-18T09:16:01.510+0000] {logging_mixin.py:190} INFO - [2025-01-18T09:16:01.510+0000] {dagbag.py:588} INFO - Filling up the DagBag from /home/airflow/.local/lib/python3.12/site-packages/airflow/example_dags/example_branch_python_dop_operator_3.py
[2025-01-18T09:16:01.520+0000] {processor.py:925} INFO - DAG(s) 'example_branch_dop_operator_v3' retrieved from /home/airflow/.local/lib/python3.12/site-packages/airflow/example_dags/example_branch_python_dop_operator_3.py
[2025-01-18T09:16:01.535+0000] {logging_mixin.py:190} INFO - [2025-01-18T09:16:01.534+0000] {dag.py:3239} INFO - Sync 1 DAGs
[2025-01-18T09:16:01.554+0000] {logging_mixin.py:190} INFO - [2025-01-18T09:16:01.554+0000] {dag.py:4180} INFO - Setting next_dagrun for example_branch_dop_operator_v3 to 2025-01-18 09:15:00+00:00, run_after=2025-01-18 09:16:00+00:00
[2025-01-18T09:16:01.566+0000] {processor.py:208} INFO - Processing /home/airflow/.local/lib/python3.12/site-packages/airflow/example_dags/example_branch_python_dop_operator_3.py took 0.063 seconds
[2025-01-18T09:16:33.546+0000] {processor.py:186} INFO - Started process (PID=572) to work on /home/airflow/.local/lib/python3.12/site-packages/airflow/example_dags/example_branch_python_dop_operator_3.py
[2025-01-18T09:16:33.549+0000] {processor.py:914} INFO - Processing file /home/airflow/.local/lib/python3.12/site-packages/airflow/example_dags/example_branch_python_dop_operator_3.py for tasks to queue
[2025-01-18T09:16:33.551+0000] {logging_mixin.py:190} INFO - [2025-01-18T09:16:33.551+0000] {dagbag.py:588} INFO - Filling up the DagBag from /home/airflow/.local/lib/python3.12/site-packages/airflow/example_dags/example_branch_python_dop_operator_3.py
[2025-01-18T09:16:33.573+0000] {processor.py:925} INFO - DAG(s) 'example_branch_dop_operator_v3' retrieved from /home/airflow/.local/lib/python3.12/site-packages/airflow/example_dags/example_branch_python_dop_operator_3.py
[2025-01-18T09:16:33.622+0000] {logging_mixin.py:190} INFO - [2025-01-18T09:16:33.621+0000] {dag.py:3239} INFO - Sync 1 DAGs
[2025-01-18T09:16:33.738+0000] {logging_mixin.py:190} INFO - [2025-01-18T09:16:33.737+0000] {dag.py:4180} INFO - Setting next_dagrun for example_branch_dop_operator_v3 to 2025-01-18 09:15:00+00:00, run_after=2025-01-18 09:16:00+00:00
[2025-01-18T09:16:33.827+0000] {processor.py:208} INFO - Processing /home/airflow/.local/lib/python3.12/site-packages/airflow/example_dags/example_branch_python_dop_operator_3.py took 0.291 seconds
[2025-01-18T09:17:05.315+0000] {processor.py:186} INFO - Started process (PID=636) to work on /home/airflow/.local/lib/python3.12/site-packages/airflow/example_dags/example_branch_python_dop_operator_3.py
[2025-01-18T09:17:05.321+0000] {processor.py:914} INFO - Processing file /home/airflow/.local/lib/python3.12/site-packages/airflow/example_dags/example_branch_python_dop_operator_3.py for tasks to queue
[2025-01-18T09:17:05.323+0000] {logging_mixin.py:190} INFO - [2025-01-18T09:17:05.323+0000] {dagbag.py:588} INFO - Filling up the DagBag from /home/airflow/.local/lib/python3.12/site-packages/airflow/example_dags/example_branch_python_dop_operator_3.py
[2025-01-18T09:17:05.344+0000] {processor.py:925} INFO - DAG(s) 'example_branch_dop_operator_v3' retrieved from /home/airflow/.local/lib/python3.12/site-packages/airflow/example_dags/example_branch_python_dop_operator_3.py
[2025-01-18T09:17:05.391+0000] {logging_mixin.py:190} INFO - [2025-01-18T09:17:05.391+0000] {dag.py:3239} INFO - Sync 1 DAGs
[2025-01-18T09:17:05.450+0000] {logging_mixin.py:190} INFO - [2025-01-18T09:17:05.450+0000] {dag.py:4180} INFO - Setting next_dagrun for example_branch_dop_operator_v3 to 2025-01-18 09:16:00+00:00, run_after=2025-01-18 09:17:00+00:00
[2025-01-18T09:17:05.483+0000] {processor.py:208} INFO - Processing /home/airflow/.local/lib/python3.12/site-packages/airflow/example_dags/example_branch_python_dop_operator_3.py took 0.183 seconds
[2025-01-18T09:17:35.901+0000] {processor.py:186} INFO - Started process (PID=697) to work on /home/airflow/.local/lib/python3.12/site-packages/airflow/example_dags/example_branch_python_dop_operator_3.py
[2025-01-18T09:17:35.902+0000] {processor.py:914} INFO - Processing file /home/airflow/.local/lib/python3.12/site-packages/airflow/example_dags/example_branch_python_dop_operator_3.py for tasks to queue
[2025-01-18T09:17:35.904+0000] {logging_mixin.py:190} INFO - [2025-01-18T09:17:35.903+0000] {dagbag.py:588} INFO - Filling up the DagBag from /home/airflow/.local/lib/python3.12/site-packages/airflow/example_dags/example_branch_python_dop_operator_3.py
[2025-01-18T09:17:35.916+0000] {processor.py:925} INFO - DAG(s) 'example_branch_dop_operator_v3' retrieved from /home/airflow/.local/lib/python3.12/site-packages/airflow/example_dags/example_branch_python_dop_operator_3.py
[2025-01-18T09:17:35.935+0000] {logging_mixin.py:190} INFO - [2025-01-18T09:17:35.935+0000] {dag.py:3239} INFO - Sync 1 DAGs
[2025-01-18T09:17:35.965+0000] {logging_mixin.py:190} INFO - [2025-01-18T09:17:35.965+0000] {dag.py:4180} INFO - Setting next_dagrun for example_branch_dop_operator_v3 to 2025-01-18 09:16:00+00:00, run_after=2025-01-18 09:17:00+00:00
[2025-01-18T09:17:35.980+0000] {processor.py:208} INFO - Processing /home/airflow/.local/lib/python3.12/site-packages/airflow/example_dags/example_branch_python_dop_operator_3.py took 0.085 seconds
[2025-01-18T09:18:06.161+0000] {processor.py:186} INFO - Started process (PID=761) to work on /home/airflow/.local/lib/python3.12/site-packages/airflow/example_dags/example_branch_python_dop_operator_3.py
[2025-01-18T09:18:06.162+0000] {processor.py:914} INFO - Processing file /home/airflow/.local/lib/python3.12/site-packages/airflow/example_dags/example_branch_python_dop_operator_3.py for tasks to queue
[2025-01-18T09:18:06.164+0000] {logging_mixin.py:190} INFO - [2025-01-18T09:18:06.164+0000] {dagbag.py:588} INFO - Filling up the DagBag from /home/airflow/.local/lib/python3.12/site-packages/airflow/example_dags/example_branch_python_dop_operator_3.py
[2025-01-18T09:18:06.176+0000] {processor.py:925} INFO - DAG(s) 'example_branch_dop_operator_v3' retrieved from /home/airflow/.local/lib/python3.12/site-packages/airflow/example_dags/example_branch_python_dop_operator_3.py
[2025-01-18T09:18:06.196+0000] {logging_mixin.py:190} INFO - [2025-01-18T09:18:06.195+0000] {dag.py:3239} INFO - Sync 1 DAGs
[2025-01-18T09:18:06.224+0000] {logging_mixin.py:190} INFO - [2025-01-18T09:18:06.224+0000] {dag.py:4180} INFO - Setting next_dagrun for example_branch_dop_operator_v3 to 2025-01-18 09:17:00+00:00, run_after=2025-01-18 09:18:00+00:00
[2025-01-18T09:18:06.240+0000] {processor.py:208} INFO - Processing /home/airflow/.local/lib/python3.12/site-packages/airflow/example_dags/example_branch_python_dop_operator_3.py took 0.084 seconds
[2025-01-18T09:18:36.537+0000] {processor.py:186} INFO - Started process (PID=821) to work on /home/airflow/.local/lib/python3.12/site-packages/airflow/example_dags/example_branch_python_dop_operator_3.py
[2025-01-18T09:18:36.537+0000] {processor.py:914} INFO - Processing file /home/airflow/.local/lib/python3.12/site-packages/airflow/example_dags/example_branch_python_dop_operator_3.py for tasks to queue
[2025-01-18T09:18:36.539+0000] {logging_mixin.py:190} INFO - [2025-01-18T09:18:36.539+0000] {dagbag.py:588} INFO - Filling up the DagBag from /home/airflow/.local/lib/python3.12/site-packages/airflow/example_dags/example_branch_python_dop_operator_3.py
[2025-01-18T09:18:36.551+0000] {processor.py:925} INFO - DAG(s) 'example_branch_dop_operator_v3' retrieved from /home/airflow/.local/lib/python3.12/site-packages/airflow/example_dags/example_branch_python_dop_operator_3.py
[2025-01-18T09:18:36.579+0000] {logging_mixin.py:190} INFO - [2025-01-18T09:18:36.573+0000] {dag.py:3239} INFO - Sync 1 DAGs
[2025-01-18T09:18:36.675+0000] {logging_mixin.py:190} INFO - [2025-01-18T09:18:36.675+0000] {dag.py:4180} INFO - Setting next_dagrun for example_branch_dop_operator_v3 to 2025-01-18 09:17:00+00:00, run_after=2025-01-18 09:18:00+00:00
[2025-01-18T09:18:36.742+0000] {processor.py:208} INFO - Processing /home/airflow/.local/lib/python3.12/site-packages/airflow/example_dags/example_branch_python_dop_operator_3.py took 0.211 seconds
[2025-01-18T09:19:06.876+0000] {processor.py:186} INFO - Started process (PID=884) to work on /home/airflow/.local/lib/python3.12/site-packages/airflow/example_dags/example_branch_python_dop_operator_3.py
[2025-01-18T09:19:06.879+0000] {processor.py:914} INFO - Processing file /home/airflow/.local/lib/python3.12/site-packages/airflow/example_dags/example_branch_python_dop_operator_3.py for tasks to queue
[2025-01-18T09:19:06.881+0000] {logging_mixin.py:190} INFO - [2025-01-18T09:19:06.881+0000] {dagbag.py:588} INFO - Filling up the DagBag from /home/airflow/.local/lib/python3.12/site-packages/airflow/example_dags/example_branch_python_dop_operator_3.py
[2025-01-18T09:19:06.892+0000] {processor.py:925} INFO - DAG(s) 'example_branch_dop_operator_v3' retrieved from /home/airflow/.local/lib/python3.12/site-packages/airflow/example_dags/example_branch_python_dop_operator_3.py
[2025-01-18T09:19:06.916+0000] {logging_mixin.py:190} INFO - [2025-01-18T09:19:06.915+0000] {dag.py:3239} INFO - Sync 1 DAGs
[2025-01-18T09:19:06.945+0000] {logging_mixin.py:190} INFO - [2025-01-18T09:19:06.945+0000] {dag.py:4180} INFO - Setting next_dagrun for example_branch_dop_operator_v3 to 2025-01-18 09:18:00+00:00, run_after=2025-01-18 09:19:00+00:00
[2025-01-18T09:19:06.961+0000] {processor.py:208} INFO - Processing /home/airflow/.local/lib/python3.12/site-packages/airflow/example_dags/example_branch_python_dop_operator_3.py took 0.091 seconds
[2025-01-18T09:19:37.078+0000] {processor.py:186} INFO - Started process (PID=948) to work on /home/airflow/.local/lib/python3.12/site-packages/airflow/example_dags/example_branch_python_dop_operator_3.py
[2025-01-18T09:19:37.080+0000] {processor.py:914} INFO - Processing file /home/airflow/.local/lib/python3.12/site-packages/airflow/example_dags/example_branch_python_dop_operator_3.py for tasks to queue
[2025-01-18T09:19:37.082+0000] {logging_mixin.py:190} INFO - [2025-01-18T09:19:37.082+0000] {dagbag.py:588} INFO - Filling up the DagBag from /home/airflow/.local/lib/python3.12/site-packages/airflow/example_dags/example_branch_python_dop_operator_3.py
[2025-01-18T09:19:37.094+0000] {processor.py:925} INFO - DAG(s) 'example_branch_dop_operator_v3' retrieved from /home/airflow/.local/lib/python3.12/site-packages/airflow/example_dags/example_branch_python_dop_operator_3.py
[2025-01-18T09:19:37.113+0000] {logging_mixin.py:190} INFO - [2025-01-18T09:19:37.113+0000] {dag.py:3239} INFO - Sync 1 DAGs
[2025-01-18T09:19:37.143+0000] {logging_mixin.py:190} INFO - [2025-01-18T09:19:37.143+0000] {dag.py:4180} INFO - Setting next_dagrun for example_branch_dop_operator_v3 to 2025-01-18 09:18:00+00:00, run_after=2025-01-18 09:19:00+00:00
[2025-01-18T09:19:37.157+0000] {processor.py:208} INFO - Processing /home/airflow/.local/lib/python3.12/site-packages/airflow/example_dags/example_branch_python_dop_operator_3.py took 0.091 seconds
[2025-01-18T09:20:07.937+0000] {processor.py:186} INFO - Started process (PID=1012) to work on /home/airflow/.local/lib/python3.12/site-packages/airflow/example_dags/example_branch_python_dop_operator_3.py
[2025-01-18T09:20:07.938+0000] {processor.py:914} INFO - Processing file /home/airflow/.local/lib/python3.12/site-packages/airflow/example_dags/example_branch_python_dop_operator_3.py for tasks to queue
[2025-01-18T09:20:07.940+0000] {logging_mixin.py:190} INFO - [2025-01-18T09:20:07.939+0000] {dagbag.py:588} INFO - Filling up the DagBag from /home/airflow/.local/lib/python3.12/site-packages/airflow/example_dags/example_branch_python_dop_operator_3.py
[2025-01-18T09:20:07.951+0000] {processor.py:925} INFO - DAG(s) 'example_branch_dop_operator_v3' retrieved from /home/airflow/.local/lib/python3.12/site-packages/airflow/example_dags/example_branch_python_dop_operator_3.py
[2025-01-18T09:20:07.972+0000] {logging_mixin.py:190} INFO - [2025-01-18T09:20:07.971+0000] {dag.py:3239} INFO - Sync 1 DAGs
[2025-01-18T09:20:08.001+0000] {logging_mixin.py:190} INFO - [2025-01-18T09:20:08.001+0000] {dag.py:4180} INFO - Setting next_dagrun for example_branch_dop_operator_v3 to 2025-01-18 09:19:00+00:00, run_after=2025-01-18 09:20:00+00:00
[2025-01-18T09:20:08.017+0000] {processor.py:208} INFO - Processing /home/airflow/.local/lib/python3.12/site-packages/airflow/example_dags/example_branch_python_dop_operator_3.py took 0.087 seconds
[2025-01-18T09:20:38.465+0000] {processor.py:186} INFO - Started process (PID=1075) to work on /home/airflow/.local/lib/python3.12/site-packages/airflow/example_dags/example_branch_python_dop_operator_3.py
[2025-01-18T09:20:38.466+0000] {processor.py:914} INFO - Processing file /home/airflow/.local/lib/python3.12/site-packages/airflow/example_dags/example_branch_python_dop_operator_3.py for tasks to queue
[2025-01-18T09:20:38.468+0000] {logging_mixin.py:190} INFO - [2025-01-18T09:20:38.468+0000] {dagbag.py:588} INFO - Filling up the DagBag from /home/airflow/.local/lib/python3.12/site-packages/airflow/example_dags/example_branch_python_dop_operator_3.py
[2025-01-18T09:20:38.490+0000] {processor.py:925} INFO - DAG(s) 'example_branch_dop_operator_v3' retrieved from /home/airflow/.local/lib/python3.12/site-packages/airflow/example_dags/example_branch_python_dop_operator_3.py
[2025-01-18T09:20:38.527+0000] {logging_mixin.py:190} INFO - [2025-01-18T09:20:38.526+0000] {dag.py:3239} INFO - Sync 1 DAGs
[2025-01-18T09:20:38.633+0000] {logging_mixin.py:190} INFO - [2025-01-18T09:20:38.633+0000] {dag.py:4180} INFO - Setting next_dagrun for example_branch_dop_operator_v3 to 2025-01-18 09:19:00+00:00, run_after=2025-01-18 09:20:00+00:00
[2025-01-18T09:20:38.711+0000] {processor.py:208} INFO - Processing /home/airflow/.local/lib/python3.12/site-packages/airflow/example_dags/example_branch_python_dop_operator_3.py took 0.277 seconds
