[2025-01-18T09:12:50.857+0000] {processor.py:186} INFO - Started process (PID=114) to work on /home/airflow/.local/lib/python3.12/site-packages/airflow/example_dags/example_nested_branch_dag.py
[2025-01-18T09:12:50.868+0000] {processor.py:914} INFO - Processing file /home/airflow/.local/lib/python3.12/site-packages/airflow/example_dags/example_nested_branch_dag.py for tasks to queue
[2025-01-18T09:12:50.875+0000] {logging_mixin.py:190} INFO - [2025-01-18T09:12:50.875+0000] {dagbag.py:588} INFO - Filling up the DagBag from /home/airflow/.local/lib/python3.12/site-packages/airflow/example_dags/example_nested_branch_dag.py
[2025-01-18T09:12:50.925+0000] {processor.py:925} INFO - DAG(s) 'example_nested_branch_dag' retrieved from /home/airflow/.local/lib/python3.12/site-packages/airflow/example_dags/example_nested_branch_dag.py
[2025-01-18T09:12:51.116+0000] {logging_mixin.py:190} INFO - [2025-01-18T09:12:51.115+0000] {override.py:1911} INFO - Created Permission View: can edit on DAG:example_nested_branch_dag
[2025-01-18T09:12:51.133+0000] {logging_mixin.py:190} INFO - [2025-01-18T09:12:51.133+0000] {override.py:1911} INFO - Created Permission View: can read on DAG:example_nested_branch_dag
[2025-01-18T09:12:51.146+0000] {logging_mixin.py:190} INFO - [2025-01-18T09:12:51.146+0000] {override.py:1911} INFO - Created Permission View: can delete on DAG:example_nested_branch_dag
[2025-01-18T09:12:51.151+0000] {logging_mixin.py:190} INFO - [2025-01-18T09:12:51.151+0000] {override.py:1911} INFO - Created Permission View: can create on DAG Run:example_nested_branch_dag
[2025-01-18T09:12:51.164+0000] {logging_mixin.py:190} INFO - [2025-01-18T09:12:51.164+0000] {override.py:1911} INFO - Created Permission View: menu access on DAG Run:example_nested_branch_dag
[2025-01-18T09:12:51.170+0000] {logging_mixin.py:190} INFO - [2025-01-18T09:12:51.170+0000] {override.py:1911} INFO - Created Permission View: can read on DAG Run:example_nested_branch_dag
[2025-01-18T09:12:51.179+0000] {logging_mixin.py:190} INFO - [2025-01-18T09:12:51.178+0000] {override.py:1911} INFO - Created Permission View: can delete on DAG Run:example_nested_branch_dag
[2025-01-18T09:12:51.179+0000] {logging_mixin.py:190} INFO - [2025-01-18T09:12:51.179+0000] {dag.py:3239} INFO - Sync 1 DAGs
[2025-01-18T09:12:51.198+0000] {logging_mixin.py:190} INFO - [2025-01-18T09:12:51.197+0000] {dag.py:3262} INFO - Creating ORM DAG for example_nested_branch_dag
[2025-01-18T09:12:51.216+0000] {logging_mixin.py:190} INFO - [2025-01-18T09:12:51.216+0000] {dag.py:4180} INFO - Setting next_dagrun for example_nested_branch_dag to 2025-01-17 00:00:00+00:00, run_after=2025-01-18 00:00:00+00:00
[2025-01-18T09:12:51.236+0000] {processor.py:208} INFO - Processing /home/airflow/.local/lib/python3.12/site-packages/airflow/example_dags/example_nested_branch_dag.py took 0.395 seconds
[2025-01-18T09:13:21.719+0000] {processor.py:186} INFO - Started process (PID=177) to work on /home/airflow/.local/lib/python3.12/site-packages/airflow/example_dags/example_nested_branch_dag.py
[2025-01-18T09:13:21.719+0000] {processor.py:914} INFO - Processing file /home/airflow/.local/lib/python3.12/site-packages/airflow/example_dags/example_nested_branch_dag.py for tasks to queue
[2025-01-18T09:13:21.722+0000] {logging_mixin.py:190} INFO - [2025-01-18T09:13:21.722+0000] {dagbag.py:588} INFO - Filling up the DagBag from /home/airflow/.local/lib/python3.12/site-packages/airflow/example_dags/example_nested_branch_dag.py
[2025-01-18T09:13:21.734+0000] {processor.py:925} INFO - DAG(s) 'example_nested_branch_dag' retrieved from /home/airflow/.local/lib/python3.12/site-packages/airflow/example_dags/example_nested_branch_dag.py
[2025-01-18T09:13:21.757+0000] {logging_mixin.py:190} INFO - [2025-01-18T09:13:21.757+0000] {dag.py:3239} INFO - Sync 1 DAGs
[2025-01-18T09:13:21.783+0000] {logging_mixin.py:190} INFO - [2025-01-18T09:13:21.783+0000] {dag.py:4180} INFO - Setting next_dagrun for example_nested_branch_dag to 2025-01-17 00:00:00+00:00, run_after=2025-01-18 00:00:00+00:00
[2025-01-18T09:13:21.801+0000] {processor.py:208} INFO - Processing /home/airflow/.local/lib/python3.12/site-packages/airflow/example_dags/example_nested_branch_dag.py took 0.089 seconds
[2025-01-18T09:13:52.170+0000] {processor.py:186} INFO - Started process (PID=239) to work on /home/airflow/.local/lib/python3.12/site-packages/airflow/example_dags/example_nested_branch_dag.py
[2025-01-18T09:13:52.170+0000] {processor.py:914} INFO - Processing file /home/airflow/.local/lib/python3.12/site-packages/airflow/example_dags/example_nested_branch_dag.py for tasks to queue
[2025-01-18T09:13:52.173+0000] {logging_mixin.py:190} INFO - [2025-01-18T09:13:52.173+0000] {dagbag.py:588} INFO - Filling up the DagBag from /home/airflow/.local/lib/python3.12/site-packages/airflow/example_dags/example_nested_branch_dag.py
[2025-01-18T09:13:52.198+0000] {processor.py:925} INFO - DAG(s) 'example_nested_branch_dag' retrieved from /home/airflow/.local/lib/python3.12/site-packages/airflow/example_dags/example_nested_branch_dag.py
[2025-01-18T09:13:52.224+0000] {logging_mixin.py:190} INFO - [2025-01-18T09:13:52.224+0000] {dag.py:3239} INFO - Sync 1 DAGs
[2025-01-18T09:13:52.248+0000] {logging_mixin.py:190} INFO - [2025-01-18T09:13:52.248+0000] {dag.py:4180} INFO - Setting next_dagrun for example_nested_branch_dag to 2025-01-17 00:00:00+00:00, run_after=2025-01-18 00:00:00+00:00
[2025-01-18T09:13:52.264+0000] {processor.py:208} INFO - Processing /home/airflow/.local/lib/python3.12/site-packages/airflow/example_dags/example_nested_branch_dag.py took 0.100 seconds
[2025-01-18T09:14:22.712+0000] {processor.py:186} INFO - Started process (PID=303) to work on /home/airflow/.local/lib/python3.12/site-packages/airflow/example_dags/example_nested_branch_dag.py
[2025-01-18T09:14:22.713+0000] {processor.py:914} INFO - Processing file /home/airflow/.local/lib/python3.12/site-packages/airflow/example_dags/example_nested_branch_dag.py for tasks to queue
[2025-01-18T09:14:22.716+0000] {logging_mixin.py:190} INFO - [2025-01-18T09:14:22.715+0000] {dagbag.py:588} INFO - Filling up the DagBag from /home/airflow/.local/lib/python3.12/site-packages/airflow/example_dags/example_nested_branch_dag.py
[2025-01-18T09:14:22.739+0000] {processor.py:925} INFO - DAG(s) 'example_nested_branch_dag' retrieved from /home/airflow/.local/lib/python3.12/site-packages/airflow/example_dags/example_nested_branch_dag.py
[2025-01-18T09:14:22.769+0000] {logging_mixin.py:190} INFO - [2025-01-18T09:14:22.769+0000] {dag.py:3239} INFO - Sync 1 DAGs
[2025-01-18T09:14:22.806+0000] {logging_mixin.py:190} INFO - [2025-01-18T09:14:22.806+0000] {dag.py:4180} INFO - Setting next_dagrun for example_nested_branch_dag to 2025-01-17 00:00:00+00:00, run_after=2025-01-18 00:00:00+00:00
[2025-01-18T09:14:22.825+0000] {processor.py:208} INFO - Processing /home/airflow/.local/lib/python3.12/site-packages/airflow/example_dags/example_nested_branch_dag.py took 0.122 seconds
[2025-01-18T09:14:53.662+0000] {processor.py:186} INFO - Started process (PID=366) to work on /home/airflow/.local/lib/python3.12/site-packages/airflow/example_dags/example_nested_branch_dag.py
[2025-01-18T09:14:53.662+0000] {processor.py:914} INFO - Processing file /home/airflow/.local/lib/python3.12/site-packages/airflow/example_dags/example_nested_branch_dag.py for tasks to queue
[2025-01-18T09:14:53.665+0000] {logging_mixin.py:190} INFO - [2025-01-18T09:14:53.665+0000] {dagbag.py:588} INFO - Filling up the DagBag from /home/airflow/.local/lib/python3.12/site-packages/airflow/example_dags/example_nested_branch_dag.py
[2025-01-18T09:14:53.677+0000] {processor.py:925} INFO - DAG(s) 'example_nested_branch_dag' retrieved from /home/airflow/.local/lib/python3.12/site-packages/airflow/example_dags/example_nested_branch_dag.py
[2025-01-18T09:14:53.701+0000] {logging_mixin.py:190} INFO - [2025-01-18T09:14:53.700+0000] {dag.py:3239} INFO - Sync 1 DAGs
[2025-01-18T09:14:53.727+0000] {logging_mixin.py:190} INFO - [2025-01-18T09:14:53.727+0000] {dag.py:4180} INFO - Setting next_dagrun for example_nested_branch_dag to 2025-01-17 00:00:00+00:00, run_after=2025-01-18 00:00:00+00:00
[2025-01-18T09:14:53.744+0000] {processor.py:208} INFO - Processing /home/airflow/.local/lib/python3.12/site-packages/airflow/example_dags/example_nested_branch_dag.py took 0.089 seconds
[2025-01-18T09:15:24.154+0000] {processor.py:186} INFO - Started process (PID=428) to work on /home/airflow/.local/lib/python3.12/site-packages/airflow/example_dags/example_nested_branch_dag.py
[2025-01-18T09:15:24.155+0000] {processor.py:914} INFO - Processing file /home/airflow/.local/lib/python3.12/site-packages/airflow/example_dags/example_nested_branch_dag.py for tasks to queue
[2025-01-18T09:15:24.165+0000] {logging_mixin.py:190} INFO - [2025-01-18T09:15:24.165+0000] {dagbag.py:588} INFO - Filling up the DagBag from /home/airflow/.local/lib/python3.12/site-packages/airflow/example_dags/example_nested_branch_dag.py
[2025-01-18T09:15:24.194+0000] {processor.py:925} INFO - DAG(s) 'example_nested_branch_dag' retrieved from /home/airflow/.local/lib/python3.12/site-packages/airflow/example_dags/example_nested_branch_dag.py
[2025-01-18T09:15:24.250+0000] {logging_mixin.py:190} INFO - [2025-01-18T09:15:24.249+0000] {dag.py:3239} INFO - Sync 1 DAGs
[2025-01-18T09:15:24.324+0000] {logging_mixin.py:190} INFO - [2025-01-18T09:15:24.323+0000] {dag.py:4180} INFO - Setting next_dagrun for example_nested_branch_dag to 2025-01-17 00:00:00+00:00, run_after=2025-01-18 00:00:00+00:00
[2025-01-18T09:15:24.365+0000] {processor.py:208} INFO - Processing /home/airflow/.local/lib/python3.12/site-packages/airflow/example_dags/example_nested_branch_dag.py took 0.226 seconds
[2025-01-18T09:15:55.419+0000] {processor.py:186} INFO - Started process (PID=491) to work on /home/airflow/.local/lib/python3.12/site-packages/airflow/example_dags/example_nested_branch_dag.py
[2025-01-18T09:15:55.429+0000] {processor.py:914} INFO - Processing file /home/airflow/.local/lib/python3.12/site-packages/airflow/example_dags/example_nested_branch_dag.py for tasks to queue
[2025-01-18T09:15:55.432+0000] {logging_mixin.py:190} INFO - [2025-01-18T09:15:55.432+0000] {dagbag.py:588} INFO - Filling up the DagBag from /home/airflow/.local/lib/python3.12/site-packages/airflow/example_dags/example_nested_branch_dag.py
[2025-01-18T09:15:55.562+0000] {processor.py:925} INFO - DAG(s) 'example_nested_branch_dag' retrieved from /home/airflow/.local/lib/python3.12/site-packages/airflow/example_dags/example_nested_branch_dag.py
[2025-01-18T09:15:55.722+0000] {logging_mixin.py:190} INFO - [2025-01-18T09:15:55.721+0000] {dag.py:3239} INFO - Sync 1 DAGs
[2025-01-18T09:15:55.881+0000] {logging_mixin.py:190} INFO - [2025-01-18T09:15:55.877+0000] {dag.py:4180} INFO - Setting next_dagrun for example_nested_branch_dag to 2025-01-17 00:00:00+00:00, run_after=2025-01-18 00:00:00+00:00
[2025-01-18T09:15:55.946+0000] {processor.py:208} INFO - Processing /home/airflow/.local/lib/python3.12/site-packages/airflow/example_dags/example_nested_branch_dag.py took 0.562 seconds
[2025-01-18T09:16:26.469+0000] {processor.py:186} INFO - Started process (PID=553) to work on /home/airflow/.local/lib/python3.12/site-packages/airflow/example_dags/example_nested_branch_dag.py
[2025-01-18T09:16:26.470+0000] {processor.py:914} INFO - Processing file /home/airflow/.local/lib/python3.12/site-packages/airflow/example_dags/example_nested_branch_dag.py for tasks to queue
[2025-01-18T09:16:26.472+0000] {logging_mixin.py:190} INFO - [2025-01-18T09:16:26.472+0000] {dagbag.py:588} INFO - Filling up the DagBag from /home/airflow/.local/lib/python3.12/site-packages/airflow/example_dags/example_nested_branch_dag.py
[2025-01-18T09:16:26.485+0000] {processor.py:925} INFO - DAG(s) 'example_nested_branch_dag' retrieved from /home/airflow/.local/lib/python3.12/site-packages/airflow/example_dags/example_nested_branch_dag.py
[2025-01-18T09:16:26.507+0000] {logging_mixin.py:190} INFO - [2025-01-18T09:16:26.507+0000] {dag.py:3239} INFO - Sync 1 DAGs
[2025-01-18T09:16:26.535+0000] {logging_mixin.py:190} INFO - [2025-01-18T09:16:26.534+0000] {dag.py:4180} INFO - Setting next_dagrun for example_nested_branch_dag to 2025-01-17 00:00:00+00:00, run_after=2025-01-18 00:00:00+00:00
[2025-01-18T09:16:26.552+0000] {processor.py:208} INFO - Processing /home/airflow/.local/lib/python3.12/site-packages/airflow/example_dags/example_nested_branch_dag.py took 0.089 seconds
[2025-01-18T09:16:57.054+0000] {processor.py:186} INFO - Started process (PID=617) to work on /home/airflow/.local/lib/python3.12/site-packages/airflow/example_dags/example_nested_branch_dag.py
[2025-01-18T09:16:57.055+0000] {processor.py:914} INFO - Processing file /home/airflow/.local/lib/python3.12/site-packages/airflow/example_dags/example_nested_branch_dag.py for tasks to queue
[2025-01-18T09:16:57.057+0000] {logging_mixin.py:190} INFO - [2025-01-18T09:16:57.057+0000] {dagbag.py:588} INFO - Filling up the DagBag from /home/airflow/.local/lib/python3.12/site-packages/airflow/example_dags/example_nested_branch_dag.py
[2025-01-18T09:16:57.069+0000] {processor.py:925} INFO - DAG(s) 'example_nested_branch_dag' retrieved from /home/airflow/.local/lib/python3.12/site-packages/airflow/example_dags/example_nested_branch_dag.py
[2025-01-18T09:16:57.097+0000] {logging_mixin.py:190} INFO - [2025-01-18T09:16:57.096+0000] {dag.py:3239} INFO - Sync 1 DAGs
[2025-01-18T09:16:57.122+0000] {logging_mixin.py:190} INFO - [2025-01-18T09:16:57.122+0000] {dag.py:4180} INFO - Setting next_dagrun for example_nested_branch_dag to 2025-01-17 00:00:00+00:00, run_after=2025-01-18 00:00:00+00:00
[2025-01-18T09:16:57.137+0000] {processor.py:208} INFO - Processing /home/airflow/.local/lib/python3.12/site-packages/airflow/example_dags/example_nested_branch_dag.py took 0.088 seconds
[2025-01-18T09:17:27.191+0000] {processor.py:186} INFO - Started process (PID=680) to work on /home/airflow/.local/lib/python3.12/site-packages/airflow/example_dags/example_nested_branch_dag.py
[2025-01-18T09:17:27.192+0000] {processor.py:914} INFO - Processing file /home/airflow/.local/lib/python3.12/site-packages/airflow/example_dags/example_nested_branch_dag.py for tasks to queue
[2025-01-18T09:17:27.194+0000] {logging_mixin.py:190} INFO - [2025-01-18T09:17:27.194+0000] {dagbag.py:588} INFO - Filling up the DagBag from /home/airflow/.local/lib/python3.12/site-packages/airflow/example_dags/example_nested_branch_dag.py
[2025-01-18T09:17:27.206+0000] {processor.py:925} INFO - DAG(s) 'example_nested_branch_dag' retrieved from /home/airflow/.local/lib/python3.12/site-packages/airflow/example_dags/example_nested_branch_dag.py
[2025-01-18T09:17:27.229+0000] {logging_mixin.py:190} INFO - [2025-01-18T09:17:27.229+0000] {dag.py:3239} INFO - Sync 1 DAGs
[2025-01-18T09:17:27.260+0000] {logging_mixin.py:190} INFO - [2025-01-18T09:17:27.260+0000] {dag.py:4180} INFO - Setting next_dagrun for example_nested_branch_dag to 2025-01-17 00:00:00+00:00, run_after=2025-01-18 00:00:00+00:00
[2025-01-18T09:17:27.277+0000] {processor.py:208} INFO - Processing /home/airflow/.local/lib/python3.12/site-packages/airflow/example_dags/example_nested_branch_dag.py took 0.092 seconds
[2025-01-18T09:17:57.447+0000] {processor.py:186} INFO - Started process (PID=744) to work on /home/airflow/.local/lib/python3.12/site-packages/airflow/example_dags/example_nested_branch_dag.py
[2025-01-18T09:17:57.448+0000] {processor.py:914} INFO - Processing file /home/airflow/.local/lib/python3.12/site-packages/airflow/example_dags/example_nested_branch_dag.py for tasks to queue
[2025-01-18T09:17:57.450+0000] {logging_mixin.py:190} INFO - [2025-01-18T09:17:57.450+0000] {dagbag.py:588} INFO - Filling up the DagBag from /home/airflow/.local/lib/python3.12/site-packages/airflow/example_dags/example_nested_branch_dag.py
[2025-01-18T09:17:57.463+0000] {processor.py:925} INFO - DAG(s) 'example_nested_branch_dag' retrieved from /home/airflow/.local/lib/python3.12/site-packages/airflow/example_dags/example_nested_branch_dag.py
[2025-01-18T09:17:57.486+0000] {logging_mixin.py:190} INFO - [2025-01-18T09:17:57.486+0000] {dag.py:3239} INFO - Sync 1 DAGs
[2025-01-18T09:17:57.512+0000] {logging_mixin.py:190} INFO - [2025-01-18T09:17:57.512+0000] {dag.py:4180} INFO - Setting next_dagrun for example_nested_branch_dag to 2025-01-17 00:00:00+00:00, run_after=2025-01-18 00:00:00+00:00
[2025-01-18T09:17:57.529+0000] {processor.py:208} INFO - Processing /home/airflow/.local/lib/python3.12/site-packages/airflow/example_dags/example_nested_branch_dag.py took 0.088 seconds
[2025-01-18T09:18:27.736+0000] {processor.py:186} INFO - Started process (PID=808) to work on /home/airflow/.local/lib/python3.12/site-packages/airflow/example_dags/example_nested_branch_dag.py
[2025-01-18T09:18:27.736+0000] {processor.py:914} INFO - Processing file /home/airflow/.local/lib/python3.12/site-packages/airflow/example_dags/example_nested_branch_dag.py for tasks to queue
[2025-01-18T09:18:27.739+0000] {logging_mixin.py:190} INFO - [2025-01-18T09:18:27.738+0000] {dagbag.py:588} INFO - Filling up the DagBag from /home/airflow/.local/lib/python3.12/site-packages/airflow/example_dags/example_nested_branch_dag.py
[2025-01-18T09:18:27.751+0000] {processor.py:925} INFO - DAG(s) 'example_nested_branch_dag' retrieved from /home/airflow/.local/lib/python3.12/site-packages/airflow/example_dags/example_nested_branch_dag.py
[2025-01-18T09:18:27.774+0000] {logging_mixin.py:190} INFO - [2025-01-18T09:18:27.773+0000] {dag.py:3239} INFO - Sync 1 DAGs
[2025-01-18T09:18:27.801+0000] {logging_mixin.py:190} INFO - [2025-01-18T09:18:27.801+0000] {dag.py:4180} INFO - Setting next_dagrun for example_nested_branch_dag to 2025-01-17 00:00:00+00:00, run_after=2025-01-18 00:00:00+00:00
[2025-01-18T09:18:27.818+0000] {processor.py:208} INFO - Processing /home/airflow/.local/lib/python3.12/site-packages/airflow/example_dags/example_nested_branch_dag.py took 0.088 seconds
[2025-01-18T09:18:58.232+0000] {processor.py:186} INFO - Started process (PID=871) to work on /home/airflow/.local/lib/python3.12/site-packages/airflow/example_dags/example_nested_branch_dag.py
[2025-01-18T09:18:58.233+0000] {processor.py:914} INFO - Processing file /home/airflow/.local/lib/python3.12/site-packages/airflow/example_dags/example_nested_branch_dag.py for tasks to queue
[2025-01-18T09:18:58.236+0000] {logging_mixin.py:190} INFO - [2025-01-18T09:18:58.235+0000] {dagbag.py:588} INFO - Filling up the DagBag from /home/airflow/.local/lib/python3.12/site-packages/airflow/example_dags/example_nested_branch_dag.py
[2025-01-18T09:18:58.262+0000] {processor.py:925} INFO - DAG(s) 'example_nested_branch_dag' retrieved from /home/airflow/.local/lib/python3.12/site-packages/airflow/example_dags/example_nested_branch_dag.py
[2025-01-18T09:18:58.372+0000] {logging_mixin.py:190} INFO - [2025-01-18T09:18:58.372+0000] {dag.py:3239} INFO - Sync 1 DAGs
[2025-01-18T09:18:58.540+0000] {logging_mixin.py:190} INFO - [2025-01-18T09:18:58.540+0000] {dag.py:4180} INFO - Setting next_dagrun for example_nested_branch_dag to 2025-01-17 00:00:00+00:00, run_after=2025-01-18 00:00:00+00:00
[2025-01-18T09:18:58.642+0000] {processor.py:208} INFO - Processing /home/airflow/.local/lib/python3.12/site-packages/airflow/example_dags/example_nested_branch_dag.py took 0.425 seconds
[2025-01-18T09:19:28.882+0000] {processor.py:186} INFO - Started process (PID=934) to work on /home/airflow/.local/lib/python3.12/site-packages/airflow/example_dags/example_nested_branch_dag.py
[2025-01-18T09:19:28.883+0000] {processor.py:914} INFO - Processing file /home/airflow/.local/lib/python3.12/site-packages/airflow/example_dags/example_nested_branch_dag.py for tasks to queue
[2025-01-18T09:19:28.894+0000] {logging_mixin.py:190} INFO - [2025-01-18T09:19:28.894+0000] {dagbag.py:588} INFO - Filling up the DagBag from /home/airflow/.local/lib/python3.12/site-packages/airflow/example_dags/example_nested_branch_dag.py
[2025-01-18T09:19:28.928+0000] {processor.py:925} INFO - DAG(s) 'example_nested_branch_dag' retrieved from /home/airflow/.local/lib/python3.12/site-packages/airflow/example_dags/example_nested_branch_dag.py
[2025-01-18T09:19:29.034+0000] {logging_mixin.py:190} INFO - [2025-01-18T09:19:29.034+0000] {dag.py:3239} INFO - Sync 1 DAGs
[2025-01-18T09:19:29.128+0000] {logging_mixin.py:190} INFO - [2025-01-18T09:19:29.127+0000] {dag.py:4180} INFO - Setting next_dagrun for example_nested_branch_dag to 2025-01-17 00:00:00+00:00, run_after=2025-01-18 00:00:00+00:00
[2025-01-18T09:19:29.170+0000] {processor.py:208} INFO - Processing /home/airflow/.local/lib/python3.12/site-packages/airflow/example_dags/example_nested_branch_dag.py took 0.306 seconds
[2025-01-18T09:19:59.929+0000] {processor.py:186} INFO - Started process (PID=999) to work on /home/airflow/.local/lib/python3.12/site-packages/airflow/example_dags/example_nested_branch_dag.py
[2025-01-18T09:19:59.950+0000] {processor.py:914} INFO - Processing file /home/airflow/.local/lib/python3.12/site-packages/airflow/example_dags/example_nested_branch_dag.py for tasks to queue
[2025-01-18T09:19:59.952+0000] {logging_mixin.py:190} INFO - [2025-01-18T09:19:59.952+0000] {dagbag.py:588} INFO - Filling up the DagBag from /home/airflow/.local/lib/python3.12/site-packages/airflow/example_dags/example_nested_branch_dag.py
[2025-01-18T09:19:59.991+0000] {processor.py:925} INFO - DAG(s) 'example_nested_branch_dag' retrieved from /home/airflow/.local/lib/python3.12/site-packages/airflow/example_dags/example_nested_branch_dag.py
[2025-01-18T09:20:00.047+0000] {logging_mixin.py:190} INFO - [2025-01-18T09:20:00.046+0000] {dag.py:3239} INFO - Sync 1 DAGs
[2025-01-18T09:20:00.093+0000] {logging_mixin.py:190} INFO - [2025-01-18T09:20:00.092+0000] {dag.py:4180} INFO - Setting next_dagrun for example_nested_branch_dag to 2025-01-17 00:00:00+00:00, run_after=2025-01-18 00:00:00+00:00
[2025-01-18T09:20:00.129+0000] {processor.py:208} INFO - Processing /home/airflow/.local/lib/python3.12/site-packages/airflow/example_dags/example_nested_branch_dag.py took 0.214 seconds
[2025-01-18T09:20:30.606+0000] {processor.py:186} INFO - Started process (PID=1062) to work on /home/airflow/.local/lib/python3.12/site-packages/airflow/example_dags/example_nested_branch_dag.py
[2025-01-18T09:20:30.607+0000] {processor.py:914} INFO - Processing file /home/airflow/.local/lib/python3.12/site-packages/airflow/example_dags/example_nested_branch_dag.py for tasks to queue
[2025-01-18T09:20:30.610+0000] {logging_mixin.py:190} INFO - [2025-01-18T09:20:30.609+0000] {dagbag.py:588} INFO - Filling up the DagBag from /home/airflow/.local/lib/python3.12/site-packages/airflow/example_dags/example_nested_branch_dag.py
[2025-01-18T09:20:30.627+0000] {processor.py:925} INFO - DAG(s) 'example_nested_branch_dag' retrieved from /home/airflow/.local/lib/python3.12/site-packages/airflow/example_dags/example_nested_branch_dag.py
[2025-01-18T09:20:30.664+0000] {logging_mixin.py:190} INFO - [2025-01-18T09:20:30.664+0000] {dag.py:3239} INFO - Sync 1 DAGs
[2025-01-18T09:20:30.700+0000] {logging_mixin.py:190} INFO - [2025-01-18T09:20:30.700+0000] {dag.py:4180} INFO - Setting next_dagrun for example_nested_branch_dag to 2025-01-17 00:00:00+00:00, run_after=2025-01-18 00:00:00+00:00
[2025-01-18T09:20:30.737+0000] {processor.py:208} INFO - Processing /home/airflow/.local/lib/python3.12/site-packages/airflow/example_dags/example_nested_branch_dag.py took 0.138 seconds
[2025-01-18T09:21:00.936+0000] {processor.py:186} INFO - Started process (PID=1126) to work on /home/airflow/.local/lib/python3.12/site-packages/airflow/example_dags/example_nested_branch_dag.py
[2025-01-18T09:21:00.937+0000] {processor.py:914} INFO - Processing file /home/airflow/.local/lib/python3.12/site-packages/airflow/example_dags/example_nested_branch_dag.py for tasks to queue
[2025-01-18T09:21:00.940+0000] {logging_mixin.py:190} INFO - [2025-01-18T09:21:00.939+0000] {dagbag.py:588} INFO - Filling up the DagBag from /home/airflow/.local/lib/python3.12/site-packages/airflow/example_dags/example_nested_branch_dag.py
[2025-01-18T09:21:00.952+0000] {processor.py:925} INFO - DAG(s) 'example_nested_branch_dag' retrieved from /home/airflow/.local/lib/python3.12/site-packages/airflow/example_dags/example_nested_branch_dag.py
[2025-01-18T09:21:00.975+0000] {logging_mixin.py:190} INFO - [2025-01-18T09:21:00.974+0000] {dag.py:3239} INFO - Sync 1 DAGs
[2025-01-18T09:21:01.000+0000] {logging_mixin.py:190} INFO - [2025-01-18T09:21:01.000+0000] {dag.py:4180} INFO - Setting next_dagrun for example_nested_branch_dag to 2025-01-17 00:00:00+00:00, run_after=2025-01-18 00:00:00+00:00
[2025-01-18T09:21:01.016+0000] {processor.py:208} INFO - Processing /home/airflow/.local/lib/python3.12/site-packages/airflow/example_dags/example_nested_branch_dag.py took 0.087 seconds
