[2025-01-18T09:12:44.032+0000] {processor.py:186} INFO - Started process (PID=98) to work on /home/airflow/.local/lib/python3.12/site-packages/airflow/example_dags/example_external_task_marker_dag.py
[2025-01-18T09:12:44.049+0000] {processor.py:914} INFO - Processing file /home/airflow/.local/lib/python3.12/site-packages/airflow/example_dags/example_external_task_marker_dag.py for tasks to queue
[2025-01-18T09:12:44.051+0000] {logging_mixin.py:190} INFO - [2025-01-18T09:12:44.051+0000] {dagbag.py:588} INFO - Filling up the DagBag from /home/airflow/.local/lib/python3.12/site-packages/airflow/example_dags/example_external_task_marker_dag.py
[2025-01-18T09:12:44.072+0000] {processor.py:925} INFO - DAG(s) 'example_external_task_marker_child', 'example_external_task_marker_parent' retrieved from /home/airflow/.local/lib/python3.12/site-packages/airflow/example_dags/example_external_task_marker_dag.py
[2025-01-18T09:12:44.508+0000] {logging_mixin.py:190} INFO - [2025-01-18T09:12:44.505+0000] {override.py:1911} INFO - Created Permission View: can edit on DAG:example_external_task_marker_child
[2025-01-18T09:12:44.554+0000] {logging_mixin.py:190} INFO - [2025-01-18T09:12:44.554+0000] {override.py:1911} INFO - Created Permission View: can read on DAG:example_external_task_marker_child
[2025-01-18T09:12:44.570+0000] {logging_mixin.py:190} INFO - [2025-01-18T09:12:44.570+0000] {override.py:1911} INFO - Created Permission View: can delete on DAG:example_external_task_marker_child
[2025-01-18T09:12:44.594+0000] {logging_mixin.py:190} INFO - [2025-01-18T09:12:44.594+0000] {override.py:1911} INFO - Created Permission View: can create on DAG Run:example_external_task_marker_child
[2025-01-18T09:12:44.629+0000] {logging_mixin.py:190} INFO - [2025-01-18T09:12:44.629+0000] {override.py:1911} INFO - Created Permission View: menu access on DAG Run:example_external_task_marker_child
[2025-01-18T09:12:44.652+0000] {logging_mixin.py:190} INFO - [2025-01-18T09:12:44.651+0000] {override.py:1911} INFO - Created Permission View: can read on DAG Run:example_external_task_marker_child
[2025-01-18T09:12:44.662+0000] {logging_mixin.py:190} INFO - [2025-01-18T09:12:44.662+0000] {override.py:1911} INFO - Created Permission View: can delete on DAG Run:example_external_task_marker_child
[2025-01-18T09:12:44.766+0000] {logging_mixin.py:190} INFO - [2025-01-18T09:12:44.765+0000] {override.py:1911} INFO - Created Permission View: can edit on DAG:example_external_task_marker_parent
[2025-01-18T09:12:44.788+0000] {logging_mixin.py:190} INFO - [2025-01-18T09:12:44.788+0000] {override.py:1911} INFO - Created Permission View: can read on DAG:example_external_task_marker_parent
[2025-01-18T09:12:44.819+0000] {logging_mixin.py:190} INFO - [2025-01-18T09:12:44.818+0000] {override.py:1911} INFO - Created Permission View: can delete on DAG:example_external_task_marker_parent
[2025-01-18T09:12:44.828+0000] {logging_mixin.py:190} INFO - [2025-01-18T09:12:44.827+0000] {override.py:1911} INFO - Created Permission View: can create on DAG Run:example_external_task_marker_parent
[2025-01-18T09:12:44.840+0000] {logging_mixin.py:190} INFO - [2025-01-18T09:12:44.839+0000] {override.py:1911} INFO - Created Permission View: menu access on DAG Run:example_external_task_marker_parent
[2025-01-18T09:12:44.845+0000] {logging_mixin.py:190} INFO - [2025-01-18T09:12:44.845+0000] {override.py:1911} INFO - Created Permission View: can read on DAG Run:example_external_task_marker_parent
[2025-01-18T09:12:44.852+0000] {logging_mixin.py:190} INFO - [2025-01-18T09:12:44.852+0000] {override.py:1911} INFO - Created Permission View: can delete on DAG Run:example_external_task_marker_parent
[2025-01-18T09:12:44.853+0000] {logging_mixin.py:190} INFO - [2025-01-18T09:12:44.853+0000] {dag.py:3239} INFO - Sync 2 DAGs
[2025-01-18T09:12:44.878+0000] {logging_mixin.py:190} INFO - [2025-01-18T09:12:44.877+0000] {dag.py:3262} INFO - Creating ORM DAG for example_external_task_marker_child
[2025-01-18T09:12:44.878+0000] {logging_mixin.py:190} INFO - [2025-01-18T09:12:44.878+0000] {dag.py:3262} INFO - Creating ORM DAG for example_external_task_marker_parent
[2025-01-18T09:12:44.879+0000] {logging_mixin.py:190} INFO - [2025-01-18T09:12:44.879+0000] {dag.py:4180} INFO - Setting next_dagrun for example_external_task_marker_child to None, run_after=None
[2025-01-18T09:12:44.880+0000] {logging_mixin.py:190} INFO - [2025-01-18T09:12:44.879+0000] {dag.py:4180} INFO - Setting next_dagrun for example_external_task_marker_parent to None, run_after=None
[2025-01-18T09:12:44.931+0000] {processor.py:208} INFO - Processing /home/airflow/.local/lib/python3.12/site-packages/airflow/example_dags/example_external_task_marker_dag.py took 0.905 seconds
[2025-01-18T09:13:15.482+0000] {processor.py:186} INFO - Started process (PID=167) to work on /home/airflow/.local/lib/python3.12/site-packages/airflow/example_dags/example_external_task_marker_dag.py
[2025-01-18T09:13:15.485+0000] {processor.py:914} INFO - Processing file /home/airflow/.local/lib/python3.12/site-packages/airflow/example_dags/example_external_task_marker_dag.py for tasks to queue
[2025-01-18T09:13:15.487+0000] {logging_mixin.py:190} INFO - [2025-01-18T09:13:15.487+0000] {dagbag.py:588} INFO - Filling up the DagBag from /home/airflow/.local/lib/python3.12/site-packages/airflow/example_dags/example_external_task_marker_dag.py
[2025-01-18T09:13:15.496+0000] {processor.py:925} INFO - DAG(s) 'example_external_task_marker_parent', 'example_external_task_marker_child' retrieved from /home/airflow/.local/lib/python3.12/site-packages/airflow/example_dags/example_external_task_marker_dag.py
[2025-01-18T09:13:15.519+0000] {logging_mixin.py:190} INFO - [2025-01-18T09:13:15.519+0000] {dag.py:3239} INFO - Sync 2 DAGs
[2025-01-18T09:13:15.536+0000] {logging_mixin.py:190} INFO - [2025-01-18T09:13:15.536+0000] {dag.py:4180} INFO - Setting next_dagrun for example_external_task_marker_child to None, run_after=None
[2025-01-18T09:13:15.540+0000] {logging_mixin.py:190} INFO - [2025-01-18T09:13:15.540+0000] {dag.py:4180} INFO - Setting next_dagrun for example_external_task_marker_parent to None, run_after=None
[2025-01-18T09:13:15.555+0000] {processor.py:208} INFO - Processing /home/airflow/.local/lib/python3.12/site-packages/airflow/example_dags/example_external_task_marker_dag.py took 0.080 seconds
[2025-01-18T09:13:46.452+0000] {processor.py:186} INFO - Started process (PID=230) to work on /home/airflow/.local/lib/python3.12/site-packages/airflow/example_dags/example_external_task_marker_dag.py
[2025-01-18T09:13:46.461+0000] {processor.py:914} INFO - Processing file /home/airflow/.local/lib/python3.12/site-packages/airflow/example_dags/example_external_task_marker_dag.py for tasks to queue
[2025-01-18T09:13:46.463+0000] {logging_mixin.py:190} INFO - [2025-01-18T09:13:46.463+0000] {dagbag.py:588} INFO - Filling up the DagBag from /home/airflow/.local/lib/python3.12/site-packages/airflow/example_dags/example_external_task_marker_dag.py
[2025-01-18T09:13:46.479+0000] {processor.py:925} INFO - DAG(s) 'example_external_task_marker_child', 'example_external_task_marker_parent' retrieved from /home/airflow/.local/lib/python3.12/site-packages/airflow/example_dags/example_external_task_marker_dag.py
[2025-01-18T09:13:46.566+0000] {logging_mixin.py:190} INFO - [2025-01-18T09:13:46.565+0000] {dag.py:3239} INFO - Sync 2 DAGs
[2025-01-18T09:13:46.588+0000] {logging_mixin.py:190} INFO - [2025-01-18T09:13:46.588+0000] {dag.py:4180} INFO - Setting next_dagrun for example_external_task_marker_child to None, run_after=None
[2025-01-18T09:13:46.599+0000] {logging_mixin.py:190} INFO - [2025-01-18T09:13:46.599+0000] {dag.py:4180} INFO - Setting next_dagrun for example_external_task_marker_parent to None, run_after=None
[2025-01-18T09:13:46.625+0000] {processor.py:208} INFO - Processing /home/airflow/.local/lib/python3.12/site-packages/airflow/example_dags/example_external_task_marker_dag.py took 0.179 seconds
[2025-01-18T09:14:16.744+0000] {processor.py:186} INFO - Started process (PID=294) to work on /home/airflow/.local/lib/python3.12/site-packages/airflow/example_dags/example_external_task_marker_dag.py
[2025-01-18T09:14:16.744+0000] {processor.py:914} INFO - Processing file /home/airflow/.local/lib/python3.12/site-packages/airflow/example_dags/example_external_task_marker_dag.py for tasks to queue
[2025-01-18T09:14:16.754+0000] {logging_mixin.py:190} INFO - [2025-01-18T09:14:16.754+0000] {dagbag.py:588} INFO - Filling up the DagBag from /home/airflow/.local/lib/python3.12/site-packages/airflow/example_dags/example_external_task_marker_dag.py
[2025-01-18T09:14:16.767+0000] {processor.py:925} INFO - DAG(s) 'example_external_task_marker_parent', 'example_external_task_marker_child' retrieved from /home/airflow/.local/lib/python3.12/site-packages/airflow/example_dags/example_external_task_marker_dag.py
[2025-01-18T09:14:16.794+0000] {logging_mixin.py:190} INFO - [2025-01-18T09:14:16.794+0000] {dag.py:3239} INFO - Sync 2 DAGs
[2025-01-18T09:14:16.810+0000] {logging_mixin.py:190} INFO - [2025-01-18T09:14:16.810+0000] {dag.py:4180} INFO - Setting next_dagrun for example_external_task_marker_child to None, run_after=None
[2025-01-18T09:14:16.813+0000] {logging_mixin.py:190} INFO - [2025-01-18T09:14:16.813+0000] {dag.py:4180} INFO - Setting next_dagrun for example_external_task_marker_parent to None, run_after=None
[2025-01-18T09:14:16.828+0000] {processor.py:208} INFO - Processing /home/airflow/.local/lib/python3.12/site-packages/airflow/example_dags/example_external_task_marker_dag.py took 0.089 seconds
[2025-01-18T09:14:47.089+0000] {processor.py:186} INFO - Started process (PID=357) to work on /home/airflow/.local/lib/python3.12/site-packages/airflow/example_dags/example_external_task_marker_dag.py
[2025-01-18T09:14:47.101+0000] {processor.py:914} INFO - Processing file /home/airflow/.local/lib/python3.12/site-packages/airflow/example_dags/example_external_task_marker_dag.py for tasks to queue
[2025-01-18T09:14:47.110+0000] {logging_mixin.py:190} INFO - [2025-01-18T09:14:47.110+0000] {dagbag.py:588} INFO - Filling up the DagBag from /home/airflow/.local/lib/python3.12/site-packages/airflow/example_dags/example_external_task_marker_dag.py
[2025-01-18T09:14:47.139+0000] {processor.py:925} INFO - DAG(s) 'example_external_task_marker_child', 'example_external_task_marker_parent' retrieved from /home/airflow/.local/lib/python3.12/site-packages/airflow/example_dags/example_external_task_marker_dag.py
[2025-01-18T09:14:47.244+0000] {logging_mixin.py:190} INFO - [2025-01-18T09:14:47.244+0000] {dag.py:3239} INFO - Sync 2 DAGs
[2025-01-18T09:14:47.316+0000] {logging_mixin.py:190} INFO - [2025-01-18T09:14:47.316+0000] {dag.py:4180} INFO - Setting next_dagrun for example_external_task_marker_child to None, run_after=None
[2025-01-18T09:14:47.391+0000] {logging_mixin.py:190} INFO - [2025-01-18T09:14:47.391+0000] {dag.py:4180} INFO - Setting next_dagrun for example_external_task_marker_parent to None, run_after=None
[2025-01-18T09:14:47.458+0000] {processor.py:208} INFO - Processing /home/airflow/.local/lib/python3.12/site-packages/airflow/example_dags/example_external_task_marker_dag.py took 0.387 seconds
[2025-01-18T09:15:17.531+0000] {processor.py:186} INFO - Started process (PID=420) to work on /home/airflow/.local/lib/python3.12/site-packages/airflow/example_dags/example_external_task_marker_dag.py
[2025-01-18T09:15:17.532+0000] {processor.py:914} INFO - Processing file /home/airflow/.local/lib/python3.12/site-packages/airflow/example_dags/example_external_task_marker_dag.py for tasks to queue
[2025-01-18T09:15:17.534+0000] {logging_mixin.py:190} INFO - [2025-01-18T09:15:17.534+0000] {dagbag.py:588} INFO - Filling up the DagBag from /home/airflow/.local/lib/python3.12/site-packages/airflow/example_dags/example_external_task_marker_dag.py
[2025-01-18T09:15:17.544+0000] {processor.py:925} INFO - DAG(s) 'example_external_task_marker_child', 'example_external_task_marker_parent' retrieved from /home/airflow/.local/lib/python3.12/site-packages/airflow/example_dags/example_external_task_marker_dag.py
[2025-01-18T09:15:17.568+0000] {logging_mixin.py:190} INFO - [2025-01-18T09:15:17.568+0000] {dag.py:3239} INFO - Sync 2 DAGs
[2025-01-18T09:15:17.579+0000] {logging_mixin.py:190} INFO - [2025-01-18T09:15:17.579+0000] {dag.py:4180} INFO - Setting next_dagrun for example_external_task_marker_child to None, run_after=None
[2025-01-18T09:15:17.582+0000] {logging_mixin.py:190} INFO - [2025-01-18T09:15:17.582+0000] {dag.py:4180} INFO - Setting next_dagrun for example_external_task_marker_parent to None, run_after=None
[2025-01-18T09:15:17.593+0000] {processor.py:208} INFO - Processing /home/airflow/.local/lib/python3.12/site-packages/airflow/example_dags/example_external_task_marker_dag.py took 0.068 seconds
[2025-01-18T09:15:47.746+0000] {processor.py:186} INFO - Started process (PID=483) to work on /home/airflow/.local/lib/python3.12/site-packages/airflow/example_dags/example_external_task_marker_dag.py
[2025-01-18T09:15:47.746+0000] {processor.py:914} INFO - Processing file /home/airflow/.local/lib/python3.12/site-packages/airflow/example_dags/example_external_task_marker_dag.py for tasks to queue
[2025-01-18T09:15:47.748+0000] {logging_mixin.py:190} INFO - [2025-01-18T09:15:47.748+0000] {dagbag.py:588} INFO - Filling up the DagBag from /home/airflow/.local/lib/python3.12/site-packages/airflow/example_dags/example_external_task_marker_dag.py
[2025-01-18T09:15:47.754+0000] {processor.py:925} INFO - DAG(s) 'example_external_task_marker_parent', 'example_external_task_marker_child' retrieved from /home/airflow/.local/lib/python3.12/site-packages/airflow/example_dags/example_external_task_marker_dag.py
[2025-01-18T09:15:47.771+0000] {logging_mixin.py:190} INFO - [2025-01-18T09:15:47.771+0000] {dag.py:3239} INFO - Sync 2 DAGs
[2025-01-18T09:15:47.782+0000] {logging_mixin.py:190} INFO - [2025-01-18T09:15:47.782+0000] {dag.py:4180} INFO - Setting next_dagrun for example_external_task_marker_child to None, run_after=None
[2025-01-18T09:15:47.785+0000] {logging_mixin.py:190} INFO - [2025-01-18T09:15:47.784+0000] {dag.py:4180} INFO - Setting next_dagrun for example_external_task_marker_parent to None, run_after=None
[2025-01-18T09:15:47.796+0000] {processor.py:208} INFO - Processing /home/airflow/.local/lib/python3.12/site-packages/airflow/example_dags/example_external_task_marker_dag.py took 0.055 seconds
[2025-01-18T09:16:18.724+0000] {processor.py:186} INFO - Started process (PID=545) to work on /home/airflow/.local/lib/python3.12/site-packages/airflow/example_dags/example_external_task_marker_dag.py
[2025-01-18T09:16:18.725+0000] {processor.py:914} INFO - Processing file /home/airflow/.local/lib/python3.12/site-packages/airflow/example_dags/example_external_task_marker_dag.py for tasks to queue
[2025-01-18T09:16:18.727+0000] {logging_mixin.py:190} INFO - [2025-01-18T09:16:18.727+0000] {dagbag.py:588} INFO - Filling up the DagBag from /home/airflow/.local/lib/python3.12/site-packages/airflow/example_dags/example_external_task_marker_dag.py
[2025-01-18T09:16:18.735+0000] {processor.py:925} INFO - DAG(s) 'example_external_task_marker_parent', 'example_external_task_marker_child' retrieved from /home/airflow/.local/lib/python3.12/site-packages/airflow/example_dags/example_external_task_marker_dag.py
[2025-01-18T09:16:18.759+0000] {logging_mixin.py:190} INFO - [2025-01-18T09:16:18.758+0000] {dag.py:3239} INFO - Sync 2 DAGs
[2025-01-18T09:16:18.774+0000] {logging_mixin.py:190} INFO - [2025-01-18T09:16:18.773+0000] {dag.py:4180} INFO - Setting next_dagrun for example_external_task_marker_child to None, run_after=None
[2025-01-18T09:16:18.777+0000] {logging_mixin.py:190} INFO - [2025-01-18T09:16:18.777+0000] {dag.py:4180} INFO - Setting next_dagrun for example_external_task_marker_parent to None, run_after=None
[2025-01-18T09:16:18.797+0000] {processor.py:208} INFO - Processing /home/airflow/.local/lib/python3.12/site-packages/airflow/example_dags/example_external_task_marker_dag.py took 0.078 seconds
[2025-01-18T09:16:49.040+0000] {processor.py:186} INFO - Started process (PID=608) to work on /home/airflow/.local/lib/python3.12/site-packages/airflow/example_dags/example_external_task_marker_dag.py
[2025-01-18T09:16:49.040+0000] {processor.py:914} INFO - Processing file /home/airflow/.local/lib/python3.12/site-packages/airflow/example_dags/example_external_task_marker_dag.py for tasks to queue
[2025-01-18T09:16:49.042+0000] {logging_mixin.py:190} INFO - [2025-01-18T09:16:49.042+0000] {dagbag.py:588} INFO - Filling up the DagBag from /home/airflow/.local/lib/python3.12/site-packages/airflow/example_dags/example_external_task_marker_dag.py
[2025-01-18T09:16:49.048+0000] {processor.py:925} INFO - DAG(s) 'example_external_task_marker_parent', 'example_external_task_marker_child' retrieved from /home/airflow/.local/lib/python3.12/site-packages/airflow/example_dags/example_external_task_marker_dag.py
[2025-01-18T09:16:49.065+0000] {logging_mixin.py:190} INFO - [2025-01-18T09:16:49.065+0000] {dag.py:3239} INFO - Sync 2 DAGs
[2025-01-18T09:16:49.076+0000] {logging_mixin.py:190} INFO - [2025-01-18T09:16:49.076+0000] {dag.py:4180} INFO - Setting next_dagrun for example_external_task_marker_child to None, run_after=None
[2025-01-18T09:16:49.079+0000] {logging_mixin.py:190} INFO - [2025-01-18T09:16:49.079+0000] {dag.py:4180} INFO - Setting next_dagrun for example_external_task_marker_parent to None, run_after=None
[2025-01-18T09:16:49.097+0000] {processor.py:208} INFO - Processing /home/airflow/.local/lib/python3.12/site-packages/airflow/example_dags/example_external_task_marker_dag.py took 0.062 seconds
[2025-01-18T09:17:19.196+0000] {processor.py:186} INFO - Started process (PID=671) to work on /home/airflow/.local/lib/python3.12/site-packages/airflow/example_dags/example_external_task_marker_dag.py
[2025-01-18T09:17:19.197+0000] {processor.py:914} INFO - Processing file /home/airflow/.local/lib/python3.12/site-packages/airflow/example_dags/example_external_task_marker_dag.py for tasks to queue
[2025-01-18T09:17:19.198+0000] {logging_mixin.py:190} INFO - [2025-01-18T09:17:19.198+0000] {dagbag.py:588} INFO - Filling up the DagBag from /home/airflow/.local/lib/python3.12/site-packages/airflow/example_dags/example_external_task_marker_dag.py
[2025-01-18T09:17:19.204+0000] {processor.py:925} INFO - DAG(s) 'example_external_task_marker_child', 'example_external_task_marker_parent' retrieved from /home/airflow/.local/lib/python3.12/site-packages/airflow/example_dags/example_external_task_marker_dag.py
[2025-01-18T09:17:19.222+0000] {logging_mixin.py:190} INFO - [2025-01-18T09:17:19.222+0000] {dag.py:3239} INFO - Sync 2 DAGs
[2025-01-18T09:17:19.233+0000] {logging_mixin.py:190} INFO - [2025-01-18T09:17:19.233+0000] {dag.py:4180} INFO - Setting next_dagrun for example_external_task_marker_child to None, run_after=None
[2025-01-18T09:17:19.236+0000] {logging_mixin.py:190} INFO - [2025-01-18T09:17:19.236+0000] {dag.py:4180} INFO - Setting next_dagrun for example_external_task_marker_parent to None, run_after=None
[2025-01-18T09:17:19.247+0000] {processor.py:208} INFO - Processing /home/airflow/.local/lib/python3.12/site-packages/airflow/example_dags/example_external_task_marker_dag.py took 0.055 seconds
[2025-01-18T09:17:50.229+0000] {processor.py:186} INFO - Started process (PID=735) to work on /home/airflow/.local/lib/python3.12/site-packages/airflow/example_dags/example_external_task_marker_dag.py
[2025-01-18T09:17:50.230+0000] {processor.py:914} INFO - Processing file /home/airflow/.local/lib/python3.12/site-packages/airflow/example_dags/example_external_task_marker_dag.py for tasks to queue
[2025-01-18T09:17:50.232+0000] {logging_mixin.py:190} INFO - [2025-01-18T09:17:50.231+0000] {dagbag.py:588} INFO - Filling up the DagBag from /home/airflow/.local/lib/python3.12/site-packages/airflow/example_dags/example_external_task_marker_dag.py
[2025-01-18T09:17:50.252+0000] {processor.py:925} INFO - DAG(s) 'example_external_task_marker_parent', 'example_external_task_marker_child' retrieved from /home/airflow/.local/lib/python3.12/site-packages/airflow/example_dags/example_external_task_marker_dag.py
[2025-01-18T09:17:50.294+0000] {logging_mixin.py:190} INFO - [2025-01-18T09:17:50.293+0000] {dag.py:3239} INFO - Sync 2 DAGs
[2025-01-18T09:17:50.316+0000] {logging_mixin.py:190} INFO - [2025-01-18T09:17:50.315+0000] {dag.py:4180} INFO - Setting next_dagrun for example_external_task_marker_child to None, run_after=None
[2025-01-18T09:17:50.319+0000] {logging_mixin.py:190} INFO - [2025-01-18T09:17:50.319+0000] {dag.py:4180} INFO - Setting next_dagrun for example_external_task_marker_parent to None, run_after=None
[2025-01-18T09:17:50.342+0000] {processor.py:208} INFO - Processing /home/airflow/.local/lib/python3.12/site-packages/airflow/example_dags/example_external_task_marker_dag.py took 0.131 seconds
[2025-01-18T09:18:20.512+0000] {processor.py:186} INFO - Started process (PID=798) to work on /home/airflow/.local/lib/python3.12/site-packages/airflow/example_dags/example_external_task_marker_dag.py
[2025-01-18T09:18:20.513+0000] {processor.py:914} INFO - Processing file /home/airflow/.local/lib/python3.12/site-packages/airflow/example_dags/example_external_task_marker_dag.py for tasks to queue
[2025-01-18T09:18:20.515+0000] {logging_mixin.py:190} INFO - [2025-01-18T09:18:20.515+0000] {dagbag.py:588} INFO - Filling up the DagBag from /home/airflow/.local/lib/python3.12/site-packages/airflow/example_dags/example_external_task_marker_dag.py
[2025-01-18T09:18:20.523+0000] {processor.py:925} INFO - DAG(s) 'example_external_task_marker_parent', 'example_external_task_marker_child' retrieved from /home/airflow/.local/lib/python3.12/site-packages/airflow/example_dags/example_external_task_marker_dag.py
[2025-01-18T09:18:20.546+0000] {logging_mixin.py:190} INFO - [2025-01-18T09:18:20.546+0000] {dag.py:3239} INFO - Sync 2 DAGs
[2025-01-18T09:18:20.564+0000] {logging_mixin.py:190} INFO - [2025-01-18T09:18:20.564+0000] {dag.py:4180} INFO - Setting next_dagrun for example_external_task_marker_child to None, run_after=None
[2025-01-18T09:18:20.569+0000] {logging_mixin.py:190} INFO - [2025-01-18T09:18:20.568+0000] {dag.py:4180} INFO - Setting next_dagrun for example_external_task_marker_parent to None, run_after=None
[2025-01-18T09:18:20.583+0000] {processor.py:208} INFO - Processing /home/airflow/.local/lib/python3.12/site-packages/airflow/example_dags/example_external_task_marker_dag.py took 0.077 seconds
[2025-01-18T09:18:51.603+0000] {processor.py:186} INFO - Started process (PID=861) to work on /home/airflow/.local/lib/python3.12/site-packages/airflow/example_dags/example_external_task_marker_dag.py
[2025-01-18T09:18:51.617+0000] {processor.py:914} INFO - Processing file /home/airflow/.local/lib/python3.12/site-packages/airflow/example_dags/example_external_task_marker_dag.py for tasks to queue
[2025-01-18T09:18:51.621+0000] {logging_mixin.py:190} INFO - [2025-01-18T09:18:51.621+0000] {dagbag.py:588} INFO - Filling up the DagBag from /home/airflow/.local/lib/python3.12/site-packages/airflow/example_dags/example_external_task_marker_dag.py
[2025-01-18T09:18:51.632+0000] {processor.py:925} INFO - DAG(s) 'example_external_task_marker_child', 'example_external_task_marker_parent' retrieved from /home/airflow/.local/lib/python3.12/site-packages/airflow/example_dags/example_external_task_marker_dag.py
[2025-01-18T09:18:51.690+0000] {logging_mixin.py:190} INFO - [2025-01-18T09:18:51.690+0000] {dag.py:3239} INFO - Sync 2 DAGs
[2025-01-18T09:18:51.718+0000] {logging_mixin.py:190} INFO - [2025-01-18T09:18:51.718+0000] {dag.py:4180} INFO - Setting next_dagrun for example_external_task_marker_child to None, run_after=None
[2025-01-18T09:18:51.726+0000] {logging_mixin.py:190} INFO - [2025-01-18T09:18:51.726+0000] {dag.py:4180} INFO - Setting next_dagrun for example_external_task_marker_parent to None, run_after=None
[2025-01-18T09:18:51.754+0000] {processor.py:208} INFO - Processing /home/airflow/.local/lib/python3.12/site-packages/airflow/example_dags/example_external_task_marker_dag.py took 0.161 seconds
[2025-01-18T09:19:22.125+0000] {processor.py:186} INFO - Started process (PID=924) to work on /home/airflow/.local/lib/python3.12/site-packages/airflow/example_dags/example_external_task_marker_dag.py
[2025-01-18T09:19:22.126+0000] {processor.py:914} INFO - Processing file /home/airflow/.local/lib/python3.12/site-packages/airflow/example_dags/example_external_task_marker_dag.py for tasks to queue
[2025-01-18T09:19:22.129+0000] {logging_mixin.py:190} INFO - [2025-01-18T09:19:22.129+0000] {dagbag.py:588} INFO - Filling up the DagBag from /home/airflow/.local/lib/python3.12/site-packages/airflow/example_dags/example_external_task_marker_dag.py
[2025-01-18T09:19:22.138+0000] {processor.py:925} INFO - DAG(s) 'example_external_task_marker_child', 'example_external_task_marker_parent' retrieved from /home/airflow/.local/lib/python3.12/site-packages/airflow/example_dags/example_external_task_marker_dag.py
[2025-01-18T09:19:22.161+0000] {logging_mixin.py:190} INFO - [2025-01-18T09:19:22.161+0000] {dag.py:3239} INFO - Sync 2 DAGs
[2025-01-18T09:19:22.177+0000] {logging_mixin.py:190} INFO - [2025-01-18T09:19:22.177+0000] {dag.py:4180} INFO - Setting next_dagrun for example_external_task_marker_child to None, run_after=None
[2025-01-18T09:19:22.180+0000] {logging_mixin.py:190} INFO - [2025-01-18T09:19:22.180+0000] {dag.py:4180} INFO - Setting next_dagrun for example_external_task_marker_parent to None, run_after=None
[2025-01-18T09:19:22.194+0000] {processor.py:208} INFO - Processing /home/airflow/.local/lib/python3.12/site-packages/airflow/example_dags/example_external_task_marker_dag.py took 0.081 seconds
[2025-01-18T09:19:52.990+0000] {processor.py:186} INFO - Started process (PID=988) to work on /home/airflow/.local/lib/python3.12/site-packages/airflow/example_dags/example_external_task_marker_dag.py
[2025-01-18T09:19:52.991+0000] {processor.py:914} INFO - Processing file /home/airflow/.local/lib/python3.12/site-packages/airflow/example_dags/example_external_task_marker_dag.py for tasks to queue
[2025-01-18T09:19:52.993+0000] {logging_mixin.py:190} INFO - [2025-01-18T09:19:52.992+0000] {dagbag.py:588} INFO - Filling up the DagBag from /home/airflow/.local/lib/python3.12/site-packages/airflow/example_dags/example_external_task_marker_dag.py
[2025-01-18T09:19:53.001+0000] {processor.py:925} INFO - DAG(s) 'example_external_task_marker_child', 'example_external_task_marker_parent' retrieved from /home/airflow/.local/lib/python3.12/site-packages/airflow/example_dags/example_external_task_marker_dag.py
[2025-01-18T09:19:53.026+0000] {logging_mixin.py:190} INFO - [2025-01-18T09:19:53.025+0000] {dag.py:3239} INFO - Sync 2 DAGs
[2025-01-18T09:19:53.043+0000] {logging_mixin.py:190} INFO - [2025-01-18T09:19:53.042+0000] {dag.py:4180} INFO - Setting next_dagrun for example_external_task_marker_child to None, run_after=None
[2025-01-18T09:19:53.054+0000] {logging_mixin.py:190} INFO - [2025-01-18T09:19:53.053+0000] {dag.py:4180} INFO - Setting next_dagrun for example_external_task_marker_parent to None, run_after=None
[2025-01-18T09:19:53.075+0000] {processor.py:208} INFO - Processing /home/airflow/.local/lib/python3.12/site-packages/airflow/example_dags/example_external_task_marker_dag.py took 0.091 seconds
[2025-01-18T09:20:23.749+0000] {processor.py:186} INFO - Started process (PID=1051) to work on /home/airflow/.local/lib/python3.12/site-packages/airflow/example_dags/example_external_task_marker_dag.py
[2025-01-18T09:20:23.750+0000] {processor.py:914} INFO - Processing file /home/airflow/.local/lib/python3.12/site-packages/airflow/example_dags/example_external_task_marker_dag.py for tasks to queue
[2025-01-18T09:20:23.752+0000] {logging_mixin.py:190} INFO - [2025-01-18T09:20:23.751+0000] {dagbag.py:588} INFO - Filling up the DagBag from /home/airflow/.local/lib/python3.12/site-packages/airflow/example_dags/example_external_task_marker_dag.py
[2025-01-18T09:20:23.760+0000] {processor.py:925} INFO - DAG(s) 'example_external_task_marker_parent', 'example_external_task_marker_child' retrieved from /home/airflow/.local/lib/python3.12/site-packages/airflow/example_dags/example_external_task_marker_dag.py
[2025-01-18T09:20:23.791+0000] {logging_mixin.py:190} INFO - [2025-01-18T09:20:23.791+0000] {dag.py:3239} INFO - Sync 2 DAGs
[2025-01-18T09:20:23.805+0000] {logging_mixin.py:190} INFO - [2025-01-18T09:20:23.805+0000] {dag.py:4180} INFO - Setting next_dagrun for example_external_task_marker_child to None, run_after=None
[2025-01-18T09:20:23.809+0000] {logging_mixin.py:190} INFO - [2025-01-18T09:20:23.809+0000] {dag.py:4180} INFO - Setting next_dagrun for example_external_task_marker_parent to None, run_after=None
[2025-01-18T09:20:23.823+0000] {processor.py:208} INFO - Processing /home/airflow/.local/lib/python3.12/site-packages/airflow/example_dags/example_external_task_marker_dag.py took 0.080 seconds
[2025-01-18T09:20:54.640+0000] {processor.py:186} INFO - Started process (PID=1115) to work on /home/airflow/.local/lib/python3.12/site-packages/airflow/example_dags/example_external_task_marker_dag.py
[2025-01-18T09:20:54.641+0000] {processor.py:914} INFO - Processing file /home/airflow/.local/lib/python3.12/site-packages/airflow/example_dags/example_external_task_marker_dag.py for tasks to queue
[2025-01-18T09:20:54.643+0000] {logging_mixin.py:190} INFO - [2025-01-18T09:20:54.643+0000] {dagbag.py:588} INFO - Filling up the DagBag from /home/airflow/.local/lib/python3.12/site-packages/airflow/example_dags/example_external_task_marker_dag.py
[2025-01-18T09:20:54.652+0000] {processor.py:925} INFO - DAG(s) 'example_external_task_marker_child', 'example_external_task_marker_parent' retrieved from /home/airflow/.local/lib/python3.12/site-packages/airflow/example_dags/example_external_task_marker_dag.py
[2025-01-18T09:20:54.680+0000] {logging_mixin.py:190} INFO - [2025-01-18T09:20:54.680+0000] {dag.py:3239} INFO - Sync 2 DAGs
[2025-01-18T09:20:54.697+0000] {logging_mixin.py:190} INFO - [2025-01-18T09:20:54.697+0000] {dag.py:4180} INFO - Setting next_dagrun for example_external_task_marker_child to None, run_after=None
[2025-01-18T09:20:54.700+0000] {logging_mixin.py:190} INFO - [2025-01-18T09:20:54.700+0000] {dag.py:4180} INFO - Setting next_dagrun for example_external_task_marker_parent to None, run_after=None
[2025-01-18T09:20:54.714+0000] {processor.py:208} INFO - Processing /home/airflow/.local/lib/python3.12/site-packages/airflow/example_dags/example_external_task_marker_dag.py took 0.080 seconds
