[2025-01-18T09:12:37.647+0000] {processor.py:186} INFO - Started process (PID=85) to work on /home/airflow/.local/lib/python3.12/site-packages/airflow/example_dags/example_latest_only.py
[2025-01-18T09:12:37.648+0000] {processor.py:914} INFO - Processing file /home/airflow/.local/lib/python3.12/site-packages/airflow/example_dags/example_latest_only.py for tasks to queue
[2025-01-18T09:12:37.651+0000] {logging_mixin.py:190} INFO - [2025-01-18T09:12:37.650+0000] {dagbag.py:588} INFO - Filling up the DagBag from /home/airflow/.local/lib/python3.12/site-packages/airflow/example_dags/example_latest_only.py
[2025-01-18T09:12:37.661+0000] {processor.py:925} INFO - DAG(s) 'latest_only' retrieved from /home/airflow/.local/lib/python3.12/site-packages/airflow/example_dags/example_latest_only.py
[2025-01-18T09:12:38.205+0000] {logging_mixin.py:190} INFO - [2025-01-18T09:12:38.204+0000] {override.py:1911} INFO - Created Permission View: can edit on DAG:latest_only
[2025-01-18T09:12:38.229+0000] {logging_mixin.py:190} INFO - [2025-01-18T09:12:38.229+0000] {override.py:1911} INFO - Created Permission View: can read on DAG:latest_only
[2025-01-18T09:12:38.243+0000] {logging_mixin.py:190} INFO - [2025-01-18T09:12:38.243+0000] {override.py:1911} INFO - Created Permission View: can delete on DAG:latest_only
[2025-01-18T09:12:38.271+0000] {logging_mixin.py:190} INFO - [2025-01-18T09:12:38.270+0000] {override.py:1911} INFO - Created Permission View: can create on DAG Run:latest_only
[2025-01-18T09:12:38.290+0000] {logging_mixin.py:190} INFO - [2025-01-18T09:12:38.289+0000] {override.py:1911} INFO - Created Permission View: menu access on DAG Run:latest_only
[2025-01-18T09:12:38.321+0000] {logging_mixin.py:190} INFO - [2025-01-18T09:12:38.321+0000] {override.py:1911} INFO - Created Permission View: can read on DAG Run:latest_only
[2025-01-18T09:12:38.330+0000] {logging_mixin.py:190} INFO - [2025-01-18T09:12:38.329+0000] {override.py:1911} INFO - Created Permission View: can delete on DAG Run:latest_only
[2025-01-18T09:12:38.330+0000] {logging_mixin.py:190} INFO - [2025-01-18T09:12:38.330+0000] {dag.py:3239} INFO - Sync 1 DAGs
[2025-01-18T09:12:38.366+0000] {logging_mixin.py:190} INFO - [2025-01-18T09:12:38.366+0000] {dag.py:3262} INFO - Creating ORM DAG for latest_only
[2025-01-18T09:12:38.403+0000] {logging_mixin.py:190} INFO - [2025-01-18T09:12:38.403+0000] {dag.py:4180} INFO - Setting next_dagrun for latest_only to 2025-01-18 04:00:00+00:00, run_after=2025-01-18 08:00:00+00:00
[2025-01-18T09:12:38.459+0000] {processor.py:208} INFO - Processing /home/airflow/.local/lib/python3.12/site-packages/airflow/example_dags/example_latest_only.py took 0.820 seconds
[2025-01-18T09:13:09.170+0000] {processor.py:186} INFO - Started process (PID=148) to work on /home/airflow/.local/lib/python3.12/site-packages/airflow/example_dags/example_latest_only.py
[2025-01-18T09:13:09.171+0000] {processor.py:914} INFO - Processing file /home/airflow/.local/lib/python3.12/site-packages/airflow/example_dags/example_latest_only.py for tasks to queue
[2025-01-18T09:13:09.173+0000] {logging_mixin.py:190} INFO - [2025-01-18T09:13:09.173+0000] {dagbag.py:588} INFO - Filling up the DagBag from /home/airflow/.local/lib/python3.12/site-packages/airflow/example_dags/example_latest_only.py
[2025-01-18T09:13:09.180+0000] {processor.py:925} INFO - DAG(s) 'latest_only' retrieved from /home/airflow/.local/lib/python3.12/site-packages/airflow/example_dags/example_latest_only.py
[2025-01-18T09:13:09.199+0000] {logging_mixin.py:190} INFO - [2025-01-18T09:13:09.199+0000] {dag.py:3239} INFO - Sync 1 DAGs
[2025-01-18T09:13:09.224+0000] {logging_mixin.py:190} INFO - [2025-01-18T09:13:09.224+0000] {dag.py:4180} INFO - Setting next_dagrun for latest_only to 2025-01-18 04:00:00+00:00, run_after=2025-01-18 08:00:00+00:00
[2025-01-18T09:13:09.241+0000] {processor.py:208} INFO - Processing /home/airflow/.local/lib/python3.12/site-packages/airflow/example_dags/example_latest_only.py took 0.076 seconds
[2025-01-18T09:13:39.927+0000] {processor.py:186} INFO - Started process (PID=211) to work on /home/airflow/.local/lib/python3.12/site-packages/airflow/example_dags/example_latest_only.py
[2025-01-18T09:13:39.927+0000] {processor.py:914} INFO - Processing file /home/airflow/.local/lib/python3.12/site-packages/airflow/example_dags/example_latest_only.py for tasks to queue
[2025-01-18T09:13:39.930+0000] {logging_mixin.py:190} INFO - [2025-01-18T09:13:39.929+0000] {dagbag.py:588} INFO - Filling up the DagBag from /home/airflow/.local/lib/python3.12/site-packages/airflow/example_dags/example_latest_only.py
[2025-01-18T09:13:39.938+0000] {processor.py:925} INFO - DAG(s) 'latest_only' retrieved from /home/airflow/.local/lib/python3.12/site-packages/airflow/example_dags/example_latest_only.py
[2025-01-18T09:13:39.971+0000] {logging_mixin.py:190} INFO - [2025-01-18T09:13:39.971+0000] {dag.py:3239} INFO - Sync 1 DAGs
[2025-01-18T09:13:39.996+0000] {logging_mixin.py:190} INFO - [2025-01-18T09:13:39.996+0000] {dag.py:4180} INFO - Setting next_dagrun for latest_only to 2025-01-18 04:00:00+00:00, run_after=2025-01-18 08:00:00+00:00
[2025-01-18T09:13:40.027+0000] {processor.py:208} INFO - Processing /home/airflow/.local/lib/python3.12/site-packages/airflow/example_dags/example_latest_only.py took 0.110 seconds
[2025-01-18T09:14:10.279+0000] {processor.py:186} INFO - Started process (PID=273) to work on /home/airflow/.local/lib/python3.12/site-packages/airflow/example_dags/example_latest_only.py
[2025-01-18T09:14:10.279+0000] {processor.py:914} INFO - Processing file /home/airflow/.local/lib/python3.12/site-packages/airflow/example_dags/example_latest_only.py for tasks to queue
[2025-01-18T09:14:10.282+0000] {logging_mixin.py:190} INFO - [2025-01-18T09:14:10.281+0000] {dagbag.py:588} INFO - Filling up the DagBag from /home/airflow/.local/lib/python3.12/site-packages/airflow/example_dags/example_latest_only.py
[2025-01-18T09:14:10.302+0000] {processor.py:925} INFO - DAG(s) 'latest_only' retrieved from /home/airflow/.local/lib/python3.12/site-packages/airflow/example_dags/example_latest_only.py
[2025-01-18T09:14:10.365+0000] {logging_mixin.py:190} INFO - [2025-01-18T09:14:10.365+0000] {dag.py:3239} INFO - Sync 1 DAGs
[2025-01-18T09:14:10.445+0000] {logging_mixin.py:190} INFO - [2025-01-18T09:14:10.445+0000] {dag.py:4180} INFO - Setting next_dagrun for latest_only to 2025-01-18 04:00:00+00:00, run_after=2025-01-18 08:00:00+00:00
[2025-01-18T09:14:10.492+0000] {processor.py:208} INFO - Processing /home/airflow/.local/lib/python3.12/site-packages/airflow/example_dags/example_latest_only.py took 0.238 seconds
[2025-01-18T09:14:41.156+0000] {processor.py:186} INFO - Started process (PID=337) to work on /home/airflow/.local/lib/python3.12/site-packages/airflow/example_dags/example_latest_only.py
[2025-01-18T09:14:41.157+0000] {processor.py:914} INFO - Processing file /home/airflow/.local/lib/python3.12/site-packages/airflow/example_dags/example_latest_only.py for tasks to queue
[2025-01-18T09:14:41.159+0000] {logging_mixin.py:190} INFO - [2025-01-18T09:14:41.159+0000] {dagbag.py:588} INFO - Filling up the DagBag from /home/airflow/.local/lib/python3.12/site-packages/airflow/example_dags/example_latest_only.py
[2025-01-18T09:14:41.166+0000] {processor.py:925} INFO - DAG(s) 'latest_only' retrieved from /home/airflow/.local/lib/python3.12/site-packages/airflow/example_dags/example_latest_only.py
[2025-01-18T09:14:41.186+0000] {logging_mixin.py:190} INFO - [2025-01-18T09:14:41.186+0000] {dag.py:3239} INFO - Sync 1 DAGs
[2025-01-18T09:14:41.212+0000] {logging_mixin.py:190} INFO - [2025-01-18T09:14:41.212+0000] {dag.py:4180} INFO - Setting next_dagrun for latest_only to 2025-01-18 04:00:00+00:00, run_after=2025-01-18 08:00:00+00:00
[2025-01-18T09:14:41.230+0000] {processor.py:208} INFO - Processing /home/airflow/.local/lib/python3.12/site-packages/airflow/example_dags/example_latest_only.py took 0.080 seconds
[2025-01-18T09:15:11.457+0000] {processor.py:186} INFO - Started process (PID=399) to work on /home/airflow/.local/lib/python3.12/site-packages/airflow/example_dags/example_latest_only.py
[2025-01-18T09:15:11.458+0000] {processor.py:914} INFO - Processing file /home/airflow/.local/lib/python3.12/site-packages/airflow/example_dags/example_latest_only.py for tasks to queue
[2025-01-18T09:15:11.460+0000] {logging_mixin.py:190} INFO - [2025-01-18T09:15:11.460+0000] {dagbag.py:588} INFO - Filling up the DagBag from /home/airflow/.local/lib/python3.12/site-packages/airflow/example_dags/example_latest_only.py
[2025-01-18T09:15:11.467+0000] {processor.py:925} INFO - DAG(s) 'latest_only' retrieved from /home/airflow/.local/lib/python3.12/site-packages/airflow/example_dags/example_latest_only.py
[2025-01-18T09:15:11.487+0000] {logging_mixin.py:190} INFO - [2025-01-18T09:15:11.487+0000] {dag.py:3239} INFO - Sync 1 DAGs
[2025-01-18T09:15:11.514+0000] {logging_mixin.py:190} INFO - [2025-01-18T09:15:11.513+0000] {dag.py:4180} INFO - Setting next_dagrun for latest_only to 2025-01-18 04:00:00+00:00, run_after=2025-01-18 08:00:00+00:00
[2025-01-18T09:15:11.530+0000] {processor.py:208} INFO - Processing /home/airflow/.local/lib/python3.12/site-packages/airflow/example_dags/example_latest_only.py took 0.078 seconds
[2025-01-18T09:15:41.703+0000] {processor.py:186} INFO - Started process (PID=462) to work on /home/airflow/.local/lib/python3.12/site-packages/airflow/example_dags/example_latest_only.py
[2025-01-18T09:15:41.707+0000] {processor.py:914} INFO - Processing file /home/airflow/.local/lib/python3.12/site-packages/airflow/example_dags/example_latest_only.py for tasks to queue
[2025-01-18T09:15:41.709+0000] {logging_mixin.py:190} INFO - [2025-01-18T09:15:41.709+0000] {dagbag.py:588} INFO - Filling up the DagBag from /home/airflow/.local/lib/python3.12/site-packages/airflow/example_dags/example_latest_only.py
[2025-01-18T09:15:41.716+0000] {processor.py:925} INFO - DAG(s) 'latest_only' retrieved from /home/airflow/.local/lib/python3.12/site-packages/airflow/example_dags/example_latest_only.py
[2025-01-18T09:15:41.749+0000] {logging_mixin.py:190} INFO - [2025-01-18T09:15:41.748+0000] {dag.py:3239} INFO - Sync 1 DAGs
[2025-01-18T09:15:41.774+0000] {logging_mixin.py:190} INFO - [2025-01-18T09:15:41.774+0000] {dag.py:4180} INFO - Setting next_dagrun for latest_only to 2025-01-18 04:00:00+00:00, run_after=2025-01-18 08:00:00+00:00
[2025-01-18T09:15:41.804+0000] {processor.py:208} INFO - Processing /home/airflow/.local/lib/python3.12/site-packages/airflow/example_dags/example_latest_only.py took 0.108 seconds
[2025-01-18T09:16:12.284+0000] {processor.py:186} INFO - Started process (PID=525) to work on /home/airflow/.local/lib/python3.12/site-packages/airflow/example_dags/example_latest_only.py
[2025-01-18T09:16:12.292+0000] {processor.py:914} INFO - Processing file /home/airflow/.local/lib/python3.12/site-packages/airflow/example_dags/example_latest_only.py for tasks to queue
[2025-01-18T09:16:12.298+0000] {logging_mixin.py:190} INFO - [2025-01-18T09:16:12.298+0000] {dagbag.py:588} INFO - Filling up the DagBag from /home/airflow/.local/lib/python3.12/site-packages/airflow/example_dags/example_latest_only.py
[2025-01-18T09:16:12.317+0000] {processor.py:925} INFO - DAG(s) 'latest_only' retrieved from /home/airflow/.local/lib/python3.12/site-packages/airflow/example_dags/example_latest_only.py
[2025-01-18T09:16:12.370+0000] {logging_mixin.py:190} INFO - [2025-01-18T09:16:12.370+0000] {dag.py:3239} INFO - Sync 1 DAGs
[2025-01-18T09:16:12.416+0000] {logging_mixin.py:190} INFO - [2025-01-18T09:16:12.414+0000] {dag.py:4180} INFO - Setting next_dagrun for latest_only to 2025-01-18 04:00:00+00:00, run_after=2025-01-18 08:00:00+00:00
[2025-01-18T09:16:12.453+0000] {processor.py:208} INFO - Processing /home/airflow/.local/lib/python3.12/site-packages/airflow/example_dags/example_latest_only.py took 0.196 seconds
[2025-01-18T09:16:42.938+0000] {processor.py:186} INFO - Started process (PID=586) to work on /home/airflow/.local/lib/python3.12/site-packages/airflow/example_dags/example_latest_only.py
[2025-01-18T09:16:42.938+0000] {processor.py:914} INFO - Processing file /home/airflow/.local/lib/python3.12/site-packages/airflow/example_dags/example_latest_only.py for tasks to queue
[2025-01-18T09:16:42.940+0000] {logging_mixin.py:190} INFO - [2025-01-18T09:16:42.940+0000] {dagbag.py:588} INFO - Filling up the DagBag from /home/airflow/.local/lib/python3.12/site-packages/airflow/example_dags/example_latest_only.py
[2025-01-18T09:16:42.947+0000] {processor.py:925} INFO - DAG(s) 'latest_only' retrieved from /home/airflow/.local/lib/python3.12/site-packages/airflow/example_dags/example_latest_only.py
[2025-01-18T09:16:42.967+0000] {logging_mixin.py:190} INFO - [2025-01-18T09:16:42.967+0000] {dag.py:3239} INFO - Sync 1 DAGs
[2025-01-18T09:16:42.993+0000] {logging_mixin.py:190} INFO - [2025-01-18T09:16:42.993+0000] {dag.py:4180} INFO - Setting next_dagrun for latest_only to 2025-01-18 04:00:00+00:00, run_after=2025-01-18 08:00:00+00:00
[2025-01-18T09:16:43.014+0000] {processor.py:208} INFO - Processing /home/airflow/.local/lib/python3.12/site-packages/airflow/example_dags/example_latest_only.py took 0.084 seconds
[2025-01-18T09:17:13.069+0000] {processor.py:186} INFO - Started process (PID=650) to work on /home/airflow/.local/lib/python3.12/site-packages/airflow/example_dags/example_latest_only.py
[2025-01-18T09:17:13.069+0000] {processor.py:914} INFO - Processing file /home/airflow/.local/lib/python3.12/site-packages/airflow/example_dags/example_latest_only.py for tasks to queue
[2025-01-18T09:17:13.071+0000] {logging_mixin.py:190} INFO - [2025-01-18T09:17:13.071+0000] {dagbag.py:588} INFO - Filling up the DagBag from /home/airflow/.local/lib/python3.12/site-packages/airflow/example_dags/example_latest_only.py
[2025-01-18T09:17:13.078+0000] {processor.py:925} INFO - DAG(s) 'latest_only' retrieved from /home/airflow/.local/lib/python3.12/site-packages/airflow/example_dags/example_latest_only.py
[2025-01-18T09:17:13.098+0000] {logging_mixin.py:190} INFO - [2025-01-18T09:17:13.098+0000] {dag.py:3239} INFO - Sync 1 DAGs
[2025-01-18T09:17:13.124+0000] {logging_mixin.py:190} INFO - [2025-01-18T09:17:13.124+0000] {dag.py:4180} INFO - Setting next_dagrun for latest_only to 2025-01-18 04:00:00+00:00, run_after=2025-01-18 08:00:00+00:00
[2025-01-18T09:17:13.140+0000] {processor.py:208} INFO - Processing /home/airflow/.local/lib/python3.12/site-packages/airflow/example_dags/example_latest_only.py took 0.077 seconds
[2025-01-18T09:17:43.681+0000] {processor.py:186} INFO - Started process (PID=713) to work on /home/airflow/.local/lib/python3.12/site-packages/airflow/example_dags/example_latest_only.py
[2025-01-18T09:17:43.682+0000] {processor.py:914} INFO - Processing file /home/airflow/.local/lib/python3.12/site-packages/airflow/example_dags/example_latest_only.py for tasks to queue
[2025-01-18T09:17:43.684+0000] {logging_mixin.py:190} INFO - [2025-01-18T09:17:43.684+0000] {dagbag.py:588} INFO - Filling up the DagBag from /home/airflow/.local/lib/python3.12/site-packages/airflow/example_dags/example_latest_only.py
[2025-01-18T09:17:43.691+0000] {processor.py:925} INFO - DAG(s) 'latest_only' retrieved from /home/airflow/.local/lib/python3.12/site-packages/airflow/example_dags/example_latest_only.py
[2025-01-18T09:17:43.711+0000] {logging_mixin.py:190} INFO - [2025-01-18T09:17:43.711+0000] {dag.py:3239} INFO - Sync 1 DAGs
[2025-01-18T09:17:43.740+0000] {logging_mixin.py:190} INFO - [2025-01-18T09:17:43.739+0000] {dag.py:4180} INFO - Setting next_dagrun for latest_only to 2025-01-18 04:00:00+00:00, run_after=2025-01-18 08:00:00+00:00
[2025-01-18T09:17:43.759+0000] {processor.py:208} INFO - Processing /home/airflow/.local/lib/python3.12/site-packages/airflow/example_dags/example_latest_only.py took 0.084 seconds
[2025-01-18T09:18:13.943+0000] {processor.py:186} INFO - Started process (PID=777) to work on /home/airflow/.local/lib/python3.12/site-packages/airflow/example_dags/example_latest_only.py
[2025-01-18T09:18:13.943+0000] {processor.py:914} INFO - Processing file /home/airflow/.local/lib/python3.12/site-packages/airflow/example_dags/example_latest_only.py for tasks to queue
[2025-01-18T09:18:13.947+0000] {logging_mixin.py:190} INFO - [2025-01-18T09:18:13.947+0000] {dagbag.py:588} INFO - Filling up the DagBag from /home/airflow/.local/lib/python3.12/site-packages/airflow/example_dags/example_latest_only.py
[2025-01-18T09:18:13.961+0000] {processor.py:925} INFO - DAG(s) 'latest_only' retrieved from /home/airflow/.local/lib/python3.12/site-packages/airflow/example_dags/example_latest_only.py
[2025-01-18T09:18:14.031+0000] {logging_mixin.py:190} INFO - [2025-01-18T09:18:14.030+0000] {dag.py:3239} INFO - Sync 1 DAGs
[2025-01-18T09:18:14.087+0000] {logging_mixin.py:190} INFO - [2025-01-18T09:18:14.087+0000] {dag.py:4180} INFO - Setting next_dagrun for latest_only to 2025-01-18 04:00:00+00:00, run_after=2025-01-18 08:00:00+00:00
[2025-01-18T09:18:14.121+0000] {processor.py:208} INFO - Processing /home/airflow/.local/lib/python3.12/site-packages/airflow/example_dags/example_latest_only.py took 0.185 seconds
[2025-01-18T09:18:44.643+0000] {processor.py:186} INFO - Started process (PID=841) to work on /home/airflow/.local/lib/python3.12/site-packages/airflow/example_dags/example_latest_only.py
[2025-01-18T09:18:44.668+0000] {processor.py:914} INFO - Processing file /home/airflow/.local/lib/python3.12/site-packages/airflow/example_dags/example_latest_only.py for tasks to queue
[2025-01-18T09:18:44.671+0000] {logging_mixin.py:190} INFO - [2025-01-18T09:18:44.671+0000] {dagbag.py:588} INFO - Filling up the DagBag from /home/airflow/.local/lib/python3.12/site-packages/airflow/example_dags/example_latest_only.py
[2025-01-18T09:18:44.688+0000] {processor.py:925} INFO - DAG(s) 'latest_only' retrieved from /home/airflow/.local/lib/python3.12/site-packages/airflow/example_dags/example_latest_only.py
[2025-01-18T09:18:44.746+0000] {logging_mixin.py:190} INFO - [2025-01-18T09:18:44.745+0000] {dag.py:3239} INFO - Sync 1 DAGs
[2025-01-18T09:18:44.817+0000] {logging_mixin.py:190} INFO - [2025-01-18T09:18:44.817+0000] {dag.py:4180} INFO - Setting next_dagrun for latest_only to 2025-01-18 04:00:00+00:00, run_after=2025-01-18 08:00:00+00:00
[2025-01-18T09:18:44.886+0000] {processor.py:208} INFO - Processing /home/airflow/.local/lib/python3.12/site-packages/airflow/example_dags/example_latest_only.py took 0.261 seconds
[2025-01-18T09:19:15.424+0000] {processor.py:186} INFO - Started process (PID=904) to work on /home/airflow/.local/lib/python3.12/site-packages/airflow/example_dags/example_latest_only.py
[2025-01-18T09:19:15.425+0000] {processor.py:914} INFO - Processing file /home/airflow/.local/lib/python3.12/site-packages/airflow/example_dags/example_latest_only.py for tasks to queue
[2025-01-18T09:19:15.427+0000] {logging_mixin.py:190} INFO - [2025-01-18T09:19:15.427+0000] {dagbag.py:588} INFO - Filling up the DagBag from /home/airflow/.local/lib/python3.12/site-packages/airflow/example_dags/example_latest_only.py
[2025-01-18T09:19:15.434+0000] {processor.py:925} INFO - DAG(s) 'latest_only' retrieved from /home/airflow/.local/lib/python3.12/site-packages/airflow/example_dags/example_latest_only.py
[2025-01-18T09:19:15.462+0000] {logging_mixin.py:190} INFO - [2025-01-18T09:19:15.462+0000] {dag.py:3239} INFO - Sync 1 DAGs
[2025-01-18T09:19:15.488+0000] {logging_mixin.py:190} INFO - [2025-01-18T09:19:15.488+0000] {dag.py:4180} INFO - Setting next_dagrun for latest_only to 2025-01-18 04:00:00+00:00, run_after=2025-01-18 08:00:00+00:00
[2025-01-18T09:19:15.504+0000] {processor.py:208} INFO - Processing /home/airflow/.local/lib/python3.12/site-packages/airflow/example_dags/example_latest_only.py took 0.085 seconds
[2025-01-18T09:19:46.239+0000] {processor.py:186} INFO - Started process (PID=968) to work on /home/airflow/.local/lib/python3.12/site-packages/airflow/example_dags/example_latest_only.py
[2025-01-18T09:19:46.240+0000] {processor.py:914} INFO - Processing file /home/airflow/.local/lib/python3.12/site-packages/airflow/example_dags/example_latest_only.py for tasks to queue
[2025-01-18T09:19:46.242+0000] {logging_mixin.py:190} INFO - [2025-01-18T09:19:46.242+0000] {dagbag.py:588} INFO - Filling up the DagBag from /home/airflow/.local/lib/python3.12/site-packages/airflow/example_dags/example_latest_only.py
[2025-01-18T09:19:46.250+0000] {processor.py:925} INFO - DAG(s) 'latest_only' retrieved from /home/airflow/.local/lib/python3.12/site-packages/airflow/example_dags/example_latest_only.py
[2025-01-18T09:19:46.271+0000] {logging_mixin.py:190} INFO - [2025-01-18T09:19:46.271+0000] {dag.py:3239} INFO - Sync 1 DAGs
[2025-01-18T09:19:46.297+0000] {logging_mixin.py:190} INFO - [2025-01-18T09:19:46.297+0000] {dag.py:4180} INFO - Setting next_dagrun for latest_only to 2025-01-18 04:00:00+00:00, run_after=2025-01-18 08:00:00+00:00
[2025-01-18T09:19:46.313+0000] {processor.py:208} INFO - Processing /home/airflow/.local/lib/python3.12/site-packages/airflow/example_dags/example_latest_only.py took 0.079 seconds
[2025-01-18T09:20:16.947+0000] {processor.py:186} INFO - Started process (PID=1038) to work on /home/airflow/.local/lib/python3.12/site-packages/airflow/example_dags/example_latest_only.py
[2025-01-18T09:20:16.948+0000] {processor.py:914} INFO - Processing file /home/airflow/.local/lib/python3.12/site-packages/airflow/example_dags/example_latest_only.py for tasks to queue
[2025-01-18T09:20:16.950+0000] {logging_mixin.py:190} INFO - [2025-01-18T09:20:16.950+0000] {dagbag.py:588} INFO - Filling up the DagBag from /home/airflow/.local/lib/python3.12/site-packages/airflow/example_dags/example_latest_only.py
[2025-01-18T09:20:16.957+0000] {processor.py:925} INFO - DAG(s) 'latest_only' retrieved from /home/airflow/.local/lib/python3.12/site-packages/airflow/example_dags/example_latest_only.py
[2025-01-18T09:20:16.978+0000] {logging_mixin.py:190} INFO - [2025-01-18T09:20:16.978+0000] {dag.py:3239} INFO - Sync 1 DAGs
[2025-01-18T09:20:17.004+0000] {logging_mixin.py:190} INFO - [2025-01-18T09:20:17.003+0000] {dag.py:4180} INFO - Setting next_dagrun for latest_only to 2025-01-18 04:00:00+00:00, run_after=2025-01-18 08:00:00+00:00
[2025-01-18T09:20:17.020+0000] {processor.py:208} INFO - Processing /home/airflow/.local/lib/python3.12/site-packages/airflow/example_dags/example_latest_only.py took 0.078 seconds
[2025-01-18T09:20:47.942+0000] {processor.py:186} INFO - Started process (PID=1102) to work on /home/airflow/.local/lib/python3.12/site-packages/airflow/example_dags/example_latest_only.py
[2025-01-18T09:20:47.942+0000] {processor.py:914} INFO - Processing file /home/airflow/.local/lib/python3.12/site-packages/airflow/example_dags/example_latest_only.py for tasks to queue
[2025-01-18T09:20:47.944+0000] {logging_mixin.py:190} INFO - [2025-01-18T09:20:47.944+0000] {dagbag.py:588} INFO - Filling up the DagBag from /home/airflow/.local/lib/python3.12/site-packages/airflow/example_dags/example_latest_only.py
[2025-01-18T09:20:47.951+0000] {processor.py:925} INFO - DAG(s) 'latest_only' retrieved from /home/airflow/.local/lib/python3.12/site-packages/airflow/example_dags/example_latest_only.py
[2025-01-18T09:20:47.981+0000] {logging_mixin.py:190} INFO - [2025-01-18T09:20:47.981+0000] {dag.py:3239} INFO - Sync 1 DAGs
[2025-01-18T09:20:48.006+0000] {logging_mixin.py:190} INFO - [2025-01-18T09:20:48.006+0000] {dag.py:4180} INFO - Setting next_dagrun for latest_only to 2025-01-18 04:00:00+00:00, run_after=2025-01-18 08:00:00+00:00
[2025-01-18T09:20:48.026+0000] {processor.py:208} INFO - Processing /home/airflow/.local/lib/python3.12/site-packages/airflow/example_dags/example_latest_only.py took 0.090 seconds
