[2025-01-18T09:12:51.301+0000] {processor.py:186} INFO - Started process (PID=115) to work on /home/airflow/.local/lib/python3.12/site-packages/airflow/example_dags/example_complex.py
[2025-01-18T09:12:51.302+0000] {processor.py:914} INFO - Processing file /home/airflow/.local/lib/python3.12/site-packages/airflow/example_dags/example_complex.py for tasks to queue
[2025-01-18T09:12:51.308+0000] {logging_mixin.py:190} INFO - [2025-01-18T09:12:51.308+0000] {dagbag.py:588} INFO - Filling up the DagBag from /home/airflow/.local/lib/python3.12/site-packages/airflow/example_dags/example_complex.py
[2025-01-18T09:12:51.326+0000] {processor.py:925} INFO - DAG(s) 'example_complex' retrieved from /home/airflow/.local/lib/python3.12/site-packages/airflow/example_dags/example_complex.py
[2025-01-18T09:12:51.567+0000] {logging_mixin.py:190} INFO - [2025-01-18T09:12:51.566+0000] {override.py:1911} INFO - Created Permission View: can edit on DAG:example_complex
[2025-01-18T09:12:51.584+0000] {logging_mixin.py:190} INFO - [2025-01-18T09:12:51.584+0000] {override.py:1911} INFO - Created Permission View: can read on DAG:example_complex
[2025-01-18T09:12:51.596+0000] {logging_mixin.py:190} INFO - [2025-01-18T09:12:51.596+0000] {override.py:1911} INFO - Created Permission View: can delete on DAG:example_complex
[2025-01-18T09:12:51.602+0000] {logging_mixin.py:190} INFO - [2025-01-18T09:12:51.602+0000] {override.py:1911} INFO - Created Permission View: can create on DAG Run:example_complex
[2025-01-18T09:12:51.608+0000] {logging_mixin.py:190} INFO - [2025-01-18T09:12:51.607+0000] {override.py:1911} INFO - Created Permission View: menu access on DAG Run:example_complex
[2025-01-18T09:12:51.614+0000] {logging_mixin.py:190} INFO - [2025-01-18T09:12:51.614+0000] {override.py:1911} INFO - Created Permission View: can read on DAG Run:example_complex
[2025-01-18T09:12:51.624+0000] {logging_mixin.py:190} INFO - [2025-01-18T09:12:51.623+0000] {override.py:1911} INFO - Created Permission View: can delete on DAG Run:example_complex
[2025-01-18T09:12:51.624+0000] {logging_mixin.py:190} INFO - [2025-01-18T09:12:51.624+0000] {dag.py:3239} INFO - Sync 1 DAGs
[2025-01-18T09:12:51.642+0000] {logging_mixin.py:190} INFO - [2025-01-18T09:12:51.642+0000] {dag.py:3262} INFO - Creating ORM DAG for example_complex
[2025-01-18T09:12:51.643+0000] {logging_mixin.py:190} INFO - [2025-01-18T09:12:51.642+0000] {dag.py:4180} INFO - Setting next_dagrun for example_complex to None, run_after=None
[2025-01-18T09:12:51.665+0000] {processor.py:208} INFO - Processing /home/airflow/.local/lib/python3.12/site-packages/airflow/example_dags/example_complex.py took 0.370 seconds
[2025-01-18T09:13:21.841+0000] {processor.py:186} INFO - Started process (PID=178) to work on /home/airflow/.local/lib/python3.12/site-packages/airflow/example_dags/example_complex.py
[2025-01-18T09:13:21.842+0000] {processor.py:914} INFO - Processing file /home/airflow/.local/lib/python3.12/site-packages/airflow/example_dags/example_complex.py for tasks to queue
[2025-01-18T09:13:21.844+0000] {logging_mixin.py:190} INFO - [2025-01-18T09:13:21.843+0000] {dagbag.py:588} INFO - Filling up the DagBag from /home/airflow/.local/lib/python3.12/site-packages/airflow/example_dags/example_complex.py
[2025-01-18T09:13:21.858+0000] {processor.py:925} INFO - DAG(s) 'example_complex' retrieved from /home/airflow/.local/lib/python3.12/site-packages/airflow/example_dags/example_complex.py
[2025-01-18T09:13:21.896+0000] {logging_mixin.py:190} INFO - [2025-01-18T09:13:21.896+0000] {dag.py:3239} INFO - Sync 1 DAGs
[2025-01-18T09:13:21.912+0000] {logging_mixin.py:190} INFO - [2025-01-18T09:13:21.912+0000] {dag.py:4180} INFO - Setting next_dagrun for example_complex to None, run_after=None
[2025-01-18T09:13:21.929+0000] {processor.py:208} INFO - Processing /home/airflow/.local/lib/python3.12/site-packages/airflow/example_dags/example_complex.py took 0.095 seconds
[2025-01-18T09:13:52.270+0000] {processor.py:186} INFO - Started process (PID=240) to work on /home/airflow/.local/lib/python3.12/site-packages/airflow/example_dags/example_complex.py
[2025-01-18T09:13:52.270+0000] {processor.py:914} INFO - Processing file /home/airflow/.local/lib/python3.12/site-packages/airflow/example_dags/example_complex.py for tasks to queue
[2025-01-18T09:13:52.272+0000] {logging_mixin.py:190} INFO - [2025-01-18T09:13:52.272+0000] {dagbag.py:588} INFO - Filling up the DagBag from /home/airflow/.local/lib/python3.12/site-packages/airflow/example_dags/example_complex.py
[2025-01-18T09:13:52.286+0000] {processor.py:925} INFO - DAG(s) 'example_complex' retrieved from /home/airflow/.local/lib/python3.12/site-packages/airflow/example_dags/example_complex.py
[2025-01-18T09:13:52.326+0000] {logging_mixin.py:190} INFO - [2025-01-18T09:13:52.325+0000] {dag.py:3239} INFO - Sync 1 DAGs
[2025-01-18T09:13:52.341+0000] {logging_mixin.py:190} INFO - [2025-01-18T09:13:52.341+0000] {dag.py:4180} INFO - Setting next_dagrun for example_complex to None, run_after=None
[2025-01-18T09:13:52.358+0000] {processor.py:208} INFO - Processing /home/airflow/.local/lib/python3.12/site-packages/airflow/example_dags/example_complex.py took 0.094 seconds
[2025-01-18T09:14:22.865+0000] {processor.py:186} INFO - Started process (PID=304) to work on /home/airflow/.local/lib/python3.12/site-packages/airflow/example_dags/example_complex.py
[2025-01-18T09:14:22.865+0000] {processor.py:914} INFO - Processing file /home/airflow/.local/lib/python3.12/site-packages/airflow/example_dags/example_complex.py for tasks to queue
[2025-01-18T09:14:22.868+0000] {logging_mixin.py:190} INFO - [2025-01-18T09:14:22.867+0000] {dagbag.py:588} INFO - Filling up the DagBag from /home/airflow/.local/lib/python3.12/site-packages/airflow/example_dags/example_complex.py
[2025-01-18T09:14:22.882+0000] {processor.py:925} INFO - DAG(s) 'example_complex' retrieved from /home/airflow/.local/lib/python3.12/site-packages/airflow/example_dags/example_complex.py
[2025-01-18T09:14:22.919+0000] {logging_mixin.py:190} INFO - [2025-01-18T09:14:22.918+0000] {dag.py:3239} INFO - Sync 1 DAGs
[2025-01-18T09:14:22.934+0000] {logging_mixin.py:190} INFO - [2025-01-18T09:14:22.934+0000] {dag.py:4180} INFO - Setting next_dagrun for example_complex to None, run_after=None
[2025-01-18T09:14:22.950+0000] {processor.py:208} INFO - Processing /home/airflow/.local/lib/python3.12/site-packages/airflow/example_dags/example_complex.py took 0.092 seconds
[2025-01-18T09:14:53.800+0000] {processor.py:186} INFO - Started process (PID=367) to work on /home/airflow/.local/lib/python3.12/site-packages/airflow/example_dags/example_complex.py
[2025-01-18T09:14:53.801+0000] {processor.py:914} INFO - Processing file /home/airflow/.local/lib/python3.12/site-packages/airflow/example_dags/example_complex.py for tasks to queue
[2025-01-18T09:14:53.804+0000] {logging_mixin.py:190} INFO - [2025-01-18T09:14:53.804+0000] {dagbag.py:588} INFO - Filling up the DagBag from /home/airflow/.local/lib/python3.12/site-packages/airflow/example_dags/example_complex.py
[2025-01-18T09:14:53.819+0000] {processor.py:925} INFO - DAG(s) 'example_complex' retrieved from /home/airflow/.local/lib/python3.12/site-packages/airflow/example_dags/example_complex.py
[2025-01-18T09:14:53.856+0000] {logging_mixin.py:190} INFO - [2025-01-18T09:14:53.856+0000] {dag.py:3239} INFO - Sync 1 DAGs
[2025-01-18T09:14:53.872+0000] {logging_mixin.py:190} INFO - [2025-01-18T09:14:53.872+0000] {dag.py:4180} INFO - Setting next_dagrun for example_complex to None, run_after=None
[2025-01-18T09:14:53.891+0000] {processor.py:208} INFO - Processing /home/airflow/.local/lib/python3.12/site-packages/airflow/example_dags/example_complex.py took 0.097 seconds
[2025-01-18T09:15:24.439+0000] {processor.py:186} INFO - Started process (PID=429) to work on /home/airflow/.local/lib/python3.12/site-packages/airflow/example_dags/example_complex.py
[2025-01-18T09:15:24.444+0000] {processor.py:914} INFO - Processing file /home/airflow/.local/lib/python3.12/site-packages/airflow/example_dags/example_complex.py for tasks to queue
[2025-01-18T09:15:24.446+0000] {logging_mixin.py:190} INFO - [2025-01-18T09:15:24.446+0000] {dagbag.py:588} INFO - Filling up the DagBag from /home/airflow/.local/lib/python3.12/site-packages/airflow/example_dags/example_complex.py
[2025-01-18T09:15:24.481+0000] {processor.py:925} INFO - DAG(s) 'example_complex' retrieved from /home/airflow/.local/lib/python3.12/site-packages/airflow/example_dags/example_complex.py
[2025-01-18T09:15:24.570+0000] {logging_mixin.py:190} INFO - [2025-01-18T09:15:24.570+0000] {dag.py:3239} INFO - Sync 1 DAGs
[2025-01-18T09:15:24.608+0000] {logging_mixin.py:190} INFO - [2025-01-18T09:15:24.607+0000] {dag.py:4180} INFO - Setting next_dagrun for example_complex to None, run_after=None
[2025-01-18T09:15:24.648+0000] {processor.py:208} INFO - Processing /home/airflow/.local/lib/python3.12/site-packages/airflow/example_dags/example_complex.py took 0.223 seconds
[2025-01-18T09:15:56.096+0000] {processor.py:186} INFO - Started process (PID=492) to work on /home/airflow/.local/lib/python3.12/site-packages/airflow/example_dags/example_complex.py
[2025-01-18T09:15:56.102+0000] {processor.py:914} INFO - Processing file /home/airflow/.local/lib/python3.12/site-packages/airflow/example_dags/example_complex.py for tasks to queue
[2025-01-18T09:15:56.111+0000] {logging_mixin.py:190} INFO - [2025-01-18T09:15:56.111+0000] {dagbag.py:588} INFO - Filling up the DagBag from /home/airflow/.local/lib/python3.12/site-packages/airflow/example_dags/example_complex.py
[2025-01-18T09:15:56.177+0000] {processor.py:925} INFO - DAG(s) 'example_complex' retrieved from /home/airflow/.local/lib/python3.12/site-packages/airflow/example_dags/example_complex.py
[2025-01-18T09:15:56.272+0000] {logging_mixin.py:190} INFO - [2025-01-18T09:15:56.271+0000] {dag.py:3239} INFO - Sync 1 DAGs
[2025-01-18T09:15:56.321+0000] {logging_mixin.py:190} INFO - [2025-01-18T09:15:56.320+0000] {dag.py:4180} INFO - Setting next_dagrun for example_complex to None, run_after=None
[2025-01-18T09:15:56.395+0000] {processor.py:208} INFO - Processing /home/airflow/.local/lib/python3.12/site-packages/airflow/example_dags/example_complex.py took 0.328 seconds
[2025-01-18T09:16:26.590+0000] {processor.py:186} INFO - Started process (PID=554) to work on /home/airflow/.local/lib/python3.12/site-packages/airflow/example_dags/example_complex.py
[2025-01-18T09:16:26.591+0000] {processor.py:914} INFO - Processing file /home/airflow/.local/lib/python3.12/site-packages/airflow/example_dags/example_complex.py for tasks to queue
[2025-01-18T09:16:26.593+0000] {logging_mixin.py:190} INFO - [2025-01-18T09:16:26.592+0000] {dagbag.py:588} INFO - Filling up the DagBag from /home/airflow/.local/lib/python3.12/site-packages/airflow/example_dags/example_complex.py
[2025-01-18T09:16:26.608+0000] {processor.py:925} INFO - DAG(s) 'example_complex' retrieved from /home/airflow/.local/lib/python3.12/site-packages/airflow/example_dags/example_complex.py
[2025-01-18T09:16:26.646+0000] {logging_mixin.py:190} INFO - [2025-01-18T09:16:26.646+0000] {dag.py:3239} INFO - Sync 1 DAGs
[2025-01-18T09:16:26.662+0000] {logging_mixin.py:190} INFO - [2025-01-18T09:16:26.662+0000] {dag.py:4180} INFO - Setting next_dagrun for example_complex to None, run_after=None
[2025-01-18T09:16:26.678+0000] {processor.py:208} INFO - Processing /home/airflow/.local/lib/python3.12/site-packages/airflow/example_dags/example_complex.py took 0.095 seconds
[2025-01-18T09:16:57.152+0000] {processor.py:186} INFO - Started process (PID=618) to work on /home/airflow/.local/lib/python3.12/site-packages/airflow/example_dags/example_complex.py
[2025-01-18T09:16:57.152+0000] {processor.py:914} INFO - Processing file /home/airflow/.local/lib/python3.12/site-packages/airflow/example_dags/example_complex.py for tasks to queue
[2025-01-18T09:16:57.154+0000] {logging_mixin.py:190} INFO - [2025-01-18T09:16:57.154+0000] {dagbag.py:588} INFO - Filling up the DagBag from /home/airflow/.local/lib/python3.12/site-packages/airflow/example_dags/example_complex.py
[2025-01-18T09:16:57.168+0000] {processor.py:925} INFO - DAG(s) 'example_complex' retrieved from /home/airflow/.local/lib/python3.12/site-packages/airflow/example_dags/example_complex.py
[2025-01-18T09:16:57.205+0000] {logging_mixin.py:190} INFO - [2025-01-18T09:16:57.205+0000] {dag.py:3239} INFO - Sync 1 DAGs
[2025-01-18T09:16:57.221+0000] {logging_mixin.py:190} INFO - [2025-01-18T09:16:57.220+0000] {dag.py:4180} INFO - Setting next_dagrun for example_complex to None, run_after=None
[2025-01-18T09:16:57.237+0000] {processor.py:208} INFO - Processing /home/airflow/.local/lib/python3.12/site-packages/airflow/example_dags/example_complex.py took 0.091 seconds
[2025-01-18T09:17:27.315+0000] {processor.py:186} INFO - Started process (PID=681) to work on /home/airflow/.local/lib/python3.12/site-packages/airflow/example_dags/example_complex.py
[2025-01-18T09:17:27.316+0000] {processor.py:914} INFO - Processing file /home/airflow/.local/lib/python3.12/site-packages/airflow/example_dags/example_complex.py for tasks to queue
[2025-01-18T09:17:27.318+0000] {logging_mixin.py:190} INFO - [2025-01-18T09:17:27.318+0000] {dagbag.py:588} INFO - Filling up the DagBag from /home/airflow/.local/lib/python3.12/site-packages/airflow/example_dags/example_complex.py
[2025-01-18T09:17:27.343+0000] {processor.py:925} INFO - DAG(s) 'example_complex' retrieved from /home/airflow/.local/lib/python3.12/site-packages/airflow/example_dags/example_complex.py
[2025-01-18T09:17:27.393+0000] {logging_mixin.py:190} INFO - [2025-01-18T09:17:27.392+0000] {dag.py:3239} INFO - Sync 1 DAGs
[2025-01-18T09:17:27.436+0000] {logging_mixin.py:190} INFO - [2025-01-18T09:17:27.436+0000] {dag.py:4180} INFO - Setting next_dagrun for example_complex to None, run_after=None
[2025-01-18T09:17:27.494+0000] {processor.py:208} INFO - Processing /home/airflow/.local/lib/python3.12/site-packages/airflow/example_dags/example_complex.py took 0.185 seconds
[2025-01-18T09:17:57.569+0000] {processor.py:186} INFO - Started process (PID=745) to work on /home/airflow/.local/lib/python3.12/site-packages/airflow/example_dags/example_complex.py
[2025-01-18T09:17:57.569+0000] {processor.py:914} INFO - Processing file /home/airflow/.local/lib/python3.12/site-packages/airflow/example_dags/example_complex.py for tasks to queue
[2025-01-18T09:17:57.572+0000] {logging_mixin.py:190} INFO - [2025-01-18T09:17:57.571+0000] {dagbag.py:588} INFO - Filling up the DagBag from /home/airflow/.local/lib/python3.12/site-packages/airflow/example_dags/example_complex.py
[2025-01-18T09:17:57.617+0000] {processor.py:925} INFO - DAG(s) 'example_complex' retrieved from /home/airflow/.local/lib/python3.12/site-packages/airflow/example_dags/example_complex.py
[2025-01-18T09:17:57.767+0000] {logging_mixin.py:190} INFO - [2025-01-18T09:17:57.767+0000] {dag.py:3239} INFO - Sync 1 DAGs
[2025-01-18T09:17:57.799+0000] {logging_mixin.py:190} INFO - [2025-01-18T09:17:57.799+0000] {dag.py:4180} INFO - Setting next_dagrun for example_complex to None, run_after=None
[2025-01-18T09:17:57.821+0000] {processor.py:208} INFO - Processing /home/airflow/.local/lib/python3.12/site-packages/airflow/example_dags/example_complex.py took 0.259 seconds
[2025-01-18T09:18:27.918+0000] {processor.py:186} INFO - Started process (PID=809) to work on /home/airflow/.local/lib/python3.12/site-packages/airflow/example_dags/example_complex.py
[2025-01-18T09:18:27.919+0000] {processor.py:914} INFO - Processing file /home/airflow/.local/lib/python3.12/site-packages/airflow/example_dags/example_complex.py for tasks to queue
[2025-01-18T09:18:27.921+0000] {logging_mixin.py:190} INFO - [2025-01-18T09:18:27.920+0000] {dagbag.py:588} INFO - Filling up the DagBag from /home/airflow/.local/lib/python3.12/site-packages/airflow/example_dags/example_complex.py
[2025-01-18T09:18:27.935+0000] {processor.py:925} INFO - DAG(s) 'example_complex' retrieved from /home/airflow/.local/lib/python3.12/site-packages/airflow/example_dags/example_complex.py
[2025-01-18T09:18:27.973+0000] {logging_mixin.py:190} INFO - [2025-01-18T09:18:27.973+0000] {dag.py:3239} INFO - Sync 1 DAGs
[2025-01-18T09:18:27.988+0000] {logging_mixin.py:190} INFO - [2025-01-18T09:18:27.988+0000] {dag.py:4180} INFO - Setting next_dagrun for example_complex to None, run_after=None
[2025-01-18T09:18:28.005+0000] {processor.py:208} INFO - Processing /home/airflow/.local/lib/python3.12/site-packages/airflow/example_dags/example_complex.py took 0.093 seconds
[2025-01-18T09:18:58.696+0000] {processor.py:186} INFO - Started process (PID=872) to work on /home/airflow/.local/lib/python3.12/site-packages/airflow/example_dags/example_complex.py
[2025-01-18T09:18:58.699+0000] {processor.py:914} INFO - Processing file /home/airflow/.local/lib/python3.12/site-packages/airflow/example_dags/example_complex.py for tasks to queue
[2025-01-18T09:18:58.701+0000] {logging_mixin.py:190} INFO - [2025-01-18T09:18:58.701+0000] {dagbag.py:588} INFO - Filling up the DagBag from /home/airflow/.local/lib/python3.12/site-packages/airflow/example_dags/example_complex.py
[2025-01-18T09:18:58.732+0000] {processor.py:925} INFO - DAG(s) 'example_complex' retrieved from /home/airflow/.local/lib/python3.12/site-packages/airflow/example_dags/example_complex.py
[2025-01-18T09:18:58.816+0000] {logging_mixin.py:190} INFO - [2025-01-18T09:18:58.816+0000] {dag.py:3239} INFO - Sync 1 DAGs
[2025-01-18T09:18:58.848+0000] {logging_mixin.py:190} INFO - [2025-01-18T09:18:58.848+0000] {dag.py:4180} INFO - Setting next_dagrun for example_complex to None, run_after=None
[2025-01-18T09:18:58.868+0000] {processor.py:208} INFO - Processing /home/airflow/.local/lib/python3.12/site-packages/airflow/example_dags/example_complex.py took 0.178 seconds
[2025-01-18T09:19:29.567+0000] {processor.py:186} INFO - Started process (PID=936) to work on /home/airflow/.local/lib/python3.12/site-packages/airflow/example_dags/example_complex.py
[2025-01-18T09:19:29.569+0000] {processor.py:914} INFO - Processing file /home/airflow/.local/lib/python3.12/site-packages/airflow/example_dags/example_complex.py for tasks to queue
[2025-01-18T09:19:29.571+0000] {logging_mixin.py:190} INFO - [2025-01-18T09:19:29.571+0000] {dagbag.py:588} INFO - Filling up the DagBag from /home/airflow/.local/lib/python3.12/site-packages/airflow/example_dags/example_complex.py
[2025-01-18T09:19:29.607+0000] {processor.py:925} INFO - DAG(s) 'example_complex' retrieved from /home/airflow/.local/lib/python3.12/site-packages/airflow/example_dags/example_complex.py
[2025-01-18T09:19:29.678+0000] {logging_mixin.py:190} INFO - [2025-01-18T09:19:29.677+0000] {dag.py:3239} INFO - Sync 1 DAGs
[2025-01-18T09:19:29.708+0000] {logging_mixin.py:190} INFO - [2025-01-18T09:19:29.708+0000] {dag.py:4180} INFO - Setting next_dagrun for example_complex to None, run_after=None
[2025-01-18T09:19:29.752+0000] {processor.py:208} INFO - Processing /home/airflow/.local/lib/python3.12/site-packages/airflow/example_dags/example_complex.py took 0.197 seconds
[2025-01-18T09:20:00.188+0000] {processor.py:186} INFO - Started process (PID=1000) to work on /home/airflow/.local/lib/python3.12/site-packages/airflow/example_dags/example_complex.py
[2025-01-18T09:20:00.188+0000] {processor.py:914} INFO - Processing file /home/airflow/.local/lib/python3.12/site-packages/airflow/example_dags/example_complex.py for tasks to queue
[2025-01-18T09:20:00.203+0000] {logging_mixin.py:190} INFO - [2025-01-18T09:20:00.203+0000] {dagbag.py:588} INFO - Filling up the DagBag from /home/airflow/.local/lib/python3.12/site-packages/airflow/example_dags/example_complex.py
[2025-01-18T09:20:00.280+0000] {processor.py:925} INFO - DAG(s) 'example_complex' retrieved from /home/airflow/.local/lib/python3.12/site-packages/airflow/example_dags/example_complex.py
[2025-01-18T09:20:00.368+0000] {logging_mixin.py:190} INFO - [2025-01-18T09:20:00.368+0000] {dag.py:3239} INFO - Sync 1 DAGs
[2025-01-18T09:20:00.394+0000] {logging_mixin.py:190} INFO - [2025-01-18T09:20:00.394+0000] {dag.py:4180} INFO - Setting next_dagrun for example_complex to None, run_after=None
[2025-01-18T09:20:00.427+0000] {processor.py:208} INFO - Processing /home/airflow/.local/lib/python3.12/site-packages/airflow/example_dags/example_complex.py took 0.257 seconds
[2025-01-18T09:20:30.714+0000] {processor.py:186} INFO - Started process (PID=1063) to work on /home/airflow/.local/lib/python3.12/site-packages/airflow/example_dags/example_complex.py
[2025-01-18T09:20:30.717+0000] {processor.py:914} INFO - Processing file /home/airflow/.local/lib/python3.12/site-packages/airflow/example_dags/example_complex.py for tasks to queue
[2025-01-18T09:20:30.719+0000] {logging_mixin.py:190} INFO - [2025-01-18T09:20:30.719+0000] {dagbag.py:588} INFO - Filling up the DagBag from /home/airflow/.local/lib/python3.12/site-packages/airflow/example_dags/example_complex.py
[2025-01-18T09:20:30.734+0000] {processor.py:925} INFO - DAG(s) 'example_complex' retrieved from /home/airflow/.local/lib/python3.12/site-packages/airflow/example_dags/example_complex.py
[2025-01-18T09:20:30.806+0000] {logging_mixin.py:190} INFO - [2025-01-18T09:20:30.805+0000] {dag.py:3239} INFO - Sync 1 DAGs
[2025-01-18T09:20:30.823+0000] {logging_mixin.py:190} INFO - [2025-01-18T09:20:30.823+0000] {dag.py:4180} INFO - Setting next_dagrun for example_complex to None, run_after=None
[2025-01-18T09:20:30.858+0000] {processor.py:208} INFO - Processing /home/airflow/.local/lib/python3.12/site-packages/airflow/example_dags/example_complex.py took 0.151 seconds
[2025-01-18T09:21:01.058+0000] {processor.py:186} INFO - Started process (PID=1127) to work on /home/airflow/.local/lib/python3.12/site-packages/airflow/example_dags/example_complex.py
[2025-01-18T09:21:01.059+0000] {processor.py:914} INFO - Processing file /home/airflow/.local/lib/python3.12/site-packages/airflow/example_dags/example_complex.py for tasks to queue
[2025-01-18T09:21:01.061+0000] {logging_mixin.py:190} INFO - [2025-01-18T09:21:01.061+0000] {dagbag.py:588} INFO - Filling up the DagBag from /home/airflow/.local/lib/python3.12/site-packages/airflow/example_dags/example_complex.py
[2025-01-18T09:21:01.074+0000] {processor.py:925} INFO - DAG(s) 'example_complex' retrieved from /home/airflow/.local/lib/python3.12/site-packages/airflow/example_dags/example_complex.py
[2025-01-18T09:21:01.110+0000] {logging_mixin.py:190} INFO - [2025-01-18T09:21:01.110+0000] {dag.py:3239} INFO - Sync 1 DAGs
[2025-01-18T09:21:01.128+0000] {logging_mixin.py:190} INFO - [2025-01-18T09:21:01.128+0000] {dag.py:4180} INFO - Setting next_dagrun for example_complex to None, run_after=None
[2025-01-18T09:21:01.146+0000] {processor.py:208} INFO - Processing /home/airflow/.local/lib/python3.12/site-packages/airflow/example_dags/example_complex.py took 0.096 seconds
