[2025-01-18T09:12:45.429+0000] {processor.py:186} INFO - Started process (PID=107) to work on /home/airflow/.local/lib/python3.12/site-packages/airflow/example_dags/example_params_trigger_ui.py
[2025-01-18T09:12:45.430+0000] {processor.py:914} INFO - Processing file /home/airflow/.local/lib/python3.12/site-packages/airflow/example_dags/example_params_trigger_ui.py for tasks to queue
[2025-01-18T09:12:45.433+0000] {logging_mixin.py:190} INFO - [2025-01-18T09:12:45.432+0000] {dagbag.py:588} INFO - Filling up the DagBag from /home/airflow/.local/lib/python3.12/site-packages/airflow/example_dags/example_params_trigger_ui.py
[2025-01-18T09:12:45.483+0000] {processor.py:925} INFO - DAG(s) 'example_params_trigger_ui' retrieved from /home/airflow/.local/lib/python3.12/site-packages/airflow/example_dags/example_params_trigger_ui.py
[2025-01-18T09:12:45.950+0000] {logging_mixin.py:190} INFO - [2025-01-18T09:12:45.949+0000] {override.py:1911} INFO - Created Permission View: can edit on DAG:example_params_trigger_ui
[2025-01-18T09:12:45.960+0000] {logging_mixin.py:190} INFO - [2025-01-18T09:12:45.960+0000] {override.py:1911} INFO - Created Permission View: can read on DAG:example_params_trigger_ui
[2025-01-18T09:12:45.970+0000] {logging_mixin.py:190} INFO - [2025-01-18T09:12:45.970+0000] {override.py:1911} INFO - Created Permission View: can delete on DAG:example_params_trigger_ui
[2025-01-18T09:12:45.978+0000] {logging_mixin.py:190} INFO - [2025-01-18T09:12:45.978+0000] {override.py:1911} INFO - Created Permission View: can create on DAG Run:example_params_trigger_ui
[2025-01-18T09:12:45.997+0000] {logging_mixin.py:190} INFO - [2025-01-18T09:12:45.997+0000] {override.py:1911} INFO - Created Permission View: menu access on DAG Run:example_params_trigger_ui
[2025-01-18T09:12:46.019+0000] {logging_mixin.py:190} INFO - [2025-01-18T09:12:46.019+0000] {override.py:1911} INFO - Created Permission View: can read on DAG Run:example_params_trigger_ui
[2025-01-18T09:12:46.037+0000] {logging_mixin.py:190} INFO - [2025-01-18T09:12:46.037+0000] {override.py:1911} INFO - Created Permission View: can delete on DAG Run:example_params_trigger_ui
[2025-01-18T09:12:46.037+0000] {logging_mixin.py:190} INFO - [2025-01-18T09:12:46.037+0000] {dag.py:3239} INFO - Sync 1 DAGs
[2025-01-18T09:12:46.074+0000] {logging_mixin.py:190} INFO - [2025-01-18T09:12:46.073+0000] {dag.py:3262} INFO - Creating ORM DAG for example_params_trigger_ui
[2025-01-18T09:12:46.074+0000] {logging_mixin.py:190} INFO - [2025-01-18T09:12:46.074+0000] {dag.py:4180} INFO - Setting next_dagrun for example_params_trigger_ui to None, run_after=None
[2025-01-18T09:12:46.108+0000] {processor.py:208} INFO - Processing /home/airflow/.local/lib/python3.12/site-packages/airflow/example_dags/example_params_trigger_ui.py took 0.709 seconds
[2025-01-18T09:13:16.614+0000] {processor.py:186} INFO - Started process (PID=170) to work on /home/airflow/.local/lib/python3.12/site-packages/airflow/example_dags/example_params_trigger_ui.py
[2025-01-18T09:13:16.615+0000] {processor.py:914} INFO - Processing file /home/airflow/.local/lib/python3.12/site-packages/airflow/example_dags/example_params_trigger_ui.py for tasks to queue
[2025-01-18T09:13:16.617+0000] {logging_mixin.py:190} INFO - [2025-01-18T09:13:16.616+0000] {dagbag.py:588} INFO - Filling up the DagBag from /home/airflow/.local/lib/python3.12/site-packages/airflow/example_dags/example_params_trigger_ui.py
[2025-01-18T09:13:16.628+0000] {processor.py:925} INFO - DAG(s) 'example_params_trigger_ui' retrieved from /home/airflow/.local/lib/python3.12/site-packages/airflow/example_dags/example_params_trigger_ui.py
[2025-01-18T09:13:16.682+0000] {logging_mixin.py:190} INFO - [2025-01-18T09:13:16.681+0000] {dag.py:3239} INFO - Sync 1 DAGs
[2025-01-18T09:13:16.695+0000] {logging_mixin.py:190} INFO - [2025-01-18T09:13:16.695+0000] {dag.py:4180} INFO - Setting next_dagrun for example_params_trigger_ui to None, run_after=None
[2025-01-18T09:13:16.713+0000] {processor.py:208} INFO - Processing /home/airflow/.local/lib/python3.12/site-packages/airflow/example_dags/example_params_trigger_ui.py took 0.105 seconds
[2025-01-18T09:13:46.952+0000] {processor.py:186} INFO - Started process (PID=233) to work on /home/airflow/.local/lib/python3.12/site-packages/airflow/example_dags/example_params_trigger_ui.py
[2025-01-18T09:13:46.953+0000] {processor.py:914} INFO - Processing file /home/airflow/.local/lib/python3.12/site-packages/airflow/example_dags/example_params_trigger_ui.py for tasks to queue
[2025-01-18T09:13:46.955+0000] {logging_mixin.py:190} INFO - [2025-01-18T09:13:46.955+0000] {dagbag.py:588} INFO - Filling up the DagBag from /home/airflow/.local/lib/python3.12/site-packages/airflow/example_dags/example_params_trigger_ui.py
[2025-01-18T09:13:46.979+0000] {processor.py:925} INFO - DAG(s) 'example_params_trigger_ui' retrieved from /home/airflow/.local/lib/python3.12/site-packages/airflow/example_dags/example_params_trigger_ui.py
[2025-01-18T09:13:47.266+0000] {logging_mixin.py:190} INFO - [2025-01-18T09:13:47.266+0000] {dag.py:3239} INFO - Sync 1 DAGs
[2025-01-18T09:13:47.343+0000] {logging_mixin.py:190} INFO - [2025-01-18T09:13:47.343+0000] {dag.py:4180} INFO - Setting next_dagrun for example_params_trigger_ui to None, run_after=None
[2025-01-18T09:13:47.367+0000] {processor.py:208} INFO - Processing /home/airflow/.local/lib/python3.12/site-packages/airflow/example_dags/example_params_trigger_ui.py took 0.427 seconds
[2025-01-18T09:14:17.781+0000] {processor.py:186} INFO - Started process (PID=297) to work on /home/airflow/.local/lib/python3.12/site-packages/airflow/example_dags/example_params_trigger_ui.py
[2025-01-18T09:14:17.782+0000] {processor.py:914} INFO - Processing file /home/airflow/.local/lib/python3.12/site-packages/airflow/example_dags/example_params_trigger_ui.py for tasks to queue
[2025-01-18T09:14:17.784+0000] {logging_mixin.py:190} INFO - [2025-01-18T09:14:17.783+0000] {dagbag.py:588} INFO - Filling up the DagBag from /home/airflow/.local/lib/python3.12/site-packages/airflow/example_dags/example_params_trigger_ui.py
[2025-01-18T09:14:17.814+0000] {processor.py:925} INFO - DAG(s) 'example_params_trigger_ui' retrieved from /home/airflow/.local/lib/python3.12/site-packages/airflow/example_dags/example_params_trigger_ui.py
[2025-01-18T09:14:17.869+0000] {logging_mixin.py:190} INFO - [2025-01-18T09:14:17.868+0000] {dag.py:3239} INFO - Sync 1 DAGs
[2025-01-18T09:14:17.884+0000] {logging_mixin.py:190} INFO - [2025-01-18T09:14:17.884+0000] {dag.py:4180} INFO - Setting next_dagrun for example_params_trigger_ui to None, run_after=None
[2025-01-18T09:14:17.900+0000] {processor.py:208} INFO - Processing /home/airflow/.local/lib/python3.12/site-packages/airflow/example_dags/example_params_trigger_ui.py took 0.125 seconds
[2025-01-18T09:14:48.606+0000] {processor.py:186} INFO - Started process (PID=360) to work on /home/airflow/.local/lib/python3.12/site-packages/airflow/example_dags/example_params_trigger_ui.py
[2025-01-18T09:14:48.607+0000] {processor.py:914} INFO - Processing file /home/airflow/.local/lib/python3.12/site-packages/airflow/example_dags/example_params_trigger_ui.py for tasks to queue
[2025-01-18T09:14:48.609+0000] {logging_mixin.py:190} INFO - [2025-01-18T09:14:48.609+0000] {dagbag.py:588} INFO - Filling up the DagBag from /home/airflow/.local/lib/python3.12/site-packages/airflow/example_dags/example_params_trigger_ui.py
[2025-01-18T09:14:48.704+0000] {processor.py:925} INFO - DAG(s) 'example_params_trigger_ui' retrieved from /home/airflow/.local/lib/python3.12/site-packages/airflow/example_dags/example_params_trigger_ui.py
[2025-01-18T09:14:48.977+0000] {logging_mixin.py:190} INFO - [2025-01-18T09:14:48.977+0000] {dag.py:3239} INFO - Sync 1 DAGs
[2025-01-18T09:14:49.031+0000] {logging_mixin.py:190} INFO - [2025-01-18T09:14:49.031+0000] {dag.py:4180} INFO - Setting next_dagrun for example_params_trigger_ui to None, run_after=None
[2025-01-18T09:14:49.078+0000] {processor.py:208} INFO - Processing /home/airflow/.local/lib/python3.12/site-packages/airflow/example_dags/example_params_trigger_ui.py took 0.490 seconds
[2025-01-18T09:15:19.671+0000] {processor.py:186} INFO - Started process (PID=423) to work on /home/airflow/.local/lib/python3.12/site-packages/airflow/example_dags/example_params_trigger_ui.py
[2025-01-18T09:15:19.685+0000] {processor.py:914} INFO - Processing file /home/airflow/.local/lib/python3.12/site-packages/airflow/example_dags/example_params_trigger_ui.py for tasks to queue
[2025-01-18T09:15:19.687+0000] {logging_mixin.py:190} INFO - [2025-01-18T09:15:19.687+0000] {dagbag.py:588} INFO - Filling up the DagBag from /home/airflow/.local/lib/python3.12/site-packages/airflow/example_dags/example_params_trigger_ui.py
[2025-01-18T09:15:19.701+0000] {processor.py:925} INFO - DAG(s) 'example_params_trigger_ui' retrieved from /home/airflow/.local/lib/python3.12/site-packages/airflow/example_dags/example_params_trigger_ui.py
[2025-01-18T09:15:19.786+0000] {logging_mixin.py:190} INFO - [2025-01-18T09:15:19.786+0000] {dag.py:3239} INFO - Sync 1 DAGs
[2025-01-18T09:15:19.807+0000] {logging_mixin.py:190} INFO - [2025-01-18T09:15:19.806+0000] {dag.py:4180} INFO - Setting next_dagrun for example_params_trigger_ui to None, run_after=None
[2025-01-18T09:15:19.869+0000] {processor.py:208} INFO - Processing /home/airflow/.local/lib/python3.12/site-packages/airflow/example_dags/example_params_trigger_ui.py took 0.210 seconds
[2025-01-18T09:15:49.957+0000] {processor.py:186} INFO - Started process (PID=486) to work on /home/airflow/.local/lib/python3.12/site-packages/airflow/example_dags/example_params_trigger_ui.py
[2025-01-18T09:15:49.958+0000] {processor.py:914} INFO - Processing file /home/airflow/.local/lib/python3.12/site-packages/airflow/example_dags/example_params_trigger_ui.py for tasks to queue
[2025-01-18T09:15:49.959+0000] {logging_mixin.py:190} INFO - [2025-01-18T09:15:49.959+0000] {dagbag.py:588} INFO - Filling up the DagBag from /home/airflow/.local/lib/python3.12/site-packages/airflow/example_dags/example_params_trigger_ui.py
[2025-01-18T09:15:49.968+0000] {processor.py:925} INFO - DAG(s) 'example_params_trigger_ui' retrieved from /home/airflow/.local/lib/python3.12/site-packages/airflow/example_dags/example_params_trigger_ui.py
[2025-01-18T09:15:50.001+0000] {logging_mixin.py:190} INFO - [2025-01-18T09:15:50.000+0000] {dag.py:3239} INFO - Sync 1 DAGs
[2025-01-18T09:15:50.012+0000] {logging_mixin.py:190} INFO - [2025-01-18T09:15:50.012+0000] {dag.py:4180} INFO - Setting next_dagrun for example_params_trigger_ui to None, run_after=None
[2025-01-18T09:15:50.024+0000] {processor.py:208} INFO - Processing /home/airflow/.local/lib/python3.12/site-packages/airflow/example_dags/example_params_trigger_ui.py took 0.072 seconds
[2025-01-18T09:16:20.196+0000] {processor.py:186} INFO - Started process (PID=548) to work on /home/airflow/.local/lib/python3.12/site-packages/airflow/example_dags/example_params_trigger_ui.py
[2025-01-18T09:16:20.197+0000] {processor.py:914} INFO - Processing file /home/airflow/.local/lib/python3.12/site-packages/airflow/example_dags/example_params_trigger_ui.py for tasks to queue
[2025-01-18T09:16:20.199+0000] {logging_mixin.py:190} INFO - [2025-01-18T09:16:20.199+0000] {dagbag.py:588} INFO - Filling up the DagBag from /home/airflow/.local/lib/python3.12/site-packages/airflow/example_dags/example_params_trigger_ui.py
[2025-01-18T09:16:20.212+0000] {processor.py:925} INFO - DAG(s) 'example_params_trigger_ui' retrieved from /home/airflow/.local/lib/python3.12/site-packages/airflow/example_dags/example_params_trigger_ui.py
[2025-01-18T09:16:20.269+0000] {logging_mixin.py:190} INFO - [2025-01-18T09:16:20.269+0000] {dag.py:3239} INFO - Sync 1 DAGs
[2025-01-18T09:16:20.285+0000] {logging_mixin.py:190} INFO - [2025-01-18T09:16:20.284+0000] {dag.py:4180} INFO - Setting next_dagrun for example_params_trigger_ui to None, run_after=None
[2025-01-18T09:16:20.300+0000] {processor.py:208} INFO - Processing /home/airflow/.local/lib/python3.12/site-packages/airflow/example_dags/example_params_trigger_ui.py took 0.109 seconds
[2025-01-18T09:16:50.775+0000] {processor.py:186} INFO - Started process (PID=612) to work on /home/airflow/.local/lib/python3.12/site-packages/airflow/example_dags/example_params_trigger_ui.py
[2025-01-18T09:16:50.776+0000] {processor.py:914} INFO - Processing file /home/airflow/.local/lib/python3.12/site-packages/airflow/example_dags/example_params_trigger_ui.py for tasks to queue
[2025-01-18T09:16:50.778+0000] {logging_mixin.py:190} INFO - [2025-01-18T09:16:50.778+0000] {dagbag.py:588} INFO - Filling up the DagBag from /home/airflow/.local/lib/python3.12/site-packages/airflow/example_dags/example_params_trigger_ui.py
[2025-01-18T09:16:50.790+0000] {processor.py:925} INFO - DAG(s) 'example_params_trigger_ui' retrieved from /home/airflow/.local/lib/python3.12/site-packages/airflow/example_dags/example_params_trigger_ui.py
[2025-01-18T09:16:50.844+0000] {logging_mixin.py:190} INFO - [2025-01-18T09:16:50.844+0000] {dag.py:3239} INFO - Sync 1 DAGs
[2025-01-18T09:16:50.859+0000] {logging_mixin.py:190} INFO - [2025-01-18T09:16:50.859+0000] {dag.py:4180} INFO - Setting next_dagrun for example_params_trigger_ui to None, run_after=None
[2025-01-18T09:16:50.874+0000] {processor.py:208} INFO - Processing /home/airflow/.local/lib/python3.12/site-packages/airflow/example_dags/example_params_trigger_ui.py took 0.105 seconds
[2025-01-18T09:17:21.483+0000] {processor.py:186} INFO - Started process (PID=675) to work on /home/airflow/.local/lib/python3.12/site-packages/airflow/example_dags/example_params_trigger_ui.py
[2025-01-18T09:17:21.484+0000] {processor.py:914} INFO - Processing file /home/airflow/.local/lib/python3.12/site-packages/airflow/example_dags/example_params_trigger_ui.py for tasks to queue
[2025-01-18T09:17:21.486+0000] {logging_mixin.py:190} INFO - [2025-01-18T09:17:21.486+0000] {dagbag.py:588} INFO - Filling up the DagBag from /home/airflow/.local/lib/python3.12/site-packages/airflow/example_dags/example_params_trigger_ui.py
[2025-01-18T09:17:21.498+0000] {processor.py:925} INFO - DAG(s) 'example_params_trigger_ui' retrieved from /home/airflow/.local/lib/python3.12/site-packages/airflow/example_dags/example_params_trigger_ui.py
[2025-01-18T09:17:21.551+0000] {logging_mixin.py:190} INFO - [2025-01-18T09:17:21.551+0000] {dag.py:3239} INFO - Sync 1 DAGs
[2025-01-18T09:17:21.567+0000] {logging_mixin.py:190} INFO - [2025-01-18T09:17:21.567+0000] {dag.py:4180} INFO - Setting next_dagrun for example_params_trigger_ui to None, run_after=None
[2025-01-18T09:17:21.584+0000] {processor.py:208} INFO - Processing /home/airflow/.local/lib/python3.12/site-packages/airflow/example_dags/example_params_trigger_ui.py took 0.107 seconds
[2025-01-18T09:17:52.530+0000] {processor.py:186} INFO - Started process (PID=739) to work on /home/airflow/.local/lib/python3.12/site-packages/airflow/example_dags/example_params_trigger_ui.py
[2025-01-18T09:17:52.539+0000] {processor.py:914} INFO - Processing file /home/airflow/.local/lib/python3.12/site-packages/airflow/example_dags/example_params_trigger_ui.py for tasks to queue
[2025-01-18T09:17:52.541+0000] {logging_mixin.py:190} INFO - [2025-01-18T09:17:52.541+0000] {dagbag.py:588} INFO - Filling up the DagBag from /home/airflow/.local/lib/python3.12/site-packages/airflow/example_dags/example_params_trigger_ui.py
[2025-01-18T09:17:52.553+0000] {processor.py:925} INFO - DAG(s) 'example_params_trigger_ui' retrieved from /home/airflow/.local/lib/python3.12/site-packages/airflow/example_dags/example_params_trigger_ui.py
[2025-01-18T09:17:52.619+0000] {logging_mixin.py:190} INFO - [2025-01-18T09:17:52.619+0000] {dag.py:3239} INFO - Sync 1 DAGs
[2025-01-18T09:17:52.680+0000] {logging_mixin.py:190} INFO - [2025-01-18T09:17:52.680+0000] {dag.py:4180} INFO - Setting next_dagrun for example_params_trigger_ui to None, run_after=None
[2025-01-18T09:17:52.724+0000] {processor.py:208} INFO - Processing /home/airflow/.local/lib/python3.12/site-packages/airflow/example_dags/example_params_trigger_ui.py took 0.208 seconds
[2025-01-18T09:18:22.856+0000] {processor.py:186} INFO - Started process (PID=802) to work on /home/airflow/.local/lib/python3.12/site-packages/airflow/example_dags/example_params_trigger_ui.py
[2025-01-18T09:18:22.857+0000] {processor.py:914} INFO - Processing file /home/airflow/.local/lib/python3.12/site-packages/airflow/example_dags/example_params_trigger_ui.py for tasks to queue
[2025-01-18T09:18:22.858+0000] {logging_mixin.py:190} INFO - [2025-01-18T09:18:22.858+0000] {dagbag.py:588} INFO - Filling up the DagBag from /home/airflow/.local/lib/python3.12/site-packages/airflow/example_dags/example_params_trigger_ui.py
[2025-01-18T09:18:22.866+0000] {processor.py:925} INFO - DAG(s) 'example_params_trigger_ui' retrieved from /home/airflow/.local/lib/python3.12/site-packages/airflow/example_dags/example_params_trigger_ui.py
[2025-01-18T09:18:22.900+0000] {logging_mixin.py:190} INFO - [2025-01-18T09:18:22.899+0000] {dag.py:3239} INFO - Sync 1 DAGs
[2025-01-18T09:18:22.910+0000] {logging_mixin.py:190} INFO - [2025-01-18T09:18:22.910+0000] {dag.py:4180} INFO - Setting next_dagrun for example_params_trigger_ui to None, run_after=None
[2025-01-18T09:18:22.923+0000] {processor.py:208} INFO - Processing /home/airflow/.local/lib/python3.12/site-packages/airflow/example_dags/example_params_trigger_ui.py took 0.071 seconds
[2025-01-18T09:18:53.901+0000] {processor.py:186} INFO - Started process (PID=865) to work on /home/airflow/.local/lib/python3.12/site-packages/airflow/example_dags/example_params_trigger_ui.py
[2025-01-18T09:18:53.914+0000] {processor.py:914} INFO - Processing file /home/airflow/.local/lib/python3.12/site-packages/airflow/example_dags/example_params_trigger_ui.py for tasks to queue
[2025-01-18T09:18:53.917+0000] {logging_mixin.py:190} INFO - [2025-01-18T09:18:53.916+0000] {dagbag.py:588} INFO - Filling up the DagBag from /home/airflow/.local/lib/python3.12/site-packages/airflow/example_dags/example_params_trigger_ui.py
[2025-01-18T09:18:53.951+0000] {processor.py:925} INFO - DAG(s) 'example_params_trigger_ui' retrieved from /home/airflow/.local/lib/python3.12/site-packages/airflow/example_dags/example_params_trigger_ui.py
[2025-01-18T09:18:54.084+0000] {logging_mixin.py:190} INFO - [2025-01-18T09:18:54.084+0000] {dag.py:3239} INFO - Sync 1 DAGs
[2025-01-18T09:18:54.124+0000] {logging_mixin.py:190} INFO - [2025-01-18T09:18:54.124+0000] {dag.py:4180} INFO - Setting next_dagrun for example_params_trigger_ui to None, run_after=None
[2025-01-18T09:18:54.201+0000] {processor.py:208} INFO - Processing /home/airflow/.local/lib/python3.12/site-packages/airflow/example_dags/example_params_trigger_ui.py took 0.307 seconds
[2025-01-18T09:19:24.413+0000] {processor.py:186} INFO - Started process (PID=928) to work on /home/airflow/.local/lib/python3.12/site-packages/airflow/example_dags/example_params_trigger_ui.py
[2025-01-18T09:19:24.416+0000] {processor.py:914} INFO - Processing file /home/airflow/.local/lib/python3.12/site-packages/airflow/example_dags/example_params_trigger_ui.py for tasks to queue
[2025-01-18T09:19:24.422+0000] {logging_mixin.py:190} INFO - [2025-01-18T09:19:24.422+0000] {dagbag.py:588} INFO - Filling up the DagBag from /home/airflow/.local/lib/python3.12/site-packages/airflow/example_dags/example_params_trigger_ui.py
[2025-01-18T09:19:24.452+0000] {processor.py:925} INFO - DAG(s) 'example_params_trigger_ui' retrieved from /home/airflow/.local/lib/python3.12/site-packages/airflow/example_dags/example_params_trigger_ui.py
[2025-01-18T09:19:24.570+0000] {logging_mixin.py:190} INFO - [2025-01-18T09:19:24.569+0000] {dag.py:3239} INFO - Sync 1 DAGs
[2025-01-18T09:19:24.614+0000] {logging_mixin.py:190} INFO - [2025-01-18T09:19:24.613+0000] {dag.py:4180} INFO - Setting next_dagrun for example_params_trigger_ui to None, run_after=None
[2025-01-18T09:19:24.671+0000] {processor.py:208} INFO - Processing /home/airflow/.local/lib/python3.12/site-packages/airflow/example_dags/example_params_trigger_ui.py took 0.298 seconds
[2025-01-18T09:19:55.049+0000] {processor.py:186} INFO - Started process (PID=992) to work on /home/airflow/.local/lib/python3.12/site-packages/airflow/example_dags/example_params_trigger_ui.py
[2025-01-18T09:19:55.050+0000] {processor.py:914} INFO - Processing file /home/airflow/.local/lib/python3.12/site-packages/airflow/example_dags/example_params_trigger_ui.py for tasks to queue
[2025-01-18T09:19:55.053+0000] {logging_mixin.py:190} INFO - [2025-01-18T09:19:55.052+0000] {dagbag.py:588} INFO - Filling up the DagBag from /home/airflow/.local/lib/python3.12/site-packages/airflow/example_dags/example_params_trigger_ui.py
[2025-01-18T09:19:55.064+0000] {processor.py:925} INFO - DAG(s) 'example_params_trigger_ui' retrieved from /home/airflow/.local/lib/python3.12/site-packages/airflow/example_dags/example_params_trigger_ui.py
[2025-01-18T09:19:55.120+0000] {logging_mixin.py:190} INFO - [2025-01-18T09:19:55.119+0000] {dag.py:3239} INFO - Sync 1 DAGs
[2025-01-18T09:19:55.138+0000] {logging_mixin.py:190} INFO - [2025-01-18T09:19:55.137+0000] {dag.py:4180} INFO - Setting next_dagrun for example_params_trigger_ui to None, run_after=None
[2025-01-18T09:19:55.164+0000] {processor.py:208} INFO - Processing /home/airflow/.local/lib/python3.12/site-packages/airflow/example_dags/example_params_trigger_ui.py took 0.128 seconds
[2025-01-18T09:20:25.967+0000] {processor.py:186} INFO - Started process (PID=1055) to work on /home/airflow/.local/lib/python3.12/site-packages/airflow/example_dags/example_params_trigger_ui.py
[2025-01-18T09:20:25.968+0000] {processor.py:914} INFO - Processing file /home/airflow/.local/lib/python3.12/site-packages/airflow/example_dags/example_params_trigger_ui.py for tasks to queue
[2025-01-18T09:20:25.971+0000] {logging_mixin.py:190} INFO - [2025-01-18T09:20:25.970+0000] {dagbag.py:588} INFO - Filling up the DagBag from /home/airflow/.local/lib/python3.12/site-packages/airflow/example_dags/example_params_trigger_ui.py
[2025-01-18T09:20:25.984+0000] {processor.py:925} INFO - DAG(s) 'example_params_trigger_ui' retrieved from /home/airflow/.local/lib/python3.12/site-packages/airflow/example_dags/example_params_trigger_ui.py
[2025-01-18T09:20:26.039+0000] {logging_mixin.py:190} INFO - [2025-01-18T09:20:26.039+0000] {dag.py:3239} INFO - Sync 1 DAGs
[2025-01-18T09:20:26.056+0000] {logging_mixin.py:190} INFO - [2025-01-18T09:20:26.056+0000] {dag.py:4180} INFO - Setting next_dagrun for example_params_trigger_ui to None, run_after=None
[2025-01-18T09:20:26.076+0000] {processor.py:208} INFO - Processing /home/airflow/.local/lib/python3.12/site-packages/airflow/example_dags/example_params_trigger_ui.py took 0.123 seconds
[2025-01-18T09:20:56.846+0000] {processor.py:186} INFO - Started process (PID=1119) to work on /home/airflow/.local/lib/python3.12/site-packages/airflow/example_dags/example_params_trigger_ui.py
[2025-01-18T09:20:56.854+0000] {processor.py:914} INFO - Processing file /home/airflow/.local/lib/python3.12/site-packages/airflow/example_dags/example_params_trigger_ui.py for tasks to queue
[2025-01-18T09:20:56.857+0000] {logging_mixin.py:190} INFO - [2025-01-18T09:20:56.856+0000] {dagbag.py:588} INFO - Filling up the DagBag from /home/airflow/.local/lib/python3.12/site-packages/airflow/example_dags/example_params_trigger_ui.py
[2025-01-18T09:20:56.870+0000] {processor.py:925} INFO - DAG(s) 'example_params_trigger_ui' retrieved from /home/airflow/.local/lib/python3.12/site-packages/airflow/example_dags/example_params_trigger_ui.py
[2025-01-18T09:20:56.924+0000] {logging_mixin.py:190} INFO - [2025-01-18T09:20:56.923+0000] {dag.py:3239} INFO - Sync 1 DAGs
[2025-01-18T09:20:56.941+0000] {logging_mixin.py:190} INFO - [2025-01-18T09:20:56.940+0000] {dag.py:4180} INFO - Setting next_dagrun for example_params_trigger_ui to None, run_after=None
[2025-01-18T09:20:56.958+0000] {processor.py:208} INFO - Processing /home/airflow/.local/lib/python3.12/site-packages/airflow/example_dags/example_params_trigger_ui.py took 0.118 seconds
