[2025-01-18T09:12:31.446+0000] {processor.py:186} INFO - Started process (PID=81) to work on /home/airflow/.local/lib/python3.12/site-packages/airflow/example_dags/example_inlet_event_extra.py
[2025-01-18T09:12:31.447+0000] {processor.py:914} INFO - Processing file /home/airflow/.local/lib/python3.12/site-packages/airflow/example_dags/example_inlet_event_extra.py for tasks to queue
[2025-01-18T09:12:31.462+0000] {logging_mixin.py:190} INFO - [2025-01-18T09:12:31.461+0000] {dagbag.py:588} INFO - Filling up the DagBag from /home/airflow/.local/lib/python3.12/site-packages/airflow/example_dags/example_inlet_event_extra.py
[2025-01-18T09:12:34.720+0000] {processor.py:925} INFO - DAG(s) 'read_dataset_event', 'read_dataset_event_from_classic' retrieved from /home/airflow/.local/lib/python3.12/site-packages/airflow/example_dags/example_inlet_event_extra.py
[2025-01-18T09:12:35.225+0000] {logging_mixin.py:190} INFO - [2025-01-18T09:12:35.224+0000] {override.py:1911} INFO - Created Permission View: can edit on DAG:read_dataset_event
[2025-01-18T09:12:35.248+0000] {logging_mixin.py:190} INFO - [2025-01-18T09:12:35.248+0000] {override.py:1911} INFO - Created Permission View: can read on DAG:read_dataset_event
[2025-01-18T09:12:35.263+0000] {logging_mixin.py:190} INFO - [2025-01-18T09:12:35.263+0000] {override.py:1911} INFO - Created Permission View: can delete on DAG:read_dataset_event
[2025-01-18T09:12:35.270+0000] {logging_mixin.py:190} INFO - [2025-01-18T09:12:35.269+0000] {override.py:1911} INFO - Created Permission View: can create on DAG Run:read_dataset_event
[2025-01-18T09:12:35.285+0000] {logging_mixin.py:190} INFO - [2025-01-18T09:12:35.284+0000] {override.py:1911} INFO - Created Permission View: menu access on DAG Run:read_dataset_event
[2025-01-18T09:12:35.290+0000] {logging_mixin.py:190} INFO - [2025-01-18T09:12:35.290+0000] {override.py:1911} INFO - Created Permission View: can read on DAG Run:read_dataset_event
[2025-01-18T09:12:35.300+0000] {logging_mixin.py:190} INFO - [2025-01-18T09:12:35.300+0000] {override.py:1911} INFO - Created Permission View: can delete on DAG Run:read_dataset_event
[2025-01-18T09:12:35.324+0000] {logging_mixin.py:190} INFO - [2025-01-18T09:12:35.324+0000] {override.py:1911} INFO - Created Permission View: can edit on DAG:read_dataset_event_from_classic
[2025-01-18T09:12:35.332+0000] {logging_mixin.py:190} INFO - [2025-01-18T09:12:35.332+0000] {override.py:1911} INFO - Created Permission View: can read on DAG:read_dataset_event_from_classic
[2025-01-18T09:12:35.343+0000] {logging_mixin.py:190} INFO - [2025-01-18T09:12:35.343+0000] {override.py:1911} INFO - Created Permission View: can delete on DAG:read_dataset_event_from_classic
[2025-01-18T09:12:35.356+0000] {logging_mixin.py:190} INFO - [2025-01-18T09:12:35.356+0000] {override.py:1911} INFO - Created Permission View: can create on DAG Run:read_dataset_event_from_classic
[2025-01-18T09:12:35.369+0000] {logging_mixin.py:190} INFO - [2025-01-18T09:12:35.369+0000] {override.py:1911} INFO - Created Permission View: menu access on DAG Run:read_dataset_event_from_classic
[2025-01-18T09:12:35.380+0000] {logging_mixin.py:190} INFO - [2025-01-18T09:12:35.380+0000] {override.py:1911} INFO - Created Permission View: can read on DAG Run:read_dataset_event_from_classic
[2025-01-18T09:12:35.387+0000] {logging_mixin.py:190} INFO - [2025-01-18T09:12:35.386+0000] {override.py:1911} INFO - Created Permission View: can delete on DAG Run:read_dataset_event_from_classic
[2025-01-18T09:12:35.387+0000] {logging_mixin.py:190} INFO - [2025-01-18T09:12:35.387+0000] {dag.py:3239} INFO - Sync 2 DAGs
[2025-01-18T09:12:35.414+0000] {logging_mixin.py:190} INFO - [2025-01-18T09:12:35.413+0000] {dag.py:3262} INFO - Creating ORM DAG for read_dataset_event
[2025-01-18T09:12:35.415+0000] {logging_mixin.py:190} INFO - [2025-01-18T09:12:35.415+0000] {dag.py:3262} INFO - Creating ORM DAG for read_dataset_event_from_classic
[2025-01-18T09:12:35.439+0000] {logging_mixin.py:190} INFO - [2025-01-18T09:12:35.438+0000] {dag.py:4180} INFO - Setting next_dagrun for read_dataset_event to 2025-01-17 00:00:00+00:00, run_after=2025-01-18 00:00:00+00:00
[2025-01-18T09:12:35.441+0000] {logging_mixin.py:190} INFO - [2025-01-18T09:12:35.441+0000] {dag.py:4180} INFO - Setting next_dagrun for read_dataset_event_from_classic to 2025-01-17 00:00:00+00:00, run_after=2025-01-18 00:00:00+00:00
[2025-01-18T09:12:35.496+0000] {processor.py:208} INFO - Processing /home/airflow/.local/lib/python3.12/site-packages/airflow/example_dags/example_inlet_event_extra.py took 4.088 seconds
[2025-01-18T09:13:05.711+0000] {processor.py:186} INFO - Started process (PID=144) to work on /home/airflow/.local/lib/python3.12/site-packages/airflow/example_dags/example_inlet_event_extra.py
[2025-01-18T09:13:05.712+0000] {processor.py:914} INFO - Processing file /home/airflow/.local/lib/python3.12/site-packages/airflow/example_dags/example_inlet_event_extra.py for tasks to queue
[2025-01-18T09:13:05.713+0000] {logging_mixin.py:190} INFO - [2025-01-18T09:13:05.713+0000] {dagbag.py:588} INFO - Filling up the DagBag from /home/airflow/.local/lib/python3.12/site-packages/airflow/example_dags/example_inlet_event_extra.py
[2025-01-18T09:13:06.222+0000] {processor.py:925} INFO - DAG(s) 'read_dataset_event_from_classic', 'read_dataset_event' retrieved from /home/airflow/.local/lib/python3.12/site-packages/airflow/example_dags/example_inlet_event_extra.py
[2025-01-18T09:13:06.242+0000] {logging_mixin.py:190} INFO - [2025-01-18T09:13:06.242+0000] {dag.py:3239} INFO - Sync 2 DAGs
[2025-01-18T09:13:06.272+0000] {logging_mixin.py:190} INFO - [2025-01-18T09:13:06.271+0000] {dag.py:4180} INFO - Setting next_dagrun for read_dataset_event to 2025-01-17 00:00:00+00:00, run_after=2025-01-18 00:00:00+00:00
[2025-01-18T09:13:06.278+0000] {logging_mixin.py:190} INFO - [2025-01-18T09:13:06.277+0000] {dag.py:4180} INFO - Setting next_dagrun for read_dataset_event_from_classic to 2025-01-17 00:00:00+00:00, run_after=2025-01-18 00:00:00+00:00
[2025-01-18T09:13:06.295+0000] {processor.py:208} INFO - Processing /home/airflow/.local/lib/python3.12/site-packages/airflow/example_dags/example_inlet_event_extra.py took 0.588 seconds
[2025-01-18T09:13:36.524+0000] {processor.py:186} INFO - Started process (PID=207) to work on /home/airflow/.local/lib/python3.12/site-packages/airflow/example_dags/example_inlet_event_extra.py
[2025-01-18T09:13:36.533+0000] {processor.py:914} INFO - Processing file /home/airflow/.local/lib/python3.12/site-packages/airflow/example_dags/example_inlet_event_extra.py for tasks to queue
[2025-01-18T09:13:36.536+0000] {logging_mixin.py:190} INFO - [2025-01-18T09:13:36.535+0000] {dagbag.py:588} INFO - Filling up the DagBag from /home/airflow/.local/lib/python3.12/site-packages/airflow/example_dags/example_inlet_event_extra.py
[2025-01-18T09:13:37.710+0000] {processor.py:925} INFO - DAG(s) 'read_dataset_event_from_classic', 'read_dataset_event' retrieved from /home/airflow/.local/lib/python3.12/site-packages/airflow/example_dags/example_inlet_event_extra.py
[2025-01-18T09:13:37.761+0000] {logging_mixin.py:190} INFO - [2025-01-18T09:13:37.761+0000] {dag.py:3239} INFO - Sync 2 DAGs
[2025-01-18T09:13:37.808+0000] {logging_mixin.py:190} INFO - [2025-01-18T09:13:37.808+0000] {dag.py:4180} INFO - Setting next_dagrun for read_dataset_event to 2025-01-17 00:00:00+00:00, run_after=2025-01-18 00:00:00+00:00
[2025-01-18T09:13:37.814+0000] {logging_mixin.py:190} INFO - [2025-01-18T09:13:37.814+0000] {dag.py:4180} INFO - Setting next_dagrun for read_dataset_event_from_classic to 2025-01-17 00:00:00+00:00, run_after=2025-01-18 00:00:00+00:00
[2025-01-18T09:13:37.829+0000] {processor.py:208} INFO - Processing /home/airflow/.local/lib/python3.12/site-packages/airflow/example_dags/example_inlet_event_extra.py took 1.312 seconds
[2025-01-18T09:14:08.398+0000] {processor.py:186} INFO - Started process (PID=270) to work on /home/airflow/.local/lib/python3.12/site-packages/airflow/example_dags/example_inlet_event_extra.py
[2025-01-18T09:14:08.399+0000] {processor.py:914} INFO - Processing file /home/airflow/.local/lib/python3.12/site-packages/airflow/example_dags/example_inlet_event_extra.py for tasks to queue
[2025-01-18T09:14:08.401+0000] {logging_mixin.py:190} INFO - [2025-01-18T09:14:08.401+0000] {dagbag.py:588} INFO - Filling up the DagBag from /home/airflow/.local/lib/python3.12/site-packages/airflow/example_dags/example_inlet_event_extra.py
[2025-01-18T09:14:10.125+0000] {processor.py:925} INFO - DAG(s) 'read_dataset_event_from_classic', 'read_dataset_event' retrieved from /home/airflow/.local/lib/python3.12/site-packages/airflow/example_dags/example_inlet_event_extra.py
[2025-01-18T09:14:10.148+0000] {logging_mixin.py:190} INFO - [2025-01-18T09:14:10.147+0000] {dag.py:3239} INFO - Sync 2 DAGs
[2025-01-18T09:14:10.179+0000] {logging_mixin.py:190} INFO - [2025-01-18T09:14:10.179+0000] {dag.py:4180} INFO - Setting next_dagrun for read_dataset_event to 2025-01-17 00:00:00+00:00, run_after=2025-01-18 00:00:00+00:00
[2025-01-18T09:14:10.185+0000] {logging_mixin.py:190} INFO - [2025-01-18T09:14:10.184+0000] {dag.py:4180} INFO - Setting next_dagrun for read_dataset_event_from_classic to 2025-01-17 00:00:00+00:00, run_after=2025-01-18 00:00:00+00:00
[2025-01-18T09:14:10.202+0000] {processor.py:208} INFO - Processing /home/airflow/.local/lib/python3.12/site-packages/airflow/example_dags/example_inlet_event_extra.py took 1.826 seconds
[2025-01-18T09:14:41.145+0000] {processor.py:186} INFO - Started process (PID=336) to work on /home/airflow/.local/lib/python3.12/site-packages/airflow/example_dags/example_inlet_event_extra.py
[2025-01-18T09:14:41.146+0000] {processor.py:914} INFO - Processing file /home/airflow/.local/lib/python3.12/site-packages/airflow/example_dags/example_inlet_event_extra.py for tasks to queue
[2025-01-18T09:14:41.148+0000] {logging_mixin.py:190} INFO - [2025-01-18T09:14:41.147+0000] {dagbag.py:588} INFO - Filling up the DagBag from /home/airflow/.local/lib/python3.12/site-packages/airflow/example_dags/example_inlet_event_extra.py
[2025-01-18T09:14:41.800+0000] {processor.py:925} INFO - DAG(s) 'read_dataset_event', 'read_dataset_event_from_classic' retrieved from /home/airflow/.local/lib/python3.12/site-packages/airflow/example_dags/example_inlet_event_extra.py
[2025-01-18T09:14:41.815+0000] {logging_mixin.py:190} INFO - [2025-01-18T09:14:41.815+0000] {dag.py:3239} INFO - Sync 2 DAGs
[2025-01-18T09:14:41.835+0000] {logging_mixin.py:190} INFO - [2025-01-18T09:14:41.834+0000] {dag.py:4180} INFO - Setting next_dagrun for read_dataset_event to 2025-01-17 00:00:00+00:00, run_after=2025-01-18 00:00:00+00:00
[2025-01-18T09:14:41.838+0000] {logging_mixin.py:190} INFO - [2025-01-18T09:14:41.838+0000] {dag.py:4180} INFO - Setting next_dagrun for read_dataset_event_from_classic to 2025-01-17 00:00:00+00:00, run_after=2025-01-18 00:00:00+00:00
[2025-01-18T09:14:41.849+0000] {processor.py:208} INFO - Processing /home/airflow/.local/lib/python3.12/site-packages/airflow/example_dags/example_inlet_event_extra.py took 0.710 seconds
[2025-01-18T09:15:12.566+0000] {processor.py:186} INFO - Started process (PID=401) to work on /home/airflow/.local/lib/python3.12/site-packages/airflow/example_dags/example_inlet_event_extra.py
[2025-01-18T09:15:12.568+0000] {processor.py:914} INFO - Processing file /home/airflow/.local/lib/python3.12/site-packages/airflow/example_dags/example_inlet_event_extra.py for tasks to queue
[2025-01-18T09:15:12.570+0000] {logging_mixin.py:190} INFO - [2025-01-18T09:15:12.570+0000] {dagbag.py:588} INFO - Filling up the DagBag from /home/airflow/.local/lib/python3.12/site-packages/airflow/example_dags/example_inlet_event_extra.py
[2025-01-18T09:15:13.138+0000] {processor.py:925} INFO - DAG(s) 'read_dataset_event', 'read_dataset_event_from_classic' retrieved from /home/airflow/.local/lib/python3.12/site-packages/airflow/example_dags/example_inlet_event_extra.py
[2025-01-18T09:15:13.153+0000] {logging_mixin.py:190} INFO - [2025-01-18T09:15:13.153+0000] {dag.py:3239} INFO - Sync 2 DAGs
[2025-01-18T09:15:13.171+0000] {logging_mixin.py:190} INFO - [2025-01-18T09:15:13.171+0000] {dag.py:4180} INFO - Setting next_dagrun for read_dataset_event to 2025-01-17 00:00:00+00:00, run_after=2025-01-18 00:00:00+00:00
[2025-01-18T09:15:13.175+0000] {logging_mixin.py:190} INFO - [2025-01-18T09:15:13.175+0000] {dag.py:4180} INFO - Setting next_dagrun for read_dataset_event_from_classic to 2025-01-17 00:00:00+00:00, run_after=2025-01-18 00:00:00+00:00
[2025-01-18T09:15:13.186+0000] {processor.py:208} INFO - Processing /home/airflow/.local/lib/python3.12/site-packages/airflow/example_dags/example_inlet_event_extra.py took 0.625 seconds
[2025-01-18T09:15:43.922+0000] {processor.py:186} INFO - Started process (PID=465) to work on /home/airflow/.local/lib/python3.12/site-packages/airflow/example_dags/example_inlet_event_extra.py
[2025-01-18T09:15:43.923+0000] {processor.py:914} INFO - Processing file /home/airflow/.local/lib/python3.12/site-packages/airflow/example_dags/example_inlet_event_extra.py for tasks to queue
[2025-01-18T09:15:43.925+0000] {logging_mixin.py:190} INFO - [2025-01-18T09:15:43.925+0000] {dagbag.py:588} INFO - Filling up the DagBag from /home/airflow/.local/lib/python3.12/site-packages/airflow/example_dags/example_inlet_event_extra.py
[2025-01-18T09:15:44.602+0000] {processor.py:925} INFO - DAG(s) 'read_dataset_event', 'read_dataset_event_from_classic' retrieved from /home/airflow/.local/lib/python3.12/site-packages/airflow/example_dags/example_inlet_event_extra.py
[2025-01-18T09:15:44.618+0000] {logging_mixin.py:190} INFO - [2025-01-18T09:15:44.618+0000] {dag.py:3239} INFO - Sync 2 DAGs
[2025-01-18T09:15:44.637+0000] {logging_mixin.py:190} INFO - [2025-01-18T09:15:44.636+0000] {dag.py:4180} INFO - Setting next_dagrun for read_dataset_event to 2025-01-17 00:00:00+00:00, run_after=2025-01-18 00:00:00+00:00
[2025-01-18T09:15:44.640+0000] {logging_mixin.py:190} INFO - [2025-01-18T09:15:44.640+0000] {dag.py:4180} INFO - Setting next_dagrun for read_dataset_event_from_classic to 2025-01-17 00:00:00+00:00, run_after=2025-01-18 00:00:00+00:00
[2025-01-18T09:15:44.651+0000] {processor.py:208} INFO - Processing /home/airflow/.local/lib/python3.12/site-packages/airflow/example_dags/example_inlet_event_extra.py took 0.734 seconds
[2025-01-18T09:16:15.210+0000] {processor.py:186} INFO - Started process (PID=530) to work on /home/airflow/.local/lib/python3.12/site-packages/airflow/example_dags/example_inlet_event_extra.py
[2025-01-18T09:16:15.211+0000] {processor.py:914} INFO - Processing file /home/airflow/.local/lib/python3.12/site-packages/airflow/example_dags/example_inlet_event_extra.py for tasks to queue
[2025-01-18T09:16:15.213+0000] {logging_mixin.py:190} INFO - [2025-01-18T09:16:15.213+0000] {dagbag.py:588} INFO - Filling up the DagBag from /home/airflow/.local/lib/python3.12/site-packages/airflow/example_dags/example_inlet_event_extra.py
[2025-01-18T09:16:15.930+0000] {processor.py:925} INFO - DAG(s) 'read_dataset_event', 'read_dataset_event_from_classic' retrieved from /home/airflow/.local/lib/python3.12/site-packages/airflow/example_dags/example_inlet_event_extra.py
[2025-01-18T09:16:15.972+0000] {logging_mixin.py:190} INFO - [2025-01-18T09:16:15.972+0000] {dag.py:3239} INFO - Sync 2 DAGs
[2025-01-18T09:16:16.005+0000] {logging_mixin.py:190} INFO - [2025-01-18T09:16:16.004+0000] {dag.py:4180} INFO - Setting next_dagrun for read_dataset_event to 2025-01-17 00:00:00+00:00, run_after=2025-01-18 00:00:00+00:00
[2025-01-18T09:16:16.012+0000] {logging_mixin.py:190} INFO - [2025-01-18T09:16:16.011+0000] {dag.py:4180} INFO - Setting next_dagrun for read_dataset_event_from_classic to 2025-01-17 00:00:00+00:00, run_after=2025-01-18 00:00:00+00:00
[2025-01-18T09:16:16.048+0000] {processor.py:208} INFO - Processing /home/airflow/.local/lib/python3.12/site-packages/airflow/example_dags/example_inlet_event_extra.py took 0.843 seconds
[2025-01-18T09:16:47.019+0000] {processor.py:186} INFO - Started process (PID=602) to work on /home/airflow/.local/lib/python3.12/site-packages/airflow/example_dags/example_inlet_event_extra.py
[2025-01-18T09:16:47.020+0000] {processor.py:914} INFO - Processing file /home/airflow/.local/lib/python3.12/site-packages/airflow/example_dags/example_inlet_event_extra.py for tasks to queue
[2025-01-18T09:16:47.022+0000] {logging_mixin.py:190} INFO - [2025-01-18T09:16:47.022+0000] {dagbag.py:588} INFO - Filling up the DagBag from /home/airflow/.local/lib/python3.12/site-packages/airflow/example_dags/example_inlet_event_extra.py
[2025-01-18T09:16:47.719+0000] {processor.py:925} INFO - DAG(s) 'read_dataset_event', 'read_dataset_event_from_classic' retrieved from /home/airflow/.local/lib/python3.12/site-packages/airflow/example_dags/example_inlet_event_extra.py
[2025-01-18T09:16:47.745+0000] {logging_mixin.py:190} INFO - [2025-01-18T09:16:47.744+0000] {dag.py:3239} INFO - Sync 2 DAGs
[2025-01-18T09:16:47.777+0000] {logging_mixin.py:190} INFO - [2025-01-18T09:16:47.777+0000] {dag.py:4180} INFO - Setting next_dagrun for read_dataset_event to 2025-01-17 00:00:00+00:00, run_after=2025-01-18 00:00:00+00:00
[2025-01-18T09:16:47.783+0000] {logging_mixin.py:190} INFO - [2025-01-18T09:16:47.783+0000] {dag.py:4180} INFO - Setting next_dagrun for read_dataset_event_from_classic to 2025-01-17 00:00:00+00:00, run_after=2025-01-18 00:00:00+00:00
[2025-01-18T09:16:47.800+0000] {processor.py:208} INFO - Processing /home/airflow/.local/lib/python3.12/site-packages/airflow/example_dags/example_inlet_event_extra.py took 0.786 seconds
[2025-01-18T09:17:18.326+0000] {processor.py:186} INFO - Started process (PID=667) to work on /home/airflow/.local/lib/python3.12/site-packages/airflow/example_dags/example_inlet_event_extra.py
[2025-01-18T09:17:18.327+0000] {processor.py:914} INFO - Processing file /home/airflow/.local/lib/python3.12/site-packages/airflow/example_dags/example_inlet_event_extra.py for tasks to queue
[2025-01-18T09:17:18.328+0000] {logging_mixin.py:190} INFO - [2025-01-18T09:17:18.328+0000] {dagbag.py:588} INFO - Filling up the DagBag from /home/airflow/.local/lib/python3.12/site-packages/airflow/example_dags/example_inlet_event_extra.py
[2025-01-18T09:17:18.862+0000] {processor.py:925} INFO - DAG(s) 'read_dataset_event_from_classic', 'read_dataset_event' retrieved from /home/airflow/.local/lib/python3.12/site-packages/airflow/example_dags/example_inlet_event_extra.py
[2025-01-18T09:17:18.885+0000] {logging_mixin.py:190} INFO - [2025-01-18T09:17:18.884+0000] {dag.py:3239} INFO - Sync 2 DAGs
[2025-01-18T09:17:18.915+0000] {logging_mixin.py:190} INFO - [2025-01-18T09:17:18.915+0000] {dag.py:4180} INFO - Setting next_dagrun for read_dataset_event to 2025-01-17 00:00:00+00:00, run_after=2025-01-18 00:00:00+00:00
[2025-01-18T09:17:18.923+0000] {logging_mixin.py:190} INFO - [2025-01-18T09:17:18.922+0000] {dag.py:4180} INFO - Setting next_dagrun for read_dataset_event_from_classic to 2025-01-17 00:00:00+00:00, run_after=2025-01-18 00:00:00+00:00
[2025-01-18T09:17:18.942+0000] {processor.py:208} INFO - Processing /home/airflow/.local/lib/python3.12/site-packages/airflow/example_dags/example_inlet_event_extra.py took 0.621 seconds
[2025-01-18T09:17:49.817+0000] {processor.py:186} INFO - Started process (PID=731) to work on /home/airflow/.local/lib/python3.12/site-packages/airflow/example_dags/example_inlet_event_extra.py
[2025-01-18T09:17:49.818+0000] {processor.py:914} INFO - Processing file /home/airflow/.local/lib/python3.12/site-packages/airflow/example_dags/example_inlet_event_extra.py for tasks to queue
[2025-01-18T09:17:49.820+0000] {logging_mixin.py:190} INFO - [2025-01-18T09:17:49.819+0000] {dagbag.py:588} INFO - Filling up the DagBag from /home/airflow/.local/lib/python3.12/site-packages/airflow/example_dags/example_inlet_event_extra.py
[2025-01-18T09:17:50.589+0000] {processor.py:925} INFO - DAG(s) 'read_dataset_event', 'read_dataset_event_from_classic' retrieved from /home/airflow/.local/lib/python3.12/site-packages/airflow/example_dags/example_inlet_event_extra.py
[2025-01-18T09:17:50.604+0000] {logging_mixin.py:190} INFO - [2025-01-18T09:17:50.604+0000] {dag.py:3239} INFO - Sync 2 DAGs
[2025-01-18T09:17:50.622+0000] {logging_mixin.py:190} INFO - [2025-01-18T09:17:50.622+0000] {dag.py:4180} INFO - Setting next_dagrun for read_dataset_event to 2025-01-17 00:00:00+00:00, run_after=2025-01-18 00:00:00+00:00
[2025-01-18T09:17:50.626+0000] {logging_mixin.py:190} INFO - [2025-01-18T09:17:50.626+0000] {dag.py:4180} INFO - Setting next_dagrun for read_dataset_event_from_classic to 2025-01-17 00:00:00+00:00, run_after=2025-01-18 00:00:00+00:00
[2025-01-18T09:17:50.638+0000] {processor.py:208} INFO - Processing /home/airflow/.local/lib/python3.12/site-packages/airflow/example_dags/example_inlet_event_extra.py took 0.826 seconds
[2025-01-18T09:18:21.623+0000] {processor.py:186} INFO - Started process (PID=800) to work on /home/airflow/.local/lib/python3.12/site-packages/airflow/example_dags/example_inlet_event_extra.py
[2025-01-18T09:18:21.624+0000] {processor.py:914} INFO - Processing file /home/airflow/.local/lib/python3.12/site-packages/airflow/example_dags/example_inlet_event_extra.py for tasks to queue
[2025-01-18T09:18:21.626+0000] {logging_mixin.py:190} INFO - [2025-01-18T09:18:21.625+0000] {dagbag.py:588} INFO - Filling up the DagBag from /home/airflow/.local/lib/python3.12/site-packages/airflow/example_dags/example_inlet_event_extra.py
[2025-01-18T09:18:22.248+0000] {processor.py:925} INFO - DAG(s) 'read_dataset_event_from_classic', 'read_dataset_event' retrieved from /home/airflow/.local/lib/python3.12/site-packages/airflow/example_dags/example_inlet_event_extra.py
[2025-01-18T09:18:22.263+0000] {logging_mixin.py:190} INFO - [2025-01-18T09:18:22.263+0000] {dag.py:3239} INFO - Sync 2 DAGs
[2025-01-18T09:18:22.281+0000] {logging_mixin.py:190} INFO - [2025-01-18T09:18:22.281+0000] {dag.py:4180} INFO - Setting next_dagrun for read_dataset_event to 2025-01-17 00:00:00+00:00, run_after=2025-01-18 00:00:00+00:00
[2025-01-18T09:18:22.285+0000] {logging_mixin.py:190} INFO - [2025-01-18T09:18:22.285+0000] {dag.py:4180} INFO - Setting next_dagrun for read_dataset_event_from_classic to 2025-01-17 00:00:00+00:00, run_after=2025-01-18 00:00:00+00:00
[2025-01-18T09:18:22.297+0000] {processor.py:208} INFO - Processing /home/airflow/.local/lib/python3.12/site-packages/airflow/example_dags/example_inlet_event_extra.py took 0.680 seconds
[2025-01-18T09:18:53.026+0000] {processor.py:186} INFO - Started process (PID=864) to work on /home/airflow/.local/lib/python3.12/site-packages/airflow/example_dags/example_inlet_event_extra.py
[2025-01-18T09:18:53.037+0000] {processor.py:914} INFO - Processing file /home/airflow/.local/lib/python3.12/site-packages/airflow/example_dags/example_inlet_event_extra.py for tasks to queue
[2025-01-18T09:18:53.045+0000] {logging_mixin.py:190} INFO - [2025-01-18T09:18:53.044+0000] {dagbag.py:588} INFO - Filling up the DagBag from /home/airflow/.local/lib/python3.12/site-packages/airflow/example_dags/example_inlet_event_extra.py
[2025-01-18T09:18:54.819+0000] {processor.py:925} INFO - DAG(s) 'read_dataset_event_from_classic', 'read_dataset_event' retrieved from /home/airflow/.local/lib/python3.12/site-packages/airflow/example_dags/example_inlet_event_extra.py
[2025-01-18T09:18:54.867+0000] {logging_mixin.py:190} INFO - [2025-01-18T09:18:54.867+0000] {dag.py:3239} INFO - Sync 2 DAGs
[2025-01-18T09:18:54.948+0000] {logging_mixin.py:190} INFO - [2025-01-18T09:18:54.937+0000] {dag.py:4180} INFO - Setting next_dagrun for read_dataset_event to 2025-01-17 00:00:00+00:00, run_after=2025-01-18 00:00:00+00:00
[2025-01-18T09:18:54.969+0000] {logging_mixin.py:190} INFO - [2025-01-18T09:18:54.969+0000] {dag.py:4180} INFO - Setting next_dagrun for read_dataset_event_from_classic to 2025-01-17 00:00:00+00:00, run_after=2025-01-18 00:00:00+00:00
[2025-01-18T09:18:55.018+0000] {processor.py:208} INFO - Processing /home/airflow/.local/lib/python3.12/site-packages/airflow/example_dags/example_inlet_event_extra.py took 2.028 seconds
[2025-01-18T09:19:25.136+0000] {processor.py:186} INFO - Started process (PID=931) to work on /home/airflow/.local/lib/python3.12/site-packages/airflow/example_dags/example_inlet_event_extra.py
[2025-01-18T09:19:25.140+0000] {processor.py:914} INFO - Processing file /home/airflow/.local/lib/python3.12/site-packages/airflow/example_dags/example_inlet_event_extra.py for tasks to queue
[2025-01-18T09:19:25.143+0000] {logging_mixin.py:190} INFO - [2025-01-18T09:19:25.142+0000] {dagbag.py:588} INFO - Filling up the DagBag from /home/airflow/.local/lib/python3.12/site-packages/airflow/example_dags/example_inlet_event_extra.py
[2025-01-18T09:19:26.188+0000] {processor.py:925} INFO - DAG(s) 'read_dataset_event_from_classic', 'read_dataset_event' retrieved from /home/airflow/.local/lib/python3.12/site-packages/airflow/example_dags/example_inlet_event_extra.py
[2025-01-18T09:19:26.249+0000] {logging_mixin.py:190} INFO - [2025-01-18T09:19:26.248+0000] {dag.py:3239} INFO - Sync 2 DAGs
[2025-01-18T09:19:26.316+0000] {logging_mixin.py:190} INFO - [2025-01-18T09:19:26.316+0000] {dag.py:4180} INFO - Setting next_dagrun for read_dataset_event to 2025-01-17 00:00:00+00:00, run_after=2025-01-18 00:00:00+00:00
[2025-01-18T09:19:26.330+0000] {logging_mixin.py:190} INFO - [2025-01-18T09:19:26.330+0000] {dag.py:4180} INFO - Setting next_dagrun for read_dataset_event_from_classic to 2025-01-17 00:00:00+00:00, run_after=2025-01-18 00:00:00+00:00
[2025-01-18T09:19:26.359+0000] {processor.py:208} INFO - Processing /home/airflow/.local/lib/python3.12/site-packages/airflow/example_dags/example_inlet_event_extra.py took 1.230 seconds
[2025-01-18T09:19:56.478+0000] {processor.py:186} INFO - Started process (PID=995) to work on /home/airflow/.local/lib/python3.12/site-packages/airflow/example_dags/example_inlet_event_extra.py
[2025-01-18T09:19:56.478+0000] {processor.py:914} INFO - Processing file /home/airflow/.local/lib/python3.12/site-packages/airflow/example_dags/example_inlet_event_extra.py for tasks to queue
[2025-01-18T09:19:56.480+0000] {logging_mixin.py:190} INFO - [2025-01-18T09:19:56.479+0000] {dagbag.py:588} INFO - Filling up the DagBag from /home/airflow/.local/lib/python3.12/site-packages/airflow/example_dags/example_inlet_event_extra.py
[2025-01-18T09:19:57.039+0000] {processor.py:925} INFO - DAG(s) 'read_dataset_event_from_classic', 'read_dataset_event' retrieved from /home/airflow/.local/lib/python3.12/site-packages/airflow/example_dags/example_inlet_event_extra.py
[2025-01-18T09:19:57.064+0000] {logging_mixin.py:190} INFO - [2025-01-18T09:19:57.063+0000] {dag.py:3239} INFO - Sync 2 DAGs
[2025-01-18T09:19:57.096+0000] {logging_mixin.py:190} INFO - [2025-01-18T09:19:57.096+0000] {dag.py:4180} INFO - Setting next_dagrun for read_dataset_event to 2025-01-17 00:00:00+00:00, run_after=2025-01-18 00:00:00+00:00
[2025-01-18T09:19:57.103+0000] {logging_mixin.py:190} INFO - [2025-01-18T09:19:57.102+0000] {dag.py:4180} INFO - Setting next_dagrun for read_dataset_event_from_classic to 2025-01-17 00:00:00+00:00, run_after=2025-01-18 00:00:00+00:00
[2025-01-18T09:19:57.118+0000] {processor.py:208} INFO - Processing /home/airflow/.local/lib/python3.12/site-packages/airflow/example_dags/example_inlet_event_extra.py took 0.645 seconds
[2025-01-18T09:20:27.316+0000] {processor.py:186} INFO - Started process (PID=1058) to work on /home/airflow/.local/lib/python3.12/site-packages/airflow/example_dags/example_inlet_event_extra.py
[2025-01-18T09:20:27.317+0000] {processor.py:914} INFO - Processing file /home/airflow/.local/lib/python3.12/site-packages/airflow/example_dags/example_inlet_event_extra.py for tasks to queue
[2025-01-18T09:20:27.319+0000] {logging_mixin.py:190} INFO - [2025-01-18T09:20:27.319+0000] {dagbag.py:588} INFO - Filling up the DagBag from /home/airflow/.local/lib/python3.12/site-packages/airflow/example_dags/example_inlet_event_extra.py
[2025-01-18T09:20:27.858+0000] {processor.py:925} INFO - DAG(s) 'read_dataset_event', 'read_dataset_event_from_classic' retrieved from /home/airflow/.local/lib/python3.12/site-packages/airflow/example_dags/example_inlet_event_extra.py
[2025-01-18T09:20:27.874+0000] {logging_mixin.py:190} INFO - [2025-01-18T09:20:27.874+0000] {dag.py:3239} INFO - Sync 2 DAGs
[2025-01-18T09:20:27.893+0000] {logging_mixin.py:190} INFO - [2025-01-18T09:20:27.893+0000] {dag.py:4180} INFO - Setting next_dagrun for read_dataset_event to 2025-01-17 00:00:00+00:00, run_after=2025-01-18 00:00:00+00:00
[2025-01-18T09:20:27.897+0000] {logging_mixin.py:190} INFO - [2025-01-18T09:20:27.897+0000] {dag.py:4180} INFO - Setting next_dagrun for read_dataset_event_from_classic to 2025-01-17 00:00:00+00:00, run_after=2025-01-18 00:00:00+00:00
[2025-01-18T09:20:27.908+0000] {processor.py:208} INFO - Processing /home/airflow/.local/lib/python3.12/site-packages/airflow/example_dags/example_inlet_event_extra.py took 0.597 seconds
[2025-01-18T09:20:58.606+0000] {processor.py:186} INFO - Started process (PID=1123) to work on /home/airflow/.local/lib/python3.12/site-packages/airflow/example_dags/example_inlet_event_extra.py
[2025-01-18T09:20:58.606+0000] {processor.py:914} INFO - Processing file /home/airflow/.local/lib/python3.12/site-packages/airflow/example_dags/example_inlet_event_extra.py for tasks to queue
[2025-01-18T09:20:58.608+0000] {logging_mixin.py:190} INFO - [2025-01-18T09:20:58.608+0000] {dagbag.py:588} INFO - Filling up the DagBag from /home/airflow/.local/lib/python3.12/site-packages/airflow/example_dags/example_inlet_event_extra.py
[2025-01-18T09:20:59.110+0000] {processor.py:925} INFO - DAG(s) 'read_dataset_event', 'read_dataset_event_from_classic' retrieved from /home/airflow/.local/lib/python3.12/site-packages/airflow/example_dags/example_inlet_event_extra.py
[2025-01-18T09:20:59.127+0000] {logging_mixin.py:190} INFO - [2025-01-18T09:20:59.126+0000] {dag.py:3239} INFO - Sync 2 DAGs
[2025-01-18T09:20:59.148+0000] {logging_mixin.py:190} INFO - [2025-01-18T09:20:59.148+0000] {dag.py:4180} INFO - Setting next_dagrun for read_dataset_event to 2025-01-17 00:00:00+00:00, run_after=2025-01-18 00:00:00+00:00
[2025-01-18T09:20:59.154+0000] {logging_mixin.py:190} INFO - [2025-01-18T09:20:59.154+0000] {dag.py:4180} INFO - Setting next_dagrun for read_dataset_event_from_classic to 2025-01-17 00:00:00+00:00, run_after=2025-01-18 00:00:00+00:00
[2025-01-18T09:20:59.171+0000] {processor.py:208} INFO - Processing /home/airflow/.local/lib/python3.12/site-packages/airflow/example_dags/example_inlet_event_extra.py took 0.570 seconds
