[2025-01-18T09:12:29.360+0000] {processor.py:186} INFO - Started process (PID=79) to work on /home/airflow/.local/lib/python3.12/site-packages/airflow/example_dags/example_sensor_decorator.py
[2025-01-18T09:12:29.361+0000] {processor.py:914} INFO - Processing file /home/airflow/.local/lib/python3.12/site-packages/airflow/example_dags/example_sensor_decorator.py for tasks to queue
[2025-01-18T09:12:29.375+0000] {logging_mixin.py:190} INFO - [2025-01-18T09:12:29.374+0000] {dagbag.py:588} INFO - Filling up the DagBag from /home/airflow/.local/lib/python3.12/site-packages/airflow/example_dags/example_sensor_decorator.py
[2025-01-18T09:12:29.406+0000] {processor.py:925} INFO - DAG(s) 'example_sensor_decorator' retrieved from /home/airflow/.local/lib/python3.12/site-packages/airflow/example_dags/example_sensor_decorator.py
[2025-01-18T09:12:29.987+0000] {logging_mixin.py:190} INFO - [2025-01-18T09:12:29.986+0000] {override.py:1911} INFO - Created Permission View: can edit on DAG:example_sensor_decorator
[2025-01-18T09:12:30.041+0000] {logging_mixin.py:190} INFO - [2025-01-18T09:12:30.041+0000] {override.py:1911} INFO - Created Permission View: can read on DAG:example_sensor_decorator
[2025-01-18T09:12:30.072+0000] {logging_mixin.py:190} INFO - [2025-01-18T09:12:30.072+0000] {override.py:1911} INFO - Created Permission View: can delete on DAG:example_sensor_decorator
[2025-01-18T09:12:30.090+0000] {logging_mixin.py:190} INFO - [2025-01-18T09:12:30.089+0000] {override.py:1911} INFO - Created Permission View: can create on DAG Run:example_sensor_decorator
[2025-01-18T09:12:30.108+0000] {logging_mixin.py:190} INFO - [2025-01-18T09:12:30.108+0000] {override.py:1911} INFO - Created Permission View: menu access on DAG Run:example_sensor_decorator
[2025-01-18T09:12:30.124+0000] {logging_mixin.py:190} INFO - [2025-01-18T09:12:30.124+0000] {override.py:1911} INFO - Created Permission View: can read on DAG Run:example_sensor_decorator
[2025-01-18T09:12:30.154+0000] {logging_mixin.py:190} INFO - [2025-01-18T09:12:30.154+0000] {override.py:1911} INFO - Created Permission View: can delete on DAG Run:example_sensor_decorator
[2025-01-18T09:12:30.154+0000] {logging_mixin.py:190} INFO - [2025-01-18T09:12:30.154+0000] {dag.py:3239} INFO - Sync 1 DAGs
[2025-01-18T09:12:30.189+0000] {logging_mixin.py:190} INFO - [2025-01-18T09:12:30.189+0000] {dag.py:3262} INFO - Creating ORM DAG for example_sensor_decorator
[2025-01-18T09:12:30.195+0000] {logging_mixin.py:190} INFO - [2025-01-18T09:12:30.195+0000] {dag.py:4180} INFO - Setting next_dagrun for example_sensor_decorator to None, run_after=None
[2025-01-18T09:12:30.282+0000] {processor.py:208} INFO - Processing /home/airflow/.local/lib/python3.12/site-packages/airflow/example_dags/example_sensor_decorator.py took 0.941 seconds
[2025-01-18T09:13:00.709+0000] {processor.py:186} INFO - Started process (PID=141) to work on /home/airflow/.local/lib/python3.12/site-packages/airflow/example_dags/example_sensor_decorator.py
[2025-01-18T09:13:00.710+0000] {processor.py:914} INFO - Processing file /home/airflow/.local/lib/python3.12/site-packages/airflow/example_dags/example_sensor_decorator.py for tasks to queue
[2025-01-18T09:13:00.712+0000] {logging_mixin.py:190} INFO - [2025-01-18T09:13:00.712+0000] {dagbag.py:588} INFO - Filling up the DagBag from /home/airflow/.local/lib/python3.12/site-packages/airflow/example_dags/example_sensor_decorator.py
[2025-01-18T09:13:00.722+0000] {processor.py:925} INFO - DAG(s) 'example_sensor_decorator' retrieved from /home/airflow/.local/lib/python3.12/site-packages/airflow/example_dags/example_sensor_decorator.py
[2025-01-18T09:13:00.766+0000] {logging_mixin.py:190} INFO - [2025-01-18T09:13:00.766+0000] {dag.py:3239} INFO - Sync 1 DAGs
[2025-01-18T09:13:00.804+0000] {logging_mixin.py:190} INFO - [2025-01-18T09:13:00.804+0000] {dag.py:4180} INFO - Setting next_dagrun for example_sensor_decorator to None, run_after=None
[2025-01-18T09:13:00.885+0000] {processor.py:208} INFO - Processing /home/airflow/.local/lib/python3.12/site-packages/airflow/example_dags/example_sensor_decorator.py took 0.183 seconds
[2025-01-18T09:13:31.564+0000] {processor.py:186} INFO - Started process (PID=204) to work on /home/airflow/.local/lib/python3.12/site-packages/airflow/example_dags/example_sensor_decorator.py
[2025-01-18T09:13:31.565+0000] {processor.py:914} INFO - Processing file /home/airflow/.local/lib/python3.12/site-packages/airflow/example_dags/example_sensor_decorator.py for tasks to queue
[2025-01-18T09:13:31.566+0000] {logging_mixin.py:190} INFO - [2025-01-18T09:13:31.566+0000] {dagbag.py:588} INFO - Filling up the DagBag from /home/airflow/.local/lib/python3.12/site-packages/airflow/example_dags/example_sensor_decorator.py
[2025-01-18T09:13:31.572+0000] {processor.py:925} INFO - DAG(s) 'example_sensor_decorator' retrieved from /home/airflow/.local/lib/python3.12/site-packages/airflow/example_dags/example_sensor_decorator.py
[2025-01-18T09:13:31.586+0000] {logging_mixin.py:190} INFO - [2025-01-18T09:13:31.586+0000] {dag.py:3239} INFO - Sync 1 DAGs
[2025-01-18T09:13:31.597+0000] {logging_mixin.py:190} INFO - [2025-01-18T09:13:31.597+0000] {dag.py:4180} INFO - Setting next_dagrun for example_sensor_decorator to None, run_after=None
[2025-01-18T09:13:31.609+0000] {processor.py:208} INFO - Processing /home/airflow/.local/lib/python3.12/site-packages/airflow/example_dags/example_sensor_decorator.py took 0.050 seconds
[2025-01-18T09:14:02.290+0000] {processor.py:186} INFO - Started process (PID=267) to work on /home/airflow/.local/lib/python3.12/site-packages/airflow/example_dags/example_sensor_decorator.py
[2025-01-18T09:14:02.290+0000] {processor.py:914} INFO - Processing file /home/airflow/.local/lib/python3.12/site-packages/airflow/example_dags/example_sensor_decorator.py for tasks to queue
[2025-01-18T09:14:02.292+0000] {logging_mixin.py:190} INFO - [2025-01-18T09:14:02.292+0000] {dagbag.py:588} INFO - Filling up the DagBag from /home/airflow/.local/lib/python3.12/site-packages/airflow/example_dags/example_sensor_decorator.py
[2025-01-18T09:14:02.298+0000] {processor.py:925} INFO - DAG(s) 'example_sensor_decorator' retrieved from /home/airflow/.local/lib/python3.12/site-packages/airflow/example_dags/example_sensor_decorator.py
[2025-01-18T09:14:02.312+0000] {logging_mixin.py:190} INFO - [2025-01-18T09:14:02.312+0000] {dag.py:3239} INFO - Sync 1 DAGs
[2025-01-18T09:14:02.323+0000] {logging_mixin.py:190} INFO - [2025-01-18T09:14:02.323+0000] {dag.py:4180} INFO - Setting next_dagrun for example_sensor_decorator to None, run_after=None
[2025-01-18T09:14:02.336+0000] {processor.py:208} INFO - Processing /home/airflow/.local/lib/python3.12/site-packages/airflow/example_dags/example_sensor_decorator.py took 0.051 seconds
[2025-01-18T09:14:32.859+0000] {processor.py:186} INFO - Started process (PID=331) to work on /home/airflow/.local/lib/python3.12/site-packages/airflow/example_dags/example_sensor_decorator.py
[2025-01-18T09:14:32.860+0000] {processor.py:914} INFO - Processing file /home/airflow/.local/lib/python3.12/site-packages/airflow/example_dags/example_sensor_decorator.py for tasks to queue
[2025-01-18T09:14:32.861+0000] {logging_mixin.py:190} INFO - [2025-01-18T09:14:32.861+0000] {dagbag.py:588} INFO - Filling up the DagBag from /home/airflow/.local/lib/python3.12/site-packages/airflow/example_dags/example_sensor_decorator.py
[2025-01-18T09:14:32.870+0000] {processor.py:925} INFO - DAG(s) 'example_sensor_decorator' retrieved from /home/airflow/.local/lib/python3.12/site-packages/airflow/example_dags/example_sensor_decorator.py
[2025-01-18T09:14:32.888+0000] {logging_mixin.py:190} INFO - [2025-01-18T09:14:32.888+0000] {dag.py:3239} INFO - Sync 1 DAGs
[2025-01-18T09:14:32.899+0000] {logging_mixin.py:190} INFO - [2025-01-18T09:14:32.899+0000] {dag.py:4180} INFO - Setting next_dagrun for example_sensor_decorator to None, run_after=None
[2025-01-18T09:14:32.913+0000] {processor.py:208} INFO - Processing /home/airflow/.local/lib/python3.12/site-packages/airflow/example_dags/example_sensor_decorator.py took 0.058 seconds
[2025-01-18T09:15:03.086+0000] {processor.py:186} INFO - Started process (PID=394) to work on /home/airflow/.local/lib/python3.12/site-packages/airflow/example_dags/example_sensor_decorator.py
[2025-01-18T09:15:03.087+0000] {processor.py:914} INFO - Processing file /home/airflow/.local/lib/python3.12/site-packages/airflow/example_dags/example_sensor_decorator.py for tasks to queue
[2025-01-18T09:15:03.088+0000] {logging_mixin.py:190} INFO - [2025-01-18T09:15:03.088+0000] {dagbag.py:588} INFO - Filling up the DagBag from /home/airflow/.local/lib/python3.12/site-packages/airflow/example_dags/example_sensor_decorator.py
[2025-01-18T09:15:03.094+0000] {processor.py:925} INFO - DAG(s) 'example_sensor_decorator' retrieved from /home/airflow/.local/lib/python3.12/site-packages/airflow/example_dags/example_sensor_decorator.py
[2025-01-18T09:15:03.109+0000] {logging_mixin.py:190} INFO - [2025-01-18T09:15:03.109+0000] {dag.py:3239} INFO - Sync 1 DAGs
[2025-01-18T09:15:03.121+0000] {logging_mixin.py:190} INFO - [2025-01-18T09:15:03.121+0000] {dag.py:4180} INFO - Setting next_dagrun for example_sensor_decorator to None, run_after=None
[2025-01-18T09:15:03.133+0000] {processor.py:208} INFO - Processing /home/airflow/.local/lib/python3.12/site-packages/airflow/example_dags/example_sensor_decorator.py took 0.051 seconds
[2025-01-18T09:15:33.706+0000] {processor.py:186} INFO - Started process (PID=457) to work on /home/airflow/.local/lib/python3.12/site-packages/airflow/example_dags/example_sensor_decorator.py
[2025-01-18T09:15:33.706+0000] {processor.py:914} INFO - Processing file /home/airflow/.local/lib/python3.12/site-packages/airflow/example_dags/example_sensor_decorator.py for tasks to queue
[2025-01-18T09:15:33.708+0000] {logging_mixin.py:190} INFO - [2025-01-18T09:15:33.707+0000] {dagbag.py:588} INFO - Filling up the DagBag from /home/airflow/.local/lib/python3.12/site-packages/airflow/example_dags/example_sensor_decorator.py
[2025-01-18T09:15:33.714+0000] {processor.py:925} INFO - DAG(s) 'example_sensor_decorator' retrieved from /home/airflow/.local/lib/python3.12/site-packages/airflow/example_dags/example_sensor_decorator.py
[2025-01-18T09:15:33.729+0000] {logging_mixin.py:190} INFO - [2025-01-18T09:15:33.728+0000] {dag.py:3239} INFO - Sync 1 DAGs
[2025-01-18T09:15:33.739+0000] {logging_mixin.py:190} INFO - [2025-01-18T09:15:33.739+0000] {dag.py:4180} INFO - Setting next_dagrun for example_sensor_decorator to None, run_after=None
[2025-01-18T09:15:33.752+0000] {processor.py:208} INFO - Processing /home/airflow/.local/lib/python3.12/site-packages/airflow/example_dags/example_sensor_decorator.py took 0.050 seconds
[2025-01-18T09:16:04.019+0000] {processor.py:186} INFO - Started process (PID=520) to work on /home/airflow/.local/lib/python3.12/site-packages/airflow/example_dags/example_sensor_decorator.py
[2025-01-18T09:16:04.020+0000] {processor.py:914} INFO - Processing file /home/airflow/.local/lib/python3.12/site-packages/airflow/example_dags/example_sensor_decorator.py for tasks to queue
[2025-01-18T09:16:04.021+0000] {logging_mixin.py:190} INFO - [2025-01-18T09:16:04.021+0000] {dagbag.py:588} INFO - Filling up the DagBag from /home/airflow/.local/lib/python3.12/site-packages/airflow/example_dags/example_sensor_decorator.py
[2025-01-18T09:16:04.027+0000] {processor.py:925} INFO - DAG(s) 'example_sensor_decorator' retrieved from /home/airflow/.local/lib/python3.12/site-packages/airflow/example_dags/example_sensor_decorator.py
[2025-01-18T09:16:04.042+0000] {logging_mixin.py:190} INFO - [2025-01-18T09:16:04.041+0000] {dag.py:3239} INFO - Sync 1 DAGs
[2025-01-18T09:16:04.052+0000] {logging_mixin.py:190} INFO - [2025-01-18T09:16:04.052+0000] {dag.py:4180} INFO - Setting next_dagrun for example_sensor_decorator to None, run_after=None
[2025-01-18T09:16:04.064+0000] {processor.py:208} INFO - Processing /home/airflow/.local/lib/python3.12/site-packages/airflow/example_dags/example_sensor_decorator.py took 0.049 seconds
[2025-01-18T09:16:34.658+0000] {processor.py:186} INFO - Started process (PID=582) to work on /home/airflow/.local/lib/python3.12/site-packages/airflow/example_dags/example_sensor_decorator.py
[2025-01-18T09:16:34.662+0000] {processor.py:914} INFO - Processing file /home/airflow/.local/lib/python3.12/site-packages/airflow/example_dags/example_sensor_decorator.py for tasks to queue
[2025-01-18T09:16:34.667+0000] {logging_mixin.py:190} INFO - [2025-01-18T09:16:34.667+0000] {dagbag.py:588} INFO - Filling up the DagBag from /home/airflow/.local/lib/python3.12/site-packages/airflow/example_dags/example_sensor_decorator.py
[2025-01-18T09:16:34.687+0000] {processor.py:925} INFO - DAG(s) 'example_sensor_decorator' retrieved from /home/airflow/.local/lib/python3.12/site-packages/airflow/example_dags/example_sensor_decorator.py
[2025-01-18T09:16:34.710+0000] {logging_mixin.py:190} INFO - [2025-01-18T09:16:34.710+0000] {dag.py:3239} INFO - Sync 1 DAGs
[2025-01-18T09:16:34.727+0000] {logging_mixin.py:190} INFO - [2025-01-18T09:16:34.727+0000] {dag.py:4180} INFO - Setting next_dagrun for example_sensor_decorator to None, run_after=None
[2025-01-18T09:16:34.744+0000] {processor.py:208} INFO - Processing /home/airflow/.local/lib/python3.12/site-packages/airflow/example_dags/example_sensor_decorator.py took 0.094 seconds
[2025-01-18T09:17:06.385+0000] {processor.py:186} INFO - Started process (PID=642) to work on /home/airflow/.local/lib/python3.12/site-packages/airflow/example_dags/example_sensor_decorator.py
[2025-01-18T09:17:06.397+0000] {processor.py:914} INFO - Processing file /home/airflow/.local/lib/python3.12/site-packages/airflow/example_dags/example_sensor_decorator.py for tasks to queue
[2025-01-18T09:17:06.402+0000] {logging_mixin.py:190} INFO - [2025-01-18T09:17:06.402+0000] {dagbag.py:588} INFO - Filling up the DagBag from /home/airflow/.local/lib/python3.12/site-packages/airflow/example_dags/example_sensor_decorator.py
[2025-01-18T09:17:06.448+0000] {processor.py:925} INFO - DAG(s) 'example_sensor_decorator' retrieved from /home/airflow/.local/lib/python3.12/site-packages/airflow/example_dags/example_sensor_decorator.py
[2025-01-18T09:17:06.479+0000] {logging_mixin.py:190} INFO - [2025-01-18T09:17:06.479+0000] {dag.py:3239} INFO - Sync 1 DAGs
[2025-01-18T09:17:06.515+0000] {logging_mixin.py:190} INFO - [2025-01-18T09:17:06.515+0000] {dag.py:4180} INFO - Setting next_dagrun for example_sensor_decorator to None, run_after=None
[2025-01-18T09:17:06.550+0000] {processor.py:208} INFO - Processing /home/airflow/.local/lib/python3.12/site-packages/airflow/example_dags/example_sensor_decorator.py took 0.217 seconds
[2025-01-18T09:17:36.749+0000] {processor.py:186} INFO - Started process (PID=705) to work on /home/airflow/.local/lib/python3.12/site-packages/airflow/example_dags/example_sensor_decorator.py
[2025-01-18T09:17:36.750+0000] {processor.py:914} INFO - Processing file /home/airflow/.local/lib/python3.12/site-packages/airflow/example_dags/example_sensor_decorator.py for tasks to queue
[2025-01-18T09:17:36.752+0000] {logging_mixin.py:190} INFO - [2025-01-18T09:17:36.751+0000] {dagbag.py:588} INFO - Filling up the DagBag from /home/airflow/.local/lib/python3.12/site-packages/airflow/example_dags/example_sensor_decorator.py
[2025-01-18T09:17:36.774+0000] {processor.py:925} INFO - DAG(s) 'example_sensor_decorator' retrieved from /home/airflow/.local/lib/python3.12/site-packages/airflow/example_dags/example_sensor_decorator.py
[2025-01-18T09:17:36.810+0000] {logging_mixin.py:190} INFO - [2025-01-18T09:17:36.809+0000] {dag.py:3239} INFO - Sync 1 DAGs
[2025-01-18T09:17:36.831+0000] {logging_mixin.py:190} INFO - [2025-01-18T09:17:36.831+0000] {dag.py:4180} INFO - Setting next_dagrun for example_sensor_decorator to None, run_after=None
[2025-01-18T09:17:36.865+0000] {processor.py:208} INFO - Processing /home/airflow/.local/lib/python3.12/site-packages/airflow/example_dags/example_sensor_decorator.py took 0.134 seconds
[2025-01-18T09:18:07.572+0000] {processor.py:186} INFO - Started process (PID=768) to work on /home/airflow/.local/lib/python3.12/site-packages/airflow/example_dags/example_sensor_decorator.py
[2025-01-18T09:18:07.573+0000] {processor.py:914} INFO - Processing file /home/airflow/.local/lib/python3.12/site-packages/airflow/example_dags/example_sensor_decorator.py for tasks to queue
[2025-01-18T09:18:07.575+0000] {logging_mixin.py:190} INFO - [2025-01-18T09:18:07.574+0000] {dagbag.py:588} INFO - Filling up the DagBag from /home/airflow/.local/lib/python3.12/site-packages/airflow/example_dags/example_sensor_decorator.py
[2025-01-18T09:18:07.584+0000] {processor.py:925} INFO - DAG(s) 'example_sensor_decorator' retrieved from /home/airflow/.local/lib/python3.12/site-packages/airflow/example_dags/example_sensor_decorator.py
[2025-01-18T09:18:07.604+0000] {logging_mixin.py:190} INFO - [2025-01-18T09:18:07.603+0000] {dag.py:3239} INFO - Sync 1 DAGs
[2025-01-18T09:18:07.623+0000] {logging_mixin.py:190} INFO - [2025-01-18T09:18:07.623+0000] {dag.py:4180} INFO - Setting next_dagrun for example_sensor_decorator to None, run_after=None
[2025-01-18T09:18:07.638+0000] {processor.py:208} INFO - Processing /home/airflow/.local/lib/python3.12/site-packages/airflow/example_dags/example_sensor_decorator.py took 0.076 seconds
[2025-01-18T09:18:37.795+0000] {processor.py:186} INFO - Started process (PID=832) to work on /home/airflow/.local/lib/python3.12/site-packages/airflow/example_dags/example_sensor_decorator.py
[2025-01-18T09:18:37.796+0000] {processor.py:914} INFO - Processing file /home/airflow/.local/lib/python3.12/site-packages/airflow/example_dags/example_sensor_decorator.py for tasks to queue
[2025-01-18T09:18:37.798+0000] {logging_mixin.py:190} INFO - [2025-01-18T09:18:37.798+0000] {dagbag.py:588} INFO - Filling up the DagBag from /home/airflow/.local/lib/python3.12/site-packages/airflow/example_dags/example_sensor_decorator.py
[2025-01-18T09:18:37.806+0000] {processor.py:925} INFO - DAG(s) 'example_sensor_decorator' retrieved from /home/airflow/.local/lib/python3.12/site-packages/airflow/example_dags/example_sensor_decorator.py
[2025-01-18T09:18:37.825+0000] {logging_mixin.py:190} INFO - [2025-01-18T09:18:37.825+0000] {dag.py:3239} INFO - Sync 1 DAGs
[2025-01-18T09:18:37.841+0000] {logging_mixin.py:190} INFO - [2025-01-18T09:18:37.841+0000] {dag.py:4180} INFO - Setting next_dagrun for example_sensor_decorator to None, run_after=None
[2025-01-18T09:18:37.857+0000] {processor.py:208} INFO - Processing /home/airflow/.local/lib/python3.12/site-packages/airflow/example_dags/example_sensor_decorator.py took 0.067 seconds
[2025-01-18T09:19:08.504+0000] {processor.py:186} INFO - Started process (PID=894) to work on /home/airflow/.local/lib/python3.12/site-packages/airflow/example_dags/example_sensor_decorator.py
[2025-01-18T09:19:08.504+0000] {processor.py:914} INFO - Processing file /home/airflow/.local/lib/python3.12/site-packages/airflow/example_dags/example_sensor_decorator.py for tasks to queue
[2025-01-18T09:19:08.506+0000] {logging_mixin.py:190} INFO - [2025-01-18T09:19:08.506+0000] {dagbag.py:588} INFO - Filling up the DagBag from /home/airflow/.local/lib/python3.12/site-packages/airflow/example_dags/example_sensor_decorator.py
[2025-01-18T09:19:08.515+0000] {processor.py:925} INFO - DAG(s) 'example_sensor_decorator' retrieved from /home/airflow/.local/lib/python3.12/site-packages/airflow/example_dags/example_sensor_decorator.py
[2025-01-18T09:19:08.534+0000] {logging_mixin.py:190} INFO - [2025-01-18T09:19:08.534+0000] {dag.py:3239} INFO - Sync 1 DAGs
[2025-01-18T09:19:08.551+0000] {logging_mixin.py:190} INFO - [2025-01-18T09:19:08.551+0000] {dag.py:4180} INFO - Setting next_dagrun for example_sensor_decorator to None, run_after=None
[2025-01-18T09:19:08.568+0000] {processor.py:208} INFO - Processing /home/airflow/.local/lib/python3.12/site-packages/airflow/example_dags/example_sensor_decorator.py took 0.070 seconds
[2025-01-18T09:19:38.680+0000] {processor.py:186} INFO - Started process (PID=958) to work on /home/airflow/.local/lib/python3.12/site-packages/airflow/example_dags/example_sensor_decorator.py
[2025-01-18T09:19:38.681+0000] {processor.py:914} INFO - Processing file /home/airflow/.local/lib/python3.12/site-packages/airflow/example_dags/example_sensor_decorator.py for tasks to queue
[2025-01-18T09:19:38.682+0000] {logging_mixin.py:190} INFO - [2025-01-18T09:19:38.682+0000] {dagbag.py:588} INFO - Filling up the DagBag from /home/airflow/.local/lib/python3.12/site-packages/airflow/example_dags/example_sensor_decorator.py
[2025-01-18T09:19:38.688+0000] {processor.py:925} INFO - DAG(s) 'example_sensor_decorator' retrieved from /home/airflow/.local/lib/python3.12/site-packages/airflow/example_dags/example_sensor_decorator.py
[2025-01-18T09:19:38.703+0000] {logging_mixin.py:190} INFO - [2025-01-18T09:19:38.702+0000] {dag.py:3239} INFO - Sync 1 DAGs
[2025-01-18T09:19:38.714+0000] {logging_mixin.py:190} INFO - [2025-01-18T09:19:38.713+0000] {dag.py:4180} INFO - Setting next_dagrun for example_sensor_decorator to None, run_after=None
[2025-01-18T09:19:38.726+0000] {processor.py:208} INFO - Processing /home/airflow/.local/lib/python3.12/site-packages/airflow/example_dags/example_sensor_decorator.py took 0.050 seconds
[2025-01-18T09:20:09.583+0000] {processor.py:186} INFO - Started process (PID=1022) to work on /home/airflow/.local/lib/python3.12/site-packages/airflow/example_dags/example_sensor_decorator.py
[2025-01-18T09:20:09.584+0000] {processor.py:914} INFO - Processing file /home/airflow/.local/lib/python3.12/site-packages/airflow/example_dags/example_sensor_decorator.py for tasks to queue
[2025-01-18T09:20:09.586+0000] {logging_mixin.py:190} INFO - [2025-01-18T09:20:09.586+0000] {dagbag.py:588} INFO - Filling up the DagBag from /home/airflow/.local/lib/python3.12/site-packages/airflow/example_dags/example_sensor_decorator.py
[2025-01-18T09:20:09.594+0000] {processor.py:925} INFO - DAG(s) 'example_sensor_decorator' retrieved from /home/airflow/.local/lib/python3.12/site-packages/airflow/example_dags/example_sensor_decorator.py
[2025-01-18T09:20:09.616+0000] {logging_mixin.py:190} INFO - [2025-01-18T09:20:09.615+0000] {dag.py:3239} INFO - Sync 1 DAGs
[2025-01-18T09:20:09.632+0000] {logging_mixin.py:190} INFO - [2025-01-18T09:20:09.631+0000] {dag.py:4180} INFO - Setting next_dagrun for example_sensor_decorator to None, run_after=None
[2025-01-18T09:20:09.650+0000] {processor.py:208} INFO - Processing /home/airflow/.local/lib/python3.12/site-packages/airflow/example_dags/example_sensor_decorator.py took 0.072 seconds
[2025-01-18T09:20:40.462+0000] {processor.py:186} INFO - Started process (PID=1085) to work on /home/airflow/.local/lib/python3.12/site-packages/airflow/example_dags/example_sensor_decorator.py
[2025-01-18T09:20:40.463+0000] {processor.py:914} INFO - Processing file /home/airflow/.local/lib/python3.12/site-packages/airflow/example_dags/example_sensor_decorator.py for tasks to queue
[2025-01-18T09:20:40.465+0000] {logging_mixin.py:190} INFO - [2025-01-18T09:20:40.465+0000] {dagbag.py:588} INFO - Filling up the DagBag from /home/airflow/.local/lib/python3.12/site-packages/airflow/example_dags/example_sensor_decorator.py
[2025-01-18T09:20:40.473+0000] {processor.py:925} INFO - DAG(s) 'example_sensor_decorator' retrieved from /home/airflow/.local/lib/python3.12/site-packages/airflow/example_dags/example_sensor_decorator.py
[2025-01-18T09:20:40.494+0000] {logging_mixin.py:190} INFO - [2025-01-18T09:20:40.494+0000] {dag.py:3239} INFO - Sync 1 DAGs
[2025-01-18T09:20:40.510+0000] {logging_mixin.py:190} INFO - [2025-01-18T09:20:40.510+0000] {dag.py:4180} INFO - Setting next_dagrun for example_sensor_decorator to None, run_after=None
[2025-01-18T09:20:40.536+0000] {processor.py:208} INFO - Processing /home/airflow/.local/lib/python3.12/site-packages/airflow/example_dags/example_sensor_decorator.py took 0.079 seconds
