[2025-01-18T09:12:41.693+0000] {processor.py:186} INFO - Started process (PID=93) to work on /home/airflow/.local/lib/python3.12/site-packages/airflow/example_dags/example_latest_only_with_trigger.py
[2025-01-18T09:12:41.709+0000] {processor.py:914} INFO - Processing file /home/airflow/.local/lib/python3.12/site-packages/airflow/example_dags/example_latest_only_with_trigger.py for tasks to queue
[2025-01-18T09:12:41.711+0000] {logging_mixin.py:190} INFO - [2025-01-18T09:12:41.711+0000] {dagbag.py:588} INFO - Filling up the DagBag from /home/airflow/.local/lib/python3.12/site-packages/airflow/example_dags/example_latest_only_with_trigger.py
[2025-01-18T09:12:41.762+0000] {processor.py:925} INFO - DAG(s) 'latest_only_with_trigger' retrieved from /home/airflow/.local/lib/python3.12/site-packages/airflow/example_dags/example_latest_only_with_trigger.py
[2025-01-18T09:12:42.206+0000] {logging_mixin.py:190} INFO - [2025-01-18T09:12:42.205+0000] {override.py:1911} INFO - Created Permission View: can edit on DAG:latest_only_with_trigger
[2025-01-18T09:12:42.240+0000] {logging_mixin.py:190} INFO - [2025-01-18T09:12:42.226+0000] {override.py:1911} INFO - Created Permission View: can read on DAG:latest_only_with_trigger
[2025-01-18T09:12:42.401+0000] {logging_mixin.py:190} INFO - [2025-01-18T09:12:42.400+0000] {override.py:1911} INFO - Created Permission View: can delete on DAG:latest_only_with_trigger
[2025-01-18T09:12:42.408+0000] {logging_mixin.py:190} INFO - [2025-01-18T09:12:42.408+0000] {override.py:1911} INFO - Created Permission View: can create on DAG Run:latest_only_with_trigger
[2025-01-18T09:12:42.422+0000] {logging_mixin.py:190} INFO - [2025-01-18T09:12:42.422+0000] {override.py:1911} INFO - Created Permission View: menu access on DAG Run:latest_only_with_trigger
[2025-01-18T09:12:42.438+0000] {logging_mixin.py:190} INFO - [2025-01-18T09:12:42.438+0000] {override.py:1911} INFO - Created Permission View: can read on DAG Run:latest_only_with_trigger
[2025-01-18T09:12:42.452+0000] {logging_mixin.py:190} INFO - [2025-01-18T09:12:42.452+0000] {override.py:1911} INFO - Created Permission View: can delete on DAG Run:latest_only_with_trigger
[2025-01-18T09:12:42.452+0000] {logging_mixin.py:190} INFO - [2025-01-18T09:12:42.452+0000] {dag.py:3239} INFO - Sync 1 DAGs
[2025-01-18T09:12:42.510+0000] {logging_mixin.py:190} INFO - [2025-01-18T09:12:42.510+0000] {dag.py:3262} INFO - Creating ORM DAG for latest_only_with_trigger
[2025-01-18T09:12:42.547+0000] {logging_mixin.py:190} INFO - [2025-01-18T09:12:42.547+0000] {dag.py:4180} INFO - Setting next_dagrun for latest_only_with_trigger to 2025-01-18 04:00:00+00:00, run_after=2025-01-18 08:00:00+00:00
[2025-01-18T09:12:42.609+0000] {processor.py:208} INFO - Processing /home/airflow/.local/lib/python3.12/site-packages/airflow/example_dags/example_latest_only_with_trigger.py took 0.936 seconds
[2025-01-18T09:13:13.121+0000] {processor.py:186} INFO - Started process (PID=156) to work on /home/airflow/.local/lib/python3.12/site-packages/airflow/example_dags/example_latest_only_with_trigger.py
[2025-01-18T09:13:13.122+0000] {processor.py:914} INFO - Processing file /home/airflow/.local/lib/python3.12/site-packages/airflow/example_dags/example_latest_only_with_trigger.py for tasks to queue
[2025-01-18T09:13:13.124+0000] {logging_mixin.py:190} INFO - [2025-01-18T09:13:13.124+0000] {dagbag.py:588} INFO - Filling up the DagBag from /home/airflow/.local/lib/python3.12/site-packages/airflow/example_dags/example_latest_only_with_trigger.py
[2025-01-18T09:13:13.132+0000] {processor.py:925} INFO - DAG(s) 'latest_only_with_trigger' retrieved from /home/airflow/.local/lib/python3.12/site-packages/airflow/example_dags/example_latest_only_with_trigger.py
[2025-01-18T09:13:13.182+0000] {logging_mixin.py:190} INFO - [2025-01-18T09:13:13.182+0000] {dag.py:3239} INFO - Sync 1 DAGs
[2025-01-18T09:13:13.234+0000] {logging_mixin.py:190} INFO - [2025-01-18T09:13:13.234+0000] {dag.py:4180} INFO - Setting next_dagrun for latest_only_with_trigger to 2025-01-18 04:00:00+00:00, run_after=2025-01-18 08:00:00+00:00
[2025-01-18T09:13:13.267+0000] {processor.py:208} INFO - Processing /home/airflow/.local/lib/python3.12/site-packages/airflow/example_dags/example_latest_only_with_trigger.py took 0.152 seconds
[2025-01-18T09:13:43.691+0000] {processor.py:186} INFO - Started process (PID=219) to work on /home/airflow/.local/lib/python3.12/site-packages/airflow/example_dags/example_latest_only_with_trigger.py
[2025-01-18T09:13:43.692+0000] {processor.py:914} INFO - Processing file /home/airflow/.local/lib/python3.12/site-packages/airflow/example_dags/example_latest_only_with_trigger.py for tasks to queue
[2025-01-18T09:13:43.694+0000] {logging_mixin.py:190} INFO - [2025-01-18T09:13:43.694+0000] {dagbag.py:588} INFO - Filling up the DagBag from /home/airflow/.local/lib/python3.12/site-packages/airflow/example_dags/example_latest_only_with_trigger.py
[2025-01-18T09:13:43.701+0000] {processor.py:925} INFO - DAG(s) 'latest_only_with_trigger' retrieved from /home/airflow/.local/lib/python3.12/site-packages/airflow/example_dags/example_latest_only_with_trigger.py
[2025-01-18T09:13:43.723+0000] {logging_mixin.py:190} INFO - [2025-01-18T09:13:43.722+0000] {dag.py:3239} INFO - Sync 1 DAGs
[2025-01-18T09:13:43.748+0000] {logging_mixin.py:190} INFO - [2025-01-18T09:13:43.748+0000] {dag.py:4180} INFO - Setting next_dagrun for latest_only_with_trigger to 2025-01-18 04:00:00+00:00, run_after=2025-01-18 08:00:00+00:00
[2025-01-18T09:13:43.765+0000] {processor.py:208} INFO - Processing /home/airflow/.local/lib/python3.12/site-packages/airflow/example_dags/example_latest_only_with_trigger.py took 0.080 seconds
[2025-01-18T09:14:14.324+0000] {processor.py:186} INFO - Started process (PID=282) to work on /home/airflow/.local/lib/python3.12/site-packages/airflow/example_dags/example_latest_only_with_trigger.py
[2025-01-18T09:14:14.325+0000] {processor.py:914} INFO - Processing file /home/airflow/.local/lib/python3.12/site-packages/airflow/example_dags/example_latest_only_with_trigger.py for tasks to queue
[2025-01-18T09:14:14.351+0000] {logging_mixin.py:190} INFO - [2025-01-18T09:14:14.351+0000] {dagbag.py:588} INFO - Filling up the DagBag from /home/airflow/.local/lib/python3.12/site-packages/airflow/example_dags/example_latest_only_with_trigger.py
[2025-01-18T09:14:14.380+0000] {processor.py:925} INFO - DAG(s) 'latest_only_with_trigger' retrieved from /home/airflow/.local/lib/python3.12/site-packages/airflow/example_dags/example_latest_only_with_trigger.py
[2025-01-18T09:14:14.474+0000] {logging_mixin.py:190} INFO - [2025-01-18T09:14:14.474+0000] {dag.py:3239} INFO - Sync 1 DAGs
[2025-01-18T09:14:14.512+0000] {logging_mixin.py:190} INFO - [2025-01-18T09:14:14.512+0000] {dag.py:4180} INFO - Setting next_dagrun for latest_only_with_trigger to 2025-01-18 04:00:00+00:00, run_after=2025-01-18 08:00:00+00:00
[2025-01-18T09:14:14.549+0000] {processor.py:208} INFO - Processing /home/airflow/.local/lib/python3.12/site-packages/airflow/example_dags/example_latest_only_with_trigger.py took 0.261 seconds
[2025-01-18T09:14:45.151+0000] {processor.py:186} INFO - Started process (PID=346) to work on /home/airflow/.local/lib/python3.12/site-packages/airflow/example_dags/example_latest_only_with_trigger.py
[2025-01-18T09:14:45.155+0000] {processor.py:914} INFO - Processing file /home/airflow/.local/lib/python3.12/site-packages/airflow/example_dags/example_latest_only_with_trigger.py for tasks to queue
[2025-01-18T09:14:45.170+0000] {logging_mixin.py:190} INFO - [2025-01-18T09:14:45.170+0000] {dagbag.py:588} INFO - Filling up the DagBag from /home/airflow/.local/lib/python3.12/site-packages/airflow/example_dags/example_latest_only_with_trigger.py
[2025-01-18T09:14:45.225+0000] {processor.py:925} INFO - DAG(s) 'latest_only_with_trigger' retrieved from /home/airflow/.local/lib/python3.12/site-packages/airflow/example_dags/example_latest_only_with_trigger.py
[2025-01-18T09:14:45.322+0000] {logging_mixin.py:190} INFO - [2025-01-18T09:14:45.321+0000] {dag.py:3239} INFO - Sync 1 DAGs
[2025-01-18T09:14:45.394+0000] {logging_mixin.py:190} INFO - [2025-01-18T09:14:45.394+0000] {dag.py:4180} INFO - Setting next_dagrun for latest_only_with_trigger to 2025-01-18 04:00:00+00:00, run_after=2025-01-18 08:00:00+00:00
[2025-01-18T09:14:45.457+0000] {processor.py:208} INFO - Processing /home/airflow/.local/lib/python3.12/site-packages/airflow/example_dags/example_latest_only_with_trigger.py took 0.333 seconds
[2025-01-18T09:15:15.601+0000] {processor.py:186} INFO - Started process (PID=409) to work on /home/airflow/.local/lib/python3.12/site-packages/airflow/example_dags/example_latest_only_with_trigger.py
[2025-01-18T09:15:15.602+0000] {processor.py:914} INFO - Processing file /home/airflow/.local/lib/python3.12/site-packages/airflow/example_dags/example_latest_only_with_trigger.py for tasks to queue
[2025-01-18T09:15:15.612+0000] {logging_mixin.py:190} INFO - [2025-01-18T09:15:15.611+0000] {dagbag.py:588} INFO - Filling up the DagBag from /home/airflow/.local/lib/python3.12/site-packages/airflow/example_dags/example_latest_only_with_trigger.py
[2025-01-18T09:15:15.619+0000] {processor.py:925} INFO - DAG(s) 'latest_only_with_trigger' retrieved from /home/airflow/.local/lib/python3.12/site-packages/airflow/example_dags/example_latest_only_with_trigger.py
[2025-01-18T09:15:15.641+0000] {logging_mixin.py:190} INFO - [2025-01-18T09:15:15.640+0000] {dag.py:3239} INFO - Sync 1 DAGs
[2025-01-18T09:15:15.666+0000] {logging_mixin.py:190} INFO - [2025-01-18T09:15:15.666+0000] {dag.py:4180} INFO - Setting next_dagrun for latest_only_with_trigger to 2025-01-18 04:00:00+00:00, run_after=2025-01-18 08:00:00+00:00
[2025-01-18T09:15:15.683+0000] {processor.py:208} INFO - Processing /home/airflow/.local/lib/python3.12/site-packages/airflow/example_dags/example_latest_only_with_trigger.py took 0.090 seconds
[2025-01-18T09:15:45.831+0000] {processor.py:186} INFO - Started process (PID=471) to work on /home/airflow/.local/lib/python3.12/site-packages/airflow/example_dags/example_latest_only_with_trigger.py
[2025-01-18T09:15:45.832+0000] {processor.py:914} INFO - Processing file /home/airflow/.local/lib/python3.12/site-packages/airflow/example_dags/example_latest_only_with_trigger.py for tasks to queue
[2025-01-18T09:15:45.834+0000] {logging_mixin.py:190} INFO - [2025-01-18T09:15:45.834+0000] {dagbag.py:588} INFO - Filling up the DagBag from /home/airflow/.local/lib/python3.12/site-packages/airflow/example_dags/example_latest_only_with_trigger.py
[2025-01-18T09:15:45.844+0000] {processor.py:925} INFO - DAG(s) 'latest_only_with_trigger' retrieved from /home/airflow/.local/lib/python3.12/site-packages/airflow/example_dags/example_latest_only_with_trigger.py
[2025-01-18T09:15:45.874+0000] {logging_mixin.py:190} INFO - [2025-01-18T09:15:45.874+0000] {dag.py:3239} INFO - Sync 1 DAGs
[2025-01-18T09:15:45.898+0000] {logging_mixin.py:190} INFO - [2025-01-18T09:15:45.898+0000] {dag.py:4180} INFO - Setting next_dagrun for latest_only_with_trigger to 2025-01-18 04:00:00+00:00, run_after=2025-01-18 08:00:00+00:00
[2025-01-18T09:15:45.916+0000] {processor.py:208} INFO - Processing /home/airflow/.local/lib/python3.12/site-packages/airflow/example_dags/example_latest_only_with_trigger.py took 0.090 seconds
[2025-01-18T09:16:16.158+0000] {processor.py:186} INFO - Started process (PID=539) to work on /home/airflow/.local/lib/python3.12/site-packages/airflow/example_dags/example_latest_only_with_trigger.py
[2025-01-18T09:16:16.160+0000] {processor.py:914} INFO - Processing file /home/airflow/.local/lib/python3.12/site-packages/airflow/example_dags/example_latest_only_with_trigger.py for tasks to queue
[2025-01-18T09:16:16.162+0000] {logging_mixin.py:190} INFO - [2025-01-18T09:16:16.162+0000] {dagbag.py:588} INFO - Filling up the DagBag from /home/airflow/.local/lib/python3.12/site-packages/airflow/example_dags/example_latest_only_with_trigger.py
[2025-01-18T09:16:16.170+0000] {processor.py:925} INFO - DAG(s) 'latest_only_with_trigger' retrieved from /home/airflow/.local/lib/python3.12/site-packages/airflow/example_dags/example_latest_only_with_trigger.py
[2025-01-18T09:16:16.203+0000] {logging_mixin.py:190} INFO - [2025-01-18T09:16:16.202+0000] {dag.py:3239} INFO - Sync 1 DAGs
[2025-01-18T09:16:16.250+0000] {logging_mixin.py:190} INFO - [2025-01-18T09:16:16.249+0000] {dag.py:4180} INFO - Setting next_dagrun for latest_only_with_trigger to 2025-01-18 04:00:00+00:00, run_after=2025-01-18 08:00:00+00:00
[2025-01-18T09:16:16.283+0000] {processor.py:208} INFO - Processing /home/airflow/.local/lib/python3.12/site-packages/airflow/example_dags/example_latest_only_with_trigger.py took 0.136 seconds
[2025-01-18T09:16:47.031+0000] {processor.py:186} INFO - Started process (PID=603) to work on /home/airflow/.local/lib/python3.12/site-packages/airflow/example_dags/example_latest_only_with_trigger.py
[2025-01-18T09:16:47.032+0000] {processor.py:914} INFO - Processing file /home/airflow/.local/lib/python3.12/site-packages/airflow/example_dags/example_latest_only_with_trigger.py for tasks to queue
[2025-01-18T09:16:47.034+0000] {logging_mixin.py:190} INFO - [2025-01-18T09:16:47.034+0000] {dagbag.py:588} INFO - Filling up the DagBag from /home/airflow/.local/lib/python3.12/site-packages/airflow/example_dags/example_latest_only_with_trigger.py
[2025-01-18T09:16:47.042+0000] {processor.py:925} INFO - DAG(s) 'latest_only_with_trigger' retrieved from /home/airflow/.local/lib/python3.12/site-packages/airflow/example_dags/example_latest_only_with_trigger.py
[2025-01-18T09:16:47.065+0000] {logging_mixin.py:190} INFO - [2025-01-18T09:16:47.064+0000] {dag.py:3239} INFO - Sync 1 DAGs
[2025-01-18T09:16:47.095+0000] {logging_mixin.py:190} INFO - [2025-01-18T09:16:47.095+0000] {dag.py:4180} INFO - Setting next_dagrun for latest_only_with_trigger to 2025-01-18 04:00:00+00:00, run_after=2025-01-18 08:00:00+00:00
[2025-01-18T09:16:47.114+0000] {processor.py:208} INFO - Processing /home/airflow/.local/lib/python3.12/site-packages/airflow/example_dags/example_latest_only_with_trigger.py took 0.088 seconds
[2025-01-18T09:17:17.176+0000] {processor.py:186} INFO - Started process (PID=665) to work on /home/airflow/.local/lib/python3.12/site-packages/airflow/example_dags/example_latest_only_with_trigger.py
[2025-01-18T09:17:17.176+0000] {processor.py:914} INFO - Processing file /home/airflow/.local/lib/python3.12/site-packages/airflow/example_dags/example_latest_only_with_trigger.py for tasks to queue
[2025-01-18T09:17:17.178+0000] {logging_mixin.py:190} INFO - [2025-01-18T09:17:17.177+0000] {dagbag.py:588} INFO - Filling up the DagBag from /home/airflow/.local/lib/python3.12/site-packages/airflow/example_dags/example_latest_only_with_trigger.py
[2025-01-18T09:17:17.183+0000] {processor.py:925} INFO - DAG(s) 'latest_only_with_trigger' retrieved from /home/airflow/.local/lib/python3.12/site-packages/airflow/example_dags/example_latest_only_with_trigger.py
[2025-01-18T09:17:17.212+0000] {logging_mixin.py:190} INFO - [2025-01-18T09:17:17.212+0000] {dag.py:3239} INFO - Sync 1 DAGs
[2025-01-18T09:17:17.244+0000] {logging_mixin.py:190} INFO - [2025-01-18T09:17:17.244+0000] {dag.py:4180} INFO - Setting next_dagrun for latest_only_with_trigger to 2025-01-18 04:00:00+00:00, run_after=2025-01-18 08:00:00+00:00
[2025-01-18T09:17:17.266+0000] {processor.py:208} INFO - Processing /home/airflow/.local/lib/python3.12/site-packages/airflow/example_dags/example_latest_only_with_trigger.py took 0.095 seconds
[2025-01-18T09:17:47.349+0000] {processor.py:186} INFO - Started process (PID=729) to work on /home/airflow/.local/lib/python3.12/site-packages/airflow/example_dags/example_latest_only_with_trigger.py
[2025-01-18T09:17:47.350+0000] {processor.py:914} INFO - Processing file /home/airflow/.local/lib/python3.12/site-packages/airflow/example_dags/example_latest_only_with_trigger.py for tasks to queue
[2025-01-18T09:17:47.352+0000] {logging_mixin.py:190} INFO - [2025-01-18T09:17:47.351+0000] {dagbag.py:588} INFO - Filling up the DagBag from /home/airflow/.local/lib/python3.12/site-packages/airflow/example_dags/example_latest_only_with_trigger.py
[2025-01-18T09:17:47.363+0000] {processor.py:925} INFO - DAG(s) 'latest_only_with_trigger' retrieved from /home/airflow/.local/lib/python3.12/site-packages/airflow/example_dags/example_latest_only_with_trigger.py
[2025-01-18T09:17:47.418+0000] {logging_mixin.py:190} INFO - [2025-01-18T09:17:47.417+0000] {dag.py:3239} INFO - Sync 1 DAGs
[2025-01-18T09:17:47.461+0000] {logging_mixin.py:190} INFO - [2025-01-18T09:17:47.461+0000] {dag.py:4180} INFO - Setting next_dagrun for latest_only_with_trigger to 2025-01-18 04:00:00+00:00, run_after=2025-01-18 08:00:00+00:00
[2025-01-18T09:17:47.548+0000] {processor.py:208} INFO - Processing /home/airflow/.local/lib/python3.12/site-packages/airflow/example_dags/example_latest_only_with_trigger.py took 0.205 seconds
[2025-01-18T09:18:18.515+0000] {processor.py:186} INFO - Started process (PID=793) to work on /home/airflow/.local/lib/python3.12/site-packages/airflow/example_dags/example_latest_only_with_trigger.py
[2025-01-18T09:18:18.515+0000] {processor.py:914} INFO - Processing file /home/airflow/.local/lib/python3.12/site-packages/airflow/example_dags/example_latest_only_with_trigger.py for tasks to queue
[2025-01-18T09:18:18.517+0000] {logging_mixin.py:190} INFO - [2025-01-18T09:18:18.517+0000] {dagbag.py:588} INFO - Filling up the DagBag from /home/airflow/.local/lib/python3.12/site-packages/airflow/example_dags/example_latest_only_with_trigger.py
[2025-01-18T09:18:18.525+0000] {processor.py:925} INFO - DAG(s) 'latest_only_with_trigger' retrieved from /home/airflow/.local/lib/python3.12/site-packages/airflow/example_dags/example_latest_only_with_trigger.py
[2025-01-18T09:18:18.547+0000] {logging_mixin.py:190} INFO - [2025-01-18T09:18:18.546+0000] {dag.py:3239} INFO - Sync 1 DAGs
[2025-01-18T09:18:18.573+0000] {logging_mixin.py:190} INFO - [2025-01-18T09:18:18.572+0000] {dag.py:4180} INFO - Setting next_dagrun for latest_only_with_trigger to 2025-01-18 04:00:00+00:00, run_after=2025-01-18 08:00:00+00:00
[2025-01-18T09:18:18.600+0000] {processor.py:208} INFO - Processing /home/airflow/.local/lib/python3.12/site-packages/airflow/example_dags/example_latest_only_with_trigger.py took 0.091 seconds
[2025-01-18T09:18:49.462+0000] {processor.py:186} INFO - Started process (PID=855) to work on /home/airflow/.local/lib/python3.12/site-packages/airflow/example_dags/example_latest_only_with_trigger.py
[2025-01-18T09:18:49.472+0000] {processor.py:914} INFO - Processing file /home/airflow/.local/lib/python3.12/site-packages/airflow/example_dags/example_latest_only_with_trigger.py for tasks to queue
[2025-01-18T09:18:49.480+0000] {logging_mixin.py:190} INFO - [2025-01-18T09:18:49.480+0000] {dagbag.py:588} INFO - Filling up the DagBag from /home/airflow/.local/lib/python3.12/site-packages/airflow/example_dags/example_latest_only_with_trigger.py
[2025-01-18T09:18:49.544+0000] {processor.py:925} INFO - DAG(s) 'latest_only_with_trigger' retrieved from /home/airflow/.local/lib/python3.12/site-packages/airflow/example_dags/example_latest_only_with_trigger.py
[2025-01-18T09:18:49.765+0000] {logging_mixin.py:190} INFO - [2025-01-18T09:18:49.765+0000] {dag.py:3239} INFO - Sync 1 DAGs
[2025-01-18T09:18:49.895+0000] {logging_mixin.py:190} INFO - [2025-01-18T09:18:49.895+0000] {dag.py:4180} INFO - Setting next_dagrun for latest_only_with_trigger to 2025-01-18 04:00:00+00:00, run_after=2025-01-18 08:00:00+00:00
[2025-01-18T09:18:50.050+0000] {processor.py:208} INFO - Processing /home/airflow/.local/lib/python3.12/site-packages/airflow/example_dags/example_latest_only_with_trigger.py took 0.688 seconds
[2025-01-18T09:19:20.825+0000] {processor.py:186} INFO - Started process (PID=919) to work on /home/airflow/.local/lib/python3.12/site-packages/airflow/example_dags/example_latest_only_with_trigger.py
[2025-01-18T09:19:20.825+0000] {processor.py:914} INFO - Processing file /home/airflow/.local/lib/python3.12/site-packages/airflow/example_dags/example_latest_only_with_trigger.py for tasks to queue
[2025-01-18T09:19:20.827+0000] {logging_mixin.py:190} INFO - [2025-01-18T09:19:20.827+0000] {dagbag.py:588} INFO - Filling up the DagBag from /home/airflow/.local/lib/python3.12/site-packages/airflow/example_dags/example_latest_only_with_trigger.py
[2025-01-18T09:19:20.835+0000] {processor.py:925} INFO - DAG(s) 'latest_only_with_trigger' retrieved from /home/airflow/.local/lib/python3.12/site-packages/airflow/example_dags/example_latest_only_with_trigger.py
[2025-01-18T09:19:20.857+0000] {logging_mixin.py:190} INFO - [2025-01-18T09:19:20.857+0000] {dag.py:3239} INFO - Sync 1 DAGs
[2025-01-18T09:19:20.885+0000] {logging_mixin.py:190} INFO - [2025-01-18T09:19:20.885+0000] {dag.py:4180} INFO - Setting next_dagrun for latest_only_with_trigger to 2025-01-18 04:00:00+00:00, run_after=2025-01-18 08:00:00+00:00
[2025-01-18T09:19:20.911+0000] {processor.py:208} INFO - Processing /home/airflow/.local/lib/python3.12/site-packages/airflow/example_dags/example_latest_only_with_trigger.py took 0.092 seconds
[2025-01-18T09:19:51.719+0000] {processor.py:186} INFO - Started process (PID=983) to work on /home/airflow/.local/lib/python3.12/site-packages/airflow/example_dags/example_latest_only_with_trigger.py
[2025-01-18T09:19:51.720+0000] {processor.py:914} INFO - Processing file /home/airflow/.local/lib/python3.12/site-packages/airflow/example_dags/example_latest_only_with_trigger.py for tasks to queue
[2025-01-18T09:19:51.722+0000] {logging_mixin.py:190} INFO - [2025-01-18T09:19:51.721+0000] {dagbag.py:588} INFO - Filling up the DagBag from /home/airflow/.local/lib/python3.12/site-packages/airflow/example_dags/example_latest_only_with_trigger.py
[2025-01-18T09:19:51.729+0000] {processor.py:925} INFO - DAG(s) 'latest_only_with_trigger' retrieved from /home/airflow/.local/lib/python3.12/site-packages/airflow/example_dags/example_latest_only_with_trigger.py
[2025-01-18T09:19:51.752+0000] {logging_mixin.py:190} INFO - [2025-01-18T09:19:51.751+0000] {dag.py:3239} INFO - Sync 1 DAGs
[2025-01-18T09:19:51.781+0000] {logging_mixin.py:190} INFO - [2025-01-18T09:19:51.781+0000] {dag.py:4180} INFO - Setting next_dagrun for latest_only_with_trigger to 2025-01-18 04:00:00+00:00, run_after=2025-01-18 08:00:00+00:00
[2025-01-18T09:19:51.798+0000] {processor.py:208} INFO - Processing /home/airflow/.local/lib/python3.12/site-packages/airflow/example_dags/example_latest_only_with_trigger.py took 0.084 seconds
[2025-01-18T09:20:22.490+0000] {processor.py:186} INFO - Started process (PID=1046) to work on /home/airflow/.local/lib/python3.12/site-packages/airflow/example_dags/example_latest_only_with_trigger.py
[2025-01-18T09:20:22.490+0000] {processor.py:914} INFO - Processing file /home/airflow/.local/lib/python3.12/site-packages/airflow/example_dags/example_latest_only_with_trigger.py for tasks to queue
[2025-01-18T09:20:22.492+0000] {logging_mixin.py:190} INFO - [2025-01-18T09:20:22.492+0000] {dagbag.py:588} INFO - Filling up the DagBag from /home/airflow/.local/lib/python3.12/site-packages/airflow/example_dags/example_latest_only_with_trigger.py
[2025-01-18T09:20:22.500+0000] {processor.py:925} INFO - DAG(s) 'latest_only_with_trigger' retrieved from /home/airflow/.local/lib/python3.12/site-packages/airflow/example_dags/example_latest_only_with_trigger.py
[2025-01-18T09:20:22.522+0000] {logging_mixin.py:190} INFO - [2025-01-18T09:20:22.522+0000] {dag.py:3239} INFO - Sync 1 DAGs
[2025-01-18T09:20:22.565+0000] {logging_mixin.py:190} INFO - [2025-01-18T09:20:22.565+0000] {dag.py:4180} INFO - Setting next_dagrun for latest_only_with_trigger to 2025-01-18 04:00:00+00:00, run_after=2025-01-18 08:00:00+00:00
[2025-01-18T09:20:22.581+0000] {processor.py:208} INFO - Processing /home/airflow/.local/lib/python3.12/site-packages/airflow/example_dags/example_latest_only_with_trigger.py took 0.097 seconds
[2025-01-18T09:20:53.382+0000] {processor.py:186} INFO - Started process (PID=1110) to work on /home/airflow/.local/lib/python3.12/site-packages/airflow/example_dags/example_latest_only_with_trigger.py
[2025-01-18T09:20:53.383+0000] {processor.py:914} INFO - Processing file /home/airflow/.local/lib/python3.12/site-packages/airflow/example_dags/example_latest_only_with_trigger.py for tasks to queue
[2025-01-18T09:20:53.385+0000] {logging_mixin.py:190} INFO - [2025-01-18T09:20:53.385+0000] {dagbag.py:588} INFO - Filling up the DagBag from /home/airflow/.local/lib/python3.12/site-packages/airflow/example_dags/example_latest_only_with_trigger.py
[2025-01-18T09:20:53.394+0000] {processor.py:925} INFO - DAG(s) 'latest_only_with_trigger' retrieved from /home/airflow/.local/lib/python3.12/site-packages/airflow/example_dags/example_latest_only_with_trigger.py
[2025-01-18T09:20:53.417+0000] {logging_mixin.py:190} INFO - [2025-01-18T09:20:53.417+0000] {dag.py:3239} INFO - Sync 1 DAGs
[2025-01-18T09:20:53.442+0000] {logging_mixin.py:190} INFO - [2025-01-18T09:20:53.442+0000] {dag.py:4180} INFO - Setting next_dagrun for latest_only_with_trigger to 2025-01-18 04:00:00+00:00, run_after=2025-01-18 08:00:00+00:00
[2025-01-18T09:20:53.457+0000] {processor.py:208} INFO - Processing /home/airflow/.local/lib/python3.12/site-packages/airflow/example_dags/example_latest_only_with_trigger.py took 0.081 seconds
