[2025-01-18T09:12:51.744+0000] {processor.py:186} INFO - Started process (PID=117) to work on /home/airflow/.local/lib/python3.12/site-packages/airflow/example_dags/example_branch_labels.py
[2025-01-18T09:12:51.752+0000] {processor.py:914} INFO - Processing file /home/airflow/.local/lib/python3.12/site-packages/airflow/example_dags/example_branch_labels.py for tasks to queue
[2025-01-18T09:12:51.759+0000] {logging_mixin.py:190} INFO - [2025-01-18T09:12:51.759+0000] {dagbag.py:588} INFO - Filling up the DagBag from /home/airflow/.local/lib/python3.12/site-packages/airflow/example_dags/example_branch_labels.py
[2025-01-18T09:12:51.788+0000] {processor.py:925} INFO - DAG(s) 'example_branch_labels' retrieved from /home/airflow/.local/lib/python3.12/site-packages/airflow/example_dags/example_branch_labels.py
[2025-01-18T09:12:51.965+0000] {logging_mixin.py:190} INFO - [2025-01-18T09:12:51.964+0000] {override.py:1911} INFO - Created Permission View: can edit on DAG:example_branch_labels
[2025-01-18T09:12:51.974+0000] {logging_mixin.py:190} INFO - [2025-01-18T09:12:51.974+0000] {override.py:1911} INFO - Created Permission View: can read on DAG:example_branch_labels
[2025-01-18T09:12:51.986+0000] {logging_mixin.py:190} INFO - [2025-01-18T09:12:51.986+0000] {override.py:1911} INFO - Created Permission View: can delete on DAG:example_branch_labels
[2025-01-18T09:12:51.992+0000] {logging_mixin.py:190} INFO - [2025-01-18T09:12:51.992+0000] {override.py:1911} INFO - Created Permission View: can create on DAG Run:example_branch_labels
[2025-01-18T09:12:52.001+0000] {logging_mixin.py:190} INFO - [2025-01-18T09:12:52.001+0000] {override.py:1911} INFO - Created Permission View: menu access on DAG Run:example_branch_labels
[2025-01-18T09:12:52.012+0000] {logging_mixin.py:190} INFO - [2025-01-18T09:12:52.012+0000] {override.py:1911} INFO - Created Permission View: can read on DAG Run:example_branch_labels
[2025-01-18T09:12:52.019+0000] {logging_mixin.py:190} INFO - [2025-01-18T09:12:52.019+0000] {override.py:1911} INFO - Created Permission View: can delete on DAG Run:example_branch_labels
[2025-01-18T09:12:52.019+0000] {logging_mixin.py:190} INFO - [2025-01-18T09:12:52.019+0000] {dag.py:3239} INFO - Sync 1 DAGs
[2025-01-18T09:12:52.049+0000] {logging_mixin.py:190} INFO - [2025-01-18T09:12:52.048+0000] {dag.py:3262} INFO - Creating ORM DAG for example_branch_labels
[2025-01-18T09:12:52.071+0000] {logging_mixin.py:190} INFO - [2025-01-18T09:12:52.070+0000] {dag.py:4180} INFO - Setting next_dagrun for example_branch_labels to 2025-01-17 00:00:00+00:00, run_after=2025-01-18 00:00:00+00:00
[2025-01-18T09:12:52.100+0000] {processor.py:208} INFO - Processing /home/airflow/.local/lib/python3.12/site-packages/airflow/example_dags/example_branch_labels.py took 0.378 seconds
[2025-01-18T09:13:22.314+0000] {processor.py:186} INFO - Started process (PID=180) to work on /home/airflow/.local/lib/python3.12/site-packages/airflow/example_dags/example_branch_labels.py
[2025-01-18T09:13:22.315+0000] {processor.py:914} INFO - Processing file /home/airflow/.local/lib/python3.12/site-packages/airflow/example_dags/example_branch_labels.py for tasks to queue
[2025-01-18T09:13:22.317+0000] {logging_mixin.py:190} INFO - [2025-01-18T09:13:22.317+0000] {dagbag.py:588} INFO - Filling up the DagBag from /home/airflow/.local/lib/python3.12/site-packages/airflow/example_dags/example_branch_labels.py
[2025-01-18T09:13:22.327+0000] {processor.py:925} INFO - DAG(s) 'example_branch_labels' retrieved from /home/airflow/.local/lib/python3.12/site-packages/airflow/example_dags/example_branch_labels.py
[2025-01-18T09:13:22.350+0000] {logging_mixin.py:190} INFO - [2025-01-18T09:13:22.349+0000] {dag.py:3239} INFO - Sync 1 DAGs
[2025-01-18T09:13:22.376+0000] {logging_mixin.py:190} INFO - [2025-01-18T09:13:22.376+0000] {dag.py:4180} INFO - Setting next_dagrun for example_branch_labels to 2025-01-17 00:00:00+00:00, run_after=2025-01-18 00:00:00+00:00
[2025-01-18T09:13:22.392+0000] {processor.py:208} INFO - Processing /home/airflow/.local/lib/python3.12/site-packages/airflow/example_dags/example_branch_labels.py took 0.083 seconds
[2025-01-18T09:13:53.096+0000] {processor.py:186} INFO - Started process (PID=243) to work on /home/airflow/.local/lib/python3.12/site-packages/airflow/example_dags/example_branch_labels.py
[2025-01-18T09:13:53.097+0000] {processor.py:914} INFO - Processing file /home/airflow/.local/lib/python3.12/site-packages/airflow/example_dags/example_branch_labels.py for tasks to queue
[2025-01-18T09:13:53.099+0000] {logging_mixin.py:190} INFO - [2025-01-18T09:13:53.098+0000] {dagbag.py:588} INFO - Filling up the DagBag from /home/airflow/.local/lib/python3.12/site-packages/airflow/example_dags/example_branch_labels.py
[2025-01-18T09:13:53.109+0000] {processor.py:925} INFO - DAG(s) 'example_branch_labels' retrieved from /home/airflow/.local/lib/python3.12/site-packages/airflow/example_dags/example_branch_labels.py
[2025-01-18T09:13:53.135+0000] {logging_mixin.py:190} INFO - [2025-01-18T09:13:53.135+0000] {dag.py:3239} INFO - Sync 1 DAGs
[2025-01-18T09:13:53.161+0000] {logging_mixin.py:190} INFO - [2025-01-18T09:13:53.161+0000] {dag.py:4180} INFO - Setting next_dagrun for example_branch_labels to 2025-01-17 00:00:00+00:00, run_after=2025-01-18 00:00:00+00:00
[2025-01-18T09:13:53.175+0000] {processor.py:208} INFO - Processing /home/airflow/.local/lib/python3.12/site-packages/airflow/example_dags/example_branch_labels.py took 0.085 seconds
[2025-01-18T09:14:24.007+0000] {processor.py:186} INFO - Started process (PID=307) to work on /home/airflow/.local/lib/python3.12/site-packages/airflow/example_dags/example_branch_labels.py
[2025-01-18T09:14:24.008+0000] {processor.py:914} INFO - Processing file /home/airflow/.local/lib/python3.12/site-packages/airflow/example_dags/example_branch_labels.py for tasks to queue
[2025-01-18T09:14:24.010+0000] {logging_mixin.py:190} INFO - [2025-01-18T09:14:24.010+0000] {dagbag.py:588} INFO - Filling up the DagBag from /home/airflow/.local/lib/python3.12/site-packages/airflow/example_dags/example_branch_labels.py
[2025-01-18T09:14:24.020+0000] {processor.py:925} INFO - DAG(s) 'example_branch_labels' retrieved from /home/airflow/.local/lib/python3.12/site-packages/airflow/example_dags/example_branch_labels.py
[2025-01-18T09:14:24.043+0000] {logging_mixin.py:190} INFO - [2025-01-18T09:14:24.043+0000] {dag.py:3239} INFO - Sync 1 DAGs
[2025-01-18T09:14:24.069+0000] {logging_mixin.py:190} INFO - [2025-01-18T09:14:24.069+0000] {dag.py:4180} INFO - Setting next_dagrun for example_branch_labels to 2025-01-17 00:00:00+00:00, run_after=2025-01-18 00:00:00+00:00
[2025-01-18T09:14:24.085+0000] {processor.py:208} INFO - Processing /home/airflow/.local/lib/python3.12/site-packages/airflow/example_dags/example_branch_labels.py took 0.084 seconds
[2025-01-18T09:14:54.155+0000] {processor.py:186} INFO - Started process (PID=369) to work on /home/airflow/.local/lib/python3.12/site-packages/airflow/example_dags/example_branch_labels.py
[2025-01-18T09:14:54.156+0000] {processor.py:914} INFO - Processing file /home/airflow/.local/lib/python3.12/site-packages/airflow/example_dags/example_branch_labels.py for tasks to queue
[2025-01-18T09:14:54.158+0000] {logging_mixin.py:190} INFO - [2025-01-18T09:14:54.157+0000] {dagbag.py:588} INFO - Filling up the DagBag from /home/airflow/.local/lib/python3.12/site-packages/airflow/example_dags/example_branch_labels.py
[2025-01-18T09:14:54.167+0000] {processor.py:925} INFO - DAG(s) 'example_branch_labels' retrieved from /home/airflow/.local/lib/python3.12/site-packages/airflow/example_dags/example_branch_labels.py
[2025-01-18T09:14:54.186+0000] {logging_mixin.py:190} INFO - [2025-01-18T09:14:54.186+0000] {dag.py:3239} INFO - Sync 1 DAGs
[2025-01-18T09:14:54.221+0000] {logging_mixin.py:190} INFO - [2025-01-18T09:14:54.221+0000] {dag.py:4180} INFO - Setting next_dagrun for example_branch_labels to 2025-01-17 00:00:00+00:00, run_after=2025-01-18 00:00:00+00:00
[2025-01-18T09:14:54.243+0000] {processor.py:208} INFO - Processing /home/airflow/.local/lib/python3.12/site-packages/airflow/example_dags/example_branch_labels.py took 0.094 seconds
[2025-01-18T09:15:25.038+0000] {processor.py:186} INFO - Started process (PID=432) to work on /home/airflow/.local/lib/python3.12/site-packages/airflow/example_dags/example_branch_labels.py
[2025-01-18T09:15:25.039+0000] {processor.py:914} INFO - Processing file /home/airflow/.local/lib/python3.12/site-packages/airflow/example_dags/example_branch_labels.py for tasks to queue
[2025-01-18T09:15:25.041+0000] {logging_mixin.py:190} INFO - [2025-01-18T09:15:25.041+0000] {dagbag.py:588} INFO - Filling up the DagBag from /home/airflow/.local/lib/python3.12/site-packages/airflow/example_dags/example_branch_labels.py
[2025-01-18T09:15:25.052+0000] {processor.py:925} INFO - DAG(s) 'example_branch_labels' retrieved from /home/airflow/.local/lib/python3.12/site-packages/airflow/example_dags/example_branch_labels.py
[2025-01-18T09:15:25.075+0000] {logging_mixin.py:190} INFO - [2025-01-18T09:15:25.074+0000] {dag.py:3239} INFO - Sync 1 DAGs
[2025-01-18T09:15:25.101+0000] {logging_mixin.py:190} INFO - [2025-01-18T09:15:25.101+0000] {dag.py:4180} INFO - Setting next_dagrun for example_branch_labels to 2025-01-17 00:00:00+00:00, run_after=2025-01-18 00:00:00+00:00
[2025-01-18T09:15:25.118+0000] {processor.py:208} INFO - Processing /home/airflow/.local/lib/python3.12/site-packages/airflow/example_dags/example_branch_labels.py took 0.089 seconds
[2025-01-18T09:15:56.543+0000] {processor.py:186} INFO - Started process (PID=494) to work on /home/airflow/.local/lib/python3.12/site-packages/airflow/example_dags/example_branch_labels.py
[2025-01-18T09:15:56.554+0000] {processor.py:914} INFO - Processing file /home/airflow/.local/lib/python3.12/site-packages/airflow/example_dags/example_branch_labels.py for tasks to queue
[2025-01-18T09:15:56.566+0000] {logging_mixin.py:190} INFO - [2025-01-18T09:15:56.566+0000] {dagbag.py:588} INFO - Filling up the DagBag from /home/airflow/.local/lib/python3.12/site-packages/airflow/example_dags/example_branch_labels.py
[2025-01-18T09:15:56.582+0000] {processor.py:925} INFO - DAG(s) 'example_branch_labels' retrieved from /home/airflow/.local/lib/python3.12/site-packages/airflow/example_dags/example_branch_labels.py
[2025-01-18T09:15:56.677+0000] {logging_mixin.py:190} INFO - [2025-01-18T09:15:56.676+0000] {dag.py:3239} INFO - Sync 1 DAGs
[2025-01-18T09:15:56.808+0000] {logging_mixin.py:190} INFO - [2025-01-18T09:15:56.807+0000] {dag.py:4180} INFO - Setting next_dagrun for example_branch_labels to 2025-01-17 00:00:00+00:00, run_after=2025-01-18 00:00:00+00:00
[2025-01-18T09:15:56.869+0000] {processor.py:208} INFO - Processing /home/airflow/.local/lib/python3.12/site-packages/airflow/example_dags/example_branch_labels.py took 0.341 seconds
[2025-01-18T09:16:27.722+0000] {processor.py:186} INFO - Started process (PID=556) to work on /home/airflow/.local/lib/python3.12/site-packages/airflow/example_dags/example_branch_labels.py
[2025-01-18T09:16:27.722+0000] {processor.py:914} INFO - Processing file /home/airflow/.local/lib/python3.12/site-packages/airflow/example_dags/example_branch_labels.py for tasks to queue
[2025-01-18T09:16:27.724+0000] {logging_mixin.py:190} INFO - [2025-01-18T09:16:27.724+0000] {dagbag.py:588} INFO - Filling up the DagBag from /home/airflow/.local/lib/python3.12/site-packages/airflow/example_dags/example_branch_labels.py
[2025-01-18T09:16:27.734+0000] {processor.py:925} INFO - DAG(s) 'example_branch_labels' retrieved from /home/airflow/.local/lib/python3.12/site-packages/airflow/example_dags/example_branch_labels.py
[2025-01-18T09:16:27.757+0000] {logging_mixin.py:190} INFO - [2025-01-18T09:16:27.757+0000] {dag.py:3239} INFO - Sync 1 DAGs
[2025-01-18T09:16:27.787+0000] {logging_mixin.py:190} INFO - [2025-01-18T09:16:27.787+0000] {dag.py:4180} INFO - Setting next_dagrun for example_branch_labels to 2025-01-17 00:00:00+00:00, run_after=2025-01-18 00:00:00+00:00
[2025-01-18T09:16:27.803+0000] {processor.py:208} INFO - Processing /home/airflow/.local/lib/python3.12/site-packages/airflow/example_dags/example_branch_labels.py took 0.087 seconds
[2025-01-18T09:16:58.198+0000] {processor.py:186} INFO - Started process (PID=620) to work on /home/airflow/.local/lib/python3.12/site-packages/airflow/example_dags/example_branch_labels.py
[2025-01-18T09:16:58.199+0000] {processor.py:914} INFO - Processing file /home/airflow/.local/lib/python3.12/site-packages/airflow/example_dags/example_branch_labels.py for tasks to queue
[2025-01-18T09:16:58.201+0000] {logging_mixin.py:190} INFO - [2025-01-18T09:16:58.201+0000] {dagbag.py:588} INFO - Filling up the DagBag from /home/airflow/.local/lib/python3.12/site-packages/airflow/example_dags/example_branch_labels.py
[2025-01-18T09:16:58.227+0000] {processor.py:925} INFO - DAG(s) 'example_branch_labels' retrieved from /home/airflow/.local/lib/python3.12/site-packages/airflow/example_dags/example_branch_labels.py
[2025-01-18T09:16:58.305+0000] {logging_mixin.py:190} INFO - [2025-01-18T09:16:58.305+0000] {dag.py:3239} INFO - Sync 1 DAGs
[2025-01-18T09:16:58.347+0000] {logging_mixin.py:190} INFO - [2025-01-18T09:16:58.347+0000] {dag.py:4180} INFO - Setting next_dagrun for example_branch_labels to 2025-01-17 00:00:00+00:00, run_after=2025-01-18 00:00:00+00:00
[2025-01-18T09:16:58.371+0000] {processor.py:208} INFO - Processing /home/airflow/.local/lib/python3.12/site-packages/airflow/example_dags/example_branch_labels.py took 0.180 seconds
[2025-01-18T09:17:28.535+0000] {processor.py:186} INFO - Started process (PID=683) to work on /home/airflow/.local/lib/python3.12/site-packages/airflow/example_dags/example_branch_labels.py
[2025-01-18T09:17:28.535+0000] {processor.py:914} INFO - Processing file /home/airflow/.local/lib/python3.12/site-packages/airflow/example_dags/example_branch_labels.py for tasks to queue
[2025-01-18T09:17:28.537+0000] {logging_mixin.py:190} INFO - [2025-01-18T09:17:28.537+0000] {dagbag.py:588} INFO - Filling up the DagBag from /home/airflow/.local/lib/python3.12/site-packages/airflow/example_dags/example_branch_labels.py
[2025-01-18T09:17:28.548+0000] {processor.py:925} INFO - DAG(s) 'example_branch_labels' retrieved from /home/airflow/.local/lib/python3.12/site-packages/airflow/example_dags/example_branch_labels.py
[2025-01-18T09:17:28.571+0000] {logging_mixin.py:190} INFO - [2025-01-18T09:17:28.571+0000] {dag.py:3239} INFO - Sync 1 DAGs
[2025-01-18T09:17:28.598+0000] {logging_mixin.py:190} INFO - [2025-01-18T09:17:28.598+0000] {dag.py:4180} INFO - Setting next_dagrun for example_branch_labels to 2025-01-17 00:00:00+00:00, run_after=2025-01-18 00:00:00+00:00
[2025-01-18T09:17:28.613+0000] {processor.py:208} INFO - Processing /home/airflow/.local/lib/python3.12/site-packages/airflow/example_dags/example_branch_labels.py took 0.084 seconds
[2025-01-18T09:17:58.861+0000] {processor.py:186} INFO - Started process (PID=747) to work on /home/airflow/.local/lib/python3.12/site-packages/airflow/example_dags/example_branch_labels.py
[2025-01-18T09:17:58.861+0000] {processor.py:914} INFO - Processing file /home/airflow/.local/lib/python3.12/site-packages/airflow/example_dags/example_branch_labels.py for tasks to queue
[2025-01-18T09:17:58.863+0000] {logging_mixin.py:190} INFO - [2025-01-18T09:17:58.863+0000] {dagbag.py:588} INFO - Filling up the DagBag from /home/airflow/.local/lib/python3.12/site-packages/airflow/example_dags/example_branch_labels.py
[2025-01-18T09:17:58.875+0000] {processor.py:925} INFO - DAG(s) 'example_branch_labels' retrieved from /home/airflow/.local/lib/python3.12/site-packages/airflow/example_dags/example_branch_labels.py
[2025-01-18T09:17:58.897+0000] {logging_mixin.py:190} INFO - [2025-01-18T09:17:58.897+0000] {dag.py:3239} INFO - Sync 1 DAGs
[2025-01-18T09:17:58.923+0000] {logging_mixin.py:190} INFO - [2025-01-18T09:17:58.923+0000] {dag.py:4180} INFO - Setting next_dagrun for example_branch_labels to 2025-01-17 00:00:00+00:00, run_after=2025-01-18 00:00:00+00:00
[2025-01-18T09:17:58.966+0000] {processor.py:208} INFO - Processing /home/airflow/.local/lib/python3.12/site-packages/airflow/example_dags/example_branch_labels.py took 0.110 seconds
[2025-01-18T09:18:29.041+0000] {processor.py:186} INFO - Started process (PID=811) to work on /home/airflow/.local/lib/python3.12/site-packages/airflow/example_dags/example_branch_labels.py
[2025-01-18T09:18:29.042+0000] {processor.py:914} INFO - Processing file /home/airflow/.local/lib/python3.12/site-packages/airflow/example_dags/example_branch_labels.py for tasks to queue
[2025-01-18T09:18:29.044+0000] {logging_mixin.py:190} INFO - [2025-01-18T09:18:29.044+0000] {dagbag.py:588} INFO - Filling up the DagBag from /home/airflow/.local/lib/python3.12/site-packages/airflow/example_dags/example_branch_labels.py
[2025-01-18T09:18:29.054+0000] {processor.py:925} INFO - DAG(s) 'example_branch_labels' retrieved from /home/airflow/.local/lib/python3.12/site-packages/airflow/example_dags/example_branch_labels.py
[2025-01-18T09:18:29.078+0000] {logging_mixin.py:190} INFO - [2025-01-18T09:18:29.078+0000] {dag.py:3239} INFO - Sync 1 DAGs
[2025-01-18T09:18:29.111+0000] {logging_mixin.py:190} INFO - [2025-01-18T09:18:29.111+0000] {dag.py:4180} INFO - Setting next_dagrun for example_branch_labels to 2025-01-17 00:00:00+00:00, run_after=2025-01-18 00:00:00+00:00
[2025-01-18T09:18:29.128+0000] {processor.py:208} INFO - Processing /home/airflow/.local/lib/python3.12/site-packages/airflow/example_dags/example_branch_labels.py took 0.092 seconds
[2025-01-18T09:18:59.952+0000] {processor.py:186} INFO - Started process (PID=874) to work on /home/airflow/.local/lib/python3.12/site-packages/airflow/example_dags/example_branch_labels.py
[2025-01-18T09:18:59.967+0000] {processor.py:914} INFO - Processing file /home/airflow/.local/lib/python3.12/site-packages/airflow/example_dags/example_branch_labels.py for tasks to queue
[2025-01-18T09:18:59.969+0000] {logging_mixin.py:190} INFO - [2025-01-18T09:18:59.968+0000] {dagbag.py:588} INFO - Filling up the DagBag from /home/airflow/.local/lib/python3.12/site-packages/airflow/example_dags/example_branch_labels.py
[2025-01-18T09:19:00.014+0000] {processor.py:925} INFO - DAG(s) 'example_branch_labels' retrieved from /home/airflow/.local/lib/python3.12/site-packages/airflow/example_dags/example_branch_labels.py
[2025-01-18T09:19:00.076+0000] {logging_mixin.py:190} INFO - [2025-01-18T09:19:00.075+0000] {dag.py:3239} INFO - Sync 1 DAGs
[2025-01-18T09:19:00.161+0000] {logging_mixin.py:190} INFO - [2025-01-18T09:19:00.161+0000] {dag.py:4180} INFO - Setting next_dagrun for example_branch_labels to 2025-01-17 00:00:00+00:00, run_after=2025-01-18 00:00:00+00:00
[2025-01-18T09:19:00.209+0000] {processor.py:208} INFO - Processing /home/airflow/.local/lib/python3.12/site-packages/airflow/example_dags/example_branch_labels.py took 0.268 seconds
[2025-01-18T09:19:30.585+0000] {processor.py:186} INFO - Started process (PID=938) to work on /home/airflow/.local/lib/python3.12/site-packages/airflow/example_dags/example_branch_labels.py
[2025-01-18T09:19:30.585+0000] {processor.py:914} INFO - Processing file /home/airflow/.local/lib/python3.12/site-packages/airflow/example_dags/example_branch_labels.py for tasks to queue
[2025-01-18T09:19:30.587+0000] {logging_mixin.py:190} INFO - [2025-01-18T09:19:30.587+0000] {dagbag.py:588} INFO - Filling up the DagBag from /home/airflow/.local/lib/python3.12/site-packages/airflow/example_dags/example_branch_labels.py
[2025-01-18T09:19:30.598+0000] {processor.py:925} INFO - DAG(s) 'example_branch_labels' retrieved from /home/airflow/.local/lib/python3.12/site-packages/airflow/example_dags/example_branch_labels.py
[2025-01-18T09:19:30.621+0000] {logging_mixin.py:190} INFO - [2025-01-18T09:19:30.620+0000] {dag.py:3239} INFO - Sync 1 DAGs
[2025-01-18T09:19:30.647+0000] {logging_mixin.py:190} INFO - [2025-01-18T09:19:30.647+0000] {dag.py:4180} INFO - Setting next_dagrun for example_branch_labels to 2025-01-17 00:00:00+00:00, run_after=2025-01-18 00:00:00+00:00
[2025-01-18T09:19:30.663+0000] {processor.py:208} INFO - Processing /home/airflow/.local/lib/python3.12/site-packages/airflow/example_dags/example_branch_labels.py took 0.084 seconds
[2025-01-18T09:20:01.552+0000] {processor.py:186} INFO - Started process (PID=1002) to work on /home/airflow/.local/lib/python3.12/site-packages/airflow/example_dags/example_branch_labels.py
[2025-01-18T09:20:01.552+0000] {processor.py:914} INFO - Processing file /home/airflow/.local/lib/python3.12/site-packages/airflow/example_dags/example_branch_labels.py for tasks to queue
[2025-01-18T09:20:01.571+0000] {logging_mixin.py:190} INFO - [2025-01-18T09:20:01.571+0000] {dagbag.py:588} INFO - Filling up the DagBag from /home/airflow/.local/lib/python3.12/site-packages/airflow/example_dags/example_branch_labels.py
[2025-01-18T09:20:01.623+0000] {processor.py:925} INFO - DAG(s) 'example_branch_labels' retrieved from /home/airflow/.local/lib/python3.12/site-packages/airflow/example_dags/example_branch_labels.py
[2025-01-18T09:20:01.682+0000] {logging_mixin.py:190} INFO - [2025-01-18T09:20:01.682+0000] {dag.py:3239} INFO - Sync 1 DAGs
[2025-01-18T09:20:01.748+0000] {logging_mixin.py:190} INFO - [2025-01-18T09:20:01.748+0000] {dag.py:4180} INFO - Setting next_dagrun for example_branch_labels to 2025-01-17 00:00:00+00:00, run_after=2025-01-18 00:00:00+00:00
[2025-01-18T09:20:01.803+0000] {processor.py:208} INFO - Processing /home/airflow/.local/lib/python3.12/site-packages/airflow/example_dags/example_branch_labels.py took 0.275 seconds
[2025-01-18T09:20:31.903+0000] {processor.py:186} INFO - Started process (PID=1065) to work on /home/airflow/.local/lib/python3.12/site-packages/airflow/example_dags/example_branch_labels.py
[2025-01-18T09:20:31.903+0000] {processor.py:914} INFO - Processing file /home/airflow/.local/lib/python3.12/site-packages/airflow/example_dags/example_branch_labels.py for tasks to queue
[2025-01-18T09:20:31.905+0000] {logging_mixin.py:190} INFO - [2025-01-18T09:20:31.905+0000] {dagbag.py:588} INFO - Filling up the DagBag from /home/airflow/.local/lib/python3.12/site-packages/airflow/example_dags/example_branch_labels.py
[2025-01-18T09:20:31.916+0000] {processor.py:925} INFO - DAG(s) 'example_branch_labels' retrieved from /home/airflow/.local/lib/python3.12/site-packages/airflow/example_dags/example_branch_labels.py
[2025-01-18T09:20:31.940+0000] {logging_mixin.py:190} INFO - [2025-01-18T09:20:31.940+0000] {dag.py:3239} INFO - Sync 1 DAGs
[2025-01-18T09:20:31.975+0000] {logging_mixin.py:190} INFO - [2025-01-18T09:20:31.975+0000] {dag.py:4180} INFO - Setting next_dagrun for example_branch_labels to 2025-01-17 00:00:00+00:00, run_after=2025-01-18 00:00:00+00:00
[2025-01-18T09:20:31.990+0000] {processor.py:208} INFO - Processing /home/airflow/.local/lib/python3.12/site-packages/airflow/example_dags/example_branch_labels.py took 0.093 seconds
[2025-01-18T09:21:02.309+0000] {processor.py:186} INFO - Started process (PID=1129) to work on /home/airflow/.local/lib/python3.12/site-packages/airflow/example_dags/example_branch_labels.py
[2025-01-18T09:21:02.317+0000] {processor.py:914} INFO - Processing file /home/airflow/.local/lib/python3.12/site-packages/airflow/example_dags/example_branch_labels.py for tasks to queue
[2025-01-18T09:21:02.319+0000] {logging_mixin.py:190} INFO - [2025-01-18T09:21:02.319+0000] {dagbag.py:588} INFO - Filling up the DagBag from /home/airflow/.local/lib/python3.12/site-packages/airflow/example_dags/example_branch_labels.py
[2025-01-18T09:21:02.395+0000] {processor.py:925} INFO - DAG(s) 'example_branch_labels' retrieved from /home/airflow/.local/lib/python3.12/site-packages/airflow/example_dags/example_branch_labels.py
[2025-01-18T09:21:02.621+0000] {logging_mixin.py:190} INFO - [2025-01-18T09:21:02.621+0000] {dag.py:3239} INFO - Sync 1 DAGs
[2025-01-18T09:21:06.686+0000] {logging_mixin.py:190} INFO - [2025-01-18T09:21:06.681+0000] {process_utils.py:266} INFO - Waiting up to 5 seconds for processes to exit...
[2025-01-18T09:21:06.722+0000] {logging_mixin.py:190} INFO - [2025-01-18T09:21:06.722+0000] {process_utils.py:266} INFO - Waiting up to 5 seconds for processes to exit...
