[2025-01-18T09:12:39.586+0000] {processor.py:186} INFO - Started process (PID=88) to work on /home/airflow/.local/lib/python3.12/site-packages/airflow/example_dags/example_trigger_controller_dag.py
[2025-01-18T09:12:39.586+0000] {processor.py:914} INFO - Processing file /home/airflow/.local/lib/python3.12/site-packages/airflow/example_dags/example_trigger_controller_dag.py for tasks to queue
[2025-01-18T09:12:39.589+0000] {logging_mixin.py:190} INFO - [2025-01-18T09:12:39.588+0000] {dagbag.py:588} INFO - Filling up the DagBag from /home/airflow/.local/lib/python3.12/site-packages/airflow/example_dags/example_trigger_controller_dag.py
[2025-01-18T09:12:39.598+0000] {processor.py:925} INFO - DAG(s) 'example_trigger_controller_dag' retrieved from /home/airflow/.local/lib/python3.12/site-packages/airflow/example_dags/example_trigger_controller_dag.py
[2025-01-18T09:12:39.906+0000] {logging_mixin.py:190} INFO - [2025-01-18T09:12:39.905+0000] {override.py:1911} INFO - Created Permission View: can edit on DAG:example_trigger_controller_dag
[2025-01-18T09:12:39.929+0000] {logging_mixin.py:190} INFO - [2025-01-18T09:12:39.928+0000] {override.py:1911} INFO - Created Permission View: can read on DAG:example_trigger_controller_dag
[2025-01-18T09:12:39.963+0000] {logging_mixin.py:190} INFO - [2025-01-18T09:12:39.963+0000] {override.py:1911} INFO - Created Permission View: can delete on DAG:example_trigger_controller_dag
[2025-01-18T09:12:39.982+0000] {logging_mixin.py:190} INFO - [2025-01-18T09:12:39.982+0000] {override.py:1911} INFO - Created Permission View: can create on DAG Run:example_trigger_controller_dag
[2025-01-18T09:12:40.000+0000] {logging_mixin.py:190} INFO - [2025-01-18T09:12:40.000+0000] {override.py:1911} INFO - Created Permission View: menu access on DAG Run:example_trigger_controller_dag
[2025-01-18T09:12:40.020+0000] {logging_mixin.py:190} INFO - [2025-01-18T09:12:40.020+0000] {override.py:1911} INFO - Created Permission View: can read on DAG Run:example_trigger_controller_dag
[2025-01-18T09:12:40.042+0000] {logging_mixin.py:190} INFO - [2025-01-18T09:12:40.042+0000] {override.py:1911} INFO - Created Permission View: can delete on DAG Run:example_trigger_controller_dag
[2025-01-18T09:12:40.043+0000] {logging_mixin.py:190} INFO - [2025-01-18T09:12:40.042+0000] {dag.py:3239} INFO - Sync 1 DAGs
[2025-01-18T09:12:40.090+0000] {logging_mixin.py:190} INFO - [2025-01-18T09:12:40.090+0000] {dag.py:3262} INFO - Creating ORM DAG for example_trigger_controller_dag
[2025-01-18T09:12:40.134+0000] {logging_mixin.py:190} INFO - [2025-01-18T09:12:40.134+0000] {dag.py:4180} INFO - Setting next_dagrun for example_trigger_controller_dag to 2021-01-01 00:00:00+00:00, run_after=2021-01-01 00:00:00+00:00
[2025-01-18T09:12:40.213+0000] {processor.py:208} INFO - Processing /home/airflow/.local/lib/python3.12/site-packages/airflow/example_dags/example_trigger_controller_dag.py took 0.658 seconds
[2025-01-18T09:13:10.802+0000] {processor.py:186} INFO - Started process (PID=151) to work on /home/airflow/.local/lib/python3.12/site-packages/airflow/example_dags/example_trigger_controller_dag.py
[2025-01-18T09:13:10.803+0000] {processor.py:914} INFO - Processing file /home/airflow/.local/lib/python3.12/site-packages/airflow/example_dags/example_trigger_controller_dag.py for tasks to queue
[2025-01-18T09:13:10.805+0000] {logging_mixin.py:190} INFO - [2025-01-18T09:13:10.804+0000] {dagbag.py:588} INFO - Filling up the DagBag from /home/airflow/.local/lib/python3.12/site-packages/airflow/example_dags/example_trigger_controller_dag.py
[2025-01-18T09:13:10.812+0000] {processor.py:925} INFO - DAG(s) 'example_trigger_controller_dag' retrieved from /home/airflow/.local/lib/python3.12/site-packages/airflow/example_dags/example_trigger_controller_dag.py
[2025-01-18T09:13:10.831+0000] {logging_mixin.py:190} INFO - [2025-01-18T09:13:10.830+0000] {dag.py:3239} INFO - Sync 1 DAGs
[2025-01-18T09:13:10.855+0000] {logging_mixin.py:190} INFO - [2025-01-18T09:13:10.855+0000] {dag.py:4180} INFO - Setting next_dagrun for example_trigger_controller_dag to 2021-01-01 00:00:00+00:00, run_after=2021-01-01 00:00:00+00:00
[2025-01-18T09:13:10.878+0000] {processor.py:208} INFO - Processing /home/airflow/.local/lib/python3.12/site-packages/airflow/example_dags/example_trigger_controller_dag.py took 0.082 seconds
[2025-01-18T09:13:41.377+0000] {processor.py:186} INFO - Started process (PID=214) to work on /home/airflow/.local/lib/python3.12/site-packages/airflow/example_dags/example_trigger_controller_dag.py
[2025-01-18T09:13:41.378+0000] {processor.py:914} INFO - Processing file /home/airflow/.local/lib/python3.12/site-packages/airflow/example_dags/example_trigger_controller_dag.py for tasks to queue
[2025-01-18T09:13:41.380+0000] {logging_mixin.py:190} INFO - [2025-01-18T09:13:41.380+0000] {dagbag.py:588} INFO - Filling up the DagBag from /home/airflow/.local/lib/python3.12/site-packages/airflow/example_dags/example_trigger_controller_dag.py
[2025-01-18T09:13:41.387+0000] {processor.py:925} INFO - DAG(s) 'example_trigger_controller_dag' retrieved from /home/airflow/.local/lib/python3.12/site-packages/airflow/example_dags/example_trigger_controller_dag.py
[2025-01-18T09:13:41.407+0000] {logging_mixin.py:190} INFO - [2025-01-18T09:13:41.407+0000] {dag.py:3239} INFO - Sync 1 DAGs
[2025-01-18T09:13:41.432+0000] {logging_mixin.py:190} INFO - [2025-01-18T09:13:41.432+0000] {dag.py:4180} INFO - Setting next_dagrun for example_trigger_controller_dag to 2021-01-01 00:00:00+00:00, run_after=2021-01-01 00:00:00+00:00
[2025-01-18T09:13:41.449+0000] {processor.py:208} INFO - Processing /home/airflow/.local/lib/python3.12/site-packages/airflow/example_dags/example_trigger_controller_dag.py took 0.077 seconds
[2025-01-18T09:14:11.679+0000] {processor.py:186} INFO - Started process (PID=277) to work on /home/airflow/.local/lib/python3.12/site-packages/airflow/example_dags/example_trigger_controller_dag.py
[2025-01-18T09:14:11.687+0000] {processor.py:914} INFO - Processing file /home/airflow/.local/lib/python3.12/site-packages/airflow/example_dags/example_trigger_controller_dag.py for tasks to queue
[2025-01-18T09:14:11.690+0000] {logging_mixin.py:190} INFO - [2025-01-18T09:14:11.689+0000] {dagbag.py:588} INFO - Filling up the DagBag from /home/airflow/.local/lib/python3.12/site-packages/airflow/example_dags/example_trigger_controller_dag.py
[2025-01-18T09:14:11.704+0000] {processor.py:925} INFO - DAG(s) 'example_trigger_controller_dag' retrieved from /home/airflow/.local/lib/python3.12/site-packages/airflow/example_dags/example_trigger_controller_dag.py
[2025-01-18T09:14:11.782+0000] {logging_mixin.py:190} INFO - [2025-01-18T09:14:11.782+0000] {dag.py:3239} INFO - Sync 1 DAGs
[2025-01-18T09:14:11.894+0000] {logging_mixin.py:190} INFO - [2025-01-18T09:14:11.894+0000] {dag.py:4180} INFO - Setting next_dagrun for example_trigger_controller_dag to 2021-01-01 00:00:00+00:00, run_after=2021-01-01 00:00:00+00:00
[2025-01-18T09:14:11.957+0000] {processor.py:208} INFO - Processing /home/airflow/.local/lib/python3.12/site-packages/airflow/example_dags/example_trigger_controller_dag.py took 0.288 seconds
[2025-01-18T09:14:42.657+0000] {processor.py:186} INFO - Started process (PID=340) to work on /home/airflow/.local/lib/python3.12/site-packages/airflow/example_dags/example_trigger_controller_dag.py
[2025-01-18T09:14:42.662+0000] {processor.py:914} INFO - Processing file /home/airflow/.local/lib/python3.12/site-packages/airflow/example_dags/example_trigger_controller_dag.py for tasks to queue
[2025-01-18T09:14:42.666+0000] {logging_mixin.py:190} INFO - [2025-01-18T09:14:42.665+0000] {dagbag.py:588} INFO - Filling up the DagBag from /home/airflow/.local/lib/python3.12/site-packages/airflow/example_dags/example_trigger_controller_dag.py
[2025-01-18T09:14:42.679+0000] {processor.py:925} INFO - DAG(s) 'example_trigger_controller_dag' retrieved from /home/airflow/.local/lib/python3.12/site-packages/airflow/example_dags/example_trigger_controller_dag.py
[2025-01-18T09:14:42.713+0000] {logging_mixin.py:190} INFO - [2025-01-18T09:14:42.713+0000] {dag.py:3239} INFO - Sync 1 DAGs
[2025-01-18T09:14:42.740+0000] {logging_mixin.py:190} INFO - [2025-01-18T09:14:42.740+0000] {dag.py:4180} INFO - Setting next_dagrun for example_trigger_controller_dag to 2021-01-01 00:00:00+00:00, run_after=2021-01-01 00:00:00+00:00
[2025-01-18T09:14:42.756+0000] {processor.py:208} INFO - Processing /home/airflow/.local/lib/python3.12/site-packages/airflow/example_dags/example_trigger_controller_dag.py took 0.112 seconds
[2025-01-18T09:15:13.220+0000] {processor.py:186} INFO - Started process (PID=403) to work on /home/airflow/.local/lib/python3.12/site-packages/airflow/example_dags/example_trigger_controller_dag.py
[2025-01-18T09:15:13.222+0000] {processor.py:914} INFO - Processing file /home/airflow/.local/lib/python3.12/site-packages/airflow/example_dags/example_trigger_controller_dag.py for tasks to queue
[2025-01-18T09:15:13.226+0000] {logging_mixin.py:190} INFO - [2025-01-18T09:15:13.226+0000] {dagbag.py:588} INFO - Filling up the DagBag from /home/airflow/.local/lib/python3.12/site-packages/airflow/example_dags/example_trigger_controller_dag.py
[2025-01-18T09:15:13.236+0000] {processor.py:925} INFO - DAG(s) 'example_trigger_controller_dag' retrieved from /home/airflow/.local/lib/python3.12/site-packages/airflow/example_dags/example_trigger_controller_dag.py
[2025-01-18T09:15:13.264+0000] {logging_mixin.py:190} INFO - [2025-01-18T09:15:13.263+0000] {dag.py:3239} INFO - Sync 1 DAGs
[2025-01-18T09:15:13.288+0000] {logging_mixin.py:190} INFO - [2025-01-18T09:15:13.288+0000] {dag.py:4180} INFO - Setting next_dagrun for example_trigger_controller_dag to 2021-01-01 00:00:00+00:00, run_after=2021-01-01 00:00:00+00:00
[2025-01-18T09:15:13.312+0000] {processor.py:208} INFO - Processing /home/airflow/.local/lib/python3.12/site-packages/airflow/example_dags/example_trigger_controller_dag.py took 0.099 seconds
[2025-01-18T09:15:43.939+0000] {processor.py:186} INFO - Started process (PID=466) to work on /home/airflow/.local/lib/python3.12/site-packages/airflow/example_dags/example_trigger_controller_dag.py
[2025-01-18T09:15:43.940+0000] {processor.py:914} INFO - Processing file /home/airflow/.local/lib/python3.12/site-packages/airflow/example_dags/example_trigger_controller_dag.py for tasks to queue
[2025-01-18T09:15:43.943+0000] {logging_mixin.py:190} INFO - [2025-01-18T09:15:43.942+0000] {dagbag.py:588} INFO - Filling up the DagBag from /home/airflow/.local/lib/python3.12/site-packages/airflow/example_dags/example_trigger_controller_dag.py
[2025-01-18T09:15:43.949+0000] {processor.py:925} INFO - DAG(s) 'example_trigger_controller_dag' retrieved from /home/airflow/.local/lib/python3.12/site-packages/airflow/example_dags/example_trigger_controller_dag.py
[2025-01-18T09:15:43.968+0000] {logging_mixin.py:190} INFO - [2025-01-18T09:15:43.968+0000] {dag.py:3239} INFO - Sync 1 DAGs
[2025-01-18T09:15:43.992+0000] {logging_mixin.py:190} INFO - [2025-01-18T09:15:43.992+0000] {dag.py:4180} INFO - Setting next_dagrun for example_trigger_controller_dag to 2021-01-01 00:00:00+00:00, run_after=2021-01-01 00:00:00+00:00
[2025-01-18T09:15:44.009+0000] {processor.py:208} INFO - Processing /home/airflow/.local/lib/python3.12/site-packages/airflow/example_dags/example_trigger_controller_dag.py took 0.081 seconds
[2025-01-18T09:16:14.125+0000] {processor.py:186} INFO - Started process (PID=528) to work on /home/airflow/.local/lib/python3.12/site-packages/airflow/example_dags/example_trigger_controller_dag.py
[2025-01-18T09:16:14.125+0000] {processor.py:914} INFO - Processing file /home/airflow/.local/lib/python3.12/site-packages/airflow/example_dags/example_trigger_controller_dag.py for tasks to queue
[2025-01-18T09:16:14.127+0000] {logging_mixin.py:190} INFO - [2025-01-18T09:16:14.127+0000] {dagbag.py:588} INFO - Filling up the DagBag from /home/airflow/.local/lib/python3.12/site-packages/airflow/example_dags/example_trigger_controller_dag.py
[2025-01-18T09:16:14.132+0000] {processor.py:925} INFO - DAG(s) 'example_trigger_controller_dag' retrieved from /home/airflow/.local/lib/python3.12/site-packages/airflow/example_dags/example_trigger_controller_dag.py
[2025-01-18T09:16:14.146+0000] {logging_mixin.py:190} INFO - [2025-01-18T09:16:14.146+0000] {dag.py:3239} INFO - Sync 1 DAGs
[2025-01-18T09:16:14.162+0000] {logging_mixin.py:190} INFO - [2025-01-18T09:16:14.162+0000] {dag.py:4180} INFO - Setting next_dagrun for example_trigger_controller_dag to 2021-01-01 00:00:00+00:00, run_after=2021-01-01 00:00:00+00:00
[2025-01-18T09:16:14.174+0000] {processor.py:208} INFO - Processing /home/airflow/.local/lib/python3.12/site-packages/airflow/example_dags/example_trigger_controller_dag.py took 0.054 seconds
[2025-01-18T09:16:44.744+0000] {processor.py:186} INFO - Started process (PID=590) to work on /home/airflow/.local/lib/python3.12/site-packages/airflow/example_dags/example_trigger_controller_dag.py
[2025-01-18T09:16:44.744+0000] {processor.py:914} INFO - Processing file /home/airflow/.local/lib/python3.12/site-packages/airflow/example_dags/example_trigger_controller_dag.py for tasks to queue
[2025-01-18T09:16:44.747+0000] {logging_mixin.py:190} INFO - [2025-01-18T09:16:44.747+0000] {dagbag.py:588} INFO - Filling up the DagBag from /home/airflow/.local/lib/python3.12/site-packages/airflow/example_dags/example_trigger_controller_dag.py
[2025-01-18T09:16:44.753+0000] {processor.py:925} INFO - DAG(s) 'example_trigger_controller_dag' retrieved from /home/airflow/.local/lib/python3.12/site-packages/airflow/example_dags/example_trigger_controller_dag.py
[2025-01-18T09:16:44.775+0000] {logging_mixin.py:190} INFO - [2025-01-18T09:16:44.774+0000] {dag.py:3239} INFO - Sync 1 DAGs
[2025-01-18T09:16:44.801+0000] {logging_mixin.py:190} INFO - [2025-01-18T09:16:44.801+0000] {dag.py:4180} INFO - Setting next_dagrun for example_trigger_controller_dag to 2021-01-01 00:00:00+00:00, run_after=2021-01-01 00:00:00+00:00
[2025-01-18T09:16:44.818+0000] {processor.py:208} INFO - Processing /home/airflow/.local/lib/python3.12/site-packages/airflow/example_dags/example_trigger_controller_dag.py took 0.080 seconds
[2025-01-18T09:17:15.248+0000] {processor.py:186} INFO - Started process (PID=654) to work on /home/airflow/.local/lib/python3.12/site-packages/airflow/example_dags/example_trigger_controller_dag.py
[2025-01-18T09:17:15.249+0000] {processor.py:914} INFO - Processing file /home/airflow/.local/lib/python3.12/site-packages/airflow/example_dags/example_trigger_controller_dag.py for tasks to queue
[2025-01-18T09:17:15.251+0000] {logging_mixin.py:190} INFO - [2025-01-18T09:17:15.251+0000] {dagbag.py:588} INFO - Filling up the DagBag from /home/airflow/.local/lib/python3.12/site-packages/airflow/example_dags/example_trigger_controller_dag.py
[2025-01-18T09:17:15.286+0000] {processor.py:925} INFO - DAG(s) 'example_trigger_controller_dag' retrieved from /home/airflow/.local/lib/python3.12/site-packages/airflow/example_dags/example_trigger_controller_dag.py
[2025-01-18T09:17:15.320+0000] {logging_mixin.py:190} INFO - [2025-01-18T09:17:15.320+0000] {dag.py:3239} INFO - Sync 1 DAGs
[2025-01-18T09:17:15.346+0000] {logging_mixin.py:190} INFO - [2025-01-18T09:17:15.346+0000] {dag.py:4180} INFO - Setting next_dagrun for example_trigger_controller_dag to 2021-01-01 00:00:00+00:00, run_after=2021-01-01 00:00:00+00:00
[2025-01-18T09:17:15.378+0000] {processor.py:208} INFO - Processing /home/airflow/.local/lib/python3.12/site-packages/airflow/example_dags/example_trigger_controller_dag.py took 0.141 seconds
[2025-01-18T09:17:45.825+0000] {processor.py:186} INFO - Started process (PID=716) to work on /home/airflow/.local/lib/python3.12/site-packages/airflow/example_dags/example_trigger_controller_dag.py
[2025-01-18T09:17:45.825+0000] {processor.py:914} INFO - Processing file /home/airflow/.local/lib/python3.12/site-packages/airflow/example_dags/example_trigger_controller_dag.py for tasks to queue
[2025-01-18T09:17:45.827+0000] {logging_mixin.py:190} INFO - [2025-01-18T09:17:45.827+0000] {dagbag.py:588} INFO - Filling up the DagBag from /home/airflow/.local/lib/python3.12/site-packages/airflow/example_dags/example_trigger_controller_dag.py
[2025-01-18T09:17:45.834+0000] {processor.py:925} INFO - DAG(s) 'example_trigger_controller_dag' retrieved from /home/airflow/.local/lib/python3.12/site-packages/airflow/example_dags/example_trigger_controller_dag.py
[2025-01-18T09:17:45.856+0000] {logging_mixin.py:190} INFO - [2025-01-18T09:17:45.856+0000] {dag.py:3239} INFO - Sync 1 DAGs
[2025-01-18T09:17:45.882+0000] {logging_mixin.py:190} INFO - [2025-01-18T09:17:45.881+0000] {dag.py:4180} INFO - Setting next_dagrun for example_trigger_controller_dag to 2021-01-01 00:00:00+00:00, run_after=2021-01-01 00:00:00+00:00
[2025-01-18T09:17:45.902+0000] {processor.py:208} INFO - Processing /home/airflow/.local/lib/python3.12/site-packages/airflow/example_dags/example_trigger_controller_dag.py took 0.083 seconds
[2025-01-18T09:18:16.216+0000] {processor.py:186} INFO - Started process (PID=780) to work on /home/airflow/.local/lib/python3.12/site-packages/airflow/example_dags/example_trigger_controller_dag.py
[2025-01-18T09:18:16.217+0000] {processor.py:914} INFO - Processing file /home/airflow/.local/lib/python3.12/site-packages/airflow/example_dags/example_trigger_controller_dag.py for tasks to queue
[2025-01-18T09:18:16.219+0000] {logging_mixin.py:190} INFO - [2025-01-18T09:18:16.218+0000] {dagbag.py:588} INFO - Filling up the DagBag from /home/airflow/.local/lib/python3.12/site-packages/airflow/example_dags/example_trigger_controller_dag.py
[2025-01-18T09:18:16.225+0000] {processor.py:925} INFO - DAG(s) 'example_trigger_controller_dag' retrieved from /home/airflow/.local/lib/python3.12/site-packages/airflow/example_dags/example_trigger_controller_dag.py
[2025-01-18T09:18:16.244+0000] {logging_mixin.py:190} INFO - [2025-01-18T09:18:16.244+0000] {dag.py:3239} INFO - Sync 1 DAGs
[2025-01-18T09:18:16.269+0000] {logging_mixin.py:190} INFO - [2025-01-18T09:18:16.269+0000] {dag.py:4180} INFO - Setting next_dagrun for example_trigger_controller_dag to 2021-01-01 00:00:00+00:00, run_after=2021-01-01 00:00:00+00:00
[2025-01-18T09:18:16.290+0000] {processor.py:208} INFO - Processing /home/airflow/.local/lib/python3.12/site-packages/airflow/example_dags/example_trigger_controller_dag.py took 0.080 seconds
[2025-01-18T09:18:47.017+0000] {processor.py:186} INFO - Started process (PID=850) to work on /home/airflow/.local/lib/python3.12/site-packages/airflow/example_dags/example_trigger_controller_dag.py
[2025-01-18T09:18:47.040+0000] {processor.py:914} INFO - Processing file /home/airflow/.local/lib/python3.12/site-packages/airflow/example_dags/example_trigger_controller_dag.py for tasks to queue
[2025-01-18T09:18:47.070+0000] {logging_mixin.py:190} INFO - [2025-01-18T09:18:47.070+0000] {dagbag.py:588} INFO - Filling up the DagBag from /home/airflow/.local/lib/python3.12/site-packages/airflow/example_dags/example_trigger_controller_dag.py
[2025-01-18T09:18:47.167+0000] {processor.py:925} INFO - DAG(s) 'example_trigger_controller_dag' retrieved from /home/airflow/.local/lib/python3.12/site-packages/airflow/example_dags/example_trigger_controller_dag.py
[2025-01-18T09:18:47.212+0000] {logging_mixin.py:190} INFO - [2025-01-18T09:18:47.212+0000] {dag.py:3239} INFO - Sync 1 DAGs
[2025-01-18T09:18:47.261+0000] {logging_mixin.py:190} INFO - [2025-01-18T09:18:47.260+0000] {dag.py:4180} INFO - Setting next_dagrun for example_trigger_controller_dag to 2021-01-01 00:00:00+00:00, run_after=2021-01-01 00:00:00+00:00
[2025-01-18T09:18:47.374+0000] {processor.py:208} INFO - Processing /home/airflow/.local/lib/python3.12/site-packages/airflow/example_dags/example_trigger_controller_dag.py took 0.404 seconds
[2025-01-18T09:19:17.570+0000] {processor.py:186} INFO - Started process (PID=914) to work on /home/airflow/.local/lib/python3.12/site-packages/airflow/example_dags/example_trigger_controller_dag.py
[2025-01-18T09:19:17.571+0000] {processor.py:914} INFO - Processing file /home/airflow/.local/lib/python3.12/site-packages/airflow/example_dags/example_trigger_controller_dag.py for tasks to queue
[2025-01-18T09:19:17.573+0000] {logging_mixin.py:190} INFO - [2025-01-18T09:19:17.572+0000] {dagbag.py:588} INFO - Filling up the DagBag from /home/airflow/.local/lib/python3.12/site-packages/airflow/example_dags/example_trigger_controller_dag.py
[2025-01-18T09:19:17.581+0000] {processor.py:925} INFO - DAG(s) 'example_trigger_controller_dag' retrieved from /home/airflow/.local/lib/python3.12/site-packages/airflow/example_dags/example_trigger_controller_dag.py
[2025-01-18T09:19:17.601+0000] {logging_mixin.py:190} INFO - [2025-01-18T09:19:17.601+0000] {dag.py:3239} INFO - Sync 1 DAGs
[2025-01-18T09:19:17.673+0000] {logging_mixin.py:190} INFO - [2025-01-18T09:19:17.673+0000] {dag.py:4180} INFO - Setting next_dagrun for example_trigger_controller_dag to 2021-01-01 00:00:00+00:00, run_after=2021-01-01 00:00:00+00:00
[2025-01-18T09:19:17.702+0000] {processor.py:208} INFO - Processing /home/airflow/.local/lib/python3.12/site-packages/airflow/example_dags/example_trigger_controller_dag.py took 0.137 seconds
[2025-01-18T09:19:48.384+0000] {processor.py:186} INFO - Started process (PID=978) to work on /home/airflow/.local/lib/python3.12/site-packages/airflow/example_dags/example_trigger_controller_dag.py
[2025-01-18T09:19:48.384+0000] {processor.py:914} INFO - Processing file /home/airflow/.local/lib/python3.12/site-packages/airflow/example_dags/example_trigger_controller_dag.py for tasks to queue
[2025-01-18T09:19:48.386+0000] {logging_mixin.py:190} INFO - [2025-01-18T09:19:48.386+0000] {dagbag.py:588} INFO - Filling up the DagBag from /home/airflow/.local/lib/python3.12/site-packages/airflow/example_dags/example_trigger_controller_dag.py
[2025-01-18T09:19:48.408+0000] {processor.py:925} INFO - DAG(s) 'example_trigger_controller_dag' retrieved from /home/airflow/.local/lib/python3.12/site-packages/airflow/example_dags/example_trigger_controller_dag.py
[2025-01-18T09:19:48.466+0000] {logging_mixin.py:190} INFO - [2025-01-18T09:19:48.465+0000] {dag.py:3239} INFO - Sync 1 DAGs
[2025-01-18T09:19:48.509+0000] {logging_mixin.py:190} INFO - [2025-01-18T09:19:48.509+0000] {dag.py:4180} INFO - Setting next_dagrun for example_trigger_controller_dag to 2021-01-01 00:00:00+00:00, run_after=2021-01-01 00:00:00+00:00
[2025-01-18T09:19:48.525+0000] {processor.py:208} INFO - Processing /home/airflow/.local/lib/python3.12/site-packages/airflow/example_dags/example_trigger_controller_dag.py took 0.147 seconds
[2025-01-18T09:20:19.094+0000] {processor.py:186} INFO - Started process (PID=1041) to work on /home/airflow/.local/lib/python3.12/site-packages/airflow/example_dags/example_trigger_controller_dag.py
[2025-01-18T09:20:19.095+0000] {processor.py:914} INFO - Processing file /home/airflow/.local/lib/python3.12/site-packages/airflow/example_dags/example_trigger_controller_dag.py for tasks to queue
[2025-01-18T09:20:19.097+0000] {logging_mixin.py:190} INFO - [2025-01-18T09:20:19.097+0000] {dagbag.py:588} INFO - Filling up the DagBag from /home/airflow/.local/lib/python3.12/site-packages/airflow/example_dags/example_trigger_controller_dag.py
[2025-01-18T09:20:19.110+0000] {processor.py:925} INFO - DAG(s) 'example_trigger_controller_dag' retrieved from /home/airflow/.local/lib/python3.12/site-packages/airflow/example_dags/example_trigger_controller_dag.py
[2025-01-18T09:20:19.147+0000] {logging_mixin.py:190} INFO - [2025-01-18T09:20:19.147+0000] {dag.py:3239} INFO - Sync 1 DAGs
[2025-01-18T09:20:19.172+0000] {logging_mixin.py:190} INFO - [2025-01-18T09:20:19.172+0000] {dag.py:4180} INFO - Setting next_dagrun for example_trigger_controller_dag to 2021-01-01 00:00:00+00:00, run_after=2021-01-01 00:00:00+00:00
[2025-01-18T09:20:19.189+0000] {processor.py:208} INFO - Processing /home/airflow/.local/lib/python3.12/site-packages/airflow/example_dags/example_trigger_controller_dag.py took 0.102 seconds
[2025-01-18T09:20:50.113+0000] {processor.py:186} INFO - Started process (PID=1105) to work on /home/airflow/.local/lib/python3.12/site-packages/airflow/example_dags/example_trigger_controller_dag.py
[2025-01-18T09:20:50.113+0000] {processor.py:914} INFO - Processing file /home/airflow/.local/lib/python3.12/site-packages/airflow/example_dags/example_trigger_controller_dag.py for tasks to queue
[2025-01-18T09:20:50.115+0000] {logging_mixin.py:190} INFO - [2025-01-18T09:20:50.115+0000] {dagbag.py:588} INFO - Filling up the DagBag from /home/airflow/.local/lib/python3.12/site-packages/airflow/example_dags/example_trigger_controller_dag.py
[2025-01-18T09:20:50.122+0000] {processor.py:925} INFO - DAG(s) 'example_trigger_controller_dag' retrieved from /home/airflow/.local/lib/python3.12/site-packages/airflow/example_dags/example_trigger_controller_dag.py
[2025-01-18T09:20:50.157+0000] {logging_mixin.py:190} INFO - [2025-01-18T09:20:50.157+0000] {dag.py:3239} INFO - Sync 1 DAGs
[2025-01-18T09:20:50.184+0000] {logging_mixin.py:190} INFO - [2025-01-18T09:20:50.184+0000] {dag.py:4180} INFO - Setting next_dagrun for example_trigger_controller_dag to 2021-01-01 00:00:00+00:00, run_after=2021-01-01 00:00:00+00:00
[2025-01-18T09:20:50.212+0000] {processor.py:208} INFO - Processing /home/airflow/.local/lib/python3.12/site-packages/airflow/example_dags/example_trigger_controller_dag.py took 0.105 seconds
