[2025-01-18T09:12:55.583+0000] {processor.py:186} INFO - Started process (PID=124) to work on /home/airflow/.local/lib/python3.12/site-packages/airflow/example_dags/example_bash_operator.py
[2025-01-18T09:12:55.585+0000] {processor.py:914} INFO - Processing file /home/airflow/.local/lib/python3.12/site-packages/airflow/example_dags/example_bash_operator.py for tasks to queue
[2025-01-18T09:12:55.596+0000] {logging_mixin.py:190} INFO - [2025-01-18T09:12:55.595+0000] {dagbag.py:588} INFO - Filling up the DagBag from /home/airflow/.local/lib/python3.12/site-packages/airflow/example_dags/example_bash_operator.py
[2025-01-18T09:12:55.647+0000] {processor.py:925} INFO - DAG(s) 'example_bash_operator' retrieved from /home/airflow/.local/lib/python3.12/site-packages/airflow/example_dags/example_bash_operator.py
[2025-01-18T09:12:56.001+0000] {logging_mixin.py:190} INFO - [2025-01-18T09:12:56.000+0000] {override.py:1911} INFO - Created Permission View: can edit on DAG:example_bash_operator
[2025-01-18T09:12:56.038+0000] {logging_mixin.py:190} INFO - [2025-01-18T09:12:56.037+0000] {override.py:1911} INFO - Created Permission View: can read on DAG:example_bash_operator
[2025-01-18T09:12:56.063+0000] {logging_mixin.py:190} INFO - [2025-01-18T09:12:56.062+0000] {override.py:1911} INFO - Created Permission View: can delete on DAG:example_bash_operator
[2025-01-18T09:12:56.091+0000] {logging_mixin.py:190} INFO - [2025-01-18T09:12:56.091+0000] {override.py:1911} INFO - Created Permission View: can create on DAG Run:example_bash_operator
[2025-01-18T09:12:56.104+0000] {logging_mixin.py:190} INFO - [2025-01-18T09:12:56.104+0000] {override.py:1911} INFO - Created Permission View: menu access on DAG Run:example_bash_operator
[2025-01-18T09:12:56.125+0000] {logging_mixin.py:190} INFO - [2025-01-18T09:12:56.125+0000] {override.py:1911} INFO - Created Permission View: can read on DAG Run:example_bash_operator
[2025-01-18T09:12:56.152+0000] {logging_mixin.py:190} INFO - [2025-01-18T09:12:56.152+0000] {override.py:1911} INFO - Created Permission View: can delete on DAG Run:example_bash_operator
[2025-01-18T09:12:56.153+0000] {logging_mixin.py:190} INFO - [2025-01-18T09:12:56.152+0000] {dag.py:3239} INFO - Sync 1 DAGs
[2025-01-18T09:12:56.203+0000] {logging_mixin.py:190} INFO - [2025-01-18T09:12:56.202+0000] {dag.py:3262} INFO - Creating ORM DAG for example_bash_operator
[2025-01-18T09:12:56.235+0000] {logging_mixin.py:190} INFO - [2025-01-18T09:12:56.235+0000] {dag.py:4180} INFO - Setting next_dagrun for example_bash_operator to 2025-01-17 00:00:00+00:00, run_after=2025-01-18 00:00:00+00:00
[2025-01-18T09:12:56.284+0000] {processor.py:208} INFO - Processing /home/airflow/.local/lib/python3.12/site-packages/airflow/example_dags/example_bash_operator.py took 0.726 seconds
[2025-01-18T09:13:26.643+0000] {processor.py:186} INFO - Started process (PID=187) to work on /home/airflow/.local/lib/python3.12/site-packages/airflow/example_dags/example_bash_operator.py
[2025-01-18T09:13:26.644+0000] {processor.py:914} INFO - Processing file /home/airflow/.local/lib/python3.12/site-packages/airflow/example_dags/example_bash_operator.py for tasks to queue
[2025-01-18T09:13:26.647+0000] {logging_mixin.py:190} INFO - [2025-01-18T09:13:26.647+0000] {dagbag.py:588} INFO - Filling up the DagBag from /home/airflow/.local/lib/python3.12/site-packages/airflow/example_dags/example_bash_operator.py
[2025-01-18T09:13:26.687+0000] {processor.py:925} INFO - DAG(s) 'example_bash_operator' retrieved from /home/airflow/.local/lib/python3.12/site-packages/airflow/example_dags/example_bash_operator.py
[2025-01-18T09:13:26.742+0000] {logging_mixin.py:190} INFO - [2025-01-18T09:13:26.742+0000] {dag.py:3239} INFO - Sync 1 DAGs
[2025-01-18T09:13:26.787+0000] {logging_mixin.py:190} INFO - [2025-01-18T09:13:26.787+0000] {dag.py:4180} INFO - Setting next_dagrun for example_bash_operator to 2025-01-17 00:00:00+00:00, run_after=2025-01-18 00:00:00+00:00
[2025-01-18T09:13:26.806+0000] {processor.py:208} INFO - Processing /home/airflow/.local/lib/python3.12/site-packages/airflow/example_dags/example_bash_operator.py took 0.175 seconds
[2025-01-18T09:13:57.416+0000] {processor.py:186} INFO - Started process (PID=250) to work on /home/airflow/.local/lib/python3.12/site-packages/airflow/example_dags/example_bash_operator.py
[2025-01-18T09:13:57.417+0000] {processor.py:914} INFO - Processing file /home/airflow/.local/lib/python3.12/site-packages/airflow/example_dags/example_bash_operator.py for tasks to queue
[2025-01-18T09:13:57.419+0000] {logging_mixin.py:190} INFO - [2025-01-18T09:13:57.419+0000] {dagbag.py:588} INFO - Filling up the DagBag from /home/airflow/.local/lib/python3.12/site-packages/airflow/example_dags/example_bash_operator.py
[2025-01-18T09:13:57.439+0000] {processor.py:925} INFO - DAG(s) 'example_bash_operator' retrieved from /home/airflow/.local/lib/python3.12/site-packages/airflow/example_dags/example_bash_operator.py
[2025-01-18T09:13:57.468+0000] {logging_mixin.py:190} INFO - [2025-01-18T09:13:57.468+0000] {dag.py:3239} INFO - Sync 1 DAGs
[2025-01-18T09:13:57.496+0000] {logging_mixin.py:190} INFO - [2025-01-18T09:13:57.496+0000] {dag.py:4180} INFO - Setting next_dagrun for example_bash_operator to 2025-01-17 00:00:00+00:00, run_after=2025-01-18 00:00:00+00:00
[2025-01-18T09:13:57.514+0000] {processor.py:208} INFO - Processing /home/airflow/.local/lib/python3.12/site-packages/airflow/example_dags/example_bash_operator.py took 0.104 seconds
[2025-01-18T09:14:27.944+0000] {processor.py:186} INFO - Started process (PID=314) to work on /home/airflow/.local/lib/python3.12/site-packages/airflow/example_dags/example_bash_operator.py
[2025-01-18T09:14:27.945+0000] {processor.py:914} INFO - Processing file /home/airflow/.local/lib/python3.12/site-packages/airflow/example_dags/example_bash_operator.py for tasks to queue
[2025-01-18T09:14:27.947+0000] {logging_mixin.py:190} INFO - [2025-01-18T09:14:27.947+0000] {dagbag.py:588} INFO - Filling up the DagBag from /home/airflow/.local/lib/python3.12/site-packages/airflow/example_dags/example_bash_operator.py
[2025-01-18T09:14:27.961+0000] {processor.py:925} INFO - DAG(s) 'example_bash_operator' retrieved from /home/airflow/.local/lib/python3.12/site-packages/airflow/example_dags/example_bash_operator.py
[2025-01-18T09:14:27.991+0000] {logging_mixin.py:190} INFO - [2025-01-18T09:14:27.991+0000] {dag.py:3239} INFO - Sync 1 DAGs
[2025-01-18T09:14:28.018+0000] {logging_mixin.py:190} INFO - [2025-01-18T09:14:28.018+0000] {dag.py:4180} INFO - Setting next_dagrun for example_bash_operator to 2025-01-17 00:00:00+00:00, run_after=2025-01-18 00:00:00+00:00
[2025-01-18T09:14:28.035+0000] {processor.py:208} INFO - Processing /home/airflow/.local/lib/python3.12/site-packages/airflow/example_dags/example_bash_operator.py took 0.099 seconds
[2025-01-18T09:14:58.285+0000] {processor.py:186} INFO - Started process (PID=377) to work on /home/airflow/.local/lib/python3.12/site-packages/airflow/example_dags/example_bash_operator.py
[2025-01-18T09:14:58.286+0000] {processor.py:914} INFO - Processing file /home/airflow/.local/lib/python3.12/site-packages/airflow/example_dags/example_bash_operator.py for tasks to queue
[2025-01-18T09:14:58.288+0000] {logging_mixin.py:190} INFO - [2025-01-18T09:14:58.288+0000] {dagbag.py:588} INFO - Filling up the DagBag from /home/airflow/.local/lib/python3.12/site-packages/airflow/example_dags/example_bash_operator.py
[2025-01-18T09:14:58.302+0000] {processor.py:925} INFO - DAG(s) 'example_bash_operator' retrieved from /home/airflow/.local/lib/python3.12/site-packages/airflow/example_dags/example_bash_operator.py
[2025-01-18T09:14:58.331+0000] {logging_mixin.py:190} INFO - [2025-01-18T09:14:58.331+0000] {dag.py:3239} INFO - Sync 1 DAGs
[2025-01-18T09:14:58.358+0000] {logging_mixin.py:190} INFO - [2025-01-18T09:14:58.358+0000] {dag.py:4180} INFO - Setting next_dagrun for example_bash_operator to 2025-01-17 00:00:00+00:00, run_after=2025-01-18 00:00:00+00:00
[2025-01-18T09:14:58.375+0000] {processor.py:208} INFO - Processing /home/airflow/.local/lib/python3.12/site-packages/airflow/example_dags/example_bash_operator.py took 0.097 seconds
[2025-01-18T09:15:28.637+0000] {processor.py:186} INFO - Started process (PID=440) to work on /home/airflow/.local/lib/python3.12/site-packages/airflow/example_dags/example_bash_operator.py
[2025-01-18T09:15:28.637+0000] {processor.py:914} INFO - Processing file /home/airflow/.local/lib/python3.12/site-packages/airflow/example_dags/example_bash_operator.py for tasks to queue
[2025-01-18T09:15:28.640+0000] {logging_mixin.py:190} INFO - [2025-01-18T09:15:28.639+0000] {dagbag.py:588} INFO - Filling up the DagBag from /home/airflow/.local/lib/python3.12/site-packages/airflow/example_dags/example_bash_operator.py
[2025-01-18T09:15:28.654+0000] {processor.py:925} INFO - DAG(s) 'example_bash_operator' retrieved from /home/airflow/.local/lib/python3.12/site-packages/airflow/example_dags/example_bash_operator.py
[2025-01-18T09:15:28.687+0000] {logging_mixin.py:190} INFO - [2025-01-18T09:15:28.687+0000] {dag.py:3239} INFO - Sync 1 DAGs
[2025-01-18T09:15:28.714+0000] {logging_mixin.py:190} INFO - [2025-01-18T09:15:28.714+0000] {dag.py:4180} INFO - Setting next_dagrun for example_bash_operator to 2025-01-17 00:00:00+00:00, run_after=2025-01-18 00:00:00+00:00
[2025-01-18T09:15:28.732+0000] {processor.py:208} INFO - Processing /home/airflow/.local/lib/python3.12/site-packages/airflow/example_dags/example_bash_operator.py took 0.102 seconds
[2025-01-18T09:15:59.673+0000] {processor.py:186} INFO - Started process (PID=503) to work on /home/airflow/.local/lib/python3.12/site-packages/airflow/example_dags/example_bash_operator.py
[2025-01-18T09:15:59.686+0000] {processor.py:914} INFO - Processing file /home/airflow/.local/lib/python3.12/site-packages/airflow/example_dags/example_bash_operator.py for tasks to queue
[2025-01-18T09:15:59.688+0000] {logging_mixin.py:190} INFO - [2025-01-18T09:15:59.688+0000] {dagbag.py:588} INFO - Filling up the DagBag from /home/airflow/.local/lib/python3.12/site-packages/airflow/example_dags/example_bash_operator.py
[2025-01-18T09:15:59.721+0000] {processor.py:925} INFO - DAG(s) 'example_bash_operator' retrieved from /home/airflow/.local/lib/python3.12/site-packages/airflow/example_dags/example_bash_operator.py
[2025-01-18T09:15:59.790+0000] {logging_mixin.py:190} INFO - [2025-01-18T09:15:59.789+0000] {dag.py:3239} INFO - Sync 1 DAGs
[2025-01-18T09:15:59.835+0000] {logging_mixin.py:190} INFO - [2025-01-18T09:15:59.834+0000] {dag.py:4180} INFO - Setting next_dagrun for example_bash_operator to 2025-01-17 00:00:00+00:00, run_after=2025-01-18 00:00:00+00:00
[2025-01-18T09:15:59.875+0000] {processor.py:208} INFO - Processing /home/airflow/.local/lib/python3.12/site-packages/airflow/example_dags/example_bash_operator.py took 0.212 seconds
[2025-01-18T09:16:30.725+0000] {processor.py:186} INFO - Started process (PID=564) to work on /home/airflow/.local/lib/python3.12/site-packages/airflow/example_dags/example_bash_operator.py
[2025-01-18T09:16:30.726+0000] {processor.py:914} INFO - Processing file /home/airflow/.local/lib/python3.12/site-packages/airflow/example_dags/example_bash_operator.py for tasks to queue
[2025-01-18T09:16:30.753+0000] {logging_mixin.py:190} INFO - [2025-01-18T09:16:30.728+0000] {dagbag.py:588} INFO - Filling up the DagBag from /home/airflow/.local/lib/python3.12/site-packages/airflow/example_dags/example_bash_operator.py
[2025-01-18T09:16:30.780+0000] {processor.py:925} INFO - DAG(s) 'example_bash_operator' retrieved from /home/airflow/.local/lib/python3.12/site-packages/airflow/example_dags/example_bash_operator.py
[2025-01-18T09:16:30.840+0000] {logging_mixin.py:190} INFO - [2025-01-18T09:16:30.839+0000] {dag.py:3239} INFO - Sync 1 DAGs
[2025-01-18T09:16:30.898+0000] {logging_mixin.py:190} INFO - [2025-01-18T09:16:30.898+0000] {dag.py:4180} INFO - Setting next_dagrun for example_bash_operator to 2025-01-17 00:00:00+00:00, run_after=2025-01-18 00:00:00+00:00
[2025-01-18T09:16:30.947+0000] {processor.py:208} INFO - Processing /home/airflow/.local/lib/python3.12/site-packages/airflow/example_dags/example_bash_operator.py took 0.256 seconds
[2025-01-18T09:17:01.691+0000] {processor.py:186} INFO - Started process (PID=627) to work on /home/airflow/.local/lib/python3.12/site-packages/airflow/example_dags/example_bash_operator.py
[2025-01-18T09:17:01.692+0000] {processor.py:914} INFO - Processing file /home/airflow/.local/lib/python3.12/site-packages/airflow/example_dags/example_bash_operator.py for tasks to queue
[2025-01-18T09:17:01.693+0000] {logging_mixin.py:190} INFO - [2025-01-18T09:17:01.693+0000] {dagbag.py:588} INFO - Filling up the DagBag from /home/airflow/.local/lib/python3.12/site-packages/airflow/example_dags/example_bash_operator.py
[2025-01-18T09:17:01.703+0000] {processor.py:925} INFO - DAG(s) 'example_bash_operator' retrieved from /home/airflow/.local/lib/python3.12/site-packages/airflow/example_dags/example_bash_operator.py
[2025-01-18T09:17:01.727+0000] {logging_mixin.py:190} INFO - [2025-01-18T09:17:01.726+0000] {dag.py:3239} INFO - Sync 1 DAGs
[2025-01-18T09:17:01.744+0000] {logging_mixin.py:190} INFO - [2025-01-18T09:17:01.744+0000] {dag.py:4180} INFO - Setting next_dagrun for example_bash_operator to 2025-01-17 00:00:00+00:00, run_after=2025-01-18 00:00:00+00:00
[2025-01-18T09:17:01.758+0000] {processor.py:208} INFO - Processing /home/airflow/.local/lib/python3.12/site-packages/airflow/example_dags/example_bash_operator.py took 0.071 seconds
[2025-01-18T09:17:31.966+0000] {processor.py:186} INFO - Started process (PID=690) to work on /home/airflow/.local/lib/python3.12/site-packages/airflow/example_dags/example_bash_operator.py
[2025-01-18T09:17:31.967+0000] {processor.py:914} INFO - Processing file /home/airflow/.local/lib/python3.12/site-packages/airflow/example_dags/example_bash_operator.py for tasks to queue
[2025-01-18T09:17:31.969+0000] {logging_mixin.py:190} INFO - [2025-01-18T09:17:31.968+0000] {dagbag.py:588} INFO - Filling up the DagBag from /home/airflow/.local/lib/python3.12/site-packages/airflow/example_dags/example_bash_operator.py
[2025-01-18T09:17:31.980+0000] {processor.py:925} INFO - DAG(s) 'example_bash_operator' retrieved from /home/airflow/.local/lib/python3.12/site-packages/airflow/example_dags/example_bash_operator.py
[2025-01-18T09:17:32.000+0000] {logging_mixin.py:190} INFO - [2025-01-18T09:17:31.999+0000] {dag.py:3239} INFO - Sync 1 DAGs
[2025-01-18T09:17:32.018+0000] {logging_mixin.py:190} INFO - [2025-01-18T09:17:32.017+0000] {dag.py:4180} INFO - Setting next_dagrun for example_bash_operator to 2025-01-17 00:00:00+00:00, run_after=2025-01-18 00:00:00+00:00
[2025-01-18T09:17:32.030+0000] {processor.py:208} INFO - Processing /home/airflow/.local/lib/python3.12/site-packages/airflow/example_dags/example_bash_operator.py took 0.068 seconds
[2025-01-18T09:18:02.230+0000] {processor.py:186} INFO - Started process (PID=754) to work on /home/airflow/.local/lib/python3.12/site-packages/airflow/example_dags/example_bash_operator.py
[2025-01-18T09:18:02.231+0000] {processor.py:914} INFO - Processing file /home/airflow/.local/lib/python3.12/site-packages/airflow/example_dags/example_bash_operator.py for tasks to queue
[2025-01-18T09:18:02.233+0000] {logging_mixin.py:190} INFO - [2025-01-18T09:18:02.232+0000] {dagbag.py:588} INFO - Filling up the DagBag from /home/airflow/.local/lib/python3.12/site-packages/airflow/example_dags/example_bash_operator.py
[2025-01-18T09:18:02.242+0000] {processor.py:925} INFO - DAG(s) 'example_bash_operator' retrieved from /home/airflow/.local/lib/python3.12/site-packages/airflow/example_dags/example_bash_operator.py
[2025-01-18T09:18:02.264+0000] {logging_mixin.py:190} INFO - [2025-01-18T09:18:02.264+0000] {dag.py:3239} INFO - Sync 1 DAGs
[2025-01-18T09:18:02.281+0000] {logging_mixin.py:190} INFO - [2025-01-18T09:18:02.281+0000] {dag.py:4180} INFO - Setting next_dagrun for example_bash_operator to 2025-01-17 00:00:00+00:00, run_after=2025-01-18 00:00:00+00:00
[2025-01-18T09:18:02.297+0000] {processor.py:208} INFO - Processing /home/airflow/.local/lib/python3.12/site-packages/airflow/example_dags/example_bash_operator.py took 0.071 seconds
[2025-01-18T09:18:32.413+0000] {processor.py:186} INFO - Started process (PID=818) to work on /home/airflow/.local/lib/python3.12/site-packages/airflow/example_dags/example_bash_operator.py
[2025-01-18T09:18:32.414+0000] {processor.py:914} INFO - Processing file /home/airflow/.local/lib/python3.12/site-packages/airflow/example_dags/example_bash_operator.py for tasks to queue
[2025-01-18T09:18:32.416+0000] {logging_mixin.py:190} INFO - [2025-01-18T09:18:32.415+0000] {dagbag.py:588} INFO - Filling up the DagBag from /home/airflow/.local/lib/python3.12/site-packages/airflow/example_dags/example_bash_operator.py
[2025-01-18T09:18:32.425+0000] {processor.py:925} INFO - DAG(s) 'example_bash_operator' retrieved from /home/airflow/.local/lib/python3.12/site-packages/airflow/example_dags/example_bash_operator.py
[2025-01-18T09:18:32.445+0000] {logging_mixin.py:190} INFO - [2025-01-18T09:18:32.445+0000] {dag.py:3239} INFO - Sync 1 DAGs
[2025-01-18T09:18:32.463+0000] {logging_mixin.py:190} INFO - [2025-01-18T09:18:32.463+0000] {dag.py:4180} INFO - Setting next_dagrun for example_bash_operator to 2025-01-17 00:00:00+00:00, run_after=2025-01-18 00:00:00+00:00
[2025-01-18T09:18:32.476+0000] {processor.py:208} INFO - Processing /home/airflow/.local/lib/python3.12/site-packages/airflow/example_dags/example_bash_operator.py took 0.069 seconds
[2025-01-18T09:19:02.752+0000] {processor.py:186} INFO - Started process (PID=881) to work on /home/airflow/.local/lib/python3.12/site-packages/airflow/example_dags/example_bash_operator.py
[2025-01-18T09:19:02.753+0000] {processor.py:914} INFO - Processing file /home/airflow/.local/lib/python3.12/site-packages/airflow/example_dags/example_bash_operator.py for tasks to queue
[2025-01-18T09:19:02.755+0000] {logging_mixin.py:190} INFO - [2025-01-18T09:19:02.755+0000] {dagbag.py:588} INFO - Filling up the DagBag from /home/airflow/.local/lib/python3.12/site-packages/airflow/example_dags/example_bash_operator.py
[2025-01-18T09:19:02.765+0000] {processor.py:925} INFO - DAG(s) 'example_bash_operator' retrieved from /home/airflow/.local/lib/python3.12/site-packages/airflow/example_dags/example_bash_operator.py
[2025-01-18T09:19:02.786+0000] {logging_mixin.py:190} INFO - [2025-01-18T09:19:02.786+0000] {dag.py:3239} INFO - Sync 1 DAGs
[2025-01-18T09:19:02.804+0000] {logging_mixin.py:190} INFO - [2025-01-18T09:19:02.803+0000] {dag.py:4180} INFO - Setting next_dagrun for example_bash_operator to 2025-01-17 00:00:00+00:00, run_after=2025-01-18 00:00:00+00:00
[2025-01-18T09:19:02.817+0000] {processor.py:208} INFO - Processing /home/airflow/.local/lib/python3.12/site-packages/airflow/example_dags/example_bash_operator.py took 0.069 seconds
[2025-01-18T09:19:32.943+0000] {processor.py:186} INFO - Started process (PID=945) to work on /home/airflow/.local/lib/python3.12/site-packages/airflow/example_dags/example_bash_operator.py
[2025-01-18T09:19:32.944+0000] {processor.py:914} INFO - Processing file /home/airflow/.local/lib/python3.12/site-packages/airflow/example_dags/example_bash_operator.py for tasks to queue
[2025-01-18T09:19:32.945+0000] {logging_mixin.py:190} INFO - [2025-01-18T09:19:32.945+0000] {dagbag.py:588} INFO - Filling up the DagBag from /home/airflow/.local/lib/python3.12/site-packages/airflow/example_dags/example_bash_operator.py
[2025-01-18T09:19:32.955+0000] {processor.py:925} INFO - DAG(s) 'example_bash_operator' retrieved from /home/airflow/.local/lib/python3.12/site-packages/airflow/example_dags/example_bash_operator.py
[2025-01-18T09:19:32.975+0000] {logging_mixin.py:190} INFO - [2025-01-18T09:19:32.975+0000] {dag.py:3239} INFO - Sync 1 DAGs
[2025-01-18T09:19:32.994+0000] {logging_mixin.py:190} INFO - [2025-01-18T09:19:32.994+0000] {dag.py:4180} INFO - Setting next_dagrun for example_bash_operator to 2025-01-17 00:00:00+00:00, run_after=2025-01-18 00:00:00+00:00
[2025-01-18T09:19:33.011+0000] {processor.py:208} INFO - Processing /home/airflow/.local/lib/python3.12/site-packages/airflow/example_dags/example_bash_operator.py took 0.073 seconds
[2025-01-18T09:20:03.695+0000] {processor.py:186} INFO - Started process (PID=1009) to work on /home/airflow/.local/lib/python3.12/site-packages/airflow/example_dags/example_bash_operator.py
[2025-01-18T09:20:03.696+0000] {processor.py:914} INFO - Processing file /home/airflow/.local/lib/python3.12/site-packages/airflow/example_dags/example_bash_operator.py for tasks to queue
[2025-01-18T09:20:03.698+0000] {logging_mixin.py:190} INFO - [2025-01-18T09:20:03.698+0000] {dagbag.py:588} INFO - Filling up the DagBag from /home/airflow/.local/lib/python3.12/site-packages/airflow/example_dags/example_bash_operator.py
[2025-01-18T09:20:03.729+0000] {processor.py:925} INFO - DAG(s) 'example_bash_operator' retrieved from /home/airflow/.local/lib/python3.12/site-packages/airflow/example_dags/example_bash_operator.py
[2025-01-18T09:20:03.778+0000] {logging_mixin.py:190} INFO - [2025-01-18T09:20:03.778+0000] {dag.py:3239} INFO - Sync 1 DAGs
[2025-01-18T09:20:03.818+0000] {logging_mixin.py:190} INFO - [2025-01-18T09:20:03.818+0000] {dag.py:4180} INFO - Setting next_dagrun for example_bash_operator to 2025-01-17 00:00:00+00:00, run_after=2025-01-18 00:00:00+00:00
[2025-01-18T09:20:03.853+0000] {processor.py:208} INFO - Processing /home/airflow/.local/lib/python3.12/site-packages/airflow/example_dags/example_bash_operator.py took 0.172 seconds
[2025-01-18T09:20:34.253+0000] {processor.py:186} INFO - Started process (PID=1072) to work on /home/airflow/.local/lib/python3.12/site-packages/airflow/example_dags/example_bash_operator.py
[2025-01-18T09:20:34.253+0000] {processor.py:914} INFO - Processing file /home/airflow/.local/lib/python3.12/site-packages/airflow/example_dags/example_bash_operator.py for tasks to queue
[2025-01-18T09:20:34.255+0000] {logging_mixin.py:190} INFO - [2025-01-18T09:20:34.255+0000] {dagbag.py:588} INFO - Filling up the DagBag from /home/airflow/.local/lib/python3.12/site-packages/airflow/example_dags/example_bash_operator.py
[2025-01-18T09:20:34.265+0000] {processor.py:925} INFO - DAG(s) 'example_bash_operator' retrieved from /home/airflow/.local/lib/python3.12/site-packages/airflow/example_dags/example_bash_operator.py
[2025-01-18T09:20:34.286+0000] {logging_mixin.py:190} INFO - [2025-01-18T09:20:34.285+0000] {dag.py:3239} INFO - Sync 1 DAGs
[2025-01-18T09:20:34.303+0000] {logging_mixin.py:190} INFO - [2025-01-18T09:20:34.303+0000] {dag.py:4180} INFO - Setting next_dagrun for example_bash_operator to 2025-01-17 00:00:00+00:00, run_after=2025-01-18 00:00:00+00:00
[2025-01-18T09:20:34.318+0000] {processor.py:208} INFO - Processing /home/airflow/.local/lib/python3.12/site-packages/airflow/example_dags/example_bash_operator.py took 0.069 seconds
