[2025-01-18T09:12:51.819+0000] {processor.py:186} INFO - Started process (PID=118) to work on /home/airflow/.local/lib/python3.12/site-packages/airflow/example_dags/example_display_name.py
[2025-01-18T09:12:51.820+0000] {processor.py:914} INFO - Processing file /home/airflow/.local/lib/python3.12/site-packages/airflow/example_dags/example_display_name.py for tasks to queue
[2025-01-18T09:12:51.822+0000] {logging_mixin.py:190} INFO - [2025-01-18T09:12:51.822+0000] {dagbag.py:588} INFO - Filling up the DagBag from /home/airflow/.local/lib/python3.12/site-packages/airflow/example_dags/example_display_name.py
[2025-01-18T09:12:51.831+0000] {processor.py:925} INFO - DAG(s) 'example_display_name' retrieved from /home/airflow/.local/lib/python3.12/site-packages/airflow/example_dags/example_display_name.py
[2025-01-18T09:12:52.093+0000] {logging_mixin.py:190} INFO - [2025-01-18T09:12:52.092+0000] {override.py:1911} INFO - Created Permission View: can edit on DAG:example_display_name
[2025-01-18T09:12:52.134+0000] {logging_mixin.py:190} INFO - [2025-01-18T09:12:52.134+0000] {override.py:1911} INFO - Created Permission View: can read on DAG:example_display_name
[2025-01-18T09:12:52.140+0000] {logging_mixin.py:190} INFO - [2025-01-18T09:12:52.140+0000] {override.py:1911} INFO - Created Permission View: can delete on DAG:example_display_name
[2025-01-18T09:12:52.145+0000] {logging_mixin.py:190} INFO - [2025-01-18T09:12:52.145+0000] {override.py:1911} INFO - Created Permission View: can create on DAG Run:example_display_name
[2025-01-18T09:12:52.151+0000] {logging_mixin.py:190} INFO - [2025-01-18T09:12:52.151+0000] {override.py:1911} INFO - Created Permission View: menu access on DAG Run:example_display_name
[2025-01-18T09:12:52.156+0000] {logging_mixin.py:190} INFO - [2025-01-18T09:12:52.156+0000] {override.py:1911} INFO - Created Permission View: can read on DAG Run:example_display_name
[2025-01-18T09:12:52.162+0000] {logging_mixin.py:190} INFO - [2025-01-18T09:12:52.161+0000] {override.py:1911} INFO - Created Permission View: can delete on DAG Run:example_display_name
[2025-01-18T09:12:52.162+0000] {logging_mixin.py:190} INFO - [2025-01-18T09:12:52.162+0000] {dag.py:3239} INFO - Sync 1 DAGs
[2025-01-18T09:12:52.177+0000] {logging_mixin.py:190} INFO - [2025-01-18T09:12:52.177+0000] {dag.py:3262} INFO - Creating ORM DAG for example_display_name
[2025-01-18T09:12:52.178+0000] {logging_mixin.py:190} INFO - [2025-01-18T09:12:52.178+0000] {dag.py:4180} INFO - Setting next_dagrun for example_display_name to None, run_after=None
[2025-01-18T09:12:52.204+0000] {processor.py:208} INFO - Processing /home/airflow/.local/lib/python3.12/site-packages/airflow/example_dags/example_display_name.py took 0.393 seconds
[2025-01-18T09:13:22.324+0000] {processor.py:186} INFO - Started process (PID=181) to work on /home/airflow/.local/lib/python3.12/site-packages/airflow/example_dags/example_display_name.py
[2025-01-18T09:13:22.325+0000] {processor.py:914} INFO - Processing file /home/airflow/.local/lib/python3.12/site-packages/airflow/example_dags/example_display_name.py for tasks to queue
[2025-01-18T09:13:22.327+0000] {logging_mixin.py:190} INFO - [2025-01-18T09:13:22.327+0000] {dagbag.py:588} INFO - Filling up the DagBag from /home/airflow/.local/lib/python3.12/site-packages/airflow/example_dags/example_display_name.py
[2025-01-18T09:13:22.335+0000] {processor.py:925} INFO - DAG(s) 'example_display_name' retrieved from /home/airflow/.local/lib/python3.12/site-packages/airflow/example_dags/example_display_name.py
[2025-01-18T09:13:22.353+0000] {logging_mixin.py:190} INFO - [2025-01-18T09:13:22.353+0000] {dag.py:3239} INFO - Sync 1 DAGs
[2025-01-18T09:13:22.368+0000] {logging_mixin.py:190} INFO - [2025-01-18T09:13:22.368+0000] {dag.py:4180} INFO - Setting next_dagrun for example_display_name to None, run_after=None
[2025-01-18T09:13:22.384+0000] {processor.py:208} INFO - Processing /home/airflow/.local/lib/python3.12/site-packages/airflow/example_dags/example_display_name.py took 0.066 seconds
[2025-01-18T09:13:53.105+0000] {processor.py:186} INFO - Started process (PID=244) to work on /home/airflow/.local/lib/python3.12/site-packages/airflow/example_dags/example_display_name.py
[2025-01-18T09:13:53.106+0000] {processor.py:914} INFO - Processing file /home/airflow/.local/lib/python3.12/site-packages/airflow/example_dags/example_display_name.py for tasks to queue
[2025-01-18T09:13:53.108+0000] {logging_mixin.py:190} INFO - [2025-01-18T09:13:53.107+0000] {dagbag.py:588} INFO - Filling up the DagBag from /home/airflow/.local/lib/python3.12/site-packages/airflow/example_dags/example_display_name.py
[2025-01-18T09:13:53.116+0000] {processor.py:925} INFO - DAG(s) 'example_display_name' retrieved from /home/airflow/.local/lib/python3.12/site-packages/airflow/example_dags/example_display_name.py
[2025-01-18T09:13:53.134+0000] {logging_mixin.py:190} INFO - [2025-01-18T09:13:53.134+0000] {dag.py:3239} INFO - Sync 1 DAGs
[2025-01-18T09:13:53.150+0000] {logging_mixin.py:190} INFO - [2025-01-18T09:13:53.150+0000] {dag.py:4180} INFO - Setting next_dagrun for example_display_name to None, run_after=None
[2025-01-18T09:13:53.167+0000] {processor.py:208} INFO - Processing /home/airflow/.local/lib/python3.12/site-packages/airflow/example_dags/example_display_name.py took 0.068 seconds
[2025-01-18T09:14:24.130+0000] {processor.py:186} INFO - Started process (PID=308) to work on /home/airflow/.local/lib/python3.12/site-packages/airflow/example_dags/example_display_name.py
[2025-01-18T09:14:24.130+0000] {processor.py:914} INFO - Processing file /home/airflow/.local/lib/python3.12/site-packages/airflow/example_dags/example_display_name.py for tasks to queue
[2025-01-18T09:14:24.133+0000] {logging_mixin.py:190} INFO - [2025-01-18T09:14:24.132+0000] {dagbag.py:588} INFO - Filling up the DagBag from /home/airflow/.local/lib/python3.12/site-packages/airflow/example_dags/example_display_name.py
[2025-01-18T09:14:24.140+0000] {processor.py:925} INFO - DAG(s) 'example_display_name' retrieved from /home/airflow/.local/lib/python3.12/site-packages/airflow/example_dags/example_display_name.py
[2025-01-18T09:14:24.160+0000] {logging_mixin.py:190} INFO - [2025-01-18T09:14:24.160+0000] {dag.py:3239} INFO - Sync 1 DAGs
[2025-01-18T09:14:24.176+0000] {logging_mixin.py:190} INFO - [2025-01-18T09:14:24.176+0000] {dag.py:4180} INFO - Setting next_dagrun for example_display_name to None, run_after=None
[2025-01-18T09:14:24.192+0000] {processor.py:208} INFO - Processing /home/airflow/.local/lib/python3.12/site-packages/airflow/example_dags/example_display_name.py took 0.068 seconds
[2025-01-18T09:14:54.333+0000] {processor.py:186} INFO - Started process (PID=370) to work on /home/airflow/.local/lib/python3.12/site-packages/airflow/example_dags/example_display_name.py
[2025-01-18T09:14:54.334+0000] {processor.py:914} INFO - Processing file /home/airflow/.local/lib/python3.12/site-packages/airflow/example_dags/example_display_name.py for tasks to queue
[2025-01-18T09:14:54.336+0000] {logging_mixin.py:190} INFO - [2025-01-18T09:14:54.336+0000] {dagbag.py:588} INFO - Filling up the DagBag from /home/airflow/.local/lib/python3.12/site-packages/airflow/example_dags/example_display_name.py
[2025-01-18T09:14:54.346+0000] {processor.py:925} INFO - DAG(s) 'example_display_name' retrieved from /home/airflow/.local/lib/python3.12/site-packages/airflow/example_dags/example_display_name.py
[2025-01-18T09:14:54.390+0000] {logging_mixin.py:190} INFO - [2025-01-18T09:14:54.390+0000] {dag.py:3239} INFO - Sync 1 DAGs
[2025-01-18T09:14:54.406+0000] {logging_mixin.py:190} INFO - [2025-01-18T09:14:54.406+0000] {dag.py:4180} INFO - Setting next_dagrun for example_display_name to None, run_after=None
[2025-01-18T09:14:54.423+0000] {processor.py:208} INFO - Processing /home/airflow/.local/lib/python3.12/site-packages/airflow/example_dags/example_display_name.py took 0.099 seconds
[2025-01-18T09:15:25.157+0000] {processor.py:186} INFO - Started process (PID=433) to work on /home/airflow/.local/lib/python3.12/site-packages/airflow/example_dags/example_display_name.py
[2025-01-18T09:15:25.158+0000] {processor.py:914} INFO - Processing file /home/airflow/.local/lib/python3.12/site-packages/airflow/example_dags/example_display_name.py for tasks to queue
[2025-01-18T09:15:25.160+0000] {logging_mixin.py:190} INFO - [2025-01-18T09:15:25.160+0000] {dagbag.py:588} INFO - Filling up the DagBag from /home/airflow/.local/lib/python3.12/site-packages/airflow/example_dags/example_display_name.py
[2025-01-18T09:15:25.168+0000] {processor.py:925} INFO - DAG(s) 'example_display_name' retrieved from /home/airflow/.local/lib/python3.12/site-packages/airflow/example_dags/example_display_name.py
[2025-01-18T09:15:25.188+0000] {logging_mixin.py:190} INFO - [2025-01-18T09:15:25.188+0000] {dag.py:3239} INFO - Sync 1 DAGs
[2025-01-18T09:15:25.204+0000] {logging_mixin.py:190} INFO - [2025-01-18T09:15:25.204+0000] {dag.py:4180} INFO - Setting next_dagrun for example_display_name to None, run_after=None
[2025-01-18T09:15:25.222+0000] {processor.py:208} INFO - Processing /home/airflow/.local/lib/python3.12/site-packages/airflow/example_dags/example_display_name.py took 0.071 seconds
[2025-01-18T09:15:57.039+0000] {processor.py:186} INFO - Started process (PID=496) to work on /home/airflow/.local/lib/python3.12/site-packages/airflow/example_dags/example_display_name.py
[2025-01-18T09:15:57.045+0000] {processor.py:914} INFO - Processing file /home/airflow/.local/lib/python3.12/site-packages/airflow/example_dags/example_display_name.py for tasks to queue
[2025-01-18T09:15:57.050+0000] {logging_mixin.py:190} INFO - [2025-01-18T09:15:57.050+0000] {dagbag.py:588} INFO - Filling up the DagBag from /home/airflow/.local/lib/python3.12/site-packages/airflow/example_dags/example_display_name.py
[2025-01-18T09:15:57.078+0000] {processor.py:925} INFO - DAG(s) 'example_display_name' retrieved from /home/airflow/.local/lib/python3.12/site-packages/airflow/example_dags/example_display_name.py
[2025-01-18T09:15:57.184+0000] {logging_mixin.py:190} INFO - [2025-01-18T09:15:57.184+0000] {dag.py:3239} INFO - Sync 1 DAGs
[2025-01-18T09:15:57.240+0000] {logging_mixin.py:190} INFO - [2025-01-18T09:15:57.239+0000] {dag.py:4180} INFO - Setting next_dagrun for example_display_name to None, run_after=None
[2025-01-18T09:15:57.283+0000] {processor.py:208} INFO - Processing /home/airflow/.local/lib/python3.12/site-packages/airflow/example_dags/example_display_name.py took 0.299 seconds
[2025-01-18T09:16:27.734+0000] {processor.py:186} INFO - Started process (PID=557) to work on /home/airflow/.local/lib/python3.12/site-packages/airflow/example_dags/example_display_name.py
[2025-01-18T09:16:27.734+0000] {processor.py:914} INFO - Processing file /home/airflow/.local/lib/python3.12/site-packages/airflow/example_dags/example_display_name.py for tasks to queue
[2025-01-18T09:16:27.736+0000] {logging_mixin.py:190} INFO - [2025-01-18T09:16:27.736+0000] {dagbag.py:588} INFO - Filling up the DagBag from /home/airflow/.local/lib/python3.12/site-packages/airflow/example_dags/example_display_name.py
[2025-01-18T09:16:27.745+0000] {processor.py:925} INFO - DAG(s) 'example_display_name' retrieved from /home/airflow/.local/lib/python3.12/site-packages/airflow/example_dags/example_display_name.py
[2025-01-18T09:16:27.764+0000] {logging_mixin.py:190} INFO - [2025-01-18T09:16:27.763+0000] {dag.py:3239} INFO - Sync 1 DAGs
[2025-01-18T09:16:27.780+0000] {logging_mixin.py:190} INFO - [2025-01-18T09:16:27.779+0000] {dag.py:4180} INFO - Setting next_dagrun for example_display_name to None, run_after=None
[2025-01-18T09:16:27.796+0000] {processor.py:208} INFO - Processing /home/airflow/.local/lib/python3.12/site-packages/airflow/example_dags/example_display_name.py took 0.069 seconds
[2025-01-18T09:16:58.221+0000] {processor.py:186} INFO - Started process (PID=621) to work on /home/airflow/.local/lib/python3.12/site-packages/airflow/example_dags/example_display_name.py
[2025-01-18T09:16:58.225+0000] {processor.py:914} INFO - Processing file /home/airflow/.local/lib/python3.12/site-packages/airflow/example_dags/example_display_name.py for tasks to queue
[2025-01-18T09:16:58.227+0000] {logging_mixin.py:190} INFO - [2025-01-18T09:16:58.227+0000] {dagbag.py:588} INFO - Filling up the DagBag from /home/airflow/.local/lib/python3.12/site-packages/airflow/example_dags/example_display_name.py
[2025-01-18T09:16:58.263+0000] {processor.py:925} INFO - DAG(s) 'example_display_name' retrieved from /home/airflow/.local/lib/python3.12/site-packages/airflow/example_dags/example_display_name.py
[2025-01-18T09:16:58.325+0000] {logging_mixin.py:190} INFO - [2025-01-18T09:16:58.324+0000] {dag.py:3239} INFO - Sync 1 DAGs
[2025-01-18T09:16:58.349+0000] {logging_mixin.py:190} INFO - [2025-01-18T09:16:58.349+0000] {dag.py:4180} INFO - Setting next_dagrun for example_display_name to None, run_after=None
[2025-01-18T09:16:58.397+0000] {processor.py:208} INFO - Processing /home/airflow/.local/lib/python3.12/site-packages/airflow/example_dags/example_display_name.py took 0.197 seconds
[2025-01-18T09:17:28.552+0000] {processor.py:186} INFO - Started process (PID=684) to work on /home/airflow/.local/lib/python3.12/site-packages/airflow/example_dags/example_display_name.py
[2025-01-18T09:17:28.553+0000] {processor.py:914} INFO - Processing file /home/airflow/.local/lib/python3.12/site-packages/airflow/example_dags/example_display_name.py for tasks to queue
[2025-01-18T09:17:28.555+0000] {logging_mixin.py:190} INFO - [2025-01-18T09:17:28.554+0000] {dagbag.py:588} INFO - Filling up the DagBag from /home/airflow/.local/lib/python3.12/site-packages/airflow/example_dags/example_display_name.py
[2025-01-18T09:17:28.562+0000] {processor.py:925} INFO - DAG(s) 'example_display_name' retrieved from /home/airflow/.local/lib/python3.12/site-packages/airflow/example_dags/example_display_name.py
[2025-01-18T09:17:28.580+0000] {logging_mixin.py:190} INFO - [2025-01-18T09:17:28.580+0000] {dag.py:3239} INFO - Sync 1 DAGs
[2025-01-18T09:17:28.596+0000] {logging_mixin.py:190} INFO - [2025-01-18T09:17:28.596+0000] {dag.py:4180} INFO - Setting next_dagrun for example_display_name to None, run_after=None
[2025-01-18T09:17:28.613+0000] {processor.py:208} INFO - Processing /home/airflow/.local/lib/python3.12/site-packages/airflow/example_dags/example_display_name.py took 0.068 seconds
[2025-01-18T09:17:58.877+0000] {processor.py:186} INFO - Started process (PID=748) to work on /home/airflow/.local/lib/python3.12/site-packages/airflow/example_dags/example_display_name.py
[2025-01-18T09:17:58.878+0000] {processor.py:914} INFO - Processing file /home/airflow/.local/lib/python3.12/site-packages/airflow/example_dags/example_display_name.py for tasks to queue
[2025-01-18T09:17:58.880+0000] {logging_mixin.py:190} INFO - [2025-01-18T09:17:58.880+0000] {dagbag.py:588} INFO - Filling up the DagBag from /home/airflow/.local/lib/python3.12/site-packages/airflow/example_dags/example_display_name.py
[2025-01-18T09:17:58.888+0000] {processor.py:925} INFO - DAG(s) 'example_display_name' retrieved from /home/airflow/.local/lib/python3.12/site-packages/airflow/example_dags/example_display_name.py
[2025-01-18T09:17:58.906+0000] {logging_mixin.py:190} INFO - [2025-01-18T09:17:58.906+0000] {dag.py:3239} INFO - Sync 1 DAGs
[2025-01-18T09:17:58.924+0000] {logging_mixin.py:190} INFO - [2025-01-18T09:17:58.924+0000] {dag.py:4180} INFO - Setting next_dagrun for example_display_name to None, run_after=None
[2025-01-18T09:17:58.944+0000] {processor.py:208} INFO - Processing /home/airflow/.local/lib/python3.12/site-packages/airflow/example_dags/example_display_name.py took 0.074 seconds
[2025-01-18T09:18:29.053+0000] {processor.py:186} INFO - Started process (PID=812) to work on /home/airflow/.local/lib/python3.12/site-packages/airflow/example_dags/example_display_name.py
[2025-01-18T09:18:29.054+0000] {processor.py:914} INFO - Processing file /home/airflow/.local/lib/python3.12/site-packages/airflow/example_dags/example_display_name.py for tasks to queue
[2025-01-18T09:18:29.056+0000] {logging_mixin.py:190} INFO - [2025-01-18T09:18:29.056+0000] {dagbag.py:588} INFO - Filling up the DagBag from /home/airflow/.local/lib/python3.12/site-packages/airflow/example_dags/example_display_name.py
[2025-01-18T09:18:29.064+0000] {processor.py:925} INFO - DAG(s) 'example_display_name' retrieved from /home/airflow/.local/lib/python3.12/site-packages/airflow/example_dags/example_display_name.py
[2025-01-18T09:18:29.096+0000] {logging_mixin.py:190} INFO - [2025-01-18T09:18:29.095+0000] {dag.py:3239} INFO - Sync 1 DAGs
[2025-01-18T09:18:29.114+0000] {logging_mixin.py:190} INFO - [2025-01-18T09:18:29.114+0000] {dag.py:4180} INFO - Setting next_dagrun for example_display_name to None, run_after=None
[2025-01-18T09:18:29.130+0000] {processor.py:208} INFO - Processing /home/airflow/.local/lib/python3.12/site-packages/airflow/example_dags/example_display_name.py took 0.083 seconds
[2025-01-18T09:18:59.984+0000] {processor.py:186} INFO - Started process (PID=875) to work on /home/airflow/.local/lib/python3.12/site-packages/airflow/example_dags/example_display_name.py
[2025-01-18T09:19:00.001+0000] {processor.py:914} INFO - Processing file /home/airflow/.local/lib/python3.12/site-packages/airflow/example_dags/example_display_name.py for tasks to queue
[2025-01-18T09:19:00.003+0000] {logging_mixin.py:190} INFO - [2025-01-18T09:19:00.003+0000] {dagbag.py:588} INFO - Filling up the DagBag from /home/airflow/.local/lib/python3.12/site-packages/airflow/example_dags/example_display_name.py
[2025-01-18T09:19:00.019+0000] {processor.py:925} INFO - DAG(s) 'example_display_name' retrieved from /home/airflow/.local/lib/python3.12/site-packages/airflow/example_dags/example_display_name.py
[2025-01-18T09:19:00.080+0000] {logging_mixin.py:190} INFO - [2025-01-18T09:19:00.079+0000] {dag.py:3239} INFO - Sync 1 DAGs
[2025-01-18T09:19:00.141+0000] {logging_mixin.py:190} INFO - [2025-01-18T09:19:00.140+0000] {dag.py:4180} INFO - Setting next_dagrun for example_display_name to None, run_after=None
[2025-01-18T09:19:00.186+0000] {processor.py:208} INFO - Processing /home/airflow/.local/lib/python3.12/site-packages/airflow/example_dags/example_display_name.py took 0.217 seconds
[2025-01-18T09:19:30.597+0000] {processor.py:186} INFO - Started process (PID=939) to work on /home/airflow/.local/lib/python3.12/site-packages/airflow/example_dags/example_display_name.py
[2025-01-18T09:19:30.597+0000] {processor.py:914} INFO - Processing file /home/airflow/.local/lib/python3.12/site-packages/airflow/example_dags/example_display_name.py for tasks to queue
[2025-01-18T09:19:30.599+0000] {logging_mixin.py:190} INFO - [2025-01-18T09:19:30.599+0000] {dagbag.py:588} INFO - Filling up the DagBag from /home/airflow/.local/lib/python3.12/site-packages/airflow/example_dags/example_display_name.py
[2025-01-18T09:19:30.608+0000] {processor.py:925} INFO - DAG(s) 'example_display_name' retrieved from /home/airflow/.local/lib/python3.12/site-packages/airflow/example_dags/example_display_name.py
[2025-01-18T09:19:30.626+0000] {logging_mixin.py:190} INFO - [2025-01-18T09:19:30.626+0000] {dag.py:3239} INFO - Sync 1 DAGs
[2025-01-18T09:19:30.642+0000] {logging_mixin.py:190} INFO - [2025-01-18T09:19:30.642+0000] {dag.py:4180} INFO - Setting next_dagrun for example_display_name to None, run_after=None
[2025-01-18T09:19:30.659+0000] {processor.py:208} INFO - Processing /home/airflow/.local/lib/python3.12/site-packages/airflow/example_dags/example_display_name.py took 0.068 seconds
[2025-01-18T09:20:01.593+0000] {processor.py:186} INFO - Started process (PID=1003) to work on /home/airflow/.local/lib/python3.12/site-packages/airflow/example_dags/example_display_name.py
[2025-01-18T09:20:01.614+0000] {processor.py:914} INFO - Processing file /home/airflow/.local/lib/python3.12/site-packages/airflow/example_dags/example_display_name.py for tasks to queue
[2025-01-18T09:20:01.616+0000] {logging_mixin.py:190} INFO - [2025-01-18T09:20:01.616+0000] {dagbag.py:588} INFO - Filling up the DagBag from /home/airflow/.local/lib/python3.12/site-packages/airflow/example_dags/example_display_name.py
[2025-01-18T09:20:01.636+0000] {processor.py:925} INFO - DAG(s) 'example_display_name' retrieved from /home/airflow/.local/lib/python3.12/site-packages/airflow/example_dags/example_display_name.py
[2025-01-18T09:20:01.682+0000] {logging_mixin.py:190} INFO - [2025-01-18T09:20:01.681+0000] {dag.py:3239} INFO - Sync 1 DAGs
[2025-01-18T09:20:01.723+0000] {logging_mixin.py:190} INFO - [2025-01-18T09:20:01.723+0000] {dag.py:4180} INFO - Setting next_dagrun for example_display_name to None, run_after=None
[2025-01-18T09:20:01.769+0000] {processor.py:208} INFO - Processing /home/airflow/.local/lib/python3.12/site-packages/airflow/example_dags/example_display_name.py took 0.200 seconds
[2025-01-18T09:20:31.915+0000] {processor.py:186} INFO - Started process (PID=1066) to work on /home/airflow/.local/lib/python3.12/site-packages/airflow/example_dags/example_display_name.py
[2025-01-18T09:20:31.916+0000] {processor.py:914} INFO - Processing file /home/airflow/.local/lib/python3.12/site-packages/airflow/example_dags/example_display_name.py for tasks to queue
[2025-01-18T09:20:31.918+0000] {logging_mixin.py:190} INFO - [2025-01-18T09:20:31.917+0000] {dagbag.py:588} INFO - Filling up the DagBag from /home/airflow/.local/lib/python3.12/site-packages/airflow/example_dags/example_display_name.py
[2025-01-18T09:20:31.930+0000] {processor.py:925} INFO - DAG(s) 'example_display_name' retrieved from /home/airflow/.local/lib/python3.12/site-packages/airflow/example_dags/example_display_name.py
[2025-01-18T09:20:31.949+0000] {logging_mixin.py:190} INFO - [2025-01-18T09:20:31.948+0000] {dag.py:3239} INFO - Sync 1 DAGs
[2025-01-18T09:20:31.972+0000] {logging_mixin.py:190} INFO - [2025-01-18T09:20:31.972+0000] {dag.py:4180} INFO - Setting next_dagrun for example_display_name to None, run_after=None
[2025-01-18T09:20:31.989+0000] {processor.py:208} INFO - Processing /home/airflow/.local/lib/python3.12/site-packages/airflow/example_dags/example_display_name.py took 0.080 seconds
[2025-01-18T09:21:06.767+0000] {logging_mixin.py:190} INFO - [2025-01-18T09:21:06.766+0000] {process_utils.py:266} INFO - Waiting up to 5 seconds for processes to exit...
