[2025-01-18T09:12:38.584+0000] {processor.py:186} INFO - Started process (PID=87) to work on /home/airflow/.local/lib/python3.12/site-packages/airflow/example_dags/example_sla_dag.py
[2025-01-18T09:12:38.585+0000] {processor.py:914} INFO - Processing file /home/airflow/.local/lib/python3.12/site-packages/airflow/example_dags/example_sla_dag.py for tasks to queue
[2025-01-18T09:12:38.607+0000] {logging_mixin.py:190} INFO - [2025-01-18T09:12:38.601+0000] {dagbag.py:588} INFO - Filling up the DagBag from /home/airflow/.local/lib/python3.12/site-packages/airflow/example_dags/example_sla_dag.py
[2025-01-18T09:12:38.674+0000] {processor.py:925} INFO - DAG(s) 'example_sla_dag' retrieved from /home/airflow/.local/lib/python3.12/site-packages/airflow/example_dags/example_sla_dag.py
[2025-01-18T09:12:39.243+0000] {logging_mixin.py:190} INFO - [2025-01-18T09:12:39.242+0000] {override.py:1911} INFO - Created Permission View: can edit on DAG:example_sla_dag
[2025-01-18T09:12:39.277+0000] {logging_mixin.py:190} INFO - [2025-01-18T09:12:39.275+0000] {override.py:1911} INFO - Created Permission View: can read on DAG:example_sla_dag
[2025-01-18T09:12:39.289+0000] {logging_mixin.py:190} INFO - [2025-01-18T09:12:39.289+0000] {override.py:1911} INFO - Created Permission View: can delete on DAG:example_sla_dag
[2025-01-18T09:12:39.300+0000] {logging_mixin.py:190} INFO - [2025-01-18T09:12:39.300+0000] {override.py:1911} INFO - Created Permission View: can create on DAG Run:example_sla_dag
[2025-01-18T09:12:39.307+0000] {logging_mixin.py:190} INFO - [2025-01-18T09:12:39.307+0000] {override.py:1911} INFO - Created Permission View: menu access on DAG Run:example_sla_dag
[2025-01-18T09:12:39.316+0000] {logging_mixin.py:190} INFO - [2025-01-18T09:12:39.315+0000] {override.py:1911} INFO - Created Permission View: can read on DAG Run:example_sla_dag
[2025-01-18T09:12:39.326+0000] {logging_mixin.py:190} INFO - [2025-01-18T09:12:39.325+0000] {override.py:1911} INFO - Created Permission View: can delete on DAG Run:example_sla_dag
[2025-01-18T09:12:39.326+0000] {logging_mixin.py:190} INFO - [2025-01-18T09:12:39.326+0000] {dag.py:3239} INFO - Sync 1 DAGs
[2025-01-18T09:12:39.363+0000] {logging_mixin.py:190} INFO - [2025-01-18T09:12:39.363+0000] {dag.py:3262} INFO - Creating ORM DAG for example_sla_dag
[2025-01-18T09:12:39.401+0000] {logging_mixin.py:190} INFO - [2025-01-18T09:12:39.400+0000] {dag.py:4180} INFO - Setting next_dagrun for example_sla_dag to 2025-01-18 09:10:00+00:00, run_after=2025-01-18 09:12:00+00:00
[2025-01-18T09:12:39.441+0000] {processor.py:208} INFO - Processing /home/airflow/.local/lib/python3.12/site-packages/airflow/example_dags/example_sla_dag.py took 0.864 seconds
[2025-01-18T09:13:09.790+0000] {processor.py:186} INFO - Started process (PID=150) to work on /home/airflow/.local/lib/python3.12/site-packages/airflow/example_dags/example_sla_dag.py
[2025-01-18T09:13:09.790+0000] {processor.py:914} INFO - Processing file /home/airflow/.local/lib/python3.12/site-packages/airflow/example_dags/example_sla_dag.py for tasks to queue
[2025-01-18T09:13:09.792+0000] {logging_mixin.py:190} INFO - [2025-01-18T09:13:09.792+0000] {dagbag.py:588} INFO - Filling up the DagBag from /home/airflow/.local/lib/python3.12/site-packages/airflow/example_dags/example_sla_dag.py
[2025-01-18T09:13:09.804+0000] {processor.py:925} INFO - DAG(s) 'example_sla_dag' retrieved from /home/airflow/.local/lib/python3.12/site-packages/airflow/example_dags/example_sla_dag.py
[2025-01-18T09:13:09.822+0000] {logging_mixin.py:190} INFO - [2025-01-18T09:13:09.822+0000] {dag.py:3239} INFO - Sync 1 DAGs
[2025-01-18T09:13:09.852+0000] {logging_mixin.py:190} INFO - [2025-01-18T09:13:09.851+0000] {dag.py:4180} INFO - Setting next_dagrun for example_sla_dag to 2025-01-18 09:10:00+00:00, run_after=2025-01-18 09:12:00+00:00
[2025-01-18T09:13:09.868+0000] {processor.py:208} INFO - Processing /home/airflow/.local/lib/python3.12/site-packages/airflow/example_dags/example_sla_dag.py took 0.084 seconds
[2025-01-18T09:13:40.104+0000] {processor.py:186} INFO - Started process (PID=212) to work on /home/airflow/.local/lib/python3.12/site-packages/airflow/example_dags/example_sla_dag.py
[2025-01-18T09:13:40.105+0000] {processor.py:914} INFO - Processing file /home/airflow/.local/lib/python3.12/site-packages/airflow/example_dags/example_sla_dag.py for tasks to queue
[2025-01-18T09:13:40.107+0000] {logging_mixin.py:190} INFO - [2025-01-18T09:13:40.107+0000] {dagbag.py:588} INFO - Filling up the DagBag from /home/airflow/.local/lib/python3.12/site-packages/airflow/example_dags/example_sla_dag.py
[2025-01-18T09:13:40.118+0000] {processor.py:925} INFO - DAG(s) 'example_sla_dag' retrieved from /home/airflow/.local/lib/python3.12/site-packages/airflow/example_dags/example_sla_dag.py
[2025-01-18T09:13:40.155+0000] {logging_mixin.py:190} INFO - [2025-01-18T09:13:40.154+0000] {dag.py:3239} INFO - Sync 1 DAGs
[2025-01-18T09:13:40.183+0000] {logging_mixin.py:190} INFO - [2025-01-18T09:13:40.183+0000] {dag.py:4180} INFO - Setting next_dagrun for example_sla_dag to 2025-01-18 09:10:00+00:00, run_after=2025-01-18 09:12:00+00:00
[2025-01-18T09:13:40.199+0000] {processor.py:208} INFO - Processing /home/airflow/.local/lib/python3.12/site-packages/airflow/example_dags/example_sla_dag.py took 0.102 seconds
[2025-01-18T09:14:10.302+0000] {processor.py:186} INFO - Started process (PID=274) to work on /home/airflow/.local/lib/python3.12/site-packages/airflow/example_dags/example_sla_dag.py
[2025-01-18T09:14:10.303+0000] {processor.py:914} INFO - Processing file /home/airflow/.local/lib/python3.12/site-packages/airflow/example_dags/example_sla_dag.py for tasks to queue
[2025-01-18T09:14:10.310+0000] {logging_mixin.py:190} INFO - [2025-01-18T09:14:10.309+0000] {dagbag.py:588} INFO - Filling up the DagBag from /home/airflow/.local/lib/python3.12/site-packages/airflow/example_dags/example_sla_dag.py
[2025-01-18T09:14:10.360+0000] {processor.py:925} INFO - DAG(s) 'example_sla_dag' retrieved from /home/airflow/.local/lib/python3.12/site-packages/airflow/example_dags/example_sla_dag.py
[2025-01-18T09:14:10.407+0000] {logging_mixin.py:190} INFO - [2025-01-18T09:14:10.407+0000] {dag.py:3239} INFO - Sync 1 DAGs
[2025-01-18T09:14:10.490+0000] {logging_mixin.py:190} INFO - [2025-01-18T09:14:10.489+0000] {dag.py:4180} INFO - Setting next_dagrun for example_sla_dag to 2025-01-18 09:12:00+00:00, run_after=2025-01-18 09:14:00+00:00
[2025-01-18T09:14:10.559+0000] {processor.py:208} INFO - Processing /home/airflow/.local/lib/python3.12/site-packages/airflow/example_dags/example_sla_dag.py took 0.265 seconds
[2025-01-18T09:14:41.417+0000] {processor.py:186} INFO - Started process (PID=339) to work on /home/airflow/.local/lib/python3.12/site-packages/airflow/example_dags/example_sla_dag.py
[2025-01-18T09:14:41.417+0000] {processor.py:914} INFO - Processing file /home/airflow/.local/lib/python3.12/site-packages/airflow/example_dags/example_sla_dag.py for tasks to queue
[2025-01-18T09:14:41.420+0000] {logging_mixin.py:190} INFO - [2025-01-18T09:14:41.419+0000] {dagbag.py:588} INFO - Filling up the DagBag from /home/airflow/.local/lib/python3.12/site-packages/airflow/example_dags/example_sla_dag.py
[2025-01-18T09:14:41.430+0000] {processor.py:925} INFO - DAG(s) 'example_sla_dag' retrieved from /home/airflow/.local/lib/python3.12/site-packages/airflow/example_dags/example_sla_dag.py
[2025-01-18T09:14:41.451+0000] {logging_mixin.py:190} INFO - [2025-01-18T09:14:41.450+0000] {dag.py:3239} INFO - Sync 1 DAGs
[2025-01-18T09:14:41.506+0000] {logging_mixin.py:190} INFO - [2025-01-18T09:14:41.506+0000] {dag.py:4180} INFO - Setting next_dagrun for example_sla_dag to 2025-01-18 09:12:00+00:00, run_after=2025-01-18 09:14:00+00:00
[2025-01-18T09:14:41.544+0000] {processor.py:208} INFO - Processing /home/airflow/.local/lib/python3.12/site-packages/airflow/example_dags/example_sla_dag.py took 0.134 seconds
[2025-01-18T09:15:12.576+0000] {processor.py:186} INFO - Started process (PID=402) to work on /home/airflow/.local/lib/python3.12/site-packages/airflow/example_dags/example_sla_dag.py
[2025-01-18T09:15:12.577+0000] {processor.py:914} INFO - Processing file /home/airflow/.local/lib/python3.12/site-packages/airflow/example_dags/example_sla_dag.py for tasks to queue
[2025-01-18T09:15:12.579+0000] {logging_mixin.py:190} INFO - [2025-01-18T09:15:12.578+0000] {dagbag.py:588} INFO - Filling up the DagBag from /home/airflow/.local/lib/python3.12/site-packages/airflow/example_dags/example_sla_dag.py
[2025-01-18T09:15:12.596+0000] {processor.py:925} INFO - DAG(s) 'example_sla_dag' retrieved from /home/airflow/.local/lib/python3.12/site-packages/airflow/example_dags/example_sla_dag.py
[2025-01-18T09:15:12.618+0000] {logging_mixin.py:190} INFO - [2025-01-18T09:15:12.617+0000] {dag.py:3239} INFO - Sync 1 DAGs
[2025-01-18T09:15:12.647+0000] {logging_mixin.py:190} INFO - [2025-01-18T09:15:12.647+0000] {dag.py:4180} INFO - Setting next_dagrun for example_sla_dag to 2025-01-18 09:12:00+00:00, run_after=2025-01-18 09:14:00+00:00
[2025-01-18T09:15:12.662+0000] {processor.py:208} INFO - Processing /home/airflow/.local/lib/python3.12/site-packages/airflow/example_dags/example_sla_dag.py took 0.093 seconds
[2025-01-18T09:15:42.863+0000] {processor.py:186} INFO - Started process (PID=464) to work on /home/airflow/.local/lib/python3.12/site-packages/airflow/example_dags/example_sla_dag.py
[2025-01-18T09:15:42.864+0000] {processor.py:914} INFO - Processing file /home/airflow/.local/lib/python3.12/site-packages/airflow/example_dags/example_sla_dag.py for tasks to queue
[2025-01-18T09:15:42.865+0000] {logging_mixin.py:190} INFO - [2025-01-18T09:15:42.865+0000] {dagbag.py:588} INFO - Filling up the DagBag from /home/airflow/.local/lib/python3.12/site-packages/airflow/example_dags/example_sla_dag.py
[2025-01-18T09:15:42.875+0000] {processor.py:925} INFO - DAG(s) 'example_sla_dag' retrieved from /home/airflow/.local/lib/python3.12/site-packages/airflow/example_dags/example_sla_dag.py
[2025-01-18T09:15:42.890+0000] {logging_mixin.py:190} INFO - [2025-01-18T09:15:42.890+0000] {dag.py:3239} INFO - Sync 1 DAGs
[2025-01-18T09:15:42.910+0000] {logging_mixin.py:190} INFO - [2025-01-18T09:15:42.910+0000] {dag.py:4180} INFO - Setting next_dagrun for example_sla_dag to 2025-01-18 09:12:00+00:00, run_after=2025-01-18 09:14:00+00:00
[2025-01-18T09:15:42.922+0000] {processor.py:208} INFO - Processing /home/airflow/.local/lib/python3.12/site-packages/airflow/example_dags/example_sla_dag.py took 0.064 seconds
[2025-01-18T09:16:13.114+0000] {processor.py:186} INFO - Started process (PID=527) to work on /home/airflow/.local/lib/python3.12/site-packages/airflow/example_dags/example_sla_dag.py
[2025-01-18T09:16:13.115+0000] {processor.py:914} INFO - Processing file /home/airflow/.local/lib/python3.12/site-packages/airflow/example_dags/example_sla_dag.py for tasks to queue
[2025-01-18T09:16:13.116+0000] {logging_mixin.py:190} INFO - [2025-01-18T09:16:13.116+0000] {dagbag.py:588} INFO - Filling up the DagBag from /home/airflow/.local/lib/python3.12/site-packages/airflow/example_dags/example_sla_dag.py
[2025-01-18T09:16:13.124+0000] {processor.py:925} INFO - DAG(s) 'example_sla_dag' retrieved from /home/airflow/.local/lib/python3.12/site-packages/airflow/example_dags/example_sla_dag.py
[2025-01-18T09:16:13.138+0000] {logging_mixin.py:190} INFO - [2025-01-18T09:16:13.138+0000] {dag.py:3239} INFO - Sync 1 DAGs
[2025-01-18T09:16:13.157+0000] {logging_mixin.py:190} INFO - [2025-01-18T09:16:13.157+0000] {dag.py:4180} INFO - Setting next_dagrun for example_sla_dag to 2025-01-18 09:14:00+00:00, run_after=2025-01-18 09:16:00+00:00
[2025-01-18T09:16:13.169+0000] {processor.py:208} INFO - Processing /home/airflow/.local/lib/python3.12/site-packages/airflow/example_dags/example_sla_dag.py took 0.060 seconds
[2025-01-18T09:16:44.072+0000] {processor.py:186} INFO - Started process (PID=589) to work on /home/airflow/.local/lib/python3.12/site-packages/airflow/example_dags/example_sla_dag.py
[2025-01-18T09:16:44.073+0000] {processor.py:914} INFO - Processing file /home/airflow/.local/lib/python3.12/site-packages/airflow/example_dags/example_sla_dag.py for tasks to queue
[2025-01-18T09:16:44.076+0000] {logging_mixin.py:190} INFO - [2025-01-18T09:16:44.075+0000] {dagbag.py:588} INFO - Filling up the DagBag from /home/airflow/.local/lib/python3.12/site-packages/airflow/example_dags/example_sla_dag.py
[2025-01-18T09:16:44.087+0000] {processor.py:925} INFO - DAG(s) 'example_sla_dag' retrieved from /home/airflow/.local/lib/python3.12/site-packages/airflow/example_dags/example_sla_dag.py
[2025-01-18T09:16:44.107+0000] {logging_mixin.py:190} INFO - [2025-01-18T09:16:44.107+0000] {dag.py:3239} INFO - Sync 1 DAGs
[2025-01-18T09:16:44.135+0000] {logging_mixin.py:190} INFO - [2025-01-18T09:16:44.135+0000] {dag.py:4180} INFO - Setting next_dagrun for example_sla_dag to 2025-01-18 09:14:00+00:00, run_after=2025-01-18 09:16:00+00:00
[2025-01-18T09:16:44.151+0000] {processor.py:208} INFO - Processing /home/airflow/.local/lib/python3.12/site-packages/airflow/example_dags/example_sla_dag.py took 0.085 seconds
[2025-01-18T09:17:14.209+0000] {processor.py:186} INFO - Started process (PID=652) to work on /home/airflow/.local/lib/python3.12/site-packages/airflow/example_dags/example_sla_dag.py
[2025-01-18T09:17:14.210+0000] {processor.py:914} INFO - Processing file /home/airflow/.local/lib/python3.12/site-packages/airflow/example_dags/example_sla_dag.py for tasks to queue
[2025-01-18T09:17:14.212+0000] {logging_mixin.py:190} INFO - [2025-01-18T09:17:14.212+0000] {dagbag.py:588} INFO - Filling up the DagBag from /home/airflow/.local/lib/python3.12/site-packages/airflow/example_dags/example_sla_dag.py
[2025-01-18T09:17:14.224+0000] {processor.py:925} INFO - DAG(s) 'example_sla_dag' retrieved from /home/airflow/.local/lib/python3.12/site-packages/airflow/example_dags/example_sla_dag.py
[2025-01-18T09:17:14.246+0000] {logging_mixin.py:190} INFO - [2025-01-18T09:17:14.246+0000] {dag.py:3239} INFO - Sync 1 DAGs
[2025-01-18T09:17:14.277+0000] {logging_mixin.py:190} INFO - [2025-01-18T09:17:14.276+0000] {dag.py:4180} INFO - Setting next_dagrun for example_sla_dag to 2025-01-18 09:14:00+00:00, run_after=2025-01-18 09:16:00+00:00
[2025-01-18T09:17:14.296+0000] {processor.py:208} INFO - Processing /home/airflow/.local/lib/python3.12/site-packages/airflow/example_dags/example_sla_dag.py took 0.094 seconds
[2025-01-18T09:17:44.796+0000] {processor.py:186} INFO - Started process (PID=715) to work on /home/airflow/.local/lib/python3.12/site-packages/airflow/example_dags/example_sla_dag.py
[2025-01-18T09:17:44.796+0000] {processor.py:914} INFO - Processing file /home/airflow/.local/lib/python3.12/site-packages/airflow/example_dags/example_sla_dag.py for tasks to queue
[2025-01-18T09:17:44.798+0000] {logging_mixin.py:190} INFO - [2025-01-18T09:17:44.797+0000] {dagbag.py:588} INFO - Filling up the DagBag from /home/airflow/.local/lib/python3.12/site-packages/airflow/example_dags/example_sla_dag.py
[2025-01-18T09:17:44.807+0000] {processor.py:925} INFO - DAG(s) 'example_sla_dag' retrieved from /home/airflow/.local/lib/python3.12/site-packages/airflow/example_dags/example_sla_dag.py
[2025-01-18T09:17:44.821+0000] {logging_mixin.py:190} INFO - [2025-01-18T09:17:44.821+0000] {dag.py:3239} INFO - Sync 1 DAGs
[2025-01-18T09:17:44.840+0000] {logging_mixin.py:190} INFO - [2025-01-18T09:17:44.840+0000] {dag.py:4180} INFO - Setting next_dagrun for example_sla_dag to 2025-01-18 09:14:00+00:00, run_after=2025-01-18 09:16:00+00:00
[2025-01-18T09:17:44.852+0000] {processor.py:208} INFO - Processing /home/airflow/.local/lib/python3.12/site-packages/airflow/example_dags/example_sla_dag.py took 0.061 seconds
[2025-01-18T09:18:15.170+0000] {processor.py:186} INFO - Started process (PID=779) to work on /home/airflow/.local/lib/python3.12/site-packages/airflow/example_dags/example_sla_dag.py
[2025-01-18T09:18:15.171+0000] {processor.py:914} INFO - Processing file /home/airflow/.local/lib/python3.12/site-packages/airflow/example_dags/example_sla_dag.py for tasks to queue
[2025-01-18T09:18:15.173+0000] {logging_mixin.py:190} INFO - [2025-01-18T09:18:15.173+0000] {dagbag.py:588} INFO - Filling up the DagBag from /home/airflow/.local/lib/python3.12/site-packages/airflow/example_dags/example_sla_dag.py
[2025-01-18T09:18:15.184+0000] {processor.py:925} INFO - DAG(s) 'example_sla_dag' retrieved from /home/airflow/.local/lib/python3.12/site-packages/airflow/example_dags/example_sla_dag.py
[2025-01-18T09:18:15.208+0000] {logging_mixin.py:190} INFO - [2025-01-18T09:18:15.208+0000] {dag.py:3239} INFO - Sync 1 DAGs
[2025-01-18T09:18:15.238+0000] {logging_mixin.py:190} INFO - [2025-01-18T09:18:15.237+0000] {dag.py:4180} INFO - Setting next_dagrun for example_sla_dag to 2025-01-18 09:16:00+00:00, run_after=2025-01-18 09:18:00+00:00
[2025-01-18T09:18:15.254+0000] {processor.py:208} INFO - Processing /home/airflow/.local/lib/python3.12/site-packages/airflow/example_dags/example_sla_dag.py took 0.091 seconds
[2025-01-18T09:18:45.838+0000] {processor.py:186} INFO - Started process (PID=843) to work on /home/airflow/.local/lib/python3.12/site-packages/airflow/example_dags/example_sla_dag.py
[2025-01-18T09:18:45.841+0000] {processor.py:914} INFO - Processing file /home/airflow/.local/lib/python3.12/site-packages/airflow/example_dags/example_sla_dag.py for tasks to queue
[2025-01-18T09:18:45.847+0000] {logging_mixin.py:190} INFO - [2025-01-18T09:18:45.847+0000] {dagbag.py:588} INFO - Filling up the DagBag from /home/airflow/.local/lib/python3.12/site-packages/airflow/example_dags/example_sla_dag.py
[2025-01-18T09:18:45.878+0000] {processor.py:925} INFO - DAG(s) 'example_sla_dag' retrieved from /home/airflow/.local/lib/python3.12/site-packages/airflow/example_dags/example_sla_dag.py
[2025-01-18T09:18:45.935+0000] {logging_mixin.py:190} INFO - [2025-01-18T09:18:45.934+0000] {dag.py:3239} INFO - Sync 1 DAGs
[2025-01-18T09:18:45.982+0000] {logging_mixin.py:190} INFO - [2025-01-18T09:18:45.982+0000] {dag.py:4180} INFO - Setting next_dagrun for example_sla_dag to 2025-01-18 09:16:00+00:00, run_after=2025-01-18 09:18:00+00:00
[2025-01-18T09:18:46.013+0000] {processor.py:208} INFO - Processing /home/airflow/.local/lib/python3.12/site-packages/airflow/example_dags/example_sla_dag.py took 0.199 seconds
[2025-01-18T09:19:16.540+0000] {processor.py:186} INFO - Started process (PID=906) to work on /home/airflow/.local/lib/python3.12/site-packages/airflow/example_dags/example_sla_dag.py
[2025-01-18T09:19:16.541+0000] {processor.py:914} INFO - Processing file /home/airflow/.local/lib/python3.12/site-packages/airflow/example_dags/example_sla_dag.py for tasks to queue
[2025-01-18T09:19:16.543+0000] {logging_mixin.py:190} INFO - [2025-01-18T09:19:16.542+0000] {dagbag.py:588} INFO - Filling up the DagBag from /home/airflow/.local/lib/python3.12/site-packages/airflow/example_dags/example_sla_dag.py
[2025-01-18T09:19:16.552+0000] {processor.py:925} INFO - DAG(s) 'example_sla_dag' retrieved from /home/airflow/.local/lib/python3.12/site-packages/airflow/example_dags/example_sla_dag.py
[2025-01-18T09:19:16.566+0000] {logging_mixin.py:190} INFO - [2025-01-18T09:19:16.565+0000] {dag.py:3239} INFO - Sync 1 DAGs
[2025-01-18T09:19:16.585+0000] {logging_mixin.py:190} INFO - [2025-01-18T09:19:16.585+0000] {dag.py:4180} INFO - Setting next_dagrun for example_sla_dag to 2025-01-18 09:16:00+00:00, run_after=2025-01-18 09:18:00+00:00
[2025-01-18T09:19:16.601+0000] {processor.py:208} INFO - Processing /home/airflow/.local/lib/python3.12/site-packages/airflow/example_dags/example_sla_dag.py took 0.065 seconds
[2025-01-18T09:19:47.349+0000] {processor.py:186} INFO - Started process (PID=977) to work on /home/airflow/.local/lib/python3.12/site-packages/airflow/example_dags/example_sla_dag.py
[2025-01-18T09:19:47.349+0000] {processor.py:914} INFO - Processing file /home/airflow/.local/lib/python3.12/site-packages/airflow/example_dags/example_sla_dag.py for tasks to queue
[2025-01-18T09:19:47.351+0000] {logging_mixin.py:190} INFO - [2025-01-18T09:19:47.351+0000] {dagbag.py:588} INFO - Filling up the DagBag from /home/airflow/.local/lib/python3.12/site-packages/airflow/example_dags/example_sla_dag.py
[2025-01-18T09:19:47.359+0000] {processor.py:925} INFO - DAG(s) 'example_sla_dag' retrieved from /home/airflow/.local/lib/python3.12/site-packages/airflow/example_dags/example_sla_dag.py
[2025-01-18T09:19:47.374+0000] {logging_mixin.py:190} INFO - [2025-01-18T09:19:47.373+0000] {dag.py:3239} INFO - Sync 1 DAGs
[2025-01-18T09:19:47.392+0000] {logging_mixin.py:190} INFO - [2025-01-18T09:19:47.392+0000] {dag.py:4180} INFO - Setting next_dagrun for example_sla_dag to 2025-01-18 09:16:00+00:00, run_after=2025-01-18 09:18:00+00:00
[2025-01-18T09:19:47.404+0000] {processor.py:208} INFO - Processing /home/airflow/.local/lib/python3.12/site-packages/airflow/example_dags/example_sla_dag.py took 0.059 seconds
[2025-01-18T09:20:18.059+0000] {processor.py:186} INFO - Started process (PID=1040) to work on /home/airflow/.local/lib/python3.12/site-packages/airflow/example_dags/example_sla_dag.py
[2025-01-18T09:20:18.060+0000] {processor.py:914} INFO - Processing file /home/airflow/.local/lib/python3.12/site-packages/airflow/example_dags/example_sla_dag.py for tasks to queue
[2025-01-18T09:20:18.062+0000] {logging_mixin.py:190} INFO - [2025-01-18T09:20:18.061+0000] {dagbag.py:588} INFO - Filling up the DagBag from /home/airflow/.local/lib/python3.12/site-packages/airflow/example_dags/example_sla_dag.py
[2025-01-18T09:20:18.071+0000] {processor.py:925} INFO - DAG(s) 'example_sla_dag' retrieved from /home/airflow/.local/lib/python3.12/site-packages/airflow/example_dags/example_sla_dag.py
[2025-01-18T09:20:18.085+0000] {logging_mixin.py:190} INFO - [2025-01-18T09:20:18.085+0000] {dag.py:3239} INFO - Sync 1 DAGs
[2025-01-18T09:20:18.103+0000] {logging_mixin.py:190} INFO - [2025-01-18T09:20:18.103+0000] {dag.py:4180} INFO - Setting next_dagrun for example_sla_dag to 2025-01-18 09:18:00+00:00, run_after=2025-01-18 09:20:00+00:00
[2025-01-18T09:20:18.116+0000] {processor.py:208} INFO - Processing /home/airflow/.local/lib/python3.12/site-packages/airflow/example_dags/example_sla_dag.py took 0.061 seconds
[2025-01-18T09:20:49.083+0000] {processor.py:186} INFO - Started process (PID=1104) to work on /home/airflow/.local/lib/python3.12/site-packages/airflow/example_dags/example_sla_dag.py
[2025-01-18T09:20:49.084+0000] {processor.py:914} INFO - Processing file /home/airflow/.local/lib/python3.12/site-packages/airflow/example_dags/example_sla_dag.py for tasks to queue
[2025-01-18T09:20:49.087+0000] {logging_mixin.py:190} INFO - [2025-01-18T09:20:49.087+0000] {dagbag.py:588} INFO - Filling up the DagBag from /home/airflow/.local/lib/python3.12/site-packages/airflow/example_dags/example_sla_dag.py
[2025-01-18T09:20:49.099+0000] {processor.py:925} INFO - DAG(s) 'example_sla_dag' retrieved from /home/airflow/.local/lib/python3.12/site-packages/airflow/example_dags/example_sla_dag.py
[2025-01-18T09:20:49.113+0000] {logging_mixin.py:190} INFO - [2025-01-18T09:20:49.113+0000] {dag.py:3239} INFO - Sync 1 DAGs
[2025-01-18T09:20:49.132+0000] {logging_mixin.py:190} INFO - [2025-01-18T09:20:49.132+0000] {dag.py:4180} INFO - Setting next_dagrun for example_sla_dag to 2025-01-18 09:18:00+00:00, run_after=2025-01-18 09:20:00+00:00
[2025-01-18T09:20:49.145+0000] {processor.py:208} INFO - Processing /home/airflow/.local/lib/python3.12/site-packages/airflow/example_dags/example_sla_dag.py took 0.068 seconds
