[2025-01-18T09:12:49.560+0000] {processor.py:186} INFO - Started process (PID=112) to work on /home/airflow/.local/lib/python3.12/site-packages/airflow/example_dags/example_task_group_decorator.py
[2025-01-18T09:12:49.565+0000] {processor.py:914} INFO - Processing file /home/airflow/.local/lib/python3.12/site-packages/airflow/example_dags/example_task_group_decorator.py for tasks to queue
[2025-01-18T09:12:49.577+0000] {logging_mixin.py:190} INFO - [2025-01-18T09:12:49.575+0000] {dagbag.py:588} INFO - Filling up the DagBag from /home/airflow/.local/lib/python3.12/site-packages/airflow/example_dags/example_task_group_decorator.py
[2025-01-18T09:12:49.691+0000] {processor.py:925} INFO - DAG(s) 'example_task_group_decorator' retrieved from /home/airflow/.local/lib/python3.12/site-packages/airflow/example_dags/example_task_group_decorator.py
[2025-01-18T09:12:50.012+0000] {logging_mixin.py:190} INFO - [2025-01-18T09:12:50.010+0000] {override.py:1911} INFO - Created Permission View: can edit on DAG:example_task_group_decorator
[2025-01-18T09:12:50.027+0000] {logging_mixin.py:190} INFO - [2025-01-18T09:12:50.027+0000] {override.py:1911} INFO - Created Permission View: can read on DAG:example_task_group_decorator
[2025-01-18T09:12:50.032+0000] {logging_mixin.py:190} INFO - [2025-01-18T09:12:50.032+0000] {override.py:1911} INFO - Created Permission View: can delete on DAG:example_task_group_decorator
[2025-01-18T09:12:50.041+0000] {logging_mixin.py:190} INFO - [2025-01-18T09:12:50.041+0000] {override.py:1911} INFO - Created Permission View: can create on DAG Run:example_task_group_decorator
[2025-01-18T09:12:50.049+0000] {logging_mixin.py:190} INFO - [2025-01-18T09:12:50.049+0000] {override.py:1911} INFO - Created Permission View: menu access on DAG Run:example_task_group_decorator
[2025-01-18T09:12:50.057+0000] {logging_mixin.py:190} INFO - [2025-01-18T09:12:50.057+0000] {override.py:1911} INFO - Created Permission View: can read on DAG Run:example_task_group_decorator
[2025-01-18T09:12:50.065+0000] {logging_mixin.py:190} INFO - [2025-01-18T09:12:50.065+0000] {override.py:1911} INFO - Created Permission View: can delete on DAG Run:example_task_group_decorator
[2025-01-18T09:12:50.065+0000] {logging_mixin.py:190} INFO - [2025-01-18T09:12:50.065+0000] {dag.py:3239} INFO - Sync 1 DAGs
[2025-01-18T09:12:50.089+0000] {logging_mixin.py:190} INFO - [2025-01-18T09:12:50.089+0000] {dag.py:3262} INFO - Creating ORM DAG for example_task_group_decorator
[2025-01-18T09:12:50.090+0000] {logging_mixin.py:190} INFO - [2025-01-18T09:12:50.090+0000] {dag.py:4180} INFO - Setting next_dagrun for example_task_group_decorator to None, run_after=None
[2025-01-18T09:12:50.112+0000] {processor.py:208} INFO - Processing /home/airflow/.local/lib/python3.12/site-packages/airflow/example_dags/example_task_group_decorator.py took 0.580 seconds
[2025-01-18T09:13:20.400+0000] {processor.py:186} INFO - Started process (PID=174) to work on /home/airflow/.local/lib/python3.12/site-packages/airflow/example_dags/example_task_group_decorator.py
[2025-01-18T09:13:20.400+0000] {processor.py:914} INFO - Processing file /home/airflow/.local/lib/python3.12/site-packages/airflow/example_dags/example_task_group_decorator.py for tasks to queue
[2025-01-18T09:13:20.402+0000] {logging_mixin.py:190} INFO - [2025-01-18T09:13:20.402+0000] {dagbag.py:588} INFO - Filling up the DagBag from /home/airflow/.local/lib/python3.12/site-packages/airflow/example_dags/example_task_group_decorator.py
[2025-01-18T09:13:20.414+0000] {processor.py:925} INFO - DAG(s) 'example_task_group_decorator' retrieved from /home/airflow/.local/lib/python3.12/site-packages/airflow/example_dags/example_task_group_decorator.py
[2025-01-18T09:13:20.441+0000] {logging_mixin.py:190} INFO - [2025-01-18T09:13:20.440+0000] {dag.py:3239} INFO - Sync 1 DAGs
[2025-01-18T09:13:20.451+0000] {logging_mixin.py:190} INFO - [2025-01-18T09:13:20.451+0000] {dag.py:4180} INFO - Setting next_dagrun for example_task_group_decorator to None, run_after=None
[2025-01-18T09:13:20.464+0000] {processor.py:208} INFO - Processing /home/airflow/.local/lib/python3.12/site-packages/airflow/example_dags/example_task_group_decorator.py took 0.069 seconds
[2025-01-18T09:13:51.140+0000] {processor.py:186} INFO - Started process (PID=237) to work on /home/airflow/.local/lib/python3.12/site-packages/airflow/example_dags/example_task_group_decorator.py
[2025-01-18T09:13:51.140+0000] {processor.py:914} INFO - Processing file /home/airflow/.local/lib/python3.12/site-packages/airflow/example_dags/example_task_group_decorator.py for tasks to queue
[2025-01-18T09:13:51.142+0000] {logging_mixin.py:190} INFO - [2025-01-18T09:13:51.142+0000] {dagbag.py:588} INFO - Filling up the DagBag from /home/airflow/.local/lib/python3.12/site-packages/airflow/example_dags/example_task_group_decorator.py
[2025-01-18T09:13:51.154+0000] {processor.py:925} INFO - DAG(s) 'example_task_group_decorator' retrieved from /home/airflow/.local/lib/python3.12/site-packages/airflow/example_dags/example_task_group_decorator.py
[2025-01-18T09:13:51.173+0000] {logging_mixin.py:190} INFO - [2025-01-18T09:13:51.173+0000] {dag.py:3239} INFO - Sync 1 DAGs
[2025-01-18T09:13:51.184+0000] {logging_mixin.py:190} INFO - [2025-01-18T09:13:51.184+0000] {dag.py:4180} INFO - Setting next_dagrun for example_task_group_decorator to None, run_after=None
[2025-01-18T09:13:51.196+0000] {processor.py:208} INFO - Processing /home/airflow/.local/lib/python3.12/site-packages/airflow/example_dags/example_task_group_decorator.py took 0.061 seconds
[2025-01-18T09:14:22.023+0000] {processor.py:186} INFO - Started process (PID=301) to work on /home/airflow/.local/lib/python3.12/site-packages/airflow/example_dags/example_task_group_decorator.py
[2025-01-18T09:14:22.024+0000] {processor.py:914} INFO - Processing file /home/airflow/.local/lib/python3.12/site-packages/airflow/example_dags/example_task_group_decorator.py for tasks to queue
[2025-01-18T09:14:22.026+0000] {logging_mixin.py:190} INFO - [2025-01-18T09:14:22.026+0000] {dagbag.py:588} INFO - Filling up the DagBag from /home/airflow/.local/lib/python3.12/site-packages/airflow/example_dags/example_task_group_decorator.py
[2025-01-18T09:14:22.043+0000] {processor.py:925} INFO - DAG(s) 'example_task_group_decorator' retrieved from /home/airflow/.local/lib/python3.12/site-packages/airflow/example_dags/example_task_group_decorator.py
[2025-01-18T09:14:22.073+0000] {logging_mixin.py:190} INFO - [2025-01-18T09:14:22.073+0000] {dag.py:3239} INFO - Sync 1 DAGs
[2025-01-18T09:14:22.089+0000] {logging_mixin.py:190} INFO - [2025-01-18T09:14:22.089+0000] {dag.py:4180} INFO - Setting next_dagrun for example_task_group_decorator to None, run_after=None
[2025-01-18T09:14:22.111+0000] {processor.py:208} INFO - Processing /home/airflow/.local/lib/python3.12/site-packages/airflow/example_dags/example_task_group_decorator.py took 0.095 seconds
[2025-01-18T09:14:52.363+0000] {processor.py:186} INFO - Started process (PID=363) to work on /home/airflow/.local/lib/python3.12/site-packages/airflow/example_dags/example_task_group_decorator.py
[2025-01-18T09:14:52.364+0000] {processor.py:914} INFO - Processing file /home/airflow/.local/lib/python3.12/site-packages/airflow/example_dags/example_task_group_decorator.py for tasks to queue
[2025-01-18T09:14:52.366+0000] {logging_mixin.py:190} INFO - [2025-01-18T09:14:52.365+0000] {dagbag.py:588} INFO - Filling up the DagBag from /home/airflow/.local/lib/python3.12/site-packages/airflow/example_dags/example_task_group_decorator.py
[2025-01-18T09:14:52.377+0000] {processor.py:925} INFO - DAG(s) 'example_task_group_decorator' retrieved from /home/airflow/.local/lib/python3.12/site-packages/airflow/example_dags/example_task_group_decorator.py
[2025-01-18T09:14:52.396+0000] {logging_mixin.py:190} INFO - [2025-01-18T09:14:52.396+0000] {dag.py:3239} INFO - Sync 1 DAGs
[2025-01-18T09:14:52.409+0000] {logging_mixin.py:190} INFO - [2025-01-18T09:14:52.409+0000] {dag.py:4180} INFO - Setting next_dagrun for example_task_group_decorator to None, run_after=None
[2025-01-18T09:14:52.423+0000] {processor.py:208} INFO - Processing /home/airflow/.local/lib/python3.12/site-packages/airflow/example_dags/example_task_group_decorator.py took 0.064 seconds
[2025-01-18T09:15:23.043+0000] {processor.py:186} INFO - Started process (PID=426) to work on /home/airflow/.local/lib/python3.12/site-packages/airflow/example_dags/example_task_group_decorator.py
[2025-01-18T09:15:23.053+0000] {processor.py:914} INFO - Processing file /home/airflow/.local/lib/python3.12/site-packages/airflow/example_dags/example_task_group_decorator.py for tasks to queue
[2025-01-18T09:15:23.059+0000] {logging_mixin.py:190} INFO - [2025-01-18T09:15:23.059+0000] {dagbag.py:588} INFO - Filling up the DagBag from /home/airflow/.local/lib/python3.12/site-packages/airflow/example_dags/example_task_group_decorator.py
[2025-01-18T09:15:23.108+0000] {processor.py:925} INFO - DAG(s) 'example_task_group_decorator' retrieved from /home/airflow/.local/lib/python3.12/site-packages/airflow/example_dags/example_task_group_decorator.py
[2025-01-18T09:15:23.162+0000] {logging_mixin.py:190} INFO - [2025-01-18T09:15:23.162+0000] {dag.py:3239} INFO - Sync 1 DAGs
[2025-01-18T09:15:23.206+0000] {logging_mixin.py:190} INFO - [2025-01-18T09:15:23.206+0000] {dag.py:4180} INFO - Setting next_dagrun for example_task_group_decorator to None, run_after=None
[2025-01-18T09:15:23.273+0000] {processor.py:208} INFO - Processing /home/airflow/.local/lib/python3.12/site-packages/airflow/example_dags/example_task_group_decorator.py took 0.236 seconds
[2025-01-18T09:15:54.170+0000] {processor.py:186} INFO - Started process (PID=489) to work on /home/airflow/.local/lib/python3.12/site-packages/airflow/example_dags/example_task_group_decorator.py
[2025-01-18T09:15:54.170+0000] {processor.py:914} INFO - Processing file /home/airflow/.local/lib/python3.12/site-packages/airflow/example_dags/example_task_group_decorator.py for tasks to queue
[2025-01-18T09:15:54.173+0000] {logging_mixin.py:190} INFO - [2025-01-18T09:15:54.172+0000] {dagbag.py:588} INFO - Filling up the DagBag from /home/airflow/.local/lib/python3.12/site-packages/airflow/example_dags/example_task_group_decorator.py
[2025-01-18T09:15:54.191+0000] {processor.py:925} INFO - DAG(s) 'example_task_group_decorator' retrieved from /home/airflow/.local/lib/python3.12/site-packages/airflow/example_dags/example_task_group_decorator.py
[2025-01-18T09:15:54.218+0000] {logging_mixin.py:190} INFO - [2025-01-18T09:15:54.218+0000] {dag.py:3239} INFO - Sync 1 DAGs
[2025-01-18T09:15:54.239+0000] {logging_mixin.py:190} INFO - [2025-01-18T09:15:54.239+0000] {dag.py:4180} INFO - Setting next_dagrun for example_task_group_decorator to None, run_after=None
[2025-01-18T09:15:54.261+0000] {processor.py:208} INFO - Processing /home/airflow/.local/lib/python3.12/site-packages/airflow/example_dags/example_task_group_decorator.py took 0.098 seconds
[2025-01-18T09:16:24.435+0000] {processor.py:186} INFO - Started process (PID=551) to work on /home/airflow/.local/lib/python3.12/site-packages/airflow/example_dags/example_task_group_decorator.py
[2025-01-18T09:16:24.436+0000] {processor.py:914} INFO - Processing file /home/airflow/.local/lib/python3.12/site-packages/airflow/example_dags/example_task_group_decorator.py for tasks to queue
[2025-01-18T09:16:24.438+0000] {logging_mixin.py:190} INFO - [2025-01-18T09:16:24.438+0000] {dagbag.py:588} INFO - Filling up the DagBag from /home/airflow/.local/lib/python3.12/site-packages/airflow/example_dags/example_task_group_decorator.py
[2025-01-18T09:16:24.450+0000] {processor.py:925} INFO - DAG(s) 'example_task_group_decorator' retrieved from /home/airflow/.local/lib/python3.12/site-packages/airflow/example_dags/example_task_group_decorator.py
[2025-01-18T09:16:24.468+0000] {logging_mixin.py:190} INFO - [2025-01-18T09:16:24.468+0000] {dag.py:3239} INFO - Sync 1 DAGs
[2025-01-18T09:16:24.478+0000] {logging_mixin.py:190} INFO - [2025-01-18T09:16:24.478+0000] {dag.py:4180} INFO - Setting next_dagrun for example_task_group_decorator to None, run_after=None
[2025-01-18T09:16:24.490+0000] {processor.py:208} INFO - Processing /home/airflow/.local/lib/python3.12/site-packages/airflow/example_dags/example_task_group_decorator.py took 0.061 seconds
[2025-01-18T09:16:55.019+0000] {processor.py:186} INFO - Started process (PID=615) to work on /home/airflow/.local/lib/python3.12/site-packages/airflow/example_dags/example_task_group_decorator.py
[2025-01-18T09:16:55.020+0000] {processor.py:914} INFO - Processing file /home/airflow/.local/lib/python3.12/site-packages/airflow/example_dags/example_task_group_decorator.py for tasks to queue
[2025-01-18T09:16:55.022+0000] {logging_mixin.py:190} INFO - [2025-01-18T09:16:55.021+0000] {dagbag.py:588} INFO - Filling up the DagBag from /home/airflow/.local/lib/python3.12/site-packages/airflow/example_dags/example_task_group_decorator.py
[2025-01-18T09:16:55.033+0000] {processor.py:925} INFO - DAG(s) 'example_task_group_decorator' retrieved from /home/airflow/.local/lib/python3.12/site-packages/airflow/example_dags/example_task_group_decorator.py
[2025-01-18T09:16:55.051+0000] {logging_mixin.py:190} INFO - [2025-01-18T09:16:55.051+0000] {dag.py:3239} INFO - Sync 1 DAGs
[2025-01-18T09:16:55.062+0000] {logging_mixin.py:190} INFO - [2025-01-18T09:16:55.061+0000] {dag.py:4180} INFO - Setting next_dagrun for example_task_group_decorator to None, run_after=None
[2025-01-18T09:16:55.074+0000] {processor.py:208} INFO - Processing /home/airflow/.local/lib/python3.12/site-packages/airflow/example_dags/example_task_group_decorator.py took 0.060 seconds
[2025-01-18T09:17:25.161+0000] {processor.py:186} INFO - Started process (PID=678) to work on /home/airflow/.local/lib/python3.12/site-packages/airflow/example_dags/example_task_group_decorator.py
[2025-01-18T09:17:25.162+0000] {processor.py:914} INFO - Processing file /home/airflow/.local/lib/python3.12/site-packages/airflow/example_dags/example_task_group_decorator.py for tasks to queue
[2025-01-18T09:17:25.163+0000] {logging_mixin.py:190} INFO - [2025-01-18T09:17:25.163+0000] {dagbag.py:588} INFO - Filling up the DagBag from /home/airflow/.local/lib/python3.12/site-packages/airflow/example_dags/example_task_group_decorator.py
[2025-01-18T09:17:25.175+0000] {processor.py:925} INFO - DAG(s) 'example_task_group_decorator' retrieved from /home/airflow/.local/lib/python3.12/site-packages/airflow/example_dags/example_task_group_decorator.py
[2025-01-18T09:17:25.195+0000] {logging_mixin.py:190} INFO - [2025-01-18T09:17:25.195+0000] {dag.py:3239} INFO - Sync 1 DAGs
[2025-01-18T09:17:25.205+0000] {logging_mixin.py:190} INFO - [2025-01-18T09:17:25.205+0000] {dag.py:4180} INFO - Setting next_dagrun for example_task_group_decorator to None, run_after=None
[2025-01-18T09:17:25.217+0000] {processor.py:208} INFO - Processing /home/airflow/.local/lib/python3.12/site-packages/airflow/example_dags/example_task_group_decorator.py took 0.061 seconds
[2025-01-18T09:17:55.417+0000] {processor.py:186} INFO - Started process (PID=742) to work on /home/airflow/.local/lib/python3.12/site-packages/airflow/example_dags/example_task_group_decorator.py
[2025-01-18T09:17:55.418+0000] {processor.py:914} INFO - Processing file /home/airflow/.local/lib/python3.12/site-packages/airflow/example_dags/example_task_group_decorator.py for tasks to queue
[2025-01-18T09:17:55.420+0000] {logging_mixin.py:190} INFO - [2025-01-18T09:17:55.419+0000] {dagbag.py:588} INFO - Filling up the DagBag from /home/airflow/.local/lib/python3.12/site-packages/airflow/example_dags/example_task_group_decorator.py
[2025-01-18T09:17:55.432+0000] {processor.py:925} INFO - DAG(s) 'example_task_group_decorator' retrieved from /home/airflow/.local/lib/python3.12/site-packages/airflow/example_dags/example_task_group_decorator.py
[2025-01-18T09:17:55.452+0000] {logging_mixin.py:190} INFO - [2025-01-18T09:17:55.452+0000] {dag.py:3239} INFO - Sync 1 DAGs
[2025-01-18T09:17:55.463+0000] {logging_mixin.py:190} INFO - [2025-01-18T09:17:55.463+0000] {dag.py:4180} INFO - Setting next_dagrun for example_task_group_decorator to None, run_after=None
[2025-01-18T09:17:55.475+0000] {processor.py:208} INFO - Processing /home/airflow/.local/lib/python3.12/site-packages/airflow/example_dags/example_task_group_decorator.py took 0.062 seconds
[2025-01-18T09:18:25.707+0000] {processor.py:186} INFO - Started process (PID=806) to work on /home/airflow/.local/lib/python3.12/site-packages/airflow/example_dags/example_task_group_decorator.py
[2025-01-18T09:18:25.708+0000] {processor.py:914} INFO - Processing file /home/airflow/.local/lib/python3.12/site-packages/airflow/example_dags/example_task_group_decorator.py for tasks to queue
[2025-01-18T09:18:25.709+0000] {logging_mixin.py:190} INFO - [2025-01-18T09:18:25.709+0000] {dagbag.py:588} INFO - Filling up the DagBag from /home/airflow/.local/lib/python3.12/site-packages/airflow/example_dags/example_task_group_decorator.py
[2025-01-18T09:18:25.721+0000] {processor.py:925} INFO - DAG(s) 'example_task_group_decorator' retrieved from /home/airflow/.local/lib/python3.12/site-packages/airflow/example_dags/example_task_group_decorator.py
[2025-01-18T09:18:25.740+0000] {logging_mixin.py:190} INFO - [2025-01-18T09:18:25.740+0000] {dag.py:3239} INFO - Sync 1 DAGs
[2025-01-18T09:18:25.750+0000] {logging_mixin.py:190} INFO - [2025-01-18T09:18:25.750+0000] {dag.py:4180} INFO - Setting next_dagrun for example_task_group_decorator to None, run_after=None
[2025-01-18T09:18:25.763+0000] {processor.py:208} INFO - Processing /home/airflow/.local/lib/python3.12/site-packages/airflow/example_dags/example_task_group_decorator.py took 0.060 seconds
[2025-01-18T09:18:55.934+0000] {processor.py:186} INFO - Started process (PID=869) to work on /home/airflow/.local/lib/python3.12/site-packages/airflow/example_dags/example_task_group_decorator.py
[2025-01-18T09:18:55.940+0000] {processor.py:914} INFO - Processing file /home/airflow/.local/lib/python3.12/site-packages/airflow/example_dags/example_task_group_decorator.py for tasks to queue
[2025-01-18T09:18:55.942+0000] {logging_mixin.py:190} INFO - [2025-01-18T09:18:55.942+0000] {dagbag.py:588} INFO - Filling up the DagBag from /home/airflow/.local/lib/python3.12/site-packages/airflow/example_dags/example_task_group_decorator.py
[2025-01-18T09:18:55.977+0000] {processor.py:925} INFO - DAG(s) 'example_task_group_decorator' retrieved from /home/airflow/.local/lib/python3.12/site-packages/airflow/example_dags/example_task_group_decorator.py
[2025-01-18T09:18:56.054+0000] {logging_mixin.py:190} INFO - [2025-01-18T09:18:56.053+0000] {dag.py:3239} INFO - Sync 1 DAGs
[2025-01-18T09:18:56.089+0000] {logging_mixin.py:190} INFO - [2025-01-18T09:18:56.081+0000] {dag.py:4180} INFO - Setting next_dagrun for example_task_group_decorator to None, run_after=None
[2025-01-18T09:18:56.121+0000] {processor.py:208} INFO - Processing /home/airflow/.local/lib/python3.12/site-packages/airflow/example_dags/example_task_group_decorator.py took 0.201 seconds
[2025-01-18T09:19:26.477+0000] {processor.py:186} INFO - Started process (PID=933) to work on /home/airflow/.local/lib/python3.12/site-packages/airflow/example_dags/example_task_group_decorator.py
[2025-01-18T09:19:26.478+0000] {processor.py:914} INFO - Processing file /home/airflow/.local/lib/python3.12/site-packages/airflow/example_dags/example_task_group_decorator.py for tasks to queue
[2025-01-18T09:19:26.480+0000] {logging_mixin.py:190} INFO - [2025-01-18T09:19:26.480+0000] {dagbag.py:588} INFO - Filling up the DagBag from /home/airflow/.local/lib/python3.12/site-packages/airflow/example_dags/example_task_group_decorator.py
[2025-01-18T09:19:26.538+0000] {processor.py:925} INFO - DAG(s) 'example_task_group_decorator' retrieved from /home/airflow/.local/lib/python3.12/site-packages/airflow/example_dags/example_task_group_decorator.py
[2025-01-18T09:19:26.626+0000] {logging_mixin.py:190} INFO - [2025-01-18T09:19:26.625+0000] {dag.py:3239} INFO - Sync 1 DAGs
[2025-01-18T09:19:26.670+0000] {logging_mixin.py:190} INFO - [2025-01-18T09:19:26.670+0000] {dag.py:4180} INFO - Setting next_dagrun for example_task_group_decorator to None, run_after=None
[2025-01-18T09:19:26.719+0000] {processor.py:208} INFO - Processing /home/airflow/.local/lib/python3.12/site-packages/airflow/example_dags/example_task_group_decorator.py took 0.256 seconds
[2025-01-18T09:19:56.851+0000] {processor.py:186} INFO - Started process (PID=996) to work on /home/airflow/.local/lib/python3.12/site-packages/airflow/example_dags/example_task_group_decorator.py
[2025-01-18T09:19:56.852+0000] {processor.py:914} INFO - Processing file /home/airflow/.local/lib/python3.12/site-packages/airflow/example_dags/example_task_group_decorator.py for tasks to queue
[2025-01-18T09:19:56.854+0000] {logging_mixin.py:190} INFO - [2025-01-18T09:19:56.854+0000] {dagbag.py:588} INFO - Filling up the DagBag from /home/airflow/.local/lib/python3.12/site-packages/airflow/example_dags/example_task_group_decorator.py
[2025-01-18T09:19:56.872+0000] {processor.py:925} INFO - DAG(s) 'example_task_group_decorator' retrieved from /home/airflow/.local/lib/python3.12/site-packages/airflow/example_dags/example_task_group_decorator.py
[2025-01-18T09:19:56.902+0000] {logging_mixin.py:190} INFO - [2025-01-18T09:19:56.901+0000] {dag.py:3239} INFO - Sync 1 DAGs
[2025-01-18T09:19:56.918+0000] {logging_mixin.py:190} INFO - [2025-01-18T09:19:56.918+0000] {dag.py:4180} INFO - Setting next_dagrun for example_task_group_decorator to None, run_after=None
[2025-01-18T09:19:56.936+0000] {processor.py:208} INFO - Processing /home/airflow/.local/lib/python3.12/site-packages/airflow/example_dags/example_task_group_decorator.py took 0.091 seconds
[2025-01-18T09:20:27.329+0000] {processor.py:186} INFO - Started process (PID=1059) to work on /home/airflow/.local/lib/python3.12/site-packages/airflow/example_dags/example_task_group_decorator.py
[2025-01-18T09:20:27.329+0000] {processor.py:914} INFO - Processing file /home/airflow/.local/lib/python3.12/site-packages/airflow/example_dags/example_task_group_decorator.py for tasks to queue
[2025-01-18T09:20:27.331+0000] {logging_mixin.py:190} INFO - [2025-01-18T09:20:27.331+0000] {dagbag.py:588} INFO - Filling up the DagBag from /home/airflow/.local/lib/python3.12/site-packages/airflow/example_dags/example_task_group_decorator.py
[2025-01-18T09:20:27.359+0000] {processor.py:925} INFO - DAG(s) 'example_task_group_decorator' retrieved from /home/airflow/.local/lib/python3.12/site-packages/airflow/example_dags/example_task_group_decorator.py
[2025-01-18T09:20:27.387+0000] {logging_mixin.py:190} INFO - [2025-01-18T09:20:27.387+0000] {dag.py:3239} INFO - Sync 1 DAGs
[2025-01-18T09:20:27.403+0000] {logging_mixin.py:190} INFO - [2025-01-18T09:20:27.403+0000] {dag.py:4180} INFO - Setting next_dagrun for example_task_group_decorator to None, run_after=None
[2025-01-18T09:20:27.420+0000] {processor.py:208} INFO - Processing /home/airflow/.local/lib/python3.12/site-packages/airflow/example_dags/example_task_group_decorator.py took 0.098 seconds
[2025-01-18T09:20:57.594+0000] {processor.py:186} INFO - Started process (PID=1122) to work on /home/airflow/.local/lib/python3.12/site-packages/airflow/example_dags/example_task_group_decorator.py
[2025-01-18T09:20:57.594+0000] {processor.py:914} INFO - Processing file /home/airflow/.local/lib/python3.12/site-packages/airflow/example_dags/example_task_group_decorator.py for tasks to queue
[2025-01-18T09:20:57.596+0000] {logging_mixin.py:190} INFO - [2025-01-18T09:20:57.595+0000] {dagbag.py:588} INFO - Filling up the DagBag from /home/airflow/.local/lib/python3.12/site-packages/airflow/example_dags/example_task_group_decorator.py
[2025-01-18T09:20:57.607+0000] {processor.py:925} INFO - DAG(s) 'example_task_group_decorator' retrieved from /home/airflow/.local/lib/python3.12/site-packages/airflow/example_dags/example_task_group_decorator.py
[2025-01-18T09:20:57.627+0000] {logging_mixin.py:190} INFO - [2025-01-18T09:20:57.626+0000] {dag.py:3239} INFO - Sync 1 DAGs
[2025-01-18T09:20:57.637+0000] {logging_mixin.py:190} INFO - [2025-01-18T09:20:57.637+0000] {dag.py:4180} INFO - Setting next_dagrun for example_task_group_decorator to None, run_after=None
[2025-01-18T09:20:57.652+0000] {processor.py:208} INFO - Processing /home/airflow/.local/lib/python3.12/site-packages/airflow/example_dags/example_task_group_decorator.py took 0.063 seconds
