[2025-01-18T09:12:50.184+0000] {processor.py:186} INFO - Started process (PID=113) to work on /home/airflow/.local/lib/python3.12/site-packages/airflow/example_dags/example_dag_decorator.py
[2025-01-18T09:12:50.187+0000] {processor.py:914} INFO - Processing file /home/airflow/.local/lib/python3.12/site-packages/airflow/example_dags/example_dag_decorator.py for tasks to queue
[2025-01-18T09:12:50.193+0000] {logging_mixin.py:190} INFO - [2025-01-18T09:12:50.190+0000] {dagbag.py:588} INFO - Filling up the DagBag from /home/airflow/.local/lib/python3.12/site-packages/airflow/example_dags/example_dag_decorator.py
[2025-01-18T09:12:50.225+0000] {processor.py:925} INFO - DAG(s) 'example_dag_decorator' retrieved from /home/airflow/.local/lib/python3.12/site-packages/airflow/example_dags/example_dag_decorator.py
[2025-01-18T09:12:50.650+0000] {logging_mixin.py:190} INFO - [2025-01-18T09:12:50.648+0000] {override.py:1911} INFO - Created Permission View: can edit on DAG:example_dag_decorator
[2025-01-18T09:12:50.705+0000] {logging_mixin.py:190} INFO - [2025-01-18T09:12:50.704+0000] {override.py:1911} INFO - Created Permission View: can read on DAG:example_dag_decorator
[2025-01-18T09:12:50.719+0000] {logging_mixin.py:190} INFO - [2025-01-18T09:12:50.718+0000] {override.py:1911} INFO - Created Permission View: can delete on DAG:example_dag_decorator
[2025-01-18T09:12:50.727+0000] {logging_mixin.py:190} INFO - [2025-01-18T09:12:50.727+0000] {override.py:1911} INFO - Created Permission View: can create on DAG Run:example_dag_decorator
[2025-01-18T09:12:50.733+0000] {logging_mixin.py:190} INFO - [2025-01-18T09:12:50.732+0000] {override.py:1911} INFO - Created Permission View: menu access on DAG Run:example_dag_decorator
[2025-01-18T09:12:50.738+0000] {logging_mixin.py:190} INFO - [2025-01-18T09:12:50.738+0000] {override.py:1911} INFO - Created Permission View: can read on DAG Run:example_dag_decorator
[2025-01-18T09:12:50.743+0000] {logging_mixin.py:190} INFO - [2025-01-18T09:12:50.743+0000] {override.py:1911} INFO - Created Permission View: can delete on DAG Run:example_dag_decorator
[2025-01-18T09:12:50.744+0000] {logging_mixin.py:190} INFO - [2025-01-18T09:12:50.744+0000] {dag.py:3239} INFO - Sync 1 DAGs
[2025-01-18T09:12:50.760+0000] {logging_mixin.py:190} INFO - [2025-01-18T09:12:50.760+0000] {dag.py:3262} INFO - Creating ORM DAG for example_dag_decorator
[2025-01-18T09:12:50.761+0000] {logging_mixin.py:190} INFO - [2025-01-18T09:12:50.761+0000] {dag.py:4180} INFO - Setting next_dagrun for example_dag_decorator to None, run_after=None
[2025-01-18T09:12:50.783+0000] {processor.py:208} INFO - Processing /home/airflow/.local/lib/python3.12/site-packages/airflow/example_dags/example_dag_decorator.py took 0.617 seconds
[2025-01-18T09:13:21.426+0000] {processor.py:186} INFO - Started process (PID=176) to work on /home/airflow/.local/lib/python3.12/site-packages/airflow/example_dags/example_dag_decorator.py
[2025-01-18T09:13:21.427+0000] {processor.py:914} INFO - Processing file /home/airflow/.local/lib/python3.12/site-packages/airflow/example_dags/example_dag_decorator.py for tasks to queue
[2025-01-18T09:13:21.429+0000] {logging_mixin.py:190} INFO - [2025-01-18T09:13:21.428+0000] {dagbag.py:588} INFO - Filling up the DagBag from /home/airflow/.local/lib/python3.12/site-packages/airflow/example_dags/example_dag_decorator.py
[2025-01-18T09:13:21.449+0000] {processor.py:925} INFO - DAG(s) 'example_dag_decorator' retrieved from /home/airflow/.local/lib/python3.12/site-packages/airflow/example_dags/example_dag_decorator.py
[2025-01-18T09:13:21.637+0000] {logging_mixin.py:190} INFO - [2025-01-18T09:13:21.637+0000] {dag.py:3239} INFO - Sync 1 DAGs
[2025-01-18T09:13:21.651+0000] {logging_mixin.py:190} INFO - [2025-01-18T09:13:21.651+0000] {dag.py:4180} INFO - Setting next_dagrun for example_dag_decorator to None, run_after=None
[2025-01-18T09:13:21.669+0000] {processor.py:208} INFO - Processing /home/airflow/.local/lib/python3.12/site-packages/airflow/example_dags/example_dag_decorator.py took 0.249 seconds
[2025-01-18T09:13:52.154+0000] {processor.py:186} INFO - Started process (PID=238) to work on /home/airflow/.local/lib/python3.12/site-packages/airflow/example_dags/example_dag_decorator.py
[2025-01-18T09:13:52.155+0000] {processor.py:914} INFO - Processing file /home/airflow/.local/lib/python3.12/site-packages/airflow/example_dags/example_dag_decorator.py for tasks to queue
[2025-01-18T09:13:52.158+0000] {logging_mixin.py:190} INFO - [2025-01-18T09:13:52.157+0000] {dagbag.py:588} INFO - Filling up the DagBag from /home/airflow/.local/lib/python3.12/site-packages/airflow/example_dags/example_dag_decorator.py
[2025-01-18T09:13:52.169+0000] {processor.py:925} INFO - DAG(s) 'example_dag_decorator' retrieved from /home/airflow/.local/lib/python3.12/site-packages/airflow/example_dags/example_dag_decorator.py
[2025-01-18T09:13:52.195+0000] {logging_mixin.py:190} INFO - [2025-01-18T09:13:52.194+0000] {dag.py:3239} INFO - Sync 1 DAGs
[2025-01-18T09:13:52.215+0000] {logging_mixin.py:190} INFO - [2025-01-18T09:13:52.215+0000] {dag.py:4180} INFO - Setting next_dagrun for example_dag_decorator to None, run_after=None
[2025-01-18T09:13:52.232+0000] {processor.py:208} INFO - Processing /home/airflow/.local/lib/python3.12/site-packages/airflow/example_dags/example_dag_decorator.py took 0.084 seconds
[2025-01-18T09:14:22.704+0000] {processor.py:186} INFO - Started process (PID=302) to work on /home/airflow/.local/lib/python3.12/site-packages/airflow/example_dags/example_dag_decorator.py
[2025-01-18T09:14:22.712+0000] {processor.py:914} INFO - Processing file /home/airflow/.local/lib/python3.12/site-packages/airflow/example_dags/example_dag_decorator.py for tasks to queue
[2025-01-18T09:14:22.716+0000] {logging_mixin.py:190} INFO - [2025-01-18T09:14:22.716+0000] {dagbag.py:588} INFO - Filling up the DagBag from /home/airflow/.local/lib/python3.12/site-packages/airflow/example_dags/example_dag_decorator.py
[2025-01-18T09:14:22.736+0000] {processor.py:925} INFO - DAG(s) 'example_dag_decorator' retrieved from /home/airflow/.local/lib/python3.12/site-packages/airflow/example_dags/example_dag_decorator.py
[2025-01-18T09:14:22.875+0000] {logging_mixin.py:190} INFO - [2025-01-18T09:14:22.875+0000] {dag.py:3239} INFO - Sync 1 DAGs
[2025-01-18T09:14:22.889+0000] {logging_mixin.py:190} INFO - [2025-01-18T09:14:22.889+0000] {dag.py:4180} INFO - Setting next_dagrun for example_dag_decorator to None, run_after=None
[2025-01-18T09:14:22.906+0000] {processor.py:208} INFO - Processing /home/airflow/.local/lib/python3.12/site-packages/airflow/example_dags/example_dag_decorator.py took 0.212 seconds
[2025-01-18T09:14:53.448+0000] {processor.py:186} INFO - Started process (PID=365) to work on /home/airflow/.local/lib/python3.12/site-packages/airflow/example_dags/example_dag_decorator.py
[2025-01-18T09:14:53.448+0000] {processor.py:914} INFO - Processing file /home/airflow/.local/lib/python3.12/site-packages/airflow/example_dags/example_dag_decorator.py for tasks to queue
[2025-01-18T09:14:53.451+0000] {logging_mixin.py:190} INFO - [2025-01-18T09:14:53.451+0000] {dagbag.py:588} INFO - Filling up the DagBag from /home/airflow/.local/lib/python3.12/site-packages/airflow/example_dags/example_dag_decorator.py
[2025-01-18T09:14:53.464+0000] {processor.py:925} INFO - DAG(s) 'example_dag_decorator' retrieved from /home/airflow/.local/lib/python3.12/site-packages/airflow/example_dags/example_dag_decorator.py
[2025-01-18T09:14:53.594+0000] {logging_mixin.py:190} INFO - [2025-01-18T09:14:53.593+0000] {dag.py:3239} INFO - Sync 1 DAGs
[2025-01-18T09:14:53.607+0000] {logging_mixin.py:190} INFO - [2025-01-18T09:14:53.607+0000] {dag.py:4180} INFO - Setting next_dagrun for example_dag_decorator to None, run_after=None
[2025-01-18T09:14:53.624+0000] {processor.py:208} INFO - Processing /home/airflow/.local/lib/python3.12/site-packages/airflow/example_dags/example_dag_decorator.py took 0.183 seconds
[2025-01-18T09:15:24.147+0000] {processor.py:186} INFO - Started process (PID=427) to work on /home/airflow/.local/lib/python3.12/site-packages/airflow/example_dags/example_dag_decorator.py
[2025-01-18T09:15:24.148+0000] {processor.py:914} INFO - Processing file /home/airflow/.local/lib/python3.12/site-packages/airflow/example_dags/example_dag_decorator.py for tasks to queue
[2025-01-18T09:15:24.151+0000] {logging_mixin.py:190} INFO - [2025-01-18T09:15:24.150+0000] {dagbag.py:588} INFO - Filling up the DagBag from /home/airflow/.local/lib/python3.12/site-packages/airflow/example_dags/example_dag_decorator.py
[2025-01-18T09:15:24.163+0000] {processor.py:925} INFO - DAG(s) 'example_dag_decorator' retrieved from /home/airflow/.local/lib/python3.12/site-packages/airflow/example_dags/example_dag_decorator.py
[2025-01-18T09:15:24.419+0000] {logging_mixin.py:190} INFO - [2025-01-18T09:15:24.419+0000] {dag.py:3239} INFO - Sync 1 DAGs
[2025-01-18T09:15:24.442+0000] {logging_mixin.py:190} INFO - [2025-01-18T09:15:24.442+0000] {dag.py:4180} INFO - Setting next_dagrun for example_dag_decorator to None, run_after=None
[2025-01-18T09:15:24.470+0000] {processor.py:208} INFO - Processing /home/airflow/.local/lib/python3.12/site-packages/airflow/example_dags/example_dag_decorator.py took 0.332 seconds
[2025-01-18T09:15:55.283+0000] {processor.py:186} INFO - Started process (PID=490) to work on /home/airflow/.local/lib/python3.12/site-packages/airflow/example_dags/example_dag_decorator.py
[2025-01-18T09:15:55.293+0000] {processor.py:914} INFO - Processing file /home/airflow/.local/lib/python3.12/site-packages/airflow/example_dags/example_dag_decorator.py for tasks to queue
[2025-01-18T09:15:55.296+0000] {logging_mixin.py:190} INFO - [2025-01-18T09:15:55.295+0000] {dagbag.py:588} INFO - Filling up the DagBag from /home/airflow/.local/lib/python3.12/site-packages/airflow/example_dags/example_dag_decorator.py
[2025-01-18T09:15:55.324+0000] {processor.py:925} INFO - DAG(s) 'example_dag_decorator' retrieved from /home/airflow/.local/lib/python3.12/site-packages/airflow/example_dags/example_dag_decorator.py
[2025-01-18T09:15:56.022+0000] {logging_mixin.py:190} INFO - [2025-01-18T09:15:56.022+0000] {dag.py:3239} INFO - Sync 1 DAGs
[2025-01-18T09:15:56.053+0000] {logging_mixin.py:190} INFO - [2025-01-18T09:15:56.052+0000] {dag.py:4180} INFO - Setting next_dagrun for example_dag_decorator to None, run_after=None
[2025-01-18T09:15:56.122+0000] {processor.py:208} INFO - Processing /home/airflow/.local/lib/python3.12/site-packages/airflow/example_dags/example_dag_decorator.py took 0.854 seconds
[2025-01-18T09:16:26.457+0000] {processor.py:186} INFO - Started process (PID=552) to work on /home/airflow/.local/lib/python3.12/site-packages/airflow/example_dags/example_dag_decorator.py
[2025-01-18T09:16:26.457+0000] {processor.py:914} INFO - Processing file /home/airflow/.local/lib/python3.12/site-packages/airflow/example_dags/example_dag_decorator.py for tasks to queue
[2025-01-18T09:16:26.460+0000] {logging_mixin.py:190} INFO - [2025-01-18T09:16:26.459+0000] {dagbag.py:588} INFO - Filling up the DagBag from /home/airflow/.local/lib/python3.12/site-packages/airflow/example_dags/example_dag_decorator.py
[2025-01-18T09:16:26.472+0000] {processor.py:925} INFO - DAG(s) 'example_dag_decorator' retrieved from /home/airflow/.local/lib/python3.12/site-packages/airflow/example_dags/example_dag_decorator.py
[2025-01-18T09:16:26.607+0000] {logging_mixin.py:190} INFO - [2025-01-18T09:16:26.606+0000] {dag.py:3239} INFO - Sync 1 DAGs
[2025-01-18T09:16:26.621+0000] {logging_mixin.py:190} INFO - [2025-01-18T09:16:26.621+0000] {dag.py:4180} INFO - Setting next_dagrun for example_dag_decorator to None, run_after=None
[2025-01-18T09:16:26.637+0000] {processor.py:208} INFO - Processing /home/airflow/.local/lib/python3.12/site-packages/airflow/example_dags/example_dag_decorator.py took 0.186 seconds
[2025-01-18T09:16:57.042+0000] {processor.py:186} INFO - Started process (PID=616) to work on /home/airflow/.local/lib/python3.12/site-packages/airflow/example_dags/example_dag_decorator.py
[2025-01-18T09:16:57.043+0000] {processor.py:914} INFO - Processing file /home/airflow/.local/lib/python3.12/site-packages/airflow/example_dags/example_dag_decorator.py for tasks to queue
[2025-01-18T09:16:57.045+0000] {logging_mixin.py:190} INFO - [2025-01-18T09:16:57.045+0000] {dagbag.py:588} INFO - Filling up the DagBag from /home/airflow/.local/lib/python3.12/site-packages/airflow/example_dags/example_dag_decorator.py
[2025-01-18T09:16:57.057+0000] {processor.py:925} INFO - DAG(s) 'example_dag_decorator' retrieved from /home/airflow/.local/lib/python3.12/site-packages/airflow/example_dags/example_dag_decorator.py
[2025-01-18T09:16:57.083+0000] {logging_mixin.py:190} INFO - [2025-01-18T09:16:57.083+0000] {dag.py:3239} INFO - Sync 1 DAGs
[2025-01-18T09:16:57.099+0000] {logging_mixin.py:190} INFO - [2025-01-18T09:16:57.098+0000] {dag.py:4180} INFO - Setting next_dagrun for example_dag_decorator to None, run_after=None
[2025-01-18T09:16:57.115+0000] {processor.py:208} INFO - Processing /home/airflow/.local/lib/python3.12/site-packages/airflow/example_dags/example_dag_decorator.py took 0.079 seconds
[2025-01-18T09:17:27.178+0000] {processor.py:186} INFO - Started process (PID=679) to work on /home/airflow/.local/lib/python3.12/site-packages/airflow/example_dags/example_dag_decorator.py
[2025-01-18T09:17:27.179+0000] {processor.py:914} INFO - Processing file /home/airflow/.local/lib/python3.12/site-packages/airflow/example_dags/example_dag_decorator.py for tasks to queue
[2025-01-18T09:17:27.181+0000] {logging_mixin.py:190} INFO - [2025-01-18T09:17:27.181+0000] {dagbag.py:588} INFO - Filling up the DagBag from /home/airflow/.local/lib/python3.12/site-packages/airflow/example_dags/example_dag_decorator.py
[2025-01-18T09:17:27.193+0000] {processor.py:925} INFO - DAG(s) 'example_dag_decorator' retrieved from /home/airflow/.local/lib/python3.12/site-packages/airflow/example_dags/example_dag_decorator.py
[2025-01-18T09:17:27.324+0000] {logging_mixin.py:190} INFO - [2025-01-18T09:17:27.324+0000] {dag.py:3239} INFO - Sync 1 DAGs
[2025-01-18T09:17:27.338+0000] {logging_mixin.py:190} INFO - [2025-01-18T09:17:27.338+0000] {dag.py:4180} INFO - Setting next_dagrun for example_dag_decorator to None, run_after=None
[2025-01-18T09:17:27.358+0000] {processor.py:208} INFO - Processing /home/airflow/.local/lib/python3.12/site-packages/airflow/example_dags/example_dag_decorator.py took 0.186 seconds
[2025-01-18T09:17:57.435+0000] {processor.py:186} INFO - Started process (PID=743) to work on /home/airflow/.local/lib/python3.12/site-packages/airflow/example_dags/example_dag_decorator.py
[2025-01-18T09:17:57.435+0000] {processor.py:914} INFO - Processing file /home/airflow/.local/lib/python3.12/site-packages/airflow/example_dags/example_dag_decorator.py for tasks to queue
[2025-01-18T09:17:57.438+0000] {logging_mixin.py:190} INFO - [2025-01-18T09:17:57.437+0000] {dagbag.py:588} INFO - Filling up the DagBag from /home/airflow/.local/lib/python3.12/site-packages/airflow/example_dags/example_dag_decorator.py
[2025-01-18T09:17:57.449+0000] {processor.py:925} INFO - DAG(s) 'example_dag_decorator' retrieved from /home/airflow/.local/lib/python3.12/site-packages/airflow/example_dags/example_dag_decorator.py
[2025-01-18T09:17:57.585+0000] {logging_mixin.py:190} INFO - [2025-01-18T09:17:57.584+0000] {dag.py:3239} INFO - Sync 1 DAGs
[2025-01-18T09:17:57.603+0000] {logging_mixin.py:190} INFO - [2025-01-18T09:17:57.603+0000] {dag.py:4180} INFO - Setting next_dagrun for example_dag_decorator to None, run_after=None
[2025-01-18T09:17:57.620+0000] {processor.py:208} INFO - Processing /home/airflow/.local/lib/python3.12/site-packages/airflow/example_dags/example_dag_decorator.py took 0.191 seconds
[2025-01-18T09:18:27.724+0000] {processor.py:186} INFO - Started process (PID=807) to work on /home/airflow/.local/lib/python3.12/site-packages/airflow/example_dags/example_dag_decorator.py
[2025-01-18T09:18:27.725+0000] {processor.py:914} INFO - Processing file /home/airflow/.local/lib/python3.12/site-packages/airflow/example_dags/example_dag_decorator.py for tasks to queue
[2025-01-18T09:18:27.727+0000] {logging_mixin.py:190} INFO - [2025-01-18T09:18:27.727+0000] {dagbag.py:588} INFO - Filling up the DagBag from /home/airflow/.local/lib/python3.12/site-packages/airflow/example_dags/example_dag_decorator.py
[2025-01-18T09:18:27.739+0000] {processor.py:925} INFO - DAG(s) 'example_dag_decorator' retrieved from /home/airflow/.local/lib/python3.12/site-packages/airflow/example_dags/example_dag_decorator.py
[2025-01-18T09:18:27.869+0000] {logging_mixin.py:190} INFO - [2025-01-18T09:18:27.869+0000] {dag.py:3239} INFO - Sync 1 DAGs
[2025-01-18T09:18:27.878+0000] {logging_mixin.py:190} INFO - [2025-01-18T09:18:27.878+0000] {dag.py:4180} INFO - Setting next_dagrun for example_dag_decorator to None, run_after=None
[2025-01-18T09:18:27.891+0000] {processor.py:208} INFO - Processing /home/airflow/.local/lib/python3.12/site-packages/airflow/example_dags/example_dag_decorator.py took 0.172 seconds
[2025-01-18T09:18:58.184+0000] {processor.py:186} INFO - Started process (PID=870) to work on /home/airflow/.local/lib/python3.12/site-packages/airflow/example_dags/example_dag_decorator.py
[2025-01-18T09:18:58.186+0000] {processor.py:914} INFO - Processing file /home/airflow/.local/lib/python3.12/site-packages/airflow/example_dags/example_dag_decorator.py for tasks to queue
[2025-01-18T09:18:58.188+0000] {logging_mixin.py:190} INFO - [2025-01-18T09:18:58.188+0000] {dagbag.py:588} INFO - Filling up the DagBag from /home/airflow/.local/lib/python3.12/site-packages/airflow/example_dags/example_dag_decorator.py
[2025-01-18T09:18:58.203+0000] {processor.py:925} INFO - DAG(s) 'example_dag_decorator' retrieved from /home/airflow/.local/lib/python3.12/site-packages/airflow/example_dags/example_dag_decorator.py
[2025-01-18T09:18:58.724+0000] {logging_mixin.py:190} INFO - [2025-01-18T09:18:58.724+0000] {dag.py:3239} INFO - Sync 1 DAGs
[2025-01-18T09:18:58.749+0000] {logging_mixin.py:190} INFO - [2025-01-18T09:18:58.749+0000] {dag.py:4180} INFO - Setting next_dagrun for example_dag_decorator to None, run_after=None
[2025-01-18T09:18:58.794+0000] {processor.py:208} INFO - Processing /home/airflow/.local/lib/python3.12/site-packages/airflow/example_dags/example_dag_decorator.py took 0.619 seconds
[2025-01-18T09:19:29.239+0000] {processor.py:186} INFO - Started process (PID=935) to work on /home/airflow/.local/lib/python3.12/site-packages/airflow/example_dags/example_dag_decorator.py
[2025-01-18T09:19:29.245+0000] {processor.py:914} INFO - Processing file /home/airflow/.local/lib/python3.12/site-packages/airflow/example_dags/example_dag_decorator.py for tasks to queue
[2025-01-18T09:19:29.248+0000] {logging_mixin.py:190} INFO - [2025-01-18T09:19:29.248+0000] {dagbag.py:588} INFO - Filling up the DagBag from /home/airflow/.local/lib/python3.12/site-packages/airflow/example_dags/example_dag_decorator.py
[2025-01-18T09:19:29.283+0000] {processor.py:925} INFO - DAG(s) 'example_dag_decorator' retrieved from /home/airflow/.local/lib/python3.12/site-packages/airflow/example_dags/example_dag_decorator.py
[2025-01-18T09:19:29.480+0000] {logging_mixin.py:190} INFO - [2025-01-18T09:19:29.479+0000] {dag.py:3239} INFO - Sync 1 DAGs
[2025-01-18T09:19:29.494+0000] {logging_mixin.py:190} INFO - [2025-01-18T09:19:29.494+0000] {dag.py:4180} INFO - Setting next_dagrun for example_dag_decorator to None, run_after=None
[2025-01-18T09:19:29.513+0000] {processor.py:208} INFO - Processing /home/airflow/.local/lib/python3.12/site-packages/airflow/example_dags/example_dag_decorator.py took 0.290 seconds
[2025-01-18T09:19:59.921+0000] {processor.py:186} INFO - Started process (PID=998) to work on /home/airflow/.local/lib/python3.12/site-packages/airflow/example_dags/example_dag_decorator.py
[2025-01-18T09:19:59.922+0000] {processor.py:914} INFO - Processing file /home/airflow/.local/lib/python3.12/site-packages/airflow/example_dags/example_dag_decorator.py for tasks to queue
[2025-01-18T09:19:59.925+0000] {logging_mixin.py:190} INFO - [2025-01-18T09:19:59.924+0000] {dagbag.py:588} INFO - Filling up the DagBag from /home/airflow/.local/lib/python3.12/site-packages/airflow/example_dags/example_dag_decorator.py
[2025-01-18T09:19:59.937+0000] {processor.py:925} INFO - DAG(s) 'example_dag_decorator' retrieved from /home/airflow/.local/lib/python3.12/site-packages/airflow/example_dags/example_dag_decorator.py
[2025-01-18T09:20:00.102+0000] {logging_mixin.py:190} INFO - [2025-01-18T09:20:00.101+0000] {dag.py:3239} INFO - Sync 1 DAGs
[2025-01-18T09:20:00.126+0000] {logging_mixin.py:190} INFO - [2025-01-18T09:20:00.126+0000] {dag.py:4180} INFO - Setting next_dagrun for example_dag_decorator to None, run_after=None
[2025-01-18T09:20:00.171+0000] {processor.py:208} INFO - Processing /home/airflow/.local/lib/python3.12/site-packages/airflow/example_dags/example_dag_decorator.py took 0.255 seconds
[2025-01-18T09:20:30.479+0000] {processor.py:186} INFO - Started process (PID=1061) to work on /home/airflow/.local/lib/python3.12/site-packages/airflow/example_dags/example_dag_decorator.py
[2025-01-18T09:20:30.480+0000] {processor.py:914} INFO - Processing file /home/airflow/.local/lib/python3.12/site-packages/airflow/example_dags/example_dag_decorator.py for tasks to queue
[2025-01-18T09:20:30.482+0000] {logging_mixin.py:190} INFO - [2025-01-18T09:20:30.482+0000] {dagbag.py:588} INFO - Filling up the DagBag from /home/airflow/.local/lib/python3.12/site-packages/airflow/example_dags/example_dag_decorator.py
[2025-01-18T09:20:30.494+0000] {processor.py:925} INFO - DAG(s) 'example_dag_decorator' retrieved from /home/airflow/.local/lib/python3.12/site-packages/airflow/example_dags/example_dag_decorator.py
[2025-01-18T09:20:30.524+0000] {logging_mixin.py:190} INFO - [2025-01-18T09:20:30.524+0000] {dag.py:3239} INFO - Sync 1 DAGs
[2025-01-18T09:20:30.540+0000] {logging_mixin.py:190} INFO - [2025-01-18T09:20:30.539+0000] {dag.py:4180} INFO - Setting next_dagrun for example_dag_decorator to None, run_after=None
[2025-01-18T09:20:30.556+0000] {processor.py:208} INFO - Processing /home/airflow/.local/lib/python3.12/site-packages/airflow/example_dags/example_dag_decorator.py took 0.084 seconds
[2025-01-18T09:21:00.712+0000] {processor.py:186} INFO - Started process (PID=1125) to work on /home/airflow/.local/lib/python3.12/site-packages/airflow/example_dags/example_dag_decorator.py
[2025-01-18T09:21:00.713+0000] {processor.py:914} INFO - Processing file /home/airflow/.local/lib/python3.12/site-packages/airflow/example_dags/example_dag_decorator.py for tasks to queue
[2025-01-18T09:21:00.716+0000] {logging_mixin.py:190} INFO - [2025-01-18T09:21:00.715+0000] {dagbag.py:588} INFO - Filling up the DagBag from /home/airflow/.local/lib/python3.12/site-packages/airflow/example_dags/example_dag_decorator.py
[2025-01-18T09:21:00.727+0000] {processor.py:925} INFO - DAG(s) 'example_dag_decorator' retrieved from /home/airflow/.local/lib/python3.12/site-packages/airflow/example_dags/example_dag_decorator.py
[2025-01-18T09:21:00.859+0000] {logging_mixin.py:190} INFO - [2025-01-18T09:21:00.859+0000] {dag.py:3239} INFO - Sync 1 DAGs
[2025-01-18T09:21:00.874+0000] {logging_mixin.py:190} INFO - [2025-01-18T09:21:00.874+0000] {dag.py:4180} INFO - Setting next_dagrun for example_dag_decorator to None, run_after=None
[2025-01-18T09:21:00.891+0000] {processor.py:208} INFO - Processing /home/airflow/.local/lib/python3.12/site-packages/airflow/example_dags/example_dag_decorator.py took 0.185 seconds
