[2025-01-18T09:12:47.526+0000] {processor.py:186} INFO - Started process (PID=111) to work on /home/airflow/.local/lib/python3.12/site-packages/airflow/example_dags/example_datasets.py
[2025-01-18T09:12:47.527+0000] {processor.py:914} INFO - Processing file /home/airflow/.local/lib/python3.12/site-packages/airflow/example_dags/example_datasets.py for tasks to queue
[2025-01-18T09:12:47.529+0000] {logging_mixin.py:190} INFO - [2025-01-18T09:12:47.529+0000] {dagbag.py:588} INFO - Filling up the DagBag from /home/airflow/.local/lib/python3.12/site-packages/airflow/example_dags/example_datasets.py
[2025-01-18T09:12:49.456+0000] {processor.py:925} INFO - DAG(s) 'dataset_consumes_1_and_2', 'dataset_consumes_1', 'dataset_consumes_1_never_scheduled', 'consume_1_or_both_2_and_3_with_dataset_expressions', 'consume_1_and_2_with_dataset_expressions', 'dataset_produces_1', 'conditional_dataset_and_time_based_timetable', 'dataset_consumes_unknown_never_scheduled', 'dataset_produces_2', 'consume_1_or_2_with_dataset_expressions' retrieved from /home/airflow/.local/lib/python3.12/site-packages/airflow/example_dags/example_datasets.py
[2025-01-18T09:12:49.837+0000] {logging_mixin.py:190} INFO - [2025-01-18T09:12:49.836+0000] {override.py:1911} INFO - Created Permission View: can edit on DAG:dataset_consumes_1_and_2
[2025-01-18T09:12:49.872+0000] {logging_mixin.py:190} INFO - [2025-01-18T09:12:49.872+0000] {override.py:1911} INFO - Created Permission View: can read on DAG:dataset_consumes_1_and_2
[2025-01-18T09:12:49.892+0000] {logging_mixin.py:190} INFO - [2025-01-18T09:12:49.891+0000] {override.py:1911} INFO - Created Permission View: can delete on DAG:dataset_consumes_1_and_2
[2025-01-18T09:12:49.901+0000] {logging_mixin.py:190} INFO - [2025-01-18T09:12:49.901+0000] {override.py:1911} INFO - Created Permission View: can create on DAG Run:dataset_consumes_1_and_2
[2025-01-18T09:12:49.924+0000] {logging_mixin.py:190} INFO - [2025-01-18T09:12:49.924+0000] {override.py:1911} INFO - Created Permission View: menu access on DAG Run:dataset_consumes_1_and_2
[2025-01-18T09:12:49.957+0000] {logging_mixin.py:190} INFO - [2025-01-18T09:12:49.957+0000] {override.py:1911} INFO - Created Permission View: can read on DAG Run:dataset_consumes_1_and_2
[2025-01-18T09:12:49.972+0000] {logging_mixin.py:190} INFO - [2025-01-18T09:12:49.971+0000] {override.py:1911} INFO - Created Permission View: can delete on DAG Run:dataset_consumes_1_and_2
[2025-01-18T09:12:50.015+0000] {logging_mixin.py:190} INFO - [2025-01-18T09:12:50.015+0000] {override.py:1911} INFO - Created Permission View: can edit on DAG:dataset_consumes_1
[2025-01-18T09:12:50.045+0000] {logging_mixin.py:190} INFO - [2025-01-18T09:12:50.045+0000] {override.py:1911} INFO - Created Permission View: can read on DAG:dataset_consumes_1
[2025-01-18T09:12:50.060+0000] {logging_mixin.py:190} INFO - [2025-01-18T09:12:50.060+0000] {override.py:1911} INFO - Created Permission View: can delete on DAG:dataset_consumes_1
[2025-01-18T09:12:50.082+0000] {logging_mixin.py:190} INFO - [2025-01-18T09:12:50.082+0000] {override.py:1911} INFO - Created Permission View: can create on DAG Run:dataset_consumes_1
[2025-01-18T09:12:50.104+0000] {logging_mixin.py:190} INFO - [2025-01-18T09:12:50.104+0000] {override.py:1911} INFO - Created Permission View: menu access on DAG Run:dataset_consumes_1
[2025-01-18T09:12:50.124+0000] {logging_mixin.py:190} INFO - [2025-01-18T09:12:50.122+0000] {override.py:1911} INFO - Created Permission View: can read on DAG Run:dataset_consumes_1
[2025-01-18T09:12:50.148+0000] {logging_mixin.py:190} INFO - [2025-01-18T09:12:50.148+0000] {override.py:1911} INFO - Created Permission View: can delete on DAG Run:dataset_consumes_1
[2025-01-18T09:12:50.189+0000] {logging_mixin.py:190} INFO - [2025-01-18T09:12:50.189+0000] {override.py:1911} INFO - Created Permission View: can edit on DAG:dataset_consumes_1_never_scheduled
[2025-01-18T09:12:50.213+0000] {logging_mixin.py:190} INFO - [2025-01-18T09:12:50.213+0000] {override.py:1911} INFO - Created Permission View: can read on DAG:dataset_consumes_1_never_scheduled
[2025-01-18T09:12:50.235+0000] {logging_mixin.py:190} INFO - [2025-01-18T09:12:50.235+0000] {override.py:1911} INFO - Created Permission View: can delete on DAG:dataset_consumes_1_never_scheduled
[2025-01-18T09:12:50.255+0000] {logging_mixin.py:190} INFO - [2025-01-18T09:12:50.255+0000] {override.py:1911} INFO - Created Permission View: can create on DAG Run:dataset_consumes_1_never_scheduled
[2025-01-18T09:12:50.268+0000] {logging_mixin.py:190} INFO - [2025-01-18T09:12:50.268+0000] {override.py:1911} INFO - Created Permission View: menu access on DAG Run:dataset_consumes_1_never_scheduled
[2025-01-18T09:12:50.276+0000] {logging_mixin.py:190} INFO - [2025-01-18T09:12:50.276+0000] {override.py:1911} INFO - Created Permission View: can read on DAG Run:dataset_consumes_1_never_scheduled
[2025-01-18T09:12:50.290+0000] {logging_mixin.py:190} INFO - [2025-01-18T09:12:50.290+0000] {override.py:1911} INFO - Created Permission View: can delete on DAG Run:dataset_consumes_1_never_scheduled
[2025-01-18T09:12:50.327+0000] {logging_mixin.py:190} INFO - [2025-01-18T09:12:50.326+0000] {override.py:1911} INFO - Created Permission View: can edit on DAG:consume_1_or_both_2_and_3_with_dataset_expressions
[2025-01-18T09:12:50.359+0000] {logging_mixin.py:190} INFO - [2025-01-18T09:12:50.359+0000] {override.py:1911} INFO - Created Permission View: can read on DAG:consume_1_or_both_2_and_3_with_dataset_expressions
[2025-01-18T09:12:50.372+0000] {logging_mixin.py:190} INFO - [2025-01-18T09:12:50.372+0000] {override.py:1911} INFO - Created Permission View: can delete on DAG:consume_1_or_both_2_and_3_with_dataset_expressions
[2025-01-18T09:12:50.393+0000] {logging_mixin.py:190} INFO - [2025-01-18T09:12:50.392+0000] {override.py:1911} INFO - Created Permission View: can create on DAG Run:consume_1_or_both_2_and_3_with_dataset_expressions
[2025-01-18T09:12:50.412+0000] {logging_mixin.py:190} INFO - [2025-01-18T09:12:50.412+0000] {override.py:1911} INFO - Created Permission View: menu access on DAG Run:consume_1_or_both_2_and_3_with_dataset_expressions
[2025-01-18T09:12:50.486+0000] {logging_mixin.py:190} INFO - [2025-01-18T09:12:50.485+0000] {override.py:1911} INFO - Created Permission View: can read on DAG Run:consume_1_or_both_2_and_3_with_dataset_expressions
[2025-01-18T09:12:50.554+0000] {logging_mixin.py:190} INFO - [2025-01-18T09:12:50.554+0000] {override.py:1911} INFO - Created Permission View: can delete on DAG Run:consume_1_or_both_2_and_3_with_dataset_expressions
[2025-01-18T09:12:50.665+0000] {logging_mixin.py:190} INFO - [2025-01-18T09:12:50.665+0000] {override.py:1911} INFO - Created Permission View: can edit on DAG:consume_1_and_2_with_dataset_expressions
[2025-01-18T09:12:50.693+0000] {logging_mixin.py:190} INFO - [2025-01-18T09:12:50.693+0000] {override.py:1911} INFO - Created Permission View: can read on DAG:consume_1_and_2_with_dataset_expressions
[2025-01-18T09:12:50.717+0000] {logging_mixin.py:190} INFO - [2025-01-18T09:12:50.717+0000] {override.py:1911} INFO - Created Permission View: can delete on DAG:consume_1_and_2_with_dataset_expressions
[2025-01-18T09:12:50.733+0000] {logging_mixin.py:190} INFO - [2025-01-18T09:12:50.733+0000] {override.py:1911} INFO - Created Permission View: can create on DAG Run:consume_1_and_2_with_dataset_expressions
[2025-01-18T09:12:50.758+0000] {logging_mixin.py:190} INFO - [2025-01-18T09:12:50.758+0000] {override.py:1911} INFO - Created Permission View: menu access on DAG Run:consume_1_and_2_with_dataset_expressions
[2025-01-18T09:12:50.776+0000] {logging_mixin.py:190} INFO - [2025-01-18T09:12:50.775+0000] {override.py:1911} INFO - Created Permission View: can read on DAG Run:consume_1_and_2_with_dataset_expressions
[2025-01-18T09:12:50.783+0000] {logging_mixin.py:190} INFO - [2025-01-18T09:12:50.783+0000] {override.py:1911} INFO - Created Permission View: can delete on DAG Run:consume_1_and_2_with_dataset_expressions
[2025-01-18T09:12:50.796+0000] {logging_mixin.py:190} INFO - [2025-01-18T09:12:50.796+0000] {override.py:1911} INFO - Created Permission View: can edit on DAG:dataset_produces_1
[2025-01-18T09:12:50.802+0000] {logging_mixin.py:190} INFO - [2025-01-18T09:12:50.801+0000] {override.py:1911} INFO - Created Permission View: can read on DAG:dataset_produces_1
[2025-01-18T09:12:50.807+0000] {logging_mixin.py:190} INFO - [2025-01-18T09:12:50.807+0000] {override.py:1911} INFO - Created Permission View: can delete on DAG:dataset_produces_1
[2025-01-18T09:12:50.813+0000] {logging_mixin.py:190} INFO - [2025-01-18T09:12:50.812+0000] {override.py:1911} INFO - Created Permission View: can create on DAG Run:dataset_produces_1
[2025-01-18T09:12:50.818+0000] {logging_mixin.py:190} INFO - [2025-01-18T09:12:50.818+0000] {override.py:1911} INFO - Created Permission View: menu access on DAG Run:dataset_produces_1
[2025-01-18T09:12:50.836+0000] {logging_mixin.py:190} INFO - [2025-01-18T09:12:50.836+0000] {override.py:1911} INFO - Created Permission View: can read on DAG Run:dataset_produces_1
[2025-01-18T09:12:50.842+0000] {logging_mixin.py:190} INFO - [2025-01-18T09:12:50.842+0000] {override.py:1911} INFO - Created Permission View: can delete on DAG Run:dataset_produces_1
[2025-01-18T09:12:50.853+0000] {logging_mixin.py:190} INFO - [2025-01-18T09:12:50.853+0000] {override.py:1911} INFO - Created Permission View: can edit on DAG:conditional_dataset_and_time_based_timetable
[2025-01-18T09:12:50.860+0000] {logging_mixin.py:190} INFO - [2025-01-18T09:12:50.860+0000] {override.py:1911} INFO - Created Permission View: can read on DAG:conditional_dataset_and_time_based_timetable
[2025-01-18T09:12:50.868+0000] {logging_mixin.py:190} INFO - [2025-01-18T09:12:50.867+0000] {override.py:1911} INFO - Created Permission View: can delete on DAG:conditional_dataset_and_time_based_timetable
[2025-01-18T09:12:50.873+0000] {logging_mixin.py:190} INFO - [2025-01-18T09:12:50.873+0000] {override.py:1911} INFO - Created Permission View: can create on DAG Run:conditional_dataset_and_time_based_timetable
[2025-01-18T09:12:50.879+0000] {logging_mixin.py:190} INFO - [2025-01-18T09:12:50.879+0000] {override.py:1911} INFO - Created Permission View: menu access on DAG Run:conditional_dataset_and_time_based_timetable
[2025-01-18T09:12:50.885+0000] {logging_mixin.py:190} INFO - [2025-01-18T09:12:50.885+0000] {override.py:1911} INFO - Created Permission View: can read on DAG Run:conditional_dataset_and_time_based_timetable
[2025-01-18T09:12:50.891+0000] {logging_mixin.py:190} INFO - [2025-01-18T09:12:50.890+0000] {override.py:1911} INFO - Created Permission View: can delete on DAG Run:conditional_dataset_and_time_based_timetable
[2025-01-18T09:12:50.903+0000] {logging_mixin.py:190} INFO - [2025-01-18T09:12:50.902+0000] {override.py:1911} INFO - Created Permission View: can edit on DAG:dataset_consumes_unknown_never_scheduled
[2025-01-18T09:12:50.909+0000] {logging_mixin.py:190} INFO - [2025-01-18T09:12:50.908+0000] {override.py:1911} INFO - Created Permission View: can read on DAG:dataset_consumes_unknown_never_scheduled
[2025-01-18T09:12:50.914+0000] {logging_mixin.py:190} INFO - [2025-01-18T09:12:50.914+0000] {override.py:1911} INFO - Created Permission View: can delete on DAG:dataset_consumes_unknown_never_scheduled
[2025-01-18T09:12:50.920+0000] {logging_mixin.py:190} INFO - [2025-01-18T09:12:50.920+0000] {override.py:1911} INFO - Created Permission View: can create on DAG Run:dataset_consumes_unknown_never_scheduled
[2025-01-18T09:12:50.927+0000] {logging_mixin.py:190} INFO - [2025-01-18T09:12:50.926+0000] {override.py:1911} INFO - Created Permission View: menu access on DAG Run:dataset_consumes_unknown_never_scheduled
[2025-01-18T09:12:50.934+0000] {logging_mixin.py:190} INFO - [2025-01-18T09:12:50.934+0000] {override.py:1911} INFO - Created Permission View: can read on DAG Run:dataset_consumes_unknown_never_scheduled
[2025-01-18T09:12:50.941+0000] {logging_mixin.py:190} INFO - [2025-01-18T09:12:50.940+0000] {override.py:1911} INFO - Created Permission View: can delete on DAG Run:dataset_consumes_unknown_never_scheduled
[2025-01-18T09:12:50.955+0000] {logging_mixin.py:190} INFO - [2025-01-18T09:12:50.955+0000] {override.py:1911} INFO - Created Permission View: can edit on DAG:dataset_produces_2
[2025-01-18T09:12:50.969+0000] {logging_mixin.py:190} INFO - [2025-01-18T09:12:50.969+0000] {override.py:1911} INFO - Created Permission View: can read on DAG:dataset_produces_2
[2025-01-18T09:12:50.975+0000] {logging_mixin.py:190} INFO - [2025-01-18T09:12:50.975+0000] {override.py:1911} INFO - Created Permission View: can delete on DAG:dataset_produces_2
[2025-01-18T09:12:50.992+0000] {logging_mixin.py:190} INFO - [2025-01-18T09:12:50.992+0000] {override.py:1911} INFO - Created Permission View: can create on DAG Run:dataset_produces_2
[2025-01-18T09:12:51.006+0000] {logging_mixin.py:190} INFO - [2025-01-18T09:12:51.006+0000] {override.py:1911} INFO - Created Permission View: menu access on DAG Run:dataset_produces_2
[2025-01-18T09:12:51.023+0000] {logging_mixin.py:190} INFO - [2025-01-18T09:12:51.022+0000] {override.py:1911} INFO - Created Permission View: can read on DAG Run:dataset_produces_2
[2025-01-18T09:12:51.038+0000] {logging_mixin.py:190} INFO - [2025-01-18T09:12:51.038+0000] {override.py:1911} INFO - Created Permission View: can delete on DAG Run:dataset_produces_2
[2025-01-18T09:12:51.075+0000] {logging_mixin.py:190} INFO - [2025-01-18T09:12:51.075+0000] {override.py:1911} INFO - Created Permission View: can edit on DAG:consume_1_or_2_with_dataset_expressions
[2025-01-18T09:12:51.082+0000] {logging_mixin.py:190} INFO - [2025-01-18T09:12:51.082+0000] {override.py:1911} INFO - Created Permission View: can read on DAG:consume_1_or_2_with_dataset_expressions
[2025-01-18T09:12:51.092+0000] {logging_mixin.py:190} INFO - [2025-01-18T09:12:51.092+0000] {override.py:1911} INFO - Created Permission View: can delete on DAG:consume_1_or_2_with_dataset_expressions
[2025-01-18T09:12:51.100+0000] {logging_mixin.py:190} INFO - [2025-01-18T09:12:51.100+0000] {override.py:1911} INFO - Created Permission View: can create on DAG Run:consume_1_or_2_with_dataset_expressions
[2025-01-18T09:12:51.109+0000] {logging_mixin.py:190} INFO - [2025-01-18T09:12:51.109+0000] {override.py:1911} INFO - Created Permission View: menu access on DAG Run:consume_1_or_2_with_dataset_expressions
[2025-01-18T09:12:51.123+0000] {logging_mixin.py:190} INFO - [2025-01-18T09:12:51.123+0000] {override.py:1911} INFO - Created Permission View: can read on DAG Run:consume_1_or_2_with_dataset_expressions
[2025-01-18T09:12:51.130+0000] {logging_mixin.py:190} INFO - [2025-01-18T09:12:51.130+0000] {override.py:1911} INFO - Created Permission View: can delete on DAG Run:consume_1_or_2_with_dataset_expressions
[2025-01-18T09:12:51.130+0000] {logging_mixin.py:190} INFO - [2025-01-18T09:12:51.130+0000] {dag.py:3239} INFO - Sync 10 DAGs
[2025-01-18T09:12:51.161+0000] {logging_mixin.py:190} INFO - [2025-01-18T09:12:51.161+0000] {dag.py:3262} INFO - Creating ORM DAG for dataset_consumes_1_and_2
[2025-01-18T09:12:51.165+0000] {logging_mixin.py:190} INFO - [2025-01-18T09:12:51.164+0000] {dag.py:3262} INFO - Creating ORM DAG for dataset_consumes_unknown_never_scheduled
[2025-01-18T09:12:51.167+0000] {logging_mixin.py:190} INFO - [2025-01-18T09:12:51.167+0000] {dag.py:3262} INFO - Creating ORM DAG for consume_1_or_both_2_and_3_with_dataset_expressions
[2025-01-18T09:12:51.169+0000] {logging_mixin.py:190} INFO - [2025-01-18T09:12:51.168+0000] {dag.py:3262} INFO - Creating ORM DAG for consume_1_or_2_with_dataset_expressions
[2025-01-18T09:12:51.171+0000] {logging_mixin.py:190} INFO - [2025-01-18T09:12:51.171+0000] {dag.py:3262} INFO - Creating ORM DAG for dataset_consumes_1
[2025-01-18T09:12:51.172+0000] {logging_mixin.py:190} INFO - [2025-01-18T09:12:51.172+0000] {dag.py:3262} INFO - Creating ORM DAG for conditional_dataset_and_time_based_timetable
[2025-01-18T09:12:51.174+0000] {logging_mixin.py:190} INFO - [2025-01-18T09:12:51.174+0000] {dag.py:3262} INFO - Creating ORM DAG for dataset_produces_2
[2025-01-18T09:12:51.176+0000] {logging_mixin.py:190} INFO - [2025-01-18T09:12:51.175+0000] {dag.py:3262} INFO - Creating ORM DAG for dataset_produces_1
[2025-01-18T09:12:51.177+0000] {logging_mixin.py:190} INFO - [2025-01-18T09:12:51.177+0000] {dag.py:3262} INFO - Creating ORM DAG for dataset_consumes_1_never_scheduled
[2025-01-18T09:12:51.181+0000] {logging_mixin.py:190} INFO - [2025-01-18T09:12:51.181+0000] {dag.py:3262} INFO - Creating ORM DAG for consume_1_and_2_with_dataset_expressions
[2025-01-18T09:12:51.204+0000] {logging_mixin.py:190} INFO - [2025-01-18T09:12:51.204+0000] {dag.py:4180} INFO - Setting next_dagrun for conditional_dataset_and_time_based_timetable to 2025-01-15 01:00:00+00:00, run_after=2025-01-15 01:00:00+00:00
[2025-01-18T09:12:51.205+0000] {logging_mixin.py:190} INFO - [2025-01-18T09:12:51.205+0000] {dag.py:4180} INFO - Setting next_dagrun for consume_1_and_2_with_dataset_expressions to None, run_after=None
[2025-01-18T09:12:51.205+0000] {logging_mixin.py:190} INFO - [2025-01-18T09:12:51.205+0000] {dag.py:4180} INFO - Setting next_dagrun for consume_1_or_2_with_dataset_expressions to None, run_after=None
[2025-01-18T09:12:51.206+0000] {logging_mixin.py:190} INFO - [2025-01-18T09:12:51.206+0000] {dag.py:4180} INFO - Setting next_dagrun for consume_1_or_both_2_and_3_with_dataset_expressions to None, run_after=None
[2025-01-18T09:12:51.206+0000] {logging_mixin.py:190} INFO - [2025-01-18T09:12:51.206+0000] {dag.py:4180} INFO - Setting next_dagrun for dataset_consumes_1 to None, run_after=None
[2025-01-18T09:12:51.207+0000] {logging_mixin.py:190} INFO - [2025-01-18T09:12:51.207+0000] {dag.py:4180} INFO - Setting next_dagrun for dataset_consumes_1_and_2 to None, run_after=None
[2025-01-18T09:12:51.208+0000] {logging_mixin.py:190} INFO - [2025-01-18T09:12:51.207+0000] {dag.py:4180} INFO - Setting next_dagrun for dataset_consumes_1_never_scheduled to None, run_after=None
[2025-01-18T09:12:51.208+0000] {logging_mixin.py:190} INFO - [2025-01-18T09:12:51.208+0000] {dag.py:4180} INFO - Setting next_dagrun for dataset_consumes_unknown_never_scheduled to None, run_after=None
[2025-01-18T09:12:51.211+0000] {logging_mixin.py:190} INFO - [2025-01-18T09:12:51.210+0000] {dag.py:4180} INFO - Setting next_dagrun for dataset_produces_1 to 2025-01-17 00:00:00+00:00, run_after=2025-01-18 00:00:00+00:00
[2025-01-18T09:12:51.211+0000] {logging_mixin.py:190} INFO - [2025-01-18T09:12:51.211+0000] {dag.py:4180} INFO - Setting next_dagrun for dataset_produces_2 to None, run_after=None
[2025-01-18T09:12:51.303+0000] {processor.py:208} INFO - Processing /home/airflow/.local/lib/python3.12/site-packages/airflow/example_dags/example_datasets.py took 3.823 seconds
[2025-01-18T09:13:21.413+0000] {processor.py:186} INFO - Started process (PID=175) to work on /home/airflow/.local/lib/python3.12/site-packages/airflow/example_dags/example_datasets.py
[2025-01-18T09:13:21.414+0000] {processor.py:914} INFO - Processing file /home/airflow/.local/lib/python3.12/site-packages/airflow/example_dags/example_datasets.py for tasks to queue
[2025-01-18T09:13:21.416+0000] {logging_mixin.py:190} INFO - [2025-01-18T09:13:21.416+0000] {dagbag.py:588} INFO - Filling up the DagBag from /home/airflow/.local/lib/python3.12/site-packages/airflow/example_dags/example_datasets.py
[2025-01-18T09:13:22.195+0000] {processor.py:925} INFO - DAG(s) 'dataset_consumes_1_never_scheduled', 'consume_1_or_2_with_dataset_expressions', 'consume_1_or_both_2_and_3_with_dataset_expressions', 'conditional_dataset_and_time_based_timetable', 'dataset_consumes_unknown_never_scheduled', 'dataset_produces_2', 'consume_1_and_2_with_dataset_expressions', 'dataset_consumes_1_and_2', 'dataset_produces_1', 'dataset_consumes_1' retrieved from /home/airflow/.local/lib/python3.12/site-packages/airflow/example_dags/example_datasets.py
[2025-01-18T09:13:22.227+0000] {logging_mixin.py:190} INFO - [2025-01-18T09:13:22.227+0000] {dag.py:3239} INFO - Sync 10 DAGs
[2025-01-18T09:13:22.246+0000] {logging_mixin.py:190} INFO - [2025-01-18T09:13:22.246+0000] {dag.py:4180} INFO - Setting next_dagrun for conditional_dataset_and_time_based_timetable to 2025-01-15 01:00:00+00:00, run_after=2025-01-15 01:00:00+00:00
[2025-01-18T09:13:22.249+0000] {logging_mixin.py:190} INFO - [2025-01-18T09:13:22.249+0000] {dag.py:4180} INFO - Setting next_dagrun for consume_1_and_2_with_dataset_expressions to None, run_after=None
[2025-01-18T09:13:22.250+0000] {logging_mixin.py:190} INFO - [2025-01-18T09:13:22.250+0000] {dag.py:4180} INFO - Setting next_dagrun for consume_1_or_2_with_dataset_expressions to None, run_after=None
[2025-01-18T09:13:22.251+0000] {logging_mixin.py:190} INFO - [2025-01-18T09:13:22.251+0000] {dag.py:4180} INFO - Setting next_dagrun for consume_1_or_both_2_and_3_with_dataset_expressions to None, run_after=None
[2025-01-18T09:13:22.252+0000] {logging_mixin.py:190} INFO - [2025-01-18T09:13:22.252+0000] {dag.py:4180} INFO - Setting next_dagrun for dataset_consumes_1 to None, run_after=None
[2025-01-18T09:13:22.253+0000] {logging_mixin.py:190} INFO - [2025-01-18T09:13:22.253+0000] {dag.py:4180} INFO - Setting next_dagrun for dataset_consumes_1_and_2 to None, run_after=None
[2025-01-18T09:13:22.254+0000] {logging_mixin.py:190} INFO - [2025-01-18T09:13:22.253+0000] {dag.py:4180} INFO - Setting next_dagrun for dataset_consumes_1_never_scheduled to None, run_after=None
[2025-01-18T09:13:22.254+0000] {logging_mixin.py:190} INFO - [2025-01-18T09:13:22.254+0000] {dag.py:4180} INFO - Setting next_dagrun for dataset_consumes_unknown_never_scheduled to None, run_after=None
[2025-01-18T09:13:22.256+0000] {logging_mixin.py:190} INFO - [2025-01-18T09:13:22.256+0000] {dag.py:4180} INFO - Setting next_dagrun for dataset_produces_1 to 2025-01-17 00:00:00+00:00, run_after=2025-01-18 00:00:00+00:00
[2025-01-18T09:13:22.257+0000] {logging_mixin.py:190} INFO - [2025-01-18T09:13:22.257+0000] {dag.py:4180} INFO - Setting next_dagrun for dataset_produces_2 to None, run_after=None
[2025-01-18T09:13:22.282+0000] {processor.py:208} INFO - Processing /home/airflow/.local/lib/python3.12/site-packages/airflow/example_dags/example_datasets.py took 0.874 seconds
[2025-01-18T09:13:52.392+0000] {processor.py:186} INFO - Started process (PID=242) to work on /home/airflow/.local/lib/python3.12/site-packages/airflow/example_dags/example_datasets.py
[2025-01-18T09:13:52.393+0000] {processor.py:914} INFO - Processing file /home/airflow/.local/lib/python3.12/site-packages/airflow/example_dags/example_datasets.py for tasks to queue
[2025-01-18T09:13:52.394+0000] {logging_mixin.py:190} INFO - [2025-01-18T09:13:52.394+0000] {dagbag.py:588} INFO - Filling up the DagBag from /home/airflow/.local/lib/python3.12/site-packages/airflow/example_dags/example_datasets.py
[2025-01-18T09:13:52.974+0000] {processor.py:925} INFO - DAG(s) 'consume_1_and_2_with_dataset_expressions', 'consume_1_or_both_2_and_3_with_dataset_expressions', 'conditional_dataset_and_time_based_timetable', 'dataset_produces_2', 'dataset_consumes_1_never_scheduled', 'dataset_consumes_1', 'dataset_consumes_unknown_never_scheduled', 'dataset_produces_1', 'consume_1_or_2_with_dataset_expressions', 'dataset_consumes_1_and_2' retrieved from /home/airflow/.local/lib/python3.12/site-packages/airflow/example_dags/example_datasets.py
[2025-01-18T09:13:53.007+0000] {logging_mixin.py:190} INFO - [2025-01-18T09:13:53.007+0000] {dag.py:3239} INFO - Sync 10 DAGs
[2025-01-18T09:13:53.027+0000] {logging_mixin.py:190} INFO - [2025-01-18T09:13:53.027+0000] {dag.py:4180} INFO - Setting next_dagrun for conditional_dataset_and_time_based_timetable to 2025-01-15 01:00:00+00:00, run_after=2025-01-15 01:00:00+00:00
[2025-01-18T09:13:53.030+0000] {logging_mixin.py:190} INFO - [2025-01-18T09:13:53.029+0000] {dag.py:4180} INFO - Setting next_dagrun for consume_1_and_2_with_dataset_expressions to None, run_after=None
[2025-01-18T09:13:53.031+0000] {logging_mixin.py:190} INFO - [2025-01-18T09:13:53.030+0000] {dag.py:4180} INFO - Setting next_dagrun for consume_1_or_2_with_dataset_expressions to None, run_after=None
[2025-01-18T09:13:53.031+0000] {logging_mixin.py:190} INFO - [2025-01-18T09:13:53.031+0000] {dag.py:4180} INFO - Setting next_dagrun for consume_1_or_both_2_and_3_with_dataset_expressions to None, run_after=None
[2025-01-18T09:13:53.032+0000] {logging_mixin.py:190} INFO - [2025-01-18T09:13:53.032+0000] {dag.py:4180} INFO - Setting next_dagrun for dataset_consumes_1 to None, run_after=None
[2025-01-18T09:13:53.033+0000] {logging_mixin.py:190} INFO - [2025-01-18T09:13:53.033+0000] {dag.py:4180} INFO - Setting next_dagrun for dataset_consumes_1_and_2 to None, run_after=None
[2025-01-18T09:13:53.034+0000] {logging_mixin.py:190} INFO - [2025-01-18T09:13:53.034+0000] {dag.py:4180} INFO - Setting next_dagrun for dataset_consumes_1_never_scheduled to None, run_after=None
[2025-01-18T09:13:53.035+0000] {logging_mixin.py:190} INFO - [2025-01-18T09:13:53.035+0000] {dag.py:4180} INFO - Setting next_dagrun for dataset_consumes_unknown_never_scheduled to None, run_after=None
[2025-01-18T09:13:53.037+0000] {logging_mixin.py:190} INFO - [2025-01-18T09:13:53.037+0000] {dag.py:4180} INFO - Setting next_dagrun for dataset_produces_1 to 2025-01-17 00:00:00+00:00, run_after=2025-01-18 00:00:00+00:00
[2025-01-18T09:13:53.038+0000] {logging_mixin.py:190} INFO - [2025-01-18T09:13:53.038+0000] {dag.py:4180} INFO - Setting next_dagrun for dataset_produces_2 to None, run_after=None
[2025-01-18T09:13:53.063+0000] {processor.py:208} INFO - Processing /home/airflow/.local/lib/python3.12/site-packages/airflow/example_dags/example_datasets.py took 0.675 seconds
[2025-01-18T09:14:23.996+0000] {processor.py:186} INFO - Started process (PID=306) to work on /home/airflow/.local/lib/python3.12/site-packages/airflow/example_dags/example_datasets.py
[2025-01-18T09:14:23.997+0000] {processor.py:914} INFO - Processing file /home/airflow/.local/lib/python3.12/site-packages/airflow/example_dags/example_datasets.py for tasks to queue
[2025-01-18T09:14:23.999+0000] {logging_mixin.py:190} INFO - [2025-01-18T09:14:23.999+0000] {dagbag.py:588} INFO - Filling up the DagBag from /home/airflow/.local/lib/python3.12/site-packages/airflow/example_dags/example_datasets.py
[2025-01-18T09:14:24.584+0000] {processor.py:925} INFO - DAG(s) 'dataset_consumes_1', 'consume_1_and_2_with_dataset_expressions', 'dataset_produces_1', 'dataset_consumes_1_never_scheduled', 'consume_1_or_both_2_and_3_with_dataset_expressions', 'dataset_produces_2', 'dataset_consumes_unknown_never_scheduled', 'conditional_dataset_and_time_based_timetable', 'dataset_consumes_1_and_2', 'consume_1_or_2_with_dataset_expressions' retrieved from /home/airflow/.local/lib/python3.12/site-packages/airflow/example_dags/example_datasets.py
[2025-01-18T09:14:24.632+0000] {logging_mixin.py:190} INFO - [2025-01-18T09:14:24.631+0000] {dag.py:3239} INFO - Sync 10 DAGs
[2025-01-18T09:14:24.653+0000] {logging_mixin.py:190} INFO - [2025-01-18T09:14:24.653+0000] {dag.py:4180} INFO - Setting next_dagrun for conditional_dataset_and_time_based_timetable to 2025-01-15 01:00:00+00:00, run_after=2025-01-15 01:00:00+00:00
[2025-01-18T09:14:24.656+0000] {logging_mixin.py:190} INFO - [2025-01-18T09:14:24.656+0000] {dag.py:4180} INFO - Setting next_dagrun for consume_1_and_2_with_dataset_expressions to None, run_after=None
[2025-01-18T09:14:24.657+0000] {logging_mixin.py:190} INFO - [2025-01-18T09:14:24.657+0000] {dag.py:4180} INFO - Setting next_dagrun for consume_1_or_2_with_dataset_expressions to None, run_after=None
[2025-01-18T09:14:24.658+0000] {logging_mixin.py:190} INFO - [2025-01-18T09:14:24.657+0000] {dag.py:4180} INFO - Setting next_dagrun for consume_1_or_both_2_and_3_with_dataset_expressions to None, run_after=None
[2025-01-18T09:14:24.658+0000] {logging_mixin.py:190} INFO - [2025-01-18T09:14:24.658+0000] {dag.py:4180} INFO - Setting next_dagrun for dataset_consumes_1 to None, run_after=None
[2025-01-18T09:14:24.659+0000] {logging_mixin.py:190} INFO - [2025-01-18T09:14:24.659+0000] {dag.py:4180} INFO - Setting next_dagrun for dataset_consumes_1_and_2 to None, run_after=None
[2025-01-18T09:14:24.660+0000] {logging_mixin.py:190} INFO - [2025-01-18T09:14:24.660+0000] {dag.py:4180} INFO - Setting next_dagrun for dataset_consumes_1_never_scheduled to None, run_after=None
[2025-01-18T09:14:24.661+0000] {logging_mixin.py:190} INFO - [2025-01-18T09:14:24.661+0000] {dag.py:4180} INFO - Setting next_dagrun for dataset_consumes_unknown_never_scheduled to None, run_after=None
[2025-01-18T09:14:24.663+0000] {logging_mixin.py:190} INFO - [2025-01-18T09:14:24.663+0000] {dag.py:4180} INFO - Setting next_dagrun for dataset_produces_1 to 2025-01-17 00:00:00+00:00, run_after=2025-01-18 00:00:00+00:00
[2025-01-18T09:14:24.664+0000] {logging_mixin.py:190} INFO - [2025-01-18T09:14:24.664+0000] {dag.py:4180} INFO - Setting next_dagrun for dataset_produces_2 to None, run_after=None
[2025-01-18T09:14:24.688+0000] {processor.py:208} INFO - Processing /home/airflow/.local/lib/python3.12/site-packages/airflow/example_dags/example_datasets.py took 0.697 seconds
[2025-01-18T09:14:55.461+0000] {processor.py:186} INFO - Started process (PID=371) to work on /home/airflow/.local/lib/python3.12/site-packages/airflow/example_dags/example_datasets.py
[2025-01-18T09:14:55.462+0000] {processor.py:914} INFO - Processing file /home/airflow/.local/lib/python3.12/site-packages/airflow/example_dags/example_datasets.py for tasks to queue
[2025-01-18T09:14:55.464+0000] {logging_mixin.py:190} INFO - [2025-01-18T09:14:55.464+0000] {dagbag.py:588} INFO - Filling up the DagBag from /home/airflow/.local/lib/python3.12/site-packages/airflow/example_dags/example_datasets.py
[2025-01-18T09:14:55.953+0000] {processor.py:925} INFO - DAG(s) 'dataset_consumes_1', 'consume_1_and_2_with_dataset_expressions', 'dataset_consumes_1_and_2', 'dataset_produces_2', 'dataset_consumes_1_never_scheduled', 'conditional_dataset_and_time_based_timetable', 'consume_1_or_2_with_dataset_expressions', 'dataset_consumes_unknown_never_scheduled', 'consume_1_or_both_2_and_3_with_dataset_expressions', 'dataset_produces_1' retrieved from /home/airflow/.local/lib/python3.12/site-packages/airflow/example_dags/example_datasets.py
[2025-01-18T09:14:55.994+0000] {logging_mixin.py:190} INFO - [2025-01-18T09:14:55.994+0000] {dag.py:3239} INFO - Sync 10 DAGs
[2025-01-18T09:14:56.013+0000] {logging_mixin.py:190} INFO - [2025-01-18T09:14:56.013+0000] {dag.py:4180} INFO - Setting next_dagrun for conditional_dataset_and_time_based_timetable to 2025-01-15 01:00:00+00:00, run_after=2025-01-15 01:00:00+00:00
[2025-01-18T09:14:56.016+0000] {logging_mixin.py:190} INFO - [2025-01-18T09:14:56.016+0000] {dag.py:4180} INFO - Setting next_dagrun for consume_1_and_2_with_dataset_expressions to None, run_after=None
[2025-01-18T09:14:56.017+0000] {logging_mixin.py:190} INFO - [2025-01-18T09:14:56.017+0000] {dag.py:4180} INFO - Setting next_dagrun for consume_1_or_2_with_dataset_expressions to None, run_after=None
[2025-01-18T09:14:56.018+0000] {logging_mixin.py:190} INFO - [2025-01-18T09:14:56.018+0000] {dag.py:4180} INFO - Setting next_dagrun for consume_1_or_both_2_and_3_with_dataset_expressions to None, run_after=None
[2025-01-18T09:14:56.019+0000] {logging_mixin.py:190} INFO - [2025-01-18T09:14:56.019+0000] {dag.py:4180} INFO - Setting next_dagrun for dataset_consumes_1 to None, run_after=None
[2025-01-18T09:14:56.020+0000] {logging_mixin.py:190} INFO - [2025-01-18T09:14:56.019+0000] {dag.py:4180} INFO - Setting next_dagrun for dataset_consumes_1_and_2 to None, run_after=None
[2025-01-18T09:14:56.020+0000] {logging_mixin.py:190} INFO - [2025-01-18T09:14:56.020+0000] {dag.py:4180} INFO - Setting next_dagrun for dataset_consumes_1_never_scheduled to None, run_after=None
[2025-01-18T09:14:56.021+0000] {logging_mixin.py:190} INFO - [2025-01-18T09:14:56.021+0000] {dag.py:4180} INFO - Setting next_dagrun for dataset_consumes_unknown_never_scheduled to None, run_after=None
[2025-01-18T09:14:56.023+0000] {logging_mixin.py:190} INFO - [2025-01-18T09:14:56.023+0000] {dag.py:4180} INFO - Setting next_dagrun for dataset_produces_1 to 2025-01-17 00:00:00+00:00, run_after=2025-01-18 00:00:00+00:00
[2025-01-18T09:14:56.024+0000] {logging_mixin.py:190} INFO - [2025-01-18T09:14:56.024+0000] {dag.py:4180} INFO - Setting next_dagrun for dataset_produces_2 to None, run_after=None
[2025-01-18T09:14:56.048+0000] {processor.py:208} INFO - Processing /home/airflow/.local/lib/python3.12/site-packages/airflow/example_dags/example_datasets.py took 0.591 seconds
[2025-01-18T09:15:26.277+0000] {processor.py:186} INFO - Started process (PID=434) to work on /home/airflow/.local/lib/python3.12/site-packages/airflow/example_dags/example_datasets.py
[2025-01-18T09:15:26.278+0000] {processor.py:914} INFO - Processing file /home/airflow/.local/lib/python3.12/site-packages/airflow/example_dags/example_datasets.py for tasks to queue
[2025-01-18T09:15:26.280+0000] {logging_mixin.py:190} INFO - [2025-01-18T09:15:26.280+0000] {dagbag.py:588} INFO - Filling up the DagBag from /home/airflow/.local/lib/python3.12/site-packages/airflow/example_dags/example_datasets.py
[2025-01-18T09:15:26.915+0000] {processor.py:925} INFO - DAG(s) 'dataset_consumes_unknown_never_scheduled', 'consume_1_or_2_with_dataset_expressions', 'dataset_consumes_1_and_2', 'consume_1_and_2_with_dataset_expressions', 'dataset_consumes_1', 'dataset_produces_2', 'consume_1_or_both_2_and_3_with_dataset_expressions', 'dataset_produces_1', 'conditional_dataset_and_time_based_timetable', 'dataset_consumes_1_never_scheduled' retrieved from /home/airflow/.local/lib/python3.12/site-packages/airflow/example_dags/example_datasets.py
[2025-01-18T09:15:26.948+0000] {logging_mixin.py:190} INFO - [2025-01-18T09:15:26.947+0000] {dag.py:3239} INFO - Sync 10 DAGs
[2025-01-18T09:15:26.968+0000] {logging_mixin.py:190} INFO - [2025-01-18T09:15:26.967+0000] {dag.py:4180} INFO - Setting next_dagrun for conditional_dataset_and_time_based_timetable to 2025-01-15 01:00:00+00:00, run_after=2025-01-15 01:00:00+00:00
[2025-01-18T09:15:26.970+0000] {logging_mixin.py:190} INFO - [2025-01-18T09:15:26.970+0000] {dag.py:4180} INFO - Setting next_dagrun for consume_1_and_2_with_dataset_expressions to None, run_after=None
[2025-01-18T09:15:26.971+0000] {logging_mixin.py:190} INFO - [2025-01-18T09:15:26.971+0000] {dag.py:4180} INFO - Setting next_dagrun for consume_1_or_2_with_dataset_expressions to None, run_after=None
[2025-01-18T09:15:26.972+0000] {logging_mixin.py:190} INFO - [2025-01-18T09:15:26.972+0000] {dag.py:4180} INFO - Setting next_dagrun for consume_1_or_both_2_and_3_with_dataset_expressions to None, run_after=None
[2025-01-18T09:15:26.973+0000] {logging_mixin.py:190} INFO - [2025-01-18T09:15:26.973+0000] {dag.py:4180} INFO - Setting next_dagrun for dataset_consumes_1 to None, run_after=None
[2025-01-18T09:15:26.974+0000] {logging_mixin.py:190} INFO - [2025-01-18T09:15:26.974+0000] {dag.py:4180} INFO - Setting next_dagrun for dataset_consumes_1_and_2 to None, run_after=None
[2025-01-18T09:15:26.975+0000] {logging_mixin.py:190} INFO - [2025-01-18T09:15:26.975+0000] {dag.py:4180} INFO - Setting next_dagrun for dataset_consumes_1_never_scheduled to None, run_after=None
[2025-01-18T09:15:26.976+0000] {logging_mixin.py:190} INFO - [2025-01-18T09:15:26.976+0000] {dag.py:4180} INFO - Setting next_dagrun for dataset_consumes_unknown_never_scheduled to None, run_after=None
[2025-01-18T09:15:26.978+0000] {logging_mixin.py:190} INFO - [2025-01-18T09:15:26.978+0000] {dag.py:4180} INFO - Setting next_dagrun for dataset_produces_1 to 2025-01-17 00:00:00+00:00, run_after=2025-01-18 00:00:00+00:00
[2025-01-18T09:15:26.979+0000] {logging_mixin.py:190} INFO - [2025-01-18T09:15:26.979+0000] {dag.py:4180} INFO - Setting next_dagrun for dataset_produces_2 to None, run_after=None
[2025-01-18T09:15:27.002+0000] {processor.py:208} INFO - Processing /home/airflow/.local/lib/python3.12/site-packages/airflow/example_dags/example_datasets.py took 0.730 seconds
[2025-01-18T09:15:58.427+0000] {processor.py:186} INFO - Started process (PID=500) to work on /home/airflow/.local/lib/python3.12/site-packages/airflow/example_dags/example_datasets.py
[2025-01-18T09:15:58.431+0000] {processor.py:914} INFO - Processing file /home/airflow/.local/lib/python3.12/site-packages/airflow/example_dags/example_datasets.py for tasks to queue
[2025-01-18T09:15:58.433+0000] {logging_mixin.py:190} INFO - [2025-01-18T09:15:58.433+0000] {dagbag.py:588} INFO - Filling up the DagBag from /home/airflow/.local/lib/python3.12/site-packages/airflow/example_dags/example_datasets.py
[2025-01-18T09:15:59.917+0000] {processor.py:925} INFO - DAG(s) 'consume_1_or_2_with_dataset_expressions', 'dataset_consumes_1_and_2', 'dataset_produces_1', 'dataset_consumes_1', 'dataset_consumes_1_never_scheduled', 'consume_1_or_both_2_and_3_with_dataset_expressions', 'consume_1_and_2_with_dataset_expressions', 'dataset_produces_2', 'dataset_consumes_unknown_never_scheduled', 'conditional_dataset_and_time_based_timetable' retrieved from /home/airflow/.local/lib/python3.12/site-packages/airflow/example_dags/example_datasets.py
[2025-01-18T09:16:00.022+0000] {logging_mixin.py:190} INFO - [2025-01-18T09:16:00.021+0000] {dag.py:3239} INFO - Sync 10 DAGs
[2025-01-18T09:16:00.108+0000] {logging_mixin.py:190} INFO - [2025-01-18T09:16:00.107+0000] {dag.py:4180} INFO - Setting next_dagrun for conditional_dataset_and_time_based_timetable to 2025-01-15 01:00:00+00:00, run_after=2025-01-15 01:00:00+00:00
[2025-01-18T09:16:00.115+0000] {logging_mixin.py:190} INFO - [2025-01-18T09:16:00.114+0000] {dag.py:4180} INFO - Setting next_dagrun for consume_1_and_2_with_dataset_expressions to None, run_after=None
[2025-01-18T09:16:00.116+0000] {logging_mixin.py:190} INFO - [2025-01-18T09:16:00.116+0000] {dag.py:4180} INFO - Setting next_dagrun for consume_1_or_2_with_dataset_expressions to None, run_after=None
[2025-01-18T09:16:00.118+0000] {logging_mixin.py:190} INFO - [2025-01-18T09:16:00.117+0000] {dag.py:4180} INFO - Setting next_dagrun for consume_1_or_both_2_and_3_with_dataset_expressions to None, run_after=None
[2025-01-18T09:16:00.119+0000] {logging_mixin.py:190} INFO - [2025-01-18T09:16:00.119+0000] {dag.py:4180} INFO - Setting next_dagrun for dataset_consumes_1 to None, run_after=None
[2025-01-18T09:16:00.120+0000] {logging_mixin.py:190} INFO - [2025-01-18T09:16:00.120+0000] {dag.py:4180} INFO - Setting next_dagrun for dataset_consumes_1_and_2 to None, run_after=None
[2025-01-18T09:16:00.121+0000] {logging_mixin.py:190} INFO - [2025-01-18T09:16:00.121+0000] {dag.py:4180} INFO - Setting next_dagrun for dataset_consumes_1_never_scheduled to None, run_after=None
[2025-01-18T09:16:00.122+0000] {logging_mixin.py:190} INFO - [2025-01-18T09:16:00.122+0000] {dag.py:4180} INFO - Setting next_dagrun for dataset_consumes_unknown_never_scheduled to None, run_after=None
[2025-01-18T09:16:00.125+0000] {logging_mixin.py:190} INFO - [2025-01-18T09:16:00.125+0000] {dag.py:4180} INFO - Setting next_dagrun for dataset_produces_1 to 2025-01-17 00:00:00+00:00, run_after=2025-01-18 00:00:00+00:00
[2025-01-18T09:16:00.126+0000] {logging_mixin.py:190} INFO - [2025-01-18T09:16:00.126+0000] {dag.py:4180} INFO - Setting next_dagrun for dataset_produces_2 to None, run_after=None
[2025-01-18T09:16:00.185+0000] {processor.py:208} INFO - Processing /home/airflow/.local/lib/python3.12/site-packages/airflow/example_dags/example_datasets.py took 1.770 seconds
[2025-01-18T09:16:31.122+0000] {processor.py:186} INFO - Started process (PID=565) to work on /home/airflow/.local/lib/python3.12/site-packages/airflow/example_dags/example_datasets.py
[2025-01-18T09:16:31.123+0000] {processor.py:914} INFO - Processing file /home/airflow/.local/lib/python3.12/site-packages/airflow/example_dags/example_datasets.py for tasks to queue
[2025-01-18T09:16:31.145+0000] {logging_mixin.py:190} INFO - [2025-01-18T09:16:31.125+0000] {dagbag.py:588} INFO - Filling up the DagBag from /home/airflow/.local/lib/python3.12/site-packages/airflow/example_dags/example_datasets.py
[2025-01-18T09:16:32.890+0000] {processor.py:925} INFO - DAG(s) 'dataset_consumes_1_never_scheduled', 'dataset_produces_1', 'conditional_dataset_and_time_based_timetable', 'consume_1_and_2_with_dataset_expressions', 'consume_1_or_both_2_and_3_with_dataset_expressions', 'dataset_consumes_unknown_never_scheduled', 'consume_1_or_2_with_dataset_expressions', 'dataset_consumes_1', 'dataset_produces_2', 'dataset_consumes_1_and_2' retrieved from /home/airflow/.local/lib/python3.12/site-packages/airflow/example_dags/example_datasets.py
[2025-01-18T09:16:32.980+0000] {logging_mixin.py:190} INFO - [2025-01-18T09:16:32.980+0000] {dag.py:3239} INFO - Sync 10 DAGs
[2025-01-18T09:16:33.027+0000] {logging_mixin.py:190} INFO - [2025-01-18T09:16:33.026+0000] {dag.py:4180} INFO - Setting next_dagrun for conditional_dataset_and_time_based_timetable to 2025-01-15 01:00:00+00:00, run_after=2025-01-15 01:00:00+00:00
[2025-01-18T09:16:33.031+0000] {logging_mixin.py:190} INFO - [2025-01-18T09:16:33.031+0000] {dag.py:4180} INFO - Setting next_dagrun for consume_1_and_2_with_dataset_expressions to None, run_after=None
[2025-01-18T09:16:33.033+0000] {logging_mixin.py:190} INFO - [2025-01-18T09:16:33.033+0000] {dag.py:4180} INFO - Setting next_dagrun for consume_1_or_2_with_dataset_expressions to None, run_after=None
[2025-01-18T09:16:33.035+0000] {logging_mixin.py:190} INFO - [2025-01-18T09:16:33.034+0000] {dag.py:4180} INFO - Setting next_dagrun for consume_1_or_both_2_and_3_with_dataset_expressions to None, run_after=None
[2025-01-18T09:16:33.036+0000] {logging_mixin.py:190} INFO - [2025-01-18T09:16:33.036+0000] {dag.py:4180} INFO - Setting next_dagrun for dataset_consumes_1 to None, run_after=None
[2025-01-18T09:16:33.038+0000] {logging_mixin.py:190} INFO - [2025-01-18T09:16:33.038+0000] {dag.py:4180} INFO - Setting next_dagrun for dataset_consumes_1_and_2 to None, run_after=None
[2025-01-18T09:16:33.039+0000] {logging_mixin.py:190} INFO - [2025-01-18T09:16:33.039+0000] {dag.py:4180} INFO - Setting next_dagrun for dataset_consumes_1_never_scheduled to None, run_after=None
[2025-01-18T09:16:33.050+0000] {logging_mixin.py:190} INFO - [2025-01-18T09:16:33.049+0000] {dag.py:4180} INFO - Setting next_dagrun for dataset_consumes_unknown_never_scheduled to None, run_after=None
[2025-01-18T09:16:33.062+0000] {logging_mixin.py:190} INFO - [2025-01-18T09:16:33.061+0000] {dag.py:4180} INFO - Setting next_dagrun for dataset_produces_1 to 2025-01-17 00:00:00+00:00, run_after=2025-01-18 00:00:00+00:00
[2025-01-18T09:16:33.066+0000] {logging_mixin.py:190} INFO - [2025-01-18T09:16:33.065+0000] {dag.py:4180} INFO - Setting next_dagrun for dataset_produces_2 to None, run_after=None
[2025-01-18T09:16:33.163+0000] {processor.py:208} INFO - Processing /home/airflow/.local/lib/python3.12/site-packages/airflow/example_dags/example_datasets.py took 2.069 seconds
[2025-01-18T09:17:03.705+0000] {processor.py:186} INFO - Started process (PID=630) to work on /home/airflow/.local/lib/python3.12/site-packages/airflow/example_dags/example_datasets.py
[2025-01-18T09:17:03.706+0000] {processor.py:914} INFO - Processing file /home/airflow/.local/lib/python3.12/site-packages/airflow/example_dags/example_datasets.py for tasks to queue
[2025-01-18T09:17:03.715+0000] {logging_mixin.py:190} INFO - [2025-01-18T09:17:03.715+0000] {dagbag.py:588} INFO - Filling up the DagBag from /home/airflow/.local/lib/python3.12/site-packages/airflow/example_dags/example_datasets.py
[2025-01-18T09:17:05.596+0000] {processor.py:925} INFO - DAG(s) 'dataset_consumes_1_and_2', 'consume_1_and_2_with_dataset_expressions', 'dataset_consumes_1', 'dataset_produces_1', 'consume_1_or_both_2_and_3_with_dataset_expressions', 'dataset_consumes_1_never_scheduled', 'conditional_dataset_and_time_based_timetable', 'consume_1_or_2_with_dataset_expressions', 'dataset_consumes_unknown_never_scheduled', 'dataset_produces_2' retrieved from /home/airflow/.local/lib/python3.12/site-packages/airflow/example_dags/example_datasets.py
[2025-01-18T09:17:05.698+0000] {logging_mixin.py:190} INFO - [2025-01-18T09:17:05.697+0000] {dag.py:3239} INFO - Sync 10 DAGs
[2025-01-18T09:17:05.736+0000] {logging_mixin.py:190} INFO - [2025-01-18T09:17:05.735+0000] {dag.py:4180} INFO - Setting next_dagrun for conditional_dataset_and_time_based_timetable to 2025-01-15 01:00:00+00:00, run_after=2025-01-15 01:00:00+00:00
[2025-01-18T09:17:05.740+0000] {logging_mixin.py:190} INFO - [2025-01-18T09:17:05.739+0000] {dag.py:4180} INFO - Setting next_dagrun for consume_1_and_2_with_dataset_expressions to None, run_after=None
[2025-01-18T09:17:05.741+0000] {logging_mixin.py:190} INFO - [2025-01-18T09:17:05.741+0000] {dag.py:4180} INFO - Setting next_dagrun for consume_1_or_2_with_dataset_expressions to None, run_after=None
[2025-01-18T09:17:05.742+0000] {logging_mixin.py:190} INFO - [2025-01-18T09:17:05.742+0000] {dag.py:4180} INFO - Setting next_dagrun for consume_1_or_both_2_and_3_with_dataset_expressions to None, run_after=None
[2025-01-18T09:17:05.744+0000] {logging_mixin.py:190} INFO - [2025-01-18T09:17:05.743+0000] {dag.py:4180} INFO - Setting next_dagrun for dataset_consumes_1 to None, run_after=None
[2025-01-18T09:17:05.745+0000] {logging_mixin.py:190} INFO - [2025-01-18T09:17:05.745+0000] {dag.py:4180} INFO - Setting next_dagrun for dataset_consumes_1_and_2 to None, run_after=None
[2025-01-18T09:17:05.746+0000] {logging_mixin.py:190} INFO - [2025-01-18T09:17:05.746+0000] {dag.py:4180} INFO - Setting next_dagrun for dataset_consumes_1_never_scheduled to None, run_after=None
[2025-01-18T09:17:05.747+0000] {logging_mixin.py:190} INFO - [2025-01-18T09:17:05.747+0000] {dag.py:4180} INFO - Setting next_dagrun for dataset_consumes_unknown_never_scheduled to None, run_after=None
[2025-01-18T09:17:05.750+0000] {logging_mixin.py:190} INFO - [2025-01-18T09:17:05.750+0000] {dag.py:4180} INFO - Setting next_dagrun for dataset_produces_1 to 2025-01-17 00:00:00+00:00, run_after=2025-01-18 00:00:00+00:00
[2025-01-18T09:17:05.753+0000] {logging_mixin.py:190} INFO - [2025-01-18T09:17:05.753+0000] {dag.py:4180} INFO - Setting next_dagrun for dataset_produces_2 to None, run_after=None
[2025-01-18T09:17:05.832+0000] {processor.py:208} INFO - Processing /home/airflow/.local/lib/python3.12/site-packages/airflow/example_dags/example_datasets.py took 2.132 seconds
[2025-01-18T09:17:36.078+0000] {processor.py:186} INFO - Started process (PID=699) to work on /home/airflow/.local/lib/python3.12/site-packages/airflow/example_dags/example_datasets.py
[2025-01-18T09:17:36.079+0000] {processor.py:914} INFO - Processing file /home/airflow/.local/lib/python3.12/site-packages/airflow/example_dags/example_datasets.py for tasks to queue
[2025-01-18T09:17:36.081+0000] {logging_mixin.py:190} INFO - [2025-01-18T09:17:36.081+0000] {dagbag.py:588} INFO - Filling up the DagBag from /home/airflow/.local/lib/python3.12/site-packages/airflow/example_dags/example_datasets.py
[2025-01-18T09:17:37.304+0000] {processor.py:925} INFO - DAG(s) 'dataset_consumes_1_and_2', 'dataset_produces_2', 'consume_1_or_both_2_and_3_with_dataset_expressions', 'dataset_consumes_unknown_never_scheduled', 'consume_1_and_2_with_dataset_expressions', 'dataset_consumes_1_never_scheduled', 'dataset_produces_1', 'consume_1_or_2_with_dataset_expressions', 'dataset_consumes_1', 'conditional_dataset_and_time_based_timetable' retrieved from /home/airflow/.local/lib/python3.12/site-packages/airflow/example_dags/example_datasets.py
[2025-01-18T09:17:37.447+0000] {logging_mixin.py:190} INFO - [2025-01-18T09:17:37.447+0000] {dag.py:3239} INFO - Sync 10 DAGs
[2025-01-18T09:17:37.532+0000] {logging_mixin.py:190} INFO - [2025-01-18T09:17:37.531+0000] {dag.py:4180} INFO - Setting next_dagrun for conditional_dataset_and_time_based_timetable to 2025-01-15 01:00:00+00:00, run_after=2025-01-15 01:00:00+00:00
[2025-01-18T09:17:37.548+0000] {logging_mixin.py:190} INFO - [2025-01-18T09:17:37.548+0000] {dag.py:4180} INFO - Setting next_dagrun for consume_1_and_2_with_dataset_expressions to None, run_after=None
[2025-01-18T09:17:37.550+0000] {logging_mixin.py:190} INFO - [2025-01-18T09:17:37.550+0000] {dag.py:4180} INFO - Setting next_dagrun for consume_1_or_2_with_dataset_expressions to None, run_after=None
[2025-01-18T09:17:37.558+0000] {logging_mixin.py:190} INFO - [2025-01-18T09:17:37.557+0000] {dag.py:4180} INFO - Setting next_dagrun for consume_1_or_both_2_and_3_with_dataset_expressions to None, run_after=None
[2025-01-18T09:17:37.559+0000] {logging_mixin.py:190} INFO - [2025-01-18T09:17:37.559+0000] {dag.py:4180} INFO - Setting next_dagrun for dataset_consumes_1 to None, run_after=None
[2025-01-18T09:17:37.561+0000] {logging_mixin.py:190} INFO - [2025-01-18T09:17:37.560+0000] {dag.py:4180} INFO - Setting next_dagrun for dataset_consumes_1_and_2 to None, run_after=None
[2025-01-18T09:17:37.564+0000] {logging_mixin.py:190} INFO - [2025-01-18T09:17:37.564+0000] {dag.py:4180} INFO - Setting next_dagrun for dataset_consumes_1_never_scheduled to None, run_after=None
[2025-01-18T09:17:37.571+0000] {logging_mixin.py:190} INFO - [2025-01-18T09:17:37.571+0000] {dag.py:4180} INFO - Setting next_dagrun for dataset_consumes_unknown_never_scheduled to None, run_after=None
[2025-01-18T09:17:37.574+0000] {logging_mixin.py:190} INFO - [2025-01-18T09:17:37.574+0000] {dag.py:4180} INFO - Setting next_dagrun for dataset_produces_1 to 2025-01-17 00:00:00+00:00, run_after=2025-01-18 00:00:00+00:00
[2025-01-18T09:17:37.585+0000] {logging_mixin.py:190} INFO - [2025-01-18T09:17:37.585+0000] {dag.py:4180} INFO - Setting next_dagrun for dataset_produces_2 to None, run_after=None
[2025-01-18T09:17:37.683+0000] {processor.py:208} INFO - Processing /home/airflow/.local/lib/python3.12/site-packages/airflow/example_dags/example_datasets.py took 1.612 seconds
[2025-01-18T09:18:07.868+0000] {processor.py:186} INFO - Started process (PID=773) to work on /home/airflow/.local/lib/python3.12/site-packages/airflow/example_dags/example_datasets.py
[2025-01-18T09:18:07.868+0000] {processor.py:914} INFO - Processing file /home/airflow/.local/lib/python3.12/site-packages/airflow/example_dags/example_datasets.py for tasks to queue
[2025-01-18T09:18:07.870+0000] {logging_mixin.py:190} INFO - [2025-01-18T09:18:07.870+0000] {dagbag.py:588} INFO - Filling up the DagBag from /home/airflow/.local/lib/python3.12/site-packages/airflow/example_dags/example_datasets.py
[2025-01-18T09:18:08.381+0000] {processor.py:925} INFO - DAG(s) 'dataset_produces_1', 'consume_1_or_2_with_dataset_expressions', 'consume_1_and_2_with_dataset_expressions', 'dataset_consumes_1', 'dataset_consumes_1_and_2', 'dataset_consumes_1_never_scheduled', 'dataset_produces_2', 'consume_1_or_both_2_and_3_with_dataset_expressions', 'dataset_consumes_unknown_never_scheduled', 'conditional_dataset_and_time_based_timetable' retrieved from /home/airflow/.local/lib/python3.12/site-packages/airflow/example_dags/example_datasets.py
[2025-01-18T09:18:08.447+0000] {logging_mixin.py:190} INFO - [2025-01-18T09:18:08.447+0000] {dag.py:3239} INFO - Sync 10 DAGs
[2025-01-18T09:18:08.475+0000] {logging_mixin.py:190} INFO - [2025-01-18T09:18:08.475+0000] {dag.py:4180} INFO - Setting next_dagrun for conditional_dataset_and_time_based_timetable to 2025-01-15 01:00:00+00:00, run_after=2025-01-15 01:00:00+00:00
[2025-01-18T09:18:08.479+0000] {logging_mixin.py:190} INFO - [2025-01-18T09:18:08.479+0000] {dag.py:4180} INFO - Setting next_dagrun for consume_1_and_2_with_dataset_expressions to None, run_after=None
[2025-01-18T09:18:08.481+0000] {logging_mixin.py:190} INFO - [2025-01-18T09:18:08.481+0000] {dag.py:4180} INFO - Setting next_dagrun for consume_1_or_2_with_dataset_expressions to None, run_after=None
[2025-01-18T09:18:08.482+0000] {logging_mixin.py:190} INFO - [2025-01-18T09:18:08.482+0000] {dag.py:4180} INFO - Setting next_dagrun for consume_1_or_both_2_and_3_with_dataset_expressions to None, run_after=None
[2025-01-18T09:18:08.483+0000] {logging_mixin.py:190} INFO - [2025-01-18T09:18:08.483+0000] {dag.py:4180} INFO - Setting next_dagrun for dataset_consumes_1 to None, run_after=None
[2025-01-18T09:18:08.485+0000] {logging_mixin.py:190} INFO - [2025-01-18T09:18:08.484+0000] {dag.py:4180} INFO - Setting next_dagrun for dataset_consumes_1_and_2 to None, run_after=None
[2025-01-18T09:18:08.486+0000] {logging_mixin.py:190} INFO - [2025-01-18T09:18:08.486+0000] {dag.py:4180} INFO - Setting next_dagrun for dataset_consumes_1_never_scheduled to None, run_after=None
[2025-01-18T09:18:08.487+0000] {logging_mixin.py:190} INFO - [2025-01-18T09:18:08.487+0000] {dag.py:4180} INFO - Setting next_dagrun for dataset_consumes_unknown_never_scheduled to None, run_after=None
[2025-01-18T09:18:08.490+0000] {logging_mixin.py:190} INFO - [2025-01-18T09:18:08.490+0000] {dag.py:4180} INFO - Setting next_dagrun for dataset_produces_1 to 2025-01-17 00:00:00+00:00, run_after=2025-01-18 00:00:00+00:00
[2025-01-18T09:18:08.491+0000] {logging_mixin.py:190} INFO - [2025-01-18T09:18:08.491+0000] {dag.py:4180} INFO - Setting next_dagrun for dataset_produces_2 to None, run_after=None
[2025-01-18T09:18:08.520+0000] {processor.py:208} INFO - Processing /home/airflow/.local/lib/python3.12/site-packages/airflow/example_dags/example_datasets.py took 0.657 seconds
[2025-01-18T09:18:39.223+0000] {processor.py:186} INFO - Started process (PID=837) to work on /home/airflow/.local/lib/python3.12/site-packages/airflow/example_dags/example_datasets.py
[2025-01-18T09:18:39.224+0000] {processor.py:914} INFO - Processing file /home/airflow/.local/lib/python3.12/site-packages/airflow/example_dags/example_datasets.py for tasks to queue
[2025-01-18T09:18:39.226+0000] {logging_mixin.py:190} INFO - [2025-01-18T09:18:39.226+0000] {dagbag.py:588} INFO - Filling up the DagBag from /home/airflow/.local/lib/python3.12/site-packages/airflow/example_dags/example_datasets.py
[2025-01-18T09:18:40.139+0000] {processor.py:925} INFO - DAG(s) 'dataset_consumes_1', 'conditional_dataset_and_time_based_timetable', 'dataset_produces_2', 'consume_1_and_2_with_dataset_expressions', 'dataset_consumes_1_never_scheduled', 'consume_1_or_2_with_dataset_expressions', 'dataset_produces_1', 'dataset_consumes_1_and_2', 'dataset_consumes_unknown_never_scheduled', 'consume_1_or_both_2_and_3_with_dataset_expressions' retrieved from /home/airflow/.local/lib/python3.12/site-packages/airflow/example_dags/example_datasets.py
[2025-01-18T09:18:40.190+0000] {logging_mixin.py:190} INFO - [2025-01-18T09:18:40.190+0000] {dag.py:3239} INFO - Sync 10 DAGs
[2025-01-18T09:18:40.222+0000] {logging_mixin.py:190} INFO - [2025-01-18T09:18:40.221+0000] {dag.py:4180} INFO - Setting next_dagrun for conditional_dataset_and_time_based_timetable to 2025-01-15 01:00:00+00:00, run_after=2025-01-15 01:00:00+00:00
[2025-01-18T09:18:40.227+0000] {logging_mixin.py:190} INFO - [2025-01-18T09:18:40.226+0000] {dag.py:4180} INFO - Setting next_dagrun for consume_1_and_2_with_dataset_expressions to None, run_after=None
[2025-01-18T09:18:40.228+0000] {logging_mixin.py:190} INFO - [2025-01-18T09:18:40.228+0000] {dag.py:4180} INFO - Setting next_dagrun for consume_1_or_2_with_dataset_expressions to None, run_after=None
[2025-01-18T09:18:40.229+0000] {logging_mixin.py:190} INFO - [2025-01-18T09:18:40.229+0000] {dag.py:4180} INFO - Setting next_dagrun for consume_1_or_both_2_and_3_with_dataset_expressions to None, run_after=None
[2025-01-18T09:18:40.230+0000] {logging_mixin.py:190} INFO - [2025-01-18T09:18:40.230+0000] {dag.py:4180} INFO - Setting next_dagrun for dataset_consumes_1 to None, run_after=None
[2025-01-18T09:18:40.231+0000] {logging_mixin.py:190} INFO - [2025-01-18T09:18:40.231+0000] {dag.py:4180} INFO - Setting next_dagrun for dataset_consumes_1_and_2 to None, run_after=None
[2025-01-18T09:18:40.233+0000] {logging_mixin.py:190} INFO - [2025-01-18T09:18:40.232+0000] {dag.py:4180} INFO - Setting next_dagrun for dataset_consumes_1_never_scheduled to None, run_after=None
[2025-01-18T09:18:40.234+0000] {logging_mixin.py:190} INFO - [2025-01-18T09:18:40.234+0000] {dag.py:4180} INFO - Setting next_dagrun for dataset_consumes_unknown_never_scheduled to None, run_after=None
[2025-01-18T09:18:40.237+0000] {logging_mixin.py:190} INFO - [2025-01-18T09:18:40.237+0000] {dag.py:4180} INFO - Setting next_dagrun for dataset_produces_1 to 2025-01-17 00:00:00+00:00, run_after=2025-01-18 00:00:00+00:00
[2025-01-18T09:18:40.238+0000] {logging_mixin.py:190} INFO - [2025-01-18T09:18:40.238+0000] {dag.py:4180} INFO - Setting next_dagrun for dataset_produces_2 to None, run_after=None
[2025-01-18T09:18:40.272+0000] {processor.py:208} INFO - Processing /home/airflow/.local/lib/python3.12/site-packages/airflow/example_dags/example_datasets.py took 1.084 seconds
[2025-01-18T09:19:10.435+0000] {processor.py:186} INFO - Started process (PID=901) to work on /home/airflow/.local/lib/python3.12/site-packages/airflow/example_dags/example_datasets.py
[2025-01-18T09:19:10.436+0000] {processor.py:914} INFO - Processing file /home/airflow/.local/lib/python3.12/site-packages/airflow/example_dags/example_datasets.py for tasks to queue
[2025-01-18T09:19:10.437+0000] {logging_mixin.py:190} INFO - [2025-01-18T09:19:10.437+0000] {dagbag.py:588} INFO - Filling up the DagBag from /home/airflow/.local/lib/python3.12/site-packages/airflow/example_dags/example_datasets.py
[2025-01-18T09:19:11.093+0000] {processor.py:925} INFO - DAG(s) 'dataset_produces_1', 'dataset_consumes_unknown_never_scheduled', 'conditional_dataset_and_time_based_timetable', 'dataset_consumes_1_and_2', 'consume_1_or_2_with_dataset_expressions', 'dataset_consumes_1', 'dataset_produces_2', 'consume_1_or_both_2_and_3_with_dataset_expressions', 'dataset_consumes_1_never_scheduled', 'consume_1_and_2_with_dataset_expressions' retrieved from /home/airflow/.local/lib/python3.12/site-packages/airflow/example_dags/example_datasets.py
[2025-01-18T09:19:11.132+0000] {logging_mixin.py:190} INFO - [2025-01-18T09:19:11.131+0000] {dag.py:3239} INFO - Sync 10 DAGs
[2025-01-18T09:19:11.166+0000] {logging_mixin.py:190} INFO - [2025-01-18T09:19:11.166+0000] {dag.py:4180} INFO - Setting next_dagrun for conditional_dataset_and_time_based_timetable to 2025-01-15 01:00:00+00:00, run_after=2025-01-15 01:00:00+00:00
[2025-01-18T09:19:11.169+0000] {logging_mixin.py:190} INFO - [2025-01-18T09:19:11.169+0000] {dag.py:4180} INFO - Setting next_dagrun for consume_1_and_2_with_dataset_expressions to None, run_after=None
[2025-01-18T09:19:11.170+0000] {logging_mixin.py:190} INFO - [2025-01-18T09:19:11.170+0000] {dag.py:4180} INFO - Setting next_dagrun for consume_1_or_2_with_dataset_expressions to None, run_after=None
[2025-01-18T09:19:11.171+0000] {logging_mixin.py:190} INFO - [2025-01-18T09:19:11.171+0000] {dag.py:4180} INFO - Setting next_dagrun for consume_1_or_both_2_and_3_with_dataset_expressions to None, run_after=None
[2025-01-18T09:19:11.172+0000] {logging_mixin.py:190} INFO - [2025-01-18T09:19:11.172+0000] {dag.py:4180} INFO - Setting next_dagrun for dataset_consumes_1 to None, run_after=None
[2025-01-18T09:19:11.173+0000] {logging_mixin.py:190} INFO - [2025-01-18T09:19:11.172+0000] {dag.py:4180} INFO - Setting next_dagrun for dataset_consumes_1_and_2 to None, run_after=None
[2025-01-18T09:19:11.174+0000] {logging_mixin.py:190} INFO - [2025-01-18T09:19:11.173+0000] {dag.py:4180} INFO - Setting next_dagrun for dataset_consumes_1_never_scheduled to None, run_after=None
[2025-01-18T09:19:11.175+0000] {logging_mixin.py:190} INFO - [2025-01-18T09:19:11.175+0000] {dag.py:4180} INFO - Setting next_dagrun for dataset_consumes_unknown_never_scheduled to None, run_after=None
[2025-01-18T09:19:11.178+0000] {logging_mixin.py:190} INFO - [2025-01-18T09:19:11.178+0000] {dag.py:4180} INFO - Setting next_dagrun for dataset_produces_1 to 2025-01-17 00:00:00+00:00, run_after=2025-01-18 00:00:00+00:00
[2025-01-18T09:19:11.179+0000] {logging_mixin.py:190} INFO - [2025-01-18T09:19:11.179+0000] {dag.py:4180} INFO - Setting next_dagrun for dataset_produces_2 to None, run_after=None
[2025-01-18T09:19:11.207+0000] {processor.py:208} INFO - Processing /home/airflow/.local/lib/python3.12/site-packages/airflow/example_dags/example_datasets.py took 0.776 seconds
[2025-01-18T09:19:41.454+0000] {processor.py:186} INFO - Started process (PID=965) to work on /home/airflow/.local/lib/python3.12/site-packages/airflow/example_dags/example_datasets.py
[2025-01-18T09:19:41.454+0000] {processor.py:914} INFO - Processing file /home/airflow/.local/lib/python3.12/site-packages/airflow/example_dags/example_datasets.py for tasks to queue
[2025-01-18T09:19:41.456+0000] {logging_mixin.py:190} INFO - [2025-01-18T09:19:41.456+0000] {dagbag.py:588} INFO - Filling up the DagBag from /home/airflow/.local/lib/python3.12/site-packages/airflow/example_dags/example_datasets.py
[2025-01-18T09:19:41.975+0000] {processor.py:925} INFO - DAG(s) 'consume_1_and_2_with_dataset_expressions', 'conditional_dataset_and_time_based_timetable', 'dataset_produces_1', 'dataset_produces_2', 'dataset_consumes_unknown_never_scheduled', 'dataset_consumes_1_never_scheduled', 'consume_1_or_2_with_dataset_expressions', 'dataset_consumes_1', 'consume_1_or_both_2_and_3_with_dataset_expressions', 'dataset_consumes_1_and_2' retrieved from /home/airflow/.local/lib/python3.12/site-packages/airflow/example_dags/example_datasets.py
[2025-01-18T09:19:42.015+0000] {logging_mixin.py:190} INFO - [2025-01-18T09:19:42.015+0000] {dag.py:3239} INFO - Sync 10 DAGs
[2025-01-18T09:19:42.042+0000] {logging_mixin.py:190} INFO - [2025-01-18T09:19:42.042+0000] {dag.py:4180} INFO - Setting next_dagrun for conditional_dataset_and_time_based_timetable to 2025-01-15 01:00:00+00:00, run_after=2025-01-15 01:00:00+00:00
[2025-01-18T09:19:42.045+0000] {logging_mixin.py:190} INFO - [2025-01-18T09:19:42.044+0000] {dag.py:4180} INFO - Setting next_dagrun for consume_1_and_2_with_dataset_expressions to None, run_after=None
[2025-01-18T09:19:42.046+0000] {logging_mixin.py:190} INFO - [2025-01-18T09:19:42.046+0000] {dag.py:4180} INFO - Setting next_dagrun for consume_1_or_2_with_dataset_expressions to None, run_after=None
[2025-01-18T09:19:42.047+0000] {logging_mixin.py:190} INFO - [2025-01-18T09:19:42.046+0000] {dag.py:4180} INFO - Setting next_dagrun for consume_1_or_both_2_and_3_with_dataset_expressions to None, run_after=None
[2025-01-18T09:19:42.047+0000] {logging_mixin.py:190} INFO - [2025-01-18T09:19:42.047+0000] {dag.py:4180} INFO - Setting next_dagrun for dataset_consumes_1 to None, run_after=None
[2025-01-18T09:19:42.048+0000] {logging_mixin.py:190} INFO - [2025-01-18T09:19:42.048+0000] {dag.py:4180} INFO - Setting next_dagrun for dataset_consumes_1_and_2 to None, run_after=None
[2025-01-18T09:19:42.049+0000] {logging_mixin.py:190} INFO - [2025-01-18T09:19:42.049+0000] {dag.py:4180} INFO - Setting next_dagrun for dataset_consumes_1_never_scheduled to None, run_after=None
[2025-01-18T09:19:42.050+0000] {logging_mixin.py:190} INFO - [2025-01-18T09:19:42.050+0000] {dag.py:4180} INFO - Setting next_dagrun for dataset_consumes_unknown_never_scheduled to None, run_after=None
[2025-01-18T09:19:42.052+0000] {logging_mixin.py:190} INFO - [2025-01-18T09:19:42.052+0000] {dag.py:4180} INFO - Setting next_dagrun for dataset_produces_1 to 2025-01-17 00:00:00+00:00, run_after=2025-01-18 00:00:00+00:00
[2025-01-18T09:19:42.053+0000] {logging_mixin.py:190} INFO - [2025-01-18T09:19:42.053+0000] {dag.py:4180} INFO - Setting next_dagrun for dataset_produces_2 to None, run_after=None
[2025-01-18T09:19:42.078+0000] {processor.py:208} INFO - Processing /home/airflow/.local/lib/python3.12/site-packages/airflow/example_dags/example_datasets.py took 0.629 seconds
[2025-01-18T09:20:12.399+0000] {processor.py:186} INFO - Started process (PID=1029) to work on /home/airflow/.local/lib/python3.12/site-packages/airflow/example_dags/example_datasets.py
[2025-01-18T09:20:12.400+0000] {processor.py:914} INFO - Processing file /home/airflow/.local/lib/python3.12/site-packages/airflow/example_dags/example_datasets.py for tasks to queue
[2025-01-18T09:20:12.401+0000] {logging_mixin.py:190} INFO - [2025-01-18T09:20:12.401+0000] {dagbag.py:588} INFO - Filling up the DagBag from /home/airflow/.local/lib/python3.12/site-packages/airflow/example_dags/example_datasets.py
[2025-01-18T09:20:12.986+0000] {processor.py:925} INFO - DAG(s) 'dataset_consumes_unknown_never_scheduled', 'dataset_produces_2', 'consume_1_or_2_with_dataset_expressions', 'conditional_dataset_and_time_based_timetable', 'consume_1_and_2_with_dataset_expressions', 'dataset_produces_1', 'dataset_consumes_1', 'consume_1_or_both_2_and_3_with_dataset_expressions', 'dataset_consumes_1_and_2', 'dataset_consumes_1_never_scheduled' retrieved from /home/airflow/.local/lib/python3.12/site-packages/airflow/example_dags/example_datasets.py
[2025-01-18T09:20:13.018+0000] {logging_mixin.py:190} INFO - [2025-01-18T09:20:13.018+0000] {dag.py:3239} INFO - Sync 10 DAGs
[2025-01-18T09:20:13.039+0000] {logging_mixin.py:190} INFO - [2025-01-18T09:20:13.039+0000] {dag.py:4180} INFO - Setting next_dagrun for conditional_dataset_and_time_based_timetable to 2025-01-15 01:00:00+00:00, run_after=2025-01-15 01:00:00+00:00
[2025-01-18T09:20:13.041+0000] {logging_mixin.py:190} INFO - [2025-01-18T09:20:13.041+0000] {dag.py:4180} INFO - Setting next_dagrun for consume_1_and_2_with_dataset_expressions to None, run_after=None
[2025-01-18T09:20:13.042+0000] {logging_mixin.py:190} INFO - [2025-01-18T09:20:13.042+0000] {dag.py:4180} INFO - Setting next_dagrun for consume_1_or_2_with_dataset_expressions to None, run_after=None
[2025-01-18T09:20:13.043+0000] {logging_mixin.py:190} INFO - [2025-01-18T09:20:13.043+0000] {dag.py:4180} INFO - Setting next_dagrun for consume_1_or_both_2_and_3_with_dataset_expressions to None, run_after=None
[2025-01-18T09:20:13.044+0000] {logging_mixin.py:190} INFO - [2025-01-18T09:20:13.044+0000] {dag.py:4180} INFO - Setting next_dagrun for dataset_consumes_1 to None, run_after=None
[2025-01-18T09:20:13.045+0000] {logging_mixin.py:190} INFO - [2025-01-18T09:20:13.045+0000] {dag.py:4180} INFO - Setting next_dagrun for dataset_consumes_1_and_2 to None, run_after=None
[2025-01-18T09:20:13.046+0000] {logging_mixin.py:190} INFO - [2025-01-18T09:20:13.046+0000] {dag.py:4180} INFO - Setting next_dagrun for dataset_consumes_1_never_scheduled to None, run_after=None
[2025-01-18T09:20:13.047+0000] {logging_mixin.py:190} INFO - [2025-01-18T09:20:13.047+0000] {dag.py:4180} INFO - Setting next_dagrun for dataset_consumes_unknown_never_scheduled to None, run_after=None
[2025-01-18T09:20:13.049+0000] {logging_mixin.py:190} INFO - [2025-01-18T09:20:13.049+0000] {dag.py:4180} INFO - Setting next_dagrun for dataset_produces_1 to 2025-01-17 00:00:00+00:00, run_after=2025-01-18 00:00:00+00:00
[2025-01-18T09:20:13.050+0000] {logging_mixin.py:190} INFO - [2025-01-18T09:20:13.050+0000] {dag.py:4180} INFO - Setting next_dagrun for dataset_produces_2 to None, run_after=None
[2025-01-18T09:20:13.073+0000] {processor.py:208} INFO - Processing /home/airflow/.local/lib/python3.12/site-packages/airflow/example_dags/example_datasets.py took 0.679 seconds
[2025-01-18T09:20:43.203+0000] {processor.py:186} INFO - Started process (PID=1092) to work on /home/airflow/.local/lib/python3.12/site-packages/airflow/example_dags/example_datasets.py
[2025-01-18T09:20:43.204+0000] {processor.py:914} INFO - Processing file /home/airflow/.local/lib/python3.12/site-packages/airflow/example_dags/example_datasets.py for tasks to queue
[2025-01-18T09:20:43.205+0000] {logging_mixin.py:190} INFO - [2025-01-18T09:20:43.205+0000] {dagbag.py:588} INFO - Filling up the DagBag from /home/airflow/.local/lib/python3.12/site-packages/airflow/example_dags/example_datasets.py
[2025-01-18T09:20:43.697+0000] {processor.py:925} INFO - DAG(s) 'consume_1_and_2_with_dataset_expressions', 'dataset_consumes_1_never_scheduled', 'dataset_produces_2', 'consume_1_or_2_with_dataset_expressions', 'dataset_produces_1', 'consume_1_or_both_2_and_3_with_dataset_expressions', 'dataset_consumes_unknown_never_scheduled', 'dataset_consumes_1_and_2', 'dataset_consumes_1', 'conditional_dataset_and_time_based_timetable' retrieved from /home/airflow/.local/lib/python3.12/site-packages/airflow/example_dags/example_datasets.py
[2025-01-18T09:20:43.730+0000] {logging_mixin.py:190} INFO - [2025-01-18T09:20:43.730+0000] {dag.py:3239} INFO - Sync 10 DAGs
[2025-01-18T09:20:43.749+0000] {logging_mixin.py:190} INFO - [2025-01-18T09:20:43.749+0000] {dag.py:4180} INFO - Setting next_dagrun for conditional_dataset_and_time_based_timetable to 2025-01-15 01:00:00+00:00, run_after=2025-01-15 01:00:00+00:00
[2025-01-18T09:20:43.752+0000] {logging_mixin.py:190} INFO - [2025-01-18T09:20:43.752+0000] {dag.py:4180} INFO - Setting next_dagrun for consume_1_and_2_with_dataset_expressions to None, run_after=None
[2025-01-18T09:20:43.754+0000] {logging_mixin.py:190} INFO - [2025-01-18T09:20:43.754+0000] {dag.py:4180} INFO - Setting next_dagrun for consume_1_or_2_with_dataset_expressions to None, run_after=None
[2025-01-18T09:20:43.755+0000] {logging_mixin.py:190} INFO - [2025-01-18T09:20:43.755+0000] {dag.py:4180} INFO - Setting next_dagrun for consume_1_or_both_2_and_3_with_dataset_expressions to None, run_after=None
[2025-01-18T09:20:43.756+0000] {logging_mixin.py:190} INFO - [2025-01-18T09:20:43.756+0000] {dag.py:4180} INFO - Setting next_dagrun for dataset_consumes_1 to None, run_after=None
[2025-01-18T09:20:43.757+0000] {logging_mixin.py:190} INFO - [2025-01-18T09:20:43.757+0000] {dag.py:4180} INFO - Setting next_dagrun for dataset_consumes_1_and_2 to None, run_after=None
[2025-01-18T09:20:43.758+0000] {logging_mixin.py:190} INFO - [2025-01-18T09:20:43.758+0000] {dag.py:4180} INFO - Setting next_dagrun for dataset_consumes_1_never_scheduled to None, run_after=None
[2025-01-18T09:20:43.759+0000] {logging_mixin.py:190} INFO - [2025-01-18T09:20:43.759+0000] {dag.py:4180} INFO - Setting next_dagrun for dataset_consumes_unknown_never_scheduled to None, run_after=None
[2025-01-18T09:20:43.762+0000] {logging_mixin.py:190} INFO - [2025-01-18T09:20:43.762+0000] {dag.py:4180} INFO - Setting next_dagrun for dataset_produces_1 to 2025-01-17 00:00:00+00:00, run_after=2025-01-18 00:00:00+00:00
[2025-01-18T09:20:43.763+0000] {logging_mixin.py:190} INFO - [2025-01-18T09:20:43.763+0000] {dag.py:4180} INFO - Setting next_dagrun for dataset_produces_2 to None, run_after=None
[2025-01-18T09:20:43.787+0000] {processor.py:208} INFO - Processing /home/airflow/.local/lib/python3.12/site-packages/airflow/example_dags/example_datasets.py took 0.588 seconds
