[2025-01-18T09:12:25.331+0000] {processor.py:186} INFO - Started process (PID=76) to work on /home/airflow/.local/lib/python3.12/site-packages/airflow/example_dags/example_bash_decorator.py
[2025-01-18T09:12:25.341+0000] {processor.py:914} INFO - Processing file /home/airflow/.local/lib/python3.12/site-packages/airflow/example_dags/example_bash_decorator.py for tasks to queue
[2025-01-18T09:12:25.343+0000] {logging_mixin.py:190} INFO - [2025-01-18T09:12:25.343+0000] {dagbag.py:588} INFO - Filling up the DagBag from /home/airflow/.local/lib/python3.12/site-packages/airflow/example_dags/example_bash_decorator.py
[2025-01-18T09:12:25.461+0000] {processor.py:925} INFO - DAG(s) 'example_bash_decorator' retrieved from /home/airflow/.local/lib/python3.12/site-packages/airflow/example_dags/example_bash_decorator.py
[2025-01-18T09:12:26.154+0000] {logging_mixin.py:190} INFO - [2025-01-18T09:12:26.153+0000] {override.py:1911} INFO - Created Permission View: can edit on DAG:example_bash_decorator
[2025-01-18T09:12:26.233+0000] {logging_mixin.py:190} INFO - [2025-01-18T09:12:26.233+0000] {override.py:1911} INFO - Created Permission View: can read on DAG:example_bash_decorator
[2025-01-18T09:12:26.288+0000] {logging_mixin.py:190} INFO - [2025-01-18T09:12:26.287+0000] {override.py:1911} INFO - Created Permission View: can delete on DAG:example_bash_decorator
[2025-01-18T09:12:26.337+0000] {logging_mixin.py:190} INFO - [2025-01-18T09:12:26.336+0000] {override.py:1911} INFO - Created Permission View: can create on DAG Run:example_bash_decorator
[2025-01-18T09:12:26.373+0000] {logging_mixin.py:190} INFO - [2025-01-18T09:12:26.372+0000] {override.py:1911} INFO - Created Permission View: menu access on DAG Run:example_bash_decorator
[2025-01-18T09:12:26.391+0000] {logging_mixin.py:190} INFO - [2025-01-18T09:12:26.391+0000] {override.py:1911} INFO - Created Permission View: can read on DAG Run:example_bash_decorator
[2025-01-18T09:12:26.408+0000] {logging_mixin.py:190} INFO - [2025-01-18T09:12:26.408+0000] {override.py:1911} INFO - Created Permission View: can delete on DAG Run:example_bash_decorator
[2025-01-18T09:12:26.412+0000] {logging_mixin.py:190} INFO - [2025-01-18T09:12:26.412+0000] {dag.py:3239} INFO - Sync 1 DAGs
[2025-01-18T09:12:26.532+0000] {logging_mixin.py:190} INFO - [2025-01-18T09:12:26.532+0000] {dag.py:3262} INFO - Creating ORM DAG for example_bash_decorator
[2025-01-18T09:12:26.534+0000] {logging_mixin.py:190} INFO - [2025-01-18T09:12:26.533+0000] {dag.py:4180} INFO - Setting next_dagrun for example_bash_decorator to None, run_after=None
[2025-01-18T09:12:26.597+0000] {processor.py:208} INFO - Processing /home/airflow/.local/lib/python3.12/site-packages/airflow/example_dags/example_bash_decorator.py took 1.301 seconds
[2025-01-18T09:12:59.441+0000] {processor.py:186} INFO - Started process (PID=138) to work on /home/airflow/.local/lib/python3.12/site-packages/airflow/example_dags/example_bash_decorator.py
[2025-01-18T09:12:59.442+0000] {processor.py:914} INFO - Processing file /home/airflow/.local/lib/python3.12/site-packages/airflow/example_dags/example_bash_decorator.py for tasks to queue
[2025-01-18T09:12:59.444+0000] {logging_mixin.py:190} INFO - [2025-01-18T09:12:59.444+0000] {dagbag.py:588} INFO - Filling up the DagBag from /home/airflow/.local/lib/python3.12/site-packages/airflow/example_dags/example_bash_decorator.py
[2025-01-18T09:12:59.486+0000] {processor.py:925} INFO - DAG(s) 'example_bash_decorator' retrieved from /home/airflow/.local/lib/python3.12/site-packages/airflow/example_dags/example_bash_decorator.py
[2025-01-18T09:12:59.542+0000] {logging_mixin.py:190} INFO - [2025-01-18T09:12:59.541+0000] {dag.py:3239} INFO - Sync 1 DAGs
[2025-01-18T09:12:59.571+0000] {logging_mixin.py:190} INFO - [2025-01-18T09:12:59.571+0000] {dag.py:4180} INFO - Setting next_dagrun for example_bash_decorator to None, run_after=None
[2025-01-18T09:12:59.622+0000] {processor.py:208} INFO - Processing /home/airflow/.local/lib/python3.12/site-packages/airflow/example_dags/example_bash_decorator.py took 0.202 seconds
[2025-01-18T09:13:30.417+0000] {processor.py:186} INFO - Started process (PID=201) to work on /home/airflow/.local/lib/python3.12/site-packages/airflow/example_dags/example_bash_decorator.py
[2025-01-18T09:13:30.418+0000] {processor.py:914} INFO - Processing file /home/airflow/.local/lib/python3.12/site-packages/airflow/example_dags/example_bash_decorator.py for tasks to queue
[2025-01-18T09:13:30.420+0000] {logging_mixin.py:190} INFO - [2025-01-18T09:13:30.420+0000] {dagbag.py:588} INFO - Filling up the DagBag from /home/airflow/.local/lib/python3.12/site-packages/airflow/example_dags/example_bash_decorator.py
[2025-01-18T09:13:30.435+0000] {processor.py:925} INFO - DAG(s) 'example_bash_decorator' retrieved from /home/airflow/.local/lib/python3.12/site-packages/airflow/example_dags/example_bash_decorator.py
[2025-01-18T09:13:30.462+0000] {logging_mixin.py:190} INFO - [2025-01-18T09:13:30.461+0000] {dag.py:3239} INFO - Sync 1 DAGs
[2025-01-18T09:13:30.479+0000] {logging_mixin.py:190} INFO - [2025-01-18T09:13:30.479+0000] {dag.py:4180} INFO - Setting next_dagrun for example_bash_decorator to None, run_after=None
[2025-01-18T09:13:30.523+0000] {processor.py:208} INFO - Processing /home/airflow/.local/lib/python3.12/site-packages/airflow/example_dags/example_bash_decorator.py took 0.111 seconds
[2025-01-18T09:14:01.171+0000] {processor.py:186} INFO - Started process (PID=264) to work on /home/airflow/.local/lib/python3.12/site-packages/airflow/example_dags/example_bash_decorator.py
[2025-01-18T09:14:01.172+0000] {processor.py:914} INFO - Processing file /home/airflow/.local/lib/python3.12/site-packages/airflow/example_dags/example_bash_decorator.py for tasks to queue
[2025-01-18T09:14:01.174+0000] {logging_mixin.py:190} INFO - [2025-01-18T09:14:01.173+0000] {dagbag.py:588} INFO - Filling up the DagBag from /home/airflow/.local/lib/python3.12/site-packages/airflow/example_dags/example_bash_decorator.py
[2025-01-18T09:14:01.190+0000] {processor.py:925} INFO - DAG(s) 'example_bash_decorator' retrieved from /home/airflow/.local/lib/python3.12/site-packages/airflow/example_dags/example_bash_decorator.py
[2025-01-18T09:14:01.216+0000] {logging_mixin.py:190} INFO - [2025-01-18T09:14:01.216+0000] {dag.py:3239} INFO - Sync 1 DAGs
[2025-01-18T09:14:01.232+0000] {logging_mixin.py:190} INFO - [2025-01-18T09:14:01.232+0000] {dag.py:4180} INFO - Setting next_dagrun for example_bash_decorator to None, run_after=None
[2025-01-18T09:14:01.249+0000] {processor.py:208} INFO - Processing /home/airflow/.local/lib/python3.12/site-packages/airflow/example_dags/example_bash_decorator.py took 0.083 seconds
[2025-01-18T09:14:31.725+0000] {processor.py:186} INFO - Started process (PID=328) to work on /home/airflow/.local/lib/python3.12/site-packages/airflow/example_dags/example_bash_decorator.py
[2025-01-18T09:14:31.726+0000] {processor.py:914} INFO - Processing file /home/airflow/.local/lib/python3.12/site-packages/airflow/example_dags/example_bash_decorator.py for tasks to queue
[2025-01-18T09:14:31.728+0000] {logging_mixin.py:190} INFO - [2025-01-18T09:14:31.727+0000] {dagbag.py:588} INFO - Filling up the DagBag from /home/airflow/.local/lib/python3.12/site-packages/airflow/example_dags/example_bash_decorator.py
[2025-01-18T09:14:31.743+0000] {processor.py:925} INFO - DAG(s) 'example_bash_decorator' retrieved from /home/airflow/.local/lib/python3.12/site-packages/airflow/example_dags/example_bash_decorator.py
[2025-01-18T09:14:31.769+0000] {logging_mixin.py:190} INFO - [2025-01-18T09:14:31.769+0000] {dag.py:3239} INFO - Sync 1 DAGs
[2025-01-18T09:14:31.785+0000] {logging_mixin.py:190} INFO - [2025-01-18T09:14:31.785+0000] {dag.py:4180} INFO - Setting next_dagrun for example_bash_decorator to None, run_after=None
[2025-01-18T09:14:31.802+0000] {processor.py:208} INFO - Processing /home/airflow/.local/lib/python3.12/site-packages/airflow/example_dags/example_bash_decorator.py took 0.083 seconds
[2025-01-18T09:15:01.930+0000] {processor.py:186} INFO - Started process (PID=391) to work on /home/airflow/.local/lib/python3.12/site-packages/airflow/example_dags/example_bash_decorator.py
[2025-01-18T09:15:01.931+0000] {processor.py:914} INFO - Processing file /home/airflow/.local/lib/python3.12/site-packages/airflow/example_dags/example_bash_decorator.py for tasks to queue
[2025-01-18T09:15:01.933+0000] {logging_mixin.py:190} INFO - [2025-01-18T09:15:01.932+0000] {dagbag.py:588} INFO - Filling up the DagBag from /home/airflow/.local/lib/python3.12/site-packages/airflow/example_dags/example_bash_decorator.py
[2025-01-18T09:15:01.949+0000] {processor.py:925} INFO - DAG(s) 'example_bash_decorator' retrieved from /home/airflow/.local/lib/python3.12/site-packages/airflow/example_dags/example_bash_decorator.py
[2025-01-18T09:15:01.977+0000] {logging_mixin.py:190} INFO - [2025-01-18T09:15:01.976+0000] {dag.py:3239} INFO - Sync 1 DAGs
[2025-01-18T09:15:01.993+0000] {logging_mixin.py:190} INFO - [2025-01-18T09:15:01.993+0000] {dag.py:4180} INFO - Setting next_dagrun for example_bash_decorator to None, run_after=None
[2025-01-18T09:15:02.009+0000] {processor.py:208} INFO - Processing /home/airflow/.local/lib/python3.12/site-packages/airflow/example_dags/example_bash_decorator.py took 0.085 seconds
[2025-01-18T09:15:32.577+0000] {processor.py:186} INFO - Started process (PID=454) to work on /home/airflow/.local/lib/python3.12/site-packages/airflow/example_dags/example_bash_decorator.py
[2025-01-18T09:15:32.578+0000] {processor.py:914} INFO - Processing file /home/airflow/.local/lib/python3.12/site-packages/airflow/example_dags/example_bash_decorator.py for tasks to queue
[2025-01-18T09:15:32.580+0000] {logging_mixin.py:190} INFO - [2025-01-18T09:15:32.579+0000] {dagbag.py:588} INFO - Filling up the DagBag from /home/airflow/.local/lib/python3.12/site-packages/airflow/example_dags/example_bash_decorator.py
[2025-01-18T09:15:32.596+0000] {processor.py:925} INFO - DAG(s) 'example_bash_decorator' retrieved from /home/airflow/.local/lib/python3.12/site-packages/airflow/example_dags/example_bash_decorator.py
[2025-01-18T09:15:32.632+0000] {logging_mixin.py:190} INFO - [2025-01-18T09:15:32.631+0000] {dag.py:3239} INFO - Sync 1 DAGs
[2025-01-18T09:15:32.648+0000] {logging_mixin.py:190} INFO - [2025-01-18T09:15:32.647+0000] {dag.py:4180} INFO - Setting next_dagrun for example_bash_decorator to None, run_after=None
[2025-01-18T09:15:32.664+0000] {processor.py:208} INFO - Processing /home/airflow/.local/lib/python3.12/site-packages/airflow/example_dags/example_bash_decorator.py took 0.093 seconds
[2025-01-18T09:16:02.878+0000] {processor.py:186} INFO - Started process (PID=517) to work on /home/airflow/.local/lib/python3.12/site-packages/airflow/example_dags/example_bash_decorator.py
[2025-01-18T09:16:02.878+0000] {processor.py:914} INFO - Processing file /home/airflow/.local/lib/python3.12/site-packages/airflow/example_dags/example_bash_decorator.py for tasks to queue
[2025-01-18T09:16:02.880+0000] {logging_mixin.py:190} INFO - [2025-01-18T09:16:02.880+0000] {dagbag.py:588} INFO - Filling up the DagBag from /home/airflow/.local/lib/python3.12/site-packages/airflow/example_dags/example_bash_decorator.py
[2025-01-18T09:16:02.897+0000] {processor.py:925} INFO - DAG(s) 'example_bash_decorator' retrieved from /home/airflow/.local/lib/python3.12/site-packages/airflow/example_dags/example_bash_decorator.py
[2025-01-18T09:16:02.923+0000] {logging_mixin.py:190} INFO - [2025-01-18T09:16:02.923+0000] {dag.py:3239} INFO - Sync 1 DAGs
[2025-01-18T09:16:02.939+0000] {logging_mixin.py:190} INFO - [2025-01-18T09:16:02.939+0000] {dag.py:4180} INFO - Setting next_dagrun for example_bash_decorator to None, run_after=None
[2025-01-18T09:16:02.955+0000] {processor.py:208} INFO - Processing /home/airflow/.local/lib/python3.12/site-packages/airflow/example_dags/example_bash_decorator.py took 0.083 seconds
[2025-01-18T09:16:33.973+0000] {processor.py:186} INFO - Started process (PID=575) to work on /home/airflow/.local/lib/python3.12/site-packages/airflow/example_dags/example_bash_decorator.py
[2025-01-18T09:16:33.974+0000] {processor.py:914} INFO - Processing file /home/airflow/.local/lib/python3.12/site-packages/airflow/example_dags/example_bash_decorator.py for tasks to queue
[2025-01-18T09:16:33.976+0000] {logging_mixin.py:190} INFO - [2025-01-18T09:16:33.976+0000] {dagbag.py:588} INFO - Filling up the DagBag from /home/airflow/.local/lib/python3.12/site-packages/airflow/example_dags/example_bash_decorator.py
[2025-01-18T09:16:33.997+0000] {processor.py:925} INFO - DAG(s) 'example_bash_decorator' retrieved from /home/airflow/.local/lib/python3.12/site-packages/airflow/example_dags/example_bash_decorator.py
[2025-01-18T09:16:34.048+0000] {logging_mixin.py:190} INFO - [2025-01-18T09:16:34.048+0000] {dag.py:3239} INFO - Sync 1 DAGs
[2025-01-18T09:16:34.079+0000] {logging_mixin.py:190} INFO - [2025-01-18T09:16:34.079+0000] {dag.py:4180} INFO - Setting next_dagrun for example_bash_decorator to None, run_after=None
[2025-01-18T09:16:34.112+0000] {processor.py:208} INFO - Processing /home/airflow/.local/lib/python3.12/site-packages/airflow/example_dags/example_bash_decorator.py took 0.145 seconds
[2025-01-18T09:17:05.907+0000] {processor.py:186} INFO - Started process (PID=639) to work on /home/airflow/.local/lib/python3.12/site-packages/airflow/example_dags/example_bash_decorator.py
[2025-01-18T09:17:05.908+0000] {processor.py:914} INFO - Processing file /home/airflow/.local/lib/python3.12/site-packages/airflow/example_dags/example_bash_decorator.py for tasks to queue
[2025-01-18T09:17:05.911+0000] {logging_mixin.py:190} INFO - [2025-01-18T09:17:05.910+0000] {dagbag.py:588} INFO - Filling up the DagBag from /home/airflow/.local/lib/python3.12/site-packages/airflow/example_dags/example_bash_decorator.py
[2025-01-18T09:17:05.962+0000] {processor.py:925} INFO - DAG(s) 'example_bash_decorator' retrieved from /home/airflow/.local/lib/python3.12/site-packages/airflow/example_dags/example_bash_decorator.py
[2025-01-18T09:17:05.991+0000] {logging_mixin.py:190} INFO - [2025-01-18T09:17:05.991+0000] {dag.py:3239} INFO - Sync 1 DAGs
[2025-01-18T09:17:06.005+0000] {logging_mixin.py:190} INFO - [2025-01-18T09:17:06.005+0000] {dag.py:4180} INFO - Setting next_dagrun for example_bash_decorator to None, run_after=None
[2025-01-18T09:17:06.024+0000] {processor.py:208} INFO - Processing /home/airflow/.local/lib/python3.12/site-packages/airflow/example_dags/example_bash_decorator.py took 0.137 seconds
[2025-01-18T09:17:36.267+0000] {processor.py:186} INFO - Started process (PID=702) to work on /home/airflow/.local/lib/python3.12/site-packages/airflow/example_dags/example_bash_decorator.py
[2025-01-18T09:17:36.267+0000] {processor.py:914} INFO - Processing file /home/airflow/.local/lib/python3.12/site-packages/airflow/example_dags/example_bash_decorator.py for tasks to queue
[2025-01-18T09:17:36.269+0000] {logging_mixin.py:190} INFO - [2025-01-18T09:17:36.269+0000] {dagbag.py:588} INFO - Filling up the DagBag from /home/airflow/.local/lib/python3.12/site-packages/airflow/example_dags/example_bash_decorator.py
[2025-01-18T09:17:36.285+0000] {processor.py:925} INFO - DAG(s) 'example_bash_decorator' retrieved from /home/airflow/.local/lib/python3.12/site-packages/airflow/example_dags/example_bash_decorator.py
[2025-01-18T09:17:36.311+0000] {logging_mixin.py:190} INFO - [2025-01-18T09:17:36.311+0000] {dag.py:3239} INFO - Sync 1 DAGs
[2025-01-18T09:17:36.327+0000] {logging_mixin.py:190} INFO - [2025-01-18T09:17:36.327+0000] {dag.py:4180} INFO - Setting next_dagrun for example_bash_decorator to None, run_after=None
[2025-01-18T09:17:36.343+0000] {processor.py:208} INFO - Processing /home/airflow/.local/lib/python3.12/site-packages/airflow/example_dags/example_bash_decorator.py took 0.083 seconds
[2025-01-18T09:18:06.430+0000] {processor.py:186} INFO - Started process (PID=765) to work on /home/airflow/.local/lib/python3.12/site-packages/airflow/example_dags/example_bash_decorator.py
[2025-01-18T09:18:06.431+0000] {processor.py:914} INFO - Processing file /home/airflow/.local/lib/python3.12/site-packages/airflow/example_dags/example_bash_decorator.py for tasks to queue
[2025-01-18T09:18:06.433+0000] {logging_mixin.py:190} INFO - [2025-01-18T09:18:06.433+0000] {dagbag.py:588} INFO - Filling up the DagBag from /home/airflow/.local/lib/python3.12/site-packages/airflow/example_dags/example_bash_decorator.py
[2025-01-18T09:18:06.450+0000] {processor.py:925} INFO - DAG(s) 'example_bash_decorator' retrieved from /home/airflow/.local/lib/python3.12/site-packages/airflow/example_dags/example_bash_decorator.py
[2025-01-18T09:18:06.475+0000] {logging_mixin.py:190} INFO - [2025-01-18T09:18:06.475+0000] {dag.py:3239} INFO - Sync 1 DAGs
[2025-01-18T09:18:06.491+0000] {logging_mixin.py:190} INFO - [2025-01-18T09:18:06.491+0000] {dag.py:4180} INFO - Setting next_dagrun for example_bash_decorator to None, run_after=None
[2025-01-18T09:18:06.506+0000] {processor.py:208} INFO - Processing /home/airflow/.local/lib/python3.12/site-packages/airflow/example_dags/example_bash_decorator.py took 0.094 seconds
[2025-01-18T09:18:37.340+0000] {processor.py:186} INFO - Started process (PID=829) to work on /home/airflow/.local/lib/python3.12/site-packages/airflow/example_dags/example_bash_decorator.py
[2025-01-18T09:18:37.340+0000] {processor.py:914} INFO - Processing file /home/airflow/.local/lib/python3.12/site-packages/airflow/example_dags/example_bash_decorator.py for tasks to queue
[2025-01-18T09:18:37.343+0000] {logging_mixin.py:190} INFO - [2025-01-18T09:18:37.342+0000] {dagbag.py:588} INFO - Filling up the DagBag from /home/airflow/.local/lib/python3.12/site-packages/airflow/example_dags/example_bash_decorator.py
[2025-01-18T09:18:37.358+0000] {processor.py:925} INFO - DAG(s) 'example_bash_decorator' retrieved from /home/airflow/.local/lib/python3.12/site-packages/airflow/example_dags/example_bash_decorator.py
[2025-01-18T09:18:37.382+0000] {logging_mixin.py:190} INFO - [2025-01-18T09:18:37.382+0000] {dag.py:3239} INFO - Sync 1 DAGs
[2025-01-18T09:18:37.399+0000] {logging_mixin.py:190} INFO - [2025-01-18T09:18:37.399+0000] {dag.py:4180} INFO - Setting next_dagrun for example_bash_decorator to None, run_after=None
[2025-01-18T09:18:37.415+0000] {processor.py:208} INFO - Processing /home/airflow/.local/lib/python3.12/site-packages/airflow/example_dags/example_bash_decorator.py took 0.081 seconds
[2025-01-18T09:19:08.382+0000] {processor.py:186} INFO - Started process (PID=891) to work on /home/airflow/.local/lib/python3.12/site-packages/airflow/example_dags/example_bash_decorator.py
[2025-01-18T09:19:08.384+0000] {processor.py:914} INFO - Processing file /home/airflow/.local/lib/python3.12/site-packages/airflow/example_dags/example_bash_decorator.py for tasks to queue
[2025-01-18T09:19:08.386+0000] {logging_mixin.py:190} INFO - [2025-01-18T09:19:08.386+0000] {dagbag.py:588} INFO - Filling up the DagBag from /home/airflow/.local/lib/python3.12/site-packages/airflow/example_dags/example_bash_decorator.py
[2025-01-18T09:19:08.402+0000] {processor.py:925} INFO - DAG(s) 'example_bash_decorator' retrieved from /home/airflow/.local/lib/python3.12/site-packages/airflow/example_dags/example_bash_decorator.py
[2025-01-18T09:19:08.431+0000] {logging_mixin.py:190} INFO - [2025-01-18T09:19:08.431+0000] {dag.py:3239} INFO - Sync 1 DAGs
[2025-01-18T09:19:08.446+0000] {logging_mixin.py:190} INFO - [2025-01-18T09:19:08.446+0000] {dag.py:4180} INFO - Setting next_dagrun for example_bash_decorator to None, run_after=None
[2025-01-18T09:19:08.461+0000] {processor.py:208} INFO - Processing /home/airflow/.local/lib/python3.12/site-packages/airflow/example_dags/example_bash_decorator.py took 0.085 seconds
[2025-01-18T09:19:38.501+0000] {processor.py:186} INFO - Started process (PID=955) to work on /home/airflow/.local/lib/python3.12/site-packages/airflow/example_dags/example_bash_decorator.py
[2025-01-18T09:19:38.502+0000] {processor.py:914} INFO - Processing file /home/airflow/.local/lib/python3.12/site-packages/airflow/example_dags/example_bash_decorator.py for tasks to queue
[2025-01-18T09:19:38.504+0000] {logging_mixin.py:190} INFO - [2025-01-18T09:19:38.504+0000] {dagbag.py:588} INFO - Filling up the DagBag from /home/airflow/.local/lib/python3.12/site-packages/airflow/example_dags/example_bash_decorator.py
[2025-01-18T09:19:38.520+0000] {processor.py:925} INFO - DAG(s) 'example_bash_decorator' retrieved from /home/airflow/.local/lib/python3.12/site-packages/airflow/example_dags/example_bash_decorator.py
[2025-01-18T09:19:38.550+0000] {logging_mixin.py:190} INFO - [2025-01-18T09:19:38.550+0000] {dag.py:3239} INFO - Sync 1 DAGs
[2025-01-18T09:19:38.565+0000] {logging_mixin.py:190} INFO - [2025-01-18T09:19:38.565+0000] {dag.py:4180} INFO - Setting next_dagrun for example_bash_decorator to None, run_after=None
[2025-01-18T09:19:38.581+0000] {processor.py:208} INFO - Processing /home/airflow/.local/lib/python3.12/site-packages/airflow/example_dags/example_bash_decorator.py took 0.085 seconds
[2025-01-18T09:20:09.403+0000] {processor.py:186} INFO - Started process (PID=1019) to work on /home/airflow/.local/lib/python3.12/site-packages/airflow/example_dags/example_bash_decorator.py
[2025-01-18T09:20:09.404+0000] {processor.py:914} INFO - Processing file /home/airflow/.local/lib/python3.12/site-packages/airflow/example_dags/example_bash_decorator.py for tasks to queue
[2025-01-18T09:20:09.406+0000] {logging_mixin.py:190} INFO - [2025-01-18T09:20:09.405+0000] {dagbag.py:588} INFO - Filling up the DagBag from /home/airflow/.local/lib/python3.12/site-packages/airflow/example_dags/example_bash_decorator.py
[2025-01-18T09:20:09.422+0000] {processor.py:925} INFO - DAG(s) 'example_bash_decorator' retrieved from /home/airflow/.local/lib/python3.12/site-packages/airflow/example_dags/example_bash_decorator.py
[2025-01-18T09:20:09.448+0000] {logging_mixin.py:190} INFO - [2025-01-18T09:20:09.448+0000] {dag.py:3239} INFO - Sync 1 DAGs
[2025-01-18T09:20:09.464+0000] {logging_mixin.py:190} INFO - [2025-01-18T09:20:09.464+0000] {dag.py:4180} INFO - Setting next_dagrun for example_bash_decorator to None, run_after=None
[2025-01-18T09:20:09.481+0000] {processor.py:208} INFO - Processing /home/airflow/.local/lib/python3.12/site-packages/airflow/example_dags/example_bash_decorator.py took 0.084 seconds
[2025-01-18T09:20:40.279+0000] {processor.py:186} INFO - Started process (PID=1082) to work on /home/airflow/.local/lib/python3.12/site-packages/airflow/example_dags/example_bash_decorator.py
[2025-01-18T09:20:40.280+0000] {processor.py:914} INFO - Processing file /home/airflow/.local/lib/python3.12/site-packages/airflow/example_dags/example_bash_decorator.py for tasks to queue
[2025-01-18T09:20:40.282+0000] {logging_mixin.py:190} INFO - [2025-01-18T09:20:40.281+0000] {dagbag.py:588} INFO - Filling up the DagBag from /home/airflow/.local/lib/python3.12/site-packages/airflow/example_dags/example_bash_decorator.py
[2025-01-18T09:20:40.299+0000] {processor.py:925} INFO - DAG(s) 'example_bash_decorator' retrieved from /home/airflow/.local/lib/python3.12/site-packages/airflow/example_dags/example_bash_decorator.py
[2025-01-18T09:20:40.325+0000] {logging_mixin.py:190} INFO - [2025-01-18T09:20:40.325+0000] {dag.py:3239} INFO - Sync 1 DAGs
[2025-01-18T09:20:40.341+0000] {logging_mixin.py:190} INFO - [2025-01-18T09:20:40.341+0000] {dag.py:4180} INFO - Setting next_dagrun for example_bash_decorator to None, run_after=None
[2025-01-18T09:20:40.360+0000] {processor.py:208} INFO - Processing /home/airflow/.local/lib/python3.12/site-packages/airflow/example_dags/example_bash_decorator.py took 0.086 seconds
