[2025-01-18T09:12:39.824+0000] {processor.py:186} INFO - Started process (PID=89) to work on /home/airflow/.local/lib/python3.12/site-packages/airflow/example_dags/example_xcomargs.py
[2025-01-18T09:12:39.831+0000] {processor.py:914} INFO - Processing file /home/airflow/.local/lib/python3.12/site-packages/airflow/example_dags/example_xcomargs.py for tasks to queue
[2025-01-18T09:12:39.833+0000] {logging_mixin.py:190} INFO - [2025-01-18T09:12:39.833+0000] {dagbag.py:588} INFO - Filling up the DagBag from /home/airflow/.local/lib/python3.12/site-packages/airflow/example_dags/example_xcomargs.py
[2025-01-18T09:12:39.869+0000] {processor.py:925} INFO - DAG(s) 'example_xcom_args', 'example_xcom_args_with_operators' retrieved from /home/airflow/.local/lib/python3.12/site-packages/airflow/example_dags/example_xcomargs.py
[2025-01-18T09:12:40.259+0000] {logging_mixin.py:190} INFO - [2025-01-18T09:12:40.258+0000] {override.py:1911} INFO - Created Permission View: can edit on DAG:example_xcom_args
[2025-01-18T09:12:40.277+0000] {logging_mixin.py:190} INFO - [2025-01-18T09:12:40.276+0000] {override.py:1911} INFO - Created Permission View: can read on DAG:example_xcom_args
[2025-01-18T09:12:40.290+0000] {logging_mixin.py:190} INFO - [2025-01-18T09:12:40.289+0000] {override.py:1911} INFO - Created Permission View: can delete on DAG:example_xcom_args
[2025-01-18T09:12:40.306+0000] {logging_mixin.py:190} INFO - [2025-01-18T09:12:40.306+0000] {override.py:1911} INFO - Created Permission View: can create on DAG Run:example_xcom_args
[2025-01-18T09:12:40.333+0000] {logging_mixin.py:190} INFO - [2025-01-18T09:12:40.333+0000] {override.py:1911} INFO - Created Permission View: menu access on DAG Run:example_xcom_args
[2025-01-18T09:12:40.361+0000] {logging_mixin.py:190} INFO - [2025-01-18T09:12:40.361+0000] {override.py:1911} INFO - Created Permission View: can read on DAG Run:example_xcom_args
[2025-01-18T09:12:40.368+0000] {logging_mixin.py:190} INFO - [2025-01-18T09:12:40.368+0000] {override.py:1911} INFO - Created Permission View: can delete on DAG Run:example_xcom_args
[2025-01-18T09:12:40.425+0000] {logging_mixin.py:190} INFO - [2025-01-18T09:12:40.425+0000] {override.py:1911} INFO - Created Permission View: can edit on DAG:example_xcom_args_with_operators
[2025-01-18T09:12:40.468+0000] {logging_mixin.py:190} INFO - [2025-01-18T09:12:40.468+0000] {override.py:1911} INFO - Created Permission View: can read on DAG:example_xcom_args_with_operators
[2025-01-18T09:12:40.475+0000] {logging_mixin.py:190} INFO - [2025-01-18T09:12:40.475+0000] {override.py:1911} INFO - Created Permission View: can delete on DAG:example_xcom_args_with_operators
[2025-01-18T09:12:40.495+0000] {logging_mixin.py:190} INFO - [2025-01-18T09:12:40.495+0000] {override.py:1911} INFO - Created Permission View: can create on DAG Run:example_xcom_args_with_operators
[2025-01-18T09:12:40.515+0000] {logging_mixin.py:190} INFO - [2025-01-18T09:12:40.515+0000] {override.py:1911} INFO - Created Permission View: menu access on DAG Run:example_xcom_args_with_operators
[2025-01-18T09:12:40.531+0000] {logging_mixin.py:190} INFO - [2025-01-18T09:12:40.531+0000] {override.py:1911} INFO - Created Permission View: can read on DAG Run:example_xcom_args_with_operators
[2025-01-18T09:12:40.536+0000] {logging_mixin.py:190} INFO - [2025-01-18T09:12:40.536+0000] {override.py:1911} INFO - Created Permission View: can delete on DAG Run:example_xcom_args_with_operators
[2025-01-18T09:12:40.537+0000] {logging_mixin.py:190} INFO - [2025-01-18T09:12:40.537+0000] {dag.py:3239} INFO - Sync 2 DAGs
[2025-01-18T09:12:40.577+0000] {logging_mixin.py:190} INFO - [2025-01-18T09:12:40.577+0000] {dag.py:3262} INFO - Creating ORM DAG for example_xcom_args_with_operators
[2025-01-18T09:12:40.579+0000] {logging_mixin.py:190} INFO - [2025-01-18T09:12:40.579+0000] {dag.py:3262} INFO - Creating ORM DAG for example_xcom_args
[2025-01-18T09:12:40.580+0000] {logging_mixin.py:190} INFO - [2025-01-18T09:12:40.580+0000] {dag.py:4180} INFO - Setting next_dagrun for example_xcom_args to None, run_after=None
[2025-01-18T09:12:40.582+0000] {logging_mixin.py:190} INFO - [2025-01-18T09:12:40.582+0000] {dag.py:4180} INFO - Setting next_dagrun for example_xcom_args_with_operators to None, run_after=None
[2025-01-18T09:12:40.640+0000] {processor.py:208} INFO - Processing /home/airflow/.local/lib/python3.12/site-packages/airflow/example_dags/example_xcomargs.py took 0.831 seconds
[2025-01-18T09:13:10.814+0000] {processor.py:186} INFO - Started process (PID=152) to work on /home/airflow/.local/lib/python3.12/site-packages/airflow/example_dags/example_xcomargs.py
[2025-01-18T09:13:10.816+0000] {processor.py:914} INFO - Processing file /home/airflow/.local/lib/python3.12/site-packages/airflow/example_dags/example_xcomargs.py for tasks to queue
[2025-01-18T09:13:10.818+0000] {logging_mixin.py:190} INFO - [2025-01-18T09:13:10.817+0000] {dagbag.py:588} INFO - Filling up the DagBag from /home/airflow/.local/lib/python3.12/site-packages/airflow/example_dags/example_xcomargs.py
[2025-01-18T09:13:10.828+0000] {processor.py:925} INFO - DAG(s) 'example_xcom_args', 'example_xcom_args_with_operators' retrieved from /home/airflow/.local/lib/python3.12/site-packages/airflow/example_dags/example_xcomargs.py
[2025-01-18T09:13:10.852+0000] {logging_mixin.py:190} INFO - [2025-01-18T09:13:10.852+0000] {dag.py:3239} INFO - Sync 2 DAGs
[2025-01-18T09:13:10.869+0000] {logging_mixin.py:190} INFO - [2025-01-18T09:13:10.868+0000] {dag.py:4180} INFO - Setting next_dagrun for example_xcom_args to None, run_after=None
[2025-01-18T09:13:10.872+0000] {logging_mixin.py:190} INFO - [2025-01-18T09:13:10.872+0000] {dag.py:4180} INFO - Setting next_dagrun for example_xcom_args_with_operators to None, run_after=None
[2025-01-18T09:13:10.888+0000] {processor.py:208} INFO - Processing /home/airflow/.local/lib/python3.12/site-packages/airflow/example_dags/example_xcomargs.py took 0.079 seconds
[2025-01-18T09:13:41.389+0000] {processor.py:186} INFO - Started process (PID=215) to work on /home/airflow/.local/lib/python3.12/site-packages/airflow/example_dags/example_xcomargs.py
[2025-01-18T09:13:41.390+0000] {processor.py:914} INFO - Processing file /home/airflow/.local/lib/python3.12/site-packages/airflow/example_dags/example_xcomargs.py for tasks to queue
[2025-01-18T09:13:41.392+0000] {logging_mixin.py:190} INFO - [2025-01-18T09:13:41.392+0000] {dagbag.py:588} INFO - Filling up the DagBag from /home/airflow/.local/lib/python3.12/site-packages/airflow/example_dags/example_xcomargs.py
[2025-01-18T09:13:41.403+0000] {processor.py:925} INFO - DAG(s) 'example_xcom_args_with_operators', 'example_xcom_args' retrieved from /home/airflow/.local/lib/python3.12/site-packages/airflow/example_dags/example_xcomargs.py
[2025-01-18T09:13:41.427+0000] {logging_mixin.py:190} INFO - [2025-01-18T09:13:41.427+0000] {dag.py:3239} INFO - Sync 2 DAGs
[2025-01-18T09:13:41.444+0000] {logging_mixin.py:190} INFO - [2025-01-18T09:13:41.444+0000] {dag.py:4180} INFO - Setting next_dagrun for example_xcom_args to None, run_after=None
[2025-01-18T09:13:41.447+0000] {logging_mixin.py:190} INFO - [2025-01-18T09:13:41.447+0000] {dag.py:4180} INFO - Setting next_dagrun for example_xcom_args_with_operators to None, run_after=None
[2025-01-18T09:13:41.462+0000] {processor.py:208} INFO - Processing /home/airflow/.local/lib/python3.12/site-packages/airflow/example_dags/example_xcomargs.py took 0.078 seconds
[2025-01-18T09:14:12.065+0000] {processor.py:186} INFO - Started process (PID=278) to work on /home/airflow/.local/lib/python3.12/site-packages/airflow/example_dags/example_xcomargs.py
[2025-01-18T09:14:12.069+0000] {processor.py:914} INFO - Processing file /home/airflow/.local/lib/python3.12/site-packages/airflow/example_dags/example_xcomargs.py for tasks to queue
[2025-01-18T09:14:12.074+0000] {logging_mixin.py:190} INFO - [2025-01-18T09:14:12.074+0000] {dagbag.py:588} INFO - Filling up the DagBag from /home/airflow/.local/lib/python3.12/site-packages/airflow/example_dags/example_xcomargs.py
[2025-01-18T09:14:12.099+0000] {processor.py:925} INFO - DAG(s) 'example_xcom_args', 'example_xcom_args_with_operators' retrieved from /home/airflow/.local/lib/python3.12/site-packages/airflow/example_dags/example_xcomargs.py
[2025-01-18T09:14:12.165+0000] {logging_mixin.py:190} INFO - [2025-01-18T09:14:12.165+0000] {dag.py:3239} INFO - Sync 2 DAGs
[2025-01-18T09:14:12.229+0000] {logging_mixin.py:190} INFO - [2025-01-18T09:14:12.228+0000] {dag.py:4180} INFO - Setting next_dagrun for example_xcom_args to None, run_after=None
[2025-01-18T09:14:12.242+0000] {logging_mixin.py:190} INFO - [2025-01-18T09:14:12.241+0000] {dag.py:4180} INFO - Setting next_dagrun for example_xcom_args_with_operators to None, run_after=None
[2025-01-18T09:14:12.286+0000] {processor.py:208} INFO - Processing /home/airflow/.local/lib/python3.12/site-packages/airflow/example_dags/example_xcomargs.py took 0.235 seconds
[2025-01-18T09:14:42.678+0000] {processor.py:186} INFO - Started process (PID=341) to work on /home/airflow/.local/lib/python3.12/site-packages/airflow/example_dags/example_xcomargs.py
[2025-01-18T09:14:42.679+0000] {processor.py:914} INFO - Processing file /home/airflow/.local/lib/python3.12/site-packages/airflow/example_dags/example_xcomargs.py for tasks to queue
[2025-01-18T09:14:42.685+0000] {logging_mixin.py:190} INFO - [2025-01-18T09:14:42.684+0000] {dagbag.py:588} INFO - Filling up the DagBag from /home/airflow/.local/lib/python3.12/site-packages/airflow/example_dags/example_xcomargs.py
[2025-01-18T09:14:42.708+0000] {processor.py:925} INFO - DAG(s) 'example_xcom_args', 'example_xcom_args_with_operators' retrieved from /home/airflow/.local/lib/python3.12/site-packages/airflow/example_dags/example_xcomargs.py
[2025-01-18T09:14:42.733+0000] {logging_mixin.py:190} INFO - [2025-01-18T09:14:42.733+0000] {dag.py:3239} INFO - Sync 2 DAGs
[2025-01-18T09:14:42.750+0000] {logging_mixin.py:190} INFO - [2025-01-18T09:14:42.750+0000] {dag.py:4180} INFO - Setting next_dagrun for example_xcom_args to None, run_after=None
[2025-01-18T09:14:42.754+0000] {logging_mixin.py:190} INFO - [2025-01-18T09:14:42.754+0000] {dag.py:4180} INFO - Setting next_dagrun for example_xcom_args_with_operators to None, run_after=None
[2025-01-18T09:14:42.767+0000] {processor.py:208} INFO - Processing /home/airflow/.local/lib/python3.12/site-packages/airflow/example_dags/example_xcomargs.py took 0.107 seconds
[2025-01-18T09:15:13.265+0000] {processor.py:186} INFO - Started process (PID=404) to work on /home/airflow/.local/lib/python3.12/site-packages/airflow/example_dags/example_xcomargs.py
[2025-01-18T09:15:13.292+0000] {processor.py:914} INFO - Processing file /home/airflow/.local/lib/python3.12/site-packages/airflow/example_dags/example_xcomargs.py for tasks to queue
[2025-01-18T09:15:13.299+0000] {logging_mixin.py:190} INFO - [2025-01-18T09:15:13.297+0000] {dagbag.py:588} INFO - Filling up the DagBag from /home/airflow/.local/lib/python3.12/site-packages/airflow/example_dags/example_xcomargs.py
[2025-01-18T09:15:13.319+0000] {processor.py:925} INFO - DAG(s) 'example_xcom_args_with_operators', 'example_xcom_args' retrieved from /home/airflow/.local/lib/python3.12/site-packages/airflow/example_dags/example_xcomargs.py
[2025-01-18T09:15:13.343+0000] {logging_mixin.py:190} INFO - [2025-01-18T09:15:13.342+0000] {dag.py:3239} INFO - Sync 2 DAGs
[2025-01-18T09:15:13.359+0000] {logging_mixin.py:190} INFO - [2025-01-18T09:15:13.358+0000] {dag.py:4180} INFO - Setting next_dagrun for example_xcom_args to None, run_after=None
[2025-01-18T09:15:13.362+0000] {logging_mixin.py:190} INFO - [2025-01-18T09:15:13.362+0000] {dag.py:4180} INFO - Setting next_dagrun for example_xcom_args_with_operators to None, run_after=None
[2025-01-18T09:15:13.377+0000] {processor.py:208} INFO - Processing /home/airflow/.local/lib/python3.12/site-packages/airflow/example_dags/example_xcomargs.py took 0.132 seconds
[2025-01-18T09:15:44.045+0000] {processor.py:186} INFO - Started process (PID=467) to work on /home/airflow/.local/lib/python3.12/site-packages/airflow/example_dags/example_xcomargs.py
[2025-01-18T09:15:44.046+0000] {processor.py:914} INFO - Processing file /home/airflow/.local/lib/python3.12/site-packages/airflow/example_dags/example_xcomargs.py for tasks to queue
[2025-01-18T09:15:44.049+0000] {logging_mixin.py:190} INFO - [2025-01-18T09:15:44.048+0000] {dagbag.py:588} INFO - Filling up the DagBag from /home/airflow/.local/lib/python3.12/site-packages/airflow/example_dags/example_xcomargs.py
[2025-01-18T09:15:44.059+0000] {processor.py:925} INFO - DAG(s) 'example_xcom_args_with_operators', 'example_xcom_args' retrieved from /home/airflow/.local/lib/python3.12/site-packages/airflow/example_dags/example_xcomargs.py
[2025-01-18T09:15:44.084+0000] {logging_mixin.py:190} INFO - [2025-01-18T09:15:44.084+0000] {dag.py:3239} INFO - Sync 2 DAGs
[2025-01-18T09:15:44.100+0000] {logging_mixin.py:190} INFO - [2025-01-18T09:15:44.100+0000] {dag.py:4180} INFO - Setting next_dagrun for example_xcom_args to None, run_after=None
[2025-01-18T09:15:44.104+0000] {logging_mixin.py:190} INFO - [2025-01-18T09:15:44.104+0000] {dag.py:4180} INFO - Setting next_dagrun for example_xcom_args_with_operators to None, run_after=None
[2025-01-18T09:15:44.118+0000] {processor.py:208} INFO - Processing /home/airflow/.local/lib/python3.12/site-packages/airflow/example_dags/example_xcomargs.py took 0.079 seconds
[2025-01-18T09:16:14.198+0000] {processor.py:186} INFO - Started process (PID=529) to work on /home/airflow/.local/lib/python3.12/site-packages/airflow/example_dags/example_xcomargs.py
[2025-01-18T09:16:14.199+0000] {processor.py:914} INFO - Processing file /home/airflow/.local/lib/python3.12/site-packages/airflow/example_dags/example_xcomargs.py for tasks to queue
[2025-01-18T09:16:14.201+0000] {logging_mixin.py:190} INFO - [2025-01-18T09:16:14.200+0000] {dagbag.py:588} INFO - Filling up the DagBag from /home/airflow/.local/lib/python3.12/site-packages/airflow/example_dags/example_xcomargs.py
[2025-01-18T09:16:14.208+0000] {processor.py:925} INFO - DAG(s) 'example_xcom_args', 'example_xcom_args_with_operators' retrieved from /home/airflow/.local/lib/python3.12/site-packages/airflow/example_dags/example_xcomargs.py
[2025-01-18T09:16:14.227+0000] {logging_mixin.py:190} INFO - [2025-01-18T09:16:14.227+0000] {dag.py:3239} INFO - Sync 2 DAGs
[2025-01-18T09:16:14.239+0000] {logging_mixin.py:190} INFO - [2025-01-18T09:16:14.238+0000] {dag.py:4180} INFO - Setting next_dagrun for example_xcom_args to None, run_after=None
[2025-01-18T09:16:14.242+0000] {logging_mixin.py:190} INFO - [2025-01-18T09:16:14.242+0000] {dag.py:4180} INFO - Setting next_dagrun for example_xcom_args_with_operators to None, run_after=None
[2025-01-18T09:16:14.268+0000] {processor.py:208} INFO - Processing /home/airflow/.local/lib/python3.12/site-packages/airflow/example_dags/example_xcomargs.py took 0.075 seconds
[2025-01-18T09:16:44.755+0000] {processor.py:186} INFO - Started process (PID=591) to work on /home/airflow/.local/lib/python3.12/site-packages/airflow/example_dags/example_xcomargs.py
[2025-01-18T09:16:44.756+0000] {processor.py:914} INFO - Processing file /home/airflow/.local/lib/python3.12/site-packages/airflow/example_dags/example_xcomargs.py for tasks to queue
[2025-01-18T09:16:44.758+0000] {logging_mixin.py:190} INFO - [2025-01-18T09:16:44.758+0000] {dagbag.py:588} INFO - Filling up the DagBag from /home/airflow/.local/lib/python3.12/site-packages/airflow/example_dags/example_xcomargs.py
[2025-01-18T09:16:44.769+0000] {processor.py:925} INFO - DAG(s) 'example_xcom_args_with_operators', 'example_xcom_args' retrieved from /home/airflow/.local/lib/python3.12/site-packages/airflow/example_dags/example_xcomargs.py
[2025-01-18T09:16:44.792+0000] {logging_mixin.py:190} INFO - [2025-01-18T09:16:44.792+0000] {dag.py:3239} INFO - Sync 2 DAGs
[2025-01-18T09:16:44.809+0000] {logging_mixin.py:190} INFO - [2025-01-18T09:16:44.809+0000] {dag.py:4180} INFO - Setting next_dagrun for example_xcom_args to None, run_after=None
[2025-01-18T09:16:44.813+0000] {logging_mixin.py:190} INFO - [2025-01-18T09:16:44.813+0000] {dag.py:4180} INFO - Setting next_dagrun for example_xcom_args_with_operators to None, run_after=None
[2025-01-18T09:16:44.828+0000] {processor.py:208} INFO - Processing /home/airflow/.local/lib/python3.12/site-packages/airflow/example_dags/example_xcomargs.py took 0.079 seconds
[2025-01-18T09:17:15.475+0000] {processor.py:186} INFO - Started process (PID=655) to work on /home/airflow/.local/lib/python3.12/site-packages/airflow/example_dags/example_xcomargs.py
[2025-01-18T09:17:15.485+0000] {processor.py:914} INFO - Processing file /home/airflow/.local/lib/python3.12/site-packages/airflow/example_dags/example_xcomargs.py for tasks to queue
[2025-01-18T09:17:15.488+0000] {logging_mixin.py:190} INFO - [2025-01-18T09:17:15.487+0000] {dagbag.py:588} INFO - Filling up the DagBag from /home/airflow/.local/lib/python3.12/site-packages/airflow/example_dags/example_xcomargs.py
[2025-01-18T09:17:15.508+0000] {processor.py:925} INFO - DAG(s) 'example_xcom_args_with_operators', 'example_xcom_args' retrieved from /home/airflow/.local/lib/python3.12/site-packages/airflow/example_dags/example_xcomargs.py
[2025-01-18T09:17:15.532+0000] {logging_mixin.py:190} INFO - [2025-01-18T09:17:15.532+0000] {dag.py:3239} INFO - Sync 2 DAGs
[2025-01-18T09:17:15.549+0000] {logging_mixin.py:190} INFO - [2025-01-18T09:17:15.549+0000] {dag.py:4180} INFO - Setting next_dagrun for example_xcom_args to None, run_after=None
[2025-01-18T09:17:15.553+0000] {logging_mixin.py:190} INFO - [2025-01-18T09:17:15.553+0000] {dag.py:4180} INFO - Setting next_dagrun for example_xcom_args_with_operators to None, run_after=None
[2025-01-18T09:17:15.567+0000] {processor.py:208} INFO - Processing /home/airflow/.local/lib/python3.12/site-packages/airflow/example_dags/example_xcomargs.py took 0.107 seconds
[2025-01-18T09:17:45.836+0000] {processor.py:186} INFO - Started process (PID=717) to work on /home/airflow/.local/lib/python3.12/site-packages/airflow/example_dags/example_xcomargs.py
[2025-01-18T09:17:45.838+0000] {processor.py:914} INFO - Processing file /home/airflow/.local/lib/python3.12/site-packages/airflow/example_dags/example_xcomargs.py for tasks to queue
[2025-01-18T09:17:45.840+0000] {logging_mixin.py:190} INFO - [2025-01-18T09:17:45.840+0000] {dagbag.py:588} INFO - Filling up the DagBag from /home/airflow/.local/lib/python3.12/site-packages/airflow/example_dags/example_xcomargs.py
[2025-01-18T09:17:45.852+0000] {processor.py:925} INFO - DAG(s) 'example_xcom_args_with_operators', 'example_xcom_args' retrieved from /home/airflow/.local/lib/python3.12/site-packages/airflow/example_dags/example_xcomargs.py
[2025-01-18T09:17:45.882+0000] {logging_mixin.py:190} INFO - [2025-01-18T09:17:45.881+0000] {dag.py:3239} INFO - Sync 2 DAGs
[2025-01-18T09:17:45.902+0000] {logging_mixin.py:190} INFO - [2025-01-18T09:17:45.902+0000] {dag.py:4180} INFO - Setting next_dagrun for example_xcom_args to None, run_after=None
[2025-01-18T09:17:45.910+0000] {logging_mixin.py:190} INFO - [2025-01-18T09:17:45.910+0000] {dag.py:4180} INFO - Setting next_dagrun for example_xcom_args_with_operators to None, run_after=None
[2025-01-18T09:17:45.930+0000] {processor.py:208} INFO - Processing /home/airflow/.local/lib/python3.12/site-packages/airflow/example_dags/example_xcomargs.py took 0.100 seconds
[2025-01-18T09:18:16.229+0000] {processor.py:186} INFO - Started process (PID=781) to work on /home/airflow/.local/lib/python3.12/site-packages/airflow/example_dags/example_xcomargs.py
[2025-01-18T09:18:16.230+0000] {processor.py:914} INFO - Processing file /home/airflow/.local/lib/python3.12/site-packages/airflow/example_dags/example_xcomargs.py for tasks to queue
[2025-01-18T09:18:16.232+0000] {logging_mixin.py:190} INFO - [2025-01-18T09:18:16.232+0000] {dagbag.py:588} INFO - Filling up the DagBag from /home/airflow/.local/lib/python3.12/site-packages/airflow/example_dags/example_xcomargs.py
[2025-01-18T09:18:16.243+0000] {processor.py:925} INFO - DAG(s) 'example_xcom_args_with_operators', 'example_xcom_args' retrieved from /home/airflow/.local/lib/python3.12/site-packages/airflow/example_dags/example_xcomargs.py
[2025-01-18T09:18:16.267+0000] {logging_mixin.py:190} INFO - [2025-01-18T09:18:16.267+0000] {dag.py:3239} INFO - Sync 2 DAGs
[2025-01-18T09:18:16.284+0000] {logging_mixin.py:190} INFO - [2025-01-18T09:18:16.284+0000] {dag.py:4180} INFO - Setting next_dagrun for example_xcom_args to None, run_after=None
[2025-01-18T09:18:16.288+0000] {logging_mixin.py:190} INFO - [2025-01-18T09:18:16.288+0000] {dag.py:4180} INFO - Setting next_dagrun for example_xcom_args_with_operators to None, run_after=None
[2025-01-18T09:18:16.301+0000] {processor.py:208} INFO - Processing /home/airflow/.local/lib/python3.12/site-packages/airflow/example_dags/example_xcomargs.py took 0.078 seconds
[2025-01-18T09:18:47.139+0000] {processor.py:186} INFO - Started process (PID=851) to work on /home/airflow/.local/lib/python3.12/site-packages/airflow/example_dags/example_xcomargs.py
[2025-01-18T09:18:47.153+0000] {processor.py:914} INFO - Processing file /home/airflow/.local/lib/python3.12/site-packages/airflow/example_dags/example_xcomargs.py for tasks to queue
[2025-01-18T09:18:47.155+0000] {logging_mixin.py:190} INFO - [2025-01-18T09:18:47.155+0000] {dagbag.py:588} INFO - Filling up the DagBag from /home/airflow/.local/lib/python3.12/site-packages/airflow/example_dags/example_xcomargs.py
[2025-01-18T09:18:47.215+0000] {processor.py:925} INFO - DAG(s) 'example_xcom_args', 'example_xcom_args_with_operators' retrieved from /home/airflow/.local/lib/python3.12/site-packages/airflow/example_dags/example_xcomargs.py
[2025-01-18T09:18:47.376+0000] {logging_mixin.py:190} INFO - [2025-01-18T09:18:47.376+0000] {dag.py:3239} INFO - Sync 2 DAGs
[2025-01-18T09:18:47.421+0000] {logging_mixin.py:190} INFO - [2025-01-18T09:18:47.420+0000] {dag.py:4180} INFO - Setting next_dagrun for example_xcom_args to None, run_after=None
[2025-01-18T09:18:47.450+0000] {logging_mixin.py:190} INFO - [2025-01-18T09:18:47.450+0000] {dag.py:4180} INFO - Setting next_dagrun for example_xcom_args_with_operators to None, run_after=None
[2025-01-18T09:18:47.522+0000] {processor.py:208} INFO - Processing /home/airflow/.local/lib/python3.12/site-packages/airflow/example_dags/example_xcomargs.py took 0.424 seconds
[2025-01-18T09:19:17.581+0000] {processor.py:186} INFO - Started process (PID=915) to work on /home/airflow/.local/lib/python3.12/site-packages/airflow/example_dags/example_xcomargs.py
[2025-01-18T09:19:17.582+0000] {processor.py:914} INFO - Processing file /home/airflow/.local/lib/python3.12/site-packages/airflow/example_dags/example_xcomargs.py for tasks to queue
[2025-01-18T09:19:17.584+0000] {logging_mixin.py:190} INFO - [2025-01-18T09:19:17.583+0000] {dagbag.py:588} INFO - Filling up the DagBag from /home/airflow/.local/lib/python3.12/site-packages/airflow/example_dags/example_xcomargs.py
[2025-01-18T09:19:17.595+0000] {processor.py:925} INFO - DAG(s) 'example_xcom_args_with_operators', 'example_xcom_args' retrieved from /home/airflow/.local/lib/python3.12/site-packages/airflow/example_dags/example_xcomargs.py
[2025-01-18T09:19:17.636+0000] {logging_mixin.py:190} INFO - [2025-01-18T09:19:17.636+0000] {dag.py:3239} INFO - Sync 2 DAGs
[2025-01-18T09:19:17.654+0000] {logging_mixin.py:190} INFO - [2025-01-18T09:19:17.654+0000] {dag.py:4180} INFO - Setting next_dagrun for example_xcom_args to None, run_after=None
[2025-01-18T09:19:17.661+0000] {logging_mixin.py:190} INFO - [2025-01-18T09:19:17.660+0000] {dag.py:4180} INFO - Setting next_dagrun for example_xcom_args_with_operators to None, run_after=None
[2025-01-18T09:19:17.684+0000] {processor.py:208} INFO - Processing /home/airflow/.local/lib/python3.12/site-packages/airflow/example_dags/example_xcomargs.py took 0.109 seconds
[2025-01-18T09:19:48.395+0000] {processor.py:186} INFO - Started process (PID=979) to work on /home/airflow/.local/lib/python3.12/site-packages/airflow/example_dags/example_xcomargs.py
[2025-01-18T09:19:48.397+0000] {processor.py:914} INFO - Processing file /home/airflow/.local/lib/python3.12/site-packages/airflow/example_dags/example_xcomargs.py for tasks to queue
[2025-01-18T09:19:48.400+0000] {logging_mixin.py:190} INFO - [2025-01-18T09:19:48.399+0000] {dagbag.py:588} INFO - Filling up the DagBag from /home/airflow/.local/lib/python3.12/site-packages/airflow/example_dags/example_xcomargs.py
[2025-01-18T09:19:48.410+0000] {processor.py:925} INFO - DAG(s) 'example_xcom_args', 'example_xcom_args_with_operators' retrieved from /home/airflow/.local/lib/python3.12/site-packages/airflow/example_dags/example_xcomargs.py
[2025-01-18T09:19:48.451+0000] {logging_mixin.py:190} INFO - [2025-01-18T09:19:48.450+0000] {dag.py:3239} INFO - Sync 2 DAGs
[2025-01-18T09:19:48.481+0000] {logging_mixin.py:190} INFO - [2025-01-18T09:19:48.481+0000] {dag.py:4180} INFO - Setting next_dagrun for example_xcom_args to None, run_after=None
[2025-01-18T09:19:48.485+0000] {logging_mixin.py:190} INFO - [2025-01-18T09:19:48.485+0000] {dag.py:4180} INFO - Setting next_dagrun for example_xcom_args_with_operators to None, run_after=None
[2025-01-18T09:19:48.500+0000] {processor.py:208} INFO - Processing /home/airflow/.local/lib/python3.12/site-packages/airflow/example_dags/example_xcomargs.py took 0.111 seconds
[2025-01-18T09:20:19.120+0000] {processor.py:186} INFO - Started process (PID=1042) to work on /home/airflow/.local/lib/python3.12/site-packages/airflow/example_dags/example_xcomargs.py
[2025-01-18T09:20:19.121+0000] {processor.py:914} INFO - Processing file /home/airflow/.local/lib/python3.12/site-packages/airflow/example_dags/example_xcomargs.py for tasks to queue
[2025-01-18T09:20:19.124+0000] {logging_mixin.py:190} INFO - [2025-01-18T09:20:19.124+0000] {dagbag.py:588} INFO - Filling up the DagBag from /home/airflow/.local/lib/python3.12/site-packages/airflow/example_dags/example_xcomargs.py
[2025-01-18T09:20:19.140+0000] {processor.py:925} INFO - DAG(s) 'example_xcom_args_with_operators', 'example_xcom_args' retrieved from /home/airflow/.local/lib/python3.12/site-packages/airflow/example_dags/example_xcomargs.py
[2025-01-18T09:20:19.190+0000] {logging_mixin.py:190} INFO - [2025-01-18T09:20:19.190+0000] {dag.py:3239} INFO - Sync 2 DAGs
[2025-01-18T09:20:19.204+0000] {logging_mixin.py:190} INFO - [2025-01-18T09:20:19.204+0000] {dag.py:4180} INFO - Setting next_dagrun for example_xcom_args to None, run_after=None
[2025-01-18T09:20:19.208+0000] {logging_mixin.py:190} INFO - [2025-01-18T09:20:19.208+0000] {dag.py:4180} INFO - Setting next_dagrun for example_xcom_args_with_operators to None, run_after=None
[2025-01-18T09:20:19.219+0000] {processor.py:208} INFO - Processing /home/airflow/.local/lib/python3.12/site-packages/airflow/example_dags/example_xcomargs.py took 0.111 seconds
[2025-01-18T09:20:50.125+0000] {processor.py:186} INFO - Started process (PID=1106) to work on /home/airflow/.local/lib/python3.12/site-packages/airflow/example_dags/example_xcomargs.py
[2025-01-18T09:20:50.126+0000] {processor.py:914} INFO - Processing file /home/airflow/.local/lib/python3.12/site-packages/airflow/example_dags/example_xcomargs.py for tasks to queue
[2025-01-18T09:20:50.128+0000] {logging_mixin.py:190} INFO - [2025-01-18T09:20:50.128+0000] {dagbag.py:588} INFO - Filling up the DagBag from /home/airflow/.local/lib/python3.12/site-packages/airflow/example_dags/example_xcomargs.py
[2025-01-18T09:20:50.143+0000] {processor.py:925} INFO - DAG(s) 'example_xcom_args', 'example_xcom_args_with_operators' retrieved from /home/airflow/.local/lib/python3.12/site-packages/airflow/example_dags/example_xcomargs.py
[2025-01-18T09:20:50.173+0000] {logging_mixin.py:190} INFO - [2025-01-18T09:20:50.172+0000] {dag.py:3239} INFO - Sync 2 DAGs
[2025-01-18T09:20:50.197+0000] {logging_mixin.py:190} INFO - [2025-01-18T09:20:50.196+0000] {dag.py:4180} INFO - Setting next_dagrun for example_xcom_args to None, run_after=None
[2025-01-18T09:20:50.200+0000] {logging_mixin.py:190} INFO - [2025-01-18T09:20:50.200+0000] {dag.py:4180} INFO - Setting next_dagrun for example_xcom_args_with_operators to None, run_after=None
[2025-01-18T09:20:50.214+0000] {processor.py:208} INFO - Processing /home/airflow/.local/lib/python3.12/site-packages/airflow/example_dags/example_xcomargs.py took 0.095 seconds
