[2025-01-18T09:12:53.622+0000] {processor.py:186} INFO - Started process (PID=121) to work on /home/airflow/.local/lib/python3.12/site-packages/airflow/example_dags/example_setup_teardown.py
[2025-01-18T09:12:53.625+0000] {processor.py:914} INFO - Processing file /home/airflow/.local/lib/python3.12/site-packages/airflow/example_dags/example_setup_teardown.py for tasks to queue
[2025-01-18T09:12:53.628+0000] {logging_mixin.py:190} INFO - [2025-01-18T09:12:53.627+0000] {dagbag.py:588} INFO - Filling up the DagBag from /home/airflow/.local/lib/python3.12/site-packages/airflow/example_dags/example_setup_teardown.py
[2025-01-18T09:12:53.655+0000] {processor.py:925} INFO - DAG(s) 'example_setup_teardown' retrieved from /home/airflow/.local/lib/python3.12/site-packages/airflow/example_dags/example_setup_teardown.py
[2025-01-18T09:12:53.918+0000] {logging_mixin.py:190} INFO - [2025-01-18T09:12:53.915+0000] {override.py:1911} INFO - Created Permission View: can edit on DAG:example_setup_teardown
[2025-01-18T09:12:53.973+0000] {logging_mixin.py:190} INFO - [2025-01-18T09:12:53.967+0000] {override.py:1911} INFO - Created Permission View: can read on DAG:example_setup_teardown
[2025-01-18T09:12:54.011+0000] {logging_mixin.py:190} INFO - [2025-01-18T09:12:54.011+0000] {override.py:1911} INFO - Created Permission View: can delete on DAG:example_setup_teardown
[2025-01-18T09:12:54.052+0000] {logging_mixin.py:190} INFO - [2025-01-18T09:12:54.045+0000] {override.py:1911} INFO - Created Permission View: can create on DAG Run:example_setup_teardown
[2025-01-18T09:12:54.066+0000] {logging_mixin.py:190} INFO - [2025-01-18T09:12:54.066+0000] {override.py:1911} INFO - Created Permission View: menu access on DAG Run:example_setup_teardown
[2025-01-18T09:12:54.094+0000] {logging_mixin.py:190} INFO - [2025-01-18T09:12:54.093+0000] {override.py:1911} INFO - Created Permission View: can read on DAG Run:example_setup_teardown
[2025-01-18T09:12:54.134+0000] {logging_mixin.py:190} INFO - [2025-01-18T09:12:54.134+0000] {override.py:1911} INFO - Created Permission View: can delete on DAG Run:example_setup_teardown
[2025-01-18T09:12:54.141+0000] {logging_mixin.py:190} INFO - [2025-01-18T09:12:54.141+0000] {dag.py:3239} INFO - Sync 1 DAGs
[2025-01-18T09:12:54.177+0000] {logging_mixin.py:190} INFO - [2025-01-18T09:12:54.171+0000] {dag.py:3262} INFO - Creating ORM DAG for example_setup_teardown
[2025-01-18T09:12:54.178+0000] {logging_mixin.py:190} INFO - [2025-01-18T09:12:54.178+0000] {dag.py:4180} INFO - Setting next_dagrun for example_setup_teardown to None, run_after=None
[2025-01-18T09:12:54.212+0000] {processor.py:208} INFO - Processing /home/airflow/.local/lib/python3.12/site-packages/airflow/example_dags/example_setup_teardown.py took 0.607 seconds
[2025-01-18T09:13:24.519+0000] {processor.py:186} INFO - Started process (PID=184) to work on /home/airflow/.local/lib/python3.12/site-packages/airflow/example_dags/example_setup_teardown.py
[2025-01-18T09:13:24.520+0000] {processor.py:914} INFO - Processing file /home/airflow/.local/lib/python3.12/site-packages/airflow/example_dags/example_setup_teardown.py for tasks to queue
[2025-01-18T09:13:24.523+0000] {logging_mixin.py:190} INFO - [2025-01-18T09:13:24.522+0000] {dagbag.py:588} INFO - Filling up the DagBag from /home/airflow/.local/lib/python3.12/site-packages/airflow/example_dags/example_setup_teardown.py
[2025-01-18T09:13:24.540+0000] {processor.py:925} INFO - DAG(s) 'example_setup_teardown' retrieved from /home/airflow/.local/lib/python3.12/site-packages/airflow/example_dags/example_setup_teardown.py
[2025-01-18T09:13:24.565+0000] {logging_mixin.py:190} INFO - [2025-01-18T09:13:24.565+0000] {dag.py:3239} INFO - Sync 1 DAGs
[2025-01-18T09:13:24.576+0000] {logging_mixin.py:190} INFO - [2025-01-18T09:13:24.576+0000] {dag.py:4180} INFO - Setting next_dagrun for example_setup_teardown to None, run_after=None
[2025-01-18T09:13:24.588+0000] {processor.py:208} INFO - Processing /home/airflow/.local/lib/python3.12/site-packages/airflow/example_dags/example_setup_teardown.py took 0.076 seconds
[2025-01-18T09:13:55.311+0000] {processor.py:186} INFO - Started process (PID=247) to work on /home/airflow/.local/lib/python3.12/site-packages/airflow/example_dags/example_setup_teardown.py
[2025-01-18T09:13:55.312+0000] {processor.py:914} INFO - Processing file /home/airflow/.local/lib/python3.12/site-packages/airflow/example_dags/example_setup_teardown.py for tasks to queue
[2025-01-18T09:13:55.314+0000] {logging_mixin.py:190} INFO - [2025-01-18T09:13:55.313+0000] {dagbag.py:588} INFO - Filling up the DagBag from /home/airflow/.local/lib/python3.12/site-packages/airflow/example_dags/example_setup_teardown.py
[2025-01-18T09:13:55.320+0000] {processor.py:925} INFO - DAG(s) 'example_setup_teardown' retrieved from /home/airflow/.local/lib/python3.12/site-packages/airflow/example_dags/example_setup_teardown.py
[2025-01-18T09:13:55.334+0000] {logging_mixin.py:190} INFO - [2025-01-18T09:13:55.334+0000] {dag.py:3239} INFO - Sync 1 DAGs
[2025-01-18T09:13:55.345+0000] {logging_mixin.py:190} INFO - [2025-01-18T09:13:55.345+0000] {dag.py:4180} INFO - Setting next_dagrun for example_setup_teardown to None, run_after=None
[2025-01-18T09:13:55.357+0000] {processor.py:208} INFO - Processing /home/airflow/.local/lib/python3.12/site-packages/airflow/example_dags/example_setup_teardown.py took 0.051 seconds
[2025-01-18T09:14:25.841+0000] {processor.py:186} INFO - Started process (PID=311) to work on /home/airflow/.local/lib/python3.12/site-packages/airflow/example_dags/example_setup_teardown.py
[2025-01-18T09:14:25.841+0000] {processor.py:914} INFO - Processing file /home/airflow/.local/lib/python3.12/site-packages/airflow/example_dags/example_setup_teardown.py for tasks to queue
[2025-01-18T09:14:25.843+0000] {logging_mixin.py:190} INFO - [2025-01-18T09:14:25.843+0000] {dagbag.py:588} INFO - Filling up the DagBag from /home/airflow/.local/lib/python3.12/site-packages/airflow/example_dags/example_setup_teardown.py
[2025-01-18T09:14:25.849+0000] {processor.py:925} INFO - DAG(s) 'example_setup_teardown' retrieved from /home/airflow/.local/lib/python3.12/site-packages/airflow/example_dags/example_setup_teardown.py
[2025-01-18T09:14:25.864+0000] {logging_mixin.py:190} INFO - [2025-01-18T09:14:25.864+0000] {dag.py:3239} INFO - Sync 1 DAGs
[2025-01-18T09:14:25.875+0000] {logging_mixin.py:190} INFO - [2025-01-18T09:14:25.874+0000] {dag.py:4180} INFO - Setting next_dagrun for example_setup_teardown to None, run_after=None
[2025-01-18T09:14:25.887+0000] {processor.py:208} INFO - Processing /home/airflow/.local/lib/python3.12/site-packages/airflow/example_dags/example_setup_teardown.py took 0.051 seconds
[2025-01-18T09:14:56.182+0000] {processor.py:186} INFO - Started process (PID=374) to work on /home/airflow/.local/lib/python3.12/site-packages/airflow/example_dags/example_setup_teardown.py
[2025-01-18T09:14:56.183+0000] {processor.py:914} INFO - Processing file /home/airflow/.local/lib/python3.12/site-packages/airflow/example_dags/example_setup_teardown.py for tasks to queue
[2025-01-18T09:14:56.185+0000] {logging_mixin.py:190} INFO - [2025-01-18T09:14:56.184+0000] {dagbag.py:588} INFO - Filling up the DagBag from /home/airflow/.local/lib/python3.12/site-packages/airflow/example_dags/example_setup_teardown.py
[2025-01-18T09:14:56.191+0000] {processor.py:925} INFO - DAG(s) 'example_setup_teardown' retrieved from /home/airflow/.local/lib/python3.12/site-packages/airflow/example_dags/example_setup_teardown.py
[2025-01-18T09:14:56.206+0000] {logging_mixin.py:190} INFO - [2025-01-18T09:14:56.206+0000] {dag.py:3239} INFO - Sync 1 DAGs
[2025-01-18T09:14:56.217+0000] {logging_mixin.py:190} INFO - [2025-01-18T09:14:56.217+0000] {dag.py:4180} INFO - Setting next_dagrun for example_setup_teardown to None, run_after=None
[2025-01-18T09:14:56.229+0000] {processor.py:208} INFO - Processing /home/airflow/.local/lib/python3.12/site-packages/airflow/example_dags/example_setup_teardown.py took 0.051 seconds
[2025-01-18T09:15:26.505+0000] {processor.py:186} INFO - Started process (PID=437) to work on /home/airflow/.local/lib/python3.12/site-packages/airflow/example_dags/example_setup_teardown.py
[2025-01-18T09:15:26.506+0000] {processor.py:914} INFO - Processing file /home/airflow/.local/lib/python3.12/site-packages/airflow/example_dags/example_setup_teardown.py for tasks to queue
[2025-01-18T09:15:26.508+0000] {logging_mixin.py:190} INFO - [2025-01-18T09:15:26.508+0000] {dagbag.py:588} INFO - Filling up the DagBag from /home/airflow/.local/lib/python3.12/site-packages/airflow/example_dags/example_setup_teardown.py
[2025-01-18T09:15:26.517+0000] {processor.py:925} INFO - DAG(s) 'example_setup_teardown' retrieved from /home/airflow/.local/lib/python3.12/site-packages/airflow/example_dags/example_setup_teardown.py
[2025-01-18T09:15:26.540+0000] {logging_mixin.py:190} INFO - [2025-01-18T09:15:26.539+0000] {dag.py:3239} INFO - Sync 1 DAGs
[2025-01-18T09:15:26.556+0000] {logging_mixin.py:190} INFO - [2025-01-18T09:15:26.556+0000] {dag.py:4180} INFO - Setting next_dagrun for example_setup_teardown to None, run_after=None
[2025-01-18T09:15:26.573+0000] {processor.py:208} INFO - Processing /home/airflow/.local/lib/python3.12/site-packages/airflow/example_dags/example_setup_teardown.py took 0.074 seconds
[2025-01-18T09:15:58.184+0000] {processor.py:186} INFO - Started process (PID=499) to work on /home/airflow/.local/lib/python3.12/site-packages/airflow/example_dags/example_setup_teardown.py
[2025-01-18T09:15:58.201+0000] {processor.py:914} INFO - Processing file /home/airflow/.local/lib/python3.12/site-packages/airflow/example_dags/example_setup_teardown.py for tasks to queue
[2025-01-18T09:15:58.205+0000] {logging_mixin.py:190} INFO - [2025-01-18T09:15:58.204+0000] {dagbag.py:588} INFO - Filling up the DagBag from /home/airflow/.local/lib/python3.12/site-packages/airflow/example_dags/example_setup_teardown.py
[2025-01-18T09:15:58.262+0000] {processor.py:925} INFO - DAG(s) 'example_setup_teardown' retrieved from /home/airflow/.local/lib/python3.12/site-packages/airflow/example_dags/example_setup_teardown.py
[2025-01-18T09:15:58.307+0000] {logging_mixin.py:190} INFO - [2025-01-18T09:15:58.306+0000] {dag.py:3239} INFO - Sync 1 DAGs
[2025-01-18T09:15:58.325+0000] {logging_mixin.py:190} INFO - [2025-01-18T09:15:58.325+0000] {dag.py:4180} INFO - Setting next_dagrun for example_setup_teardown to None, run_after=None
[2025-01-18T09:15:58.342+0000] {processor.py:208} INFO - Processing /home/airflow/.local/lib/python3.12/site-packages/airflow/example_dags/example_setup_teardown.py took 0.174 seconds
[2025-01-18T09:16:28.872+0000] {processor.py:186} INFO - Started process (PID=560) to work on /home/airflow/.local/lib/python3.12/site-packages/airflow/example_dags/example_setup_teardown.py
[2025-01-18T09:16:28.877+0000] {processor.py:914} INFO - Processing file /home/airflow/.local/lib/python3.12/site-packages/airflow/example_dags/example_setup_teardown.py for tasks to queue
[2025-01-18T09:16:28.879+0000] {logging_mixin.py:190} INFO - [2025-01-18T09:16:28.879+0000] {dagbag.py:588} INFO - Filling up the DagBag from /home/airflow/.local/lib/python3.12/site-packages/airflow/example_dags/example_setup_teardown.py
[2025-01-18T09:16:28.900+0000] {processor.py:925} INFO - DAG(s) 'example_setup_teardown' retrieved from /home/airflow/.local/lib/python3.12/site-packages/airflow/example_dags/example_setup_teardown.py
[2025-01-18T09:16:28.943+0000] {logging_mixin.py:190} INFO - [2025-01-18T09:16:28.943+0000] {dag.py:3239} INFO - Sync 1 DAGs
[2025-01-18T09:16:28.978+0000] {logging_mixin.py:190} INFO - [2025-01-18T09:16:28.977+0000] {dag.py:4180} INFO - Setting next_dagrun for example_setup_teardown to None, run_after=None
[2025-01-18T09:16:29.008+0000] {processor.py:208} INFO - Processing /home/airflow/.local/lib/python3.12/site-packages/airflow/example_dags/example_setup_teardown.py took 0.146 seconds
[2025-01-18T09:16:59.469+0000] {processor.py:186} INFO - Started process (PID=624) to work on /home/airflow/.local/lib/python3.12/site-packages/airflow/example_dags/example_setup_teardown.py
[2025-01-18T09:16:59.469+0000] {processor.py:914} INFO - Processing file /home/airflow/.local/lib/python3.12/site-packages/airflow/example_dags/example_setup_teardown.py for tasks to queue
[2025-01-18T09:16:59.472+0000] {logging_mixin.py:190} INFO - [2025-01-18T09:16:59.472+0000] {dagbag.py:588} INFO - Filling up the DagBag from /home/airflow/.local/lib/python3.12/site-packages/airflow/example_dags/example_setup_teardown.py
[2025-01-18T09:16:59.481+0000] {processor.py:925} INFO - DAG(s) 'example_setup_teardown' retrieved from /home/airflow/.local/lib/python3.12/site-packages/airflow/example_dags/example_setup_teardown.py
[2025-01-18T09:16:59.506+0000] {logging_mixin.py:190} INFO - [2025-01-18T09:16:59.506+0000] {dag.py:3239} INFO - Sync 1 DAGs
[2025-01-18T09:16:59.522+0000] {logging_mixin.py:190} INFO - [2025-01-18T09:16:59.522+0000] {dag.py:4180} INFO - Setting next_dagrun for example_setup_teardown to None, run_after=None
[2025-01-18T09:16:59.541+0000] {processor.py:208} INFO - Processing /home/airflow/.local/lib/python3.12/site-packages/airflow/example_dags/example_setup_teardown.py took 0.078 seconds
[2025-01-18T09:17:29.668+0000] {processor.py:186} INFO - Started process (PID=687) to work on /home/airflow/.local/lib/python3.12/site-packages/airflow/example_dags/example_setup_teardown.py
[2025-01-18T09:17:29.669+0000] {processor.py:914} INFO - Processing file /home/airflow/.local/lib/python3.12/site-packages/airflow/example_dags/example_setup_teardown.py for tasks to queue
[2025-01-18T09:17:29.671+0000] {logging_mixin.py:190} INFO - [2025-01-18T09:17:29.670+0000] {dagbag.py:588} INFO - Filling up the DagBag from /home/airflow/.local/lib/python3.12/site-packages/airflow/example_dags/example_setup_teardown.py
[2025-01-18T09:17:29.680+0000] {processor.py:925} INFO - DAG(s) 'example_setup_teardown' retrieved from /home/airflow/.local/lib/python3.12/site-packages/airflow/example_dags/example_setup_teardown.py
[2025-01-18T09:17:29.702+0000] {logging_mixin.py:190} INFO - [2025-01-18T09:17:29.702+0000] {dag.py:3239} INFO - Sync 1 DAGs
[2025-01-18T09:17:29.727+0000] {logging_mixin.py:190} INFO - [2025-01-18T09:17:29.726+0000] {dag.py:4180} INFO - Setting next_dagrun for example_setup_teardown to None, run_after=None
[2025-01-18T09:17:29.741+0000] {processor.py:208} INFO - Processing /home/airflow/.local/lib/python3.12/site-packages/airflow/example_dags/example_setup_teardown.py took 0.080 seconds
[2025-01-18T09:18:00.033+0000] {processor.py:186} INFO - Started process (PID=751) to work on /home/airflow/.local/lib/python3.12/site-packages/airflow/example_dags/example_setup_teardown.py
[2025-01-18T09:18:00.034+0000] {processor.py:914} INFO - Processing file /home/airflow/.local/lib/python3.12/site-packages/airflow/example_dags/example_setup_teardown.py for tasks to queue
[2025-01-18T09:18:00.036+0000] {logging_mixin.py:190} INFO - [2025-01-18T09:18:00.036+0000] {dagbag.py:588} INFO - Filling up the DagBag from /home/airflow/.local/lib/python3.12/site-packages/airflow/example_dags/example_setup_teardown.py
[2025-01-18T09:18:00.045+0000] {processor.py:925} INFO - DAG(s) 'example_setup_teardown' retrieved from /home/airflow/.local/lib/python3.12/site-packages/airflow/example_dags/example_setup_teardown.py
[2025-01-18T09:18:00.066+0000] {logging_mixin.py:190} INFO - [2025-01-18T09:18:00.066+0000] {dag.py:3239} INFO - Sync 1 DAGs
[2025-01-18T09:18:00.081+0000] {logging_mixin.py:190} INFO - [2025-01-18T09:18:00.081+0000] {dag.py:4180} INFO - Setting next_dagrun for example_setup_teardown to None, run_after=None
[2025-01-18T09:18:00.097+0000] {processor.py:208} INFO - Processing /home/airflow/.local/lib/python3.12/site-packages/airflow/example_dags/example_setup_teardown.py took 0.069 seconds
[2025-01-18T09:18:30.184+0000] {processor.py:186} INFO - Started process (PID=815) to work on /home/airflow/.local/lib/python3.12/site-packages/airflow/example_dags/example_setup_teardown.py
[2025-01-18T09:18:30.185+0000] {processor.py:914} INFO - Processing file /home/airflow/.local/lib/python3.12/site-packages/airflow/example_dags/example_setup_teardown.py for tasks to queue
[2025-01-18T09:18:30.188+0000] {logging_mixin.py:190} INFO - [2025-01-18T09:18:30.187+0000] {dagbag.py:588} INFO - Filling up the DagBag from /home/airflow/.local/lib/python3.12/site-packages/airflow/example_dags/example_setup_teardown.py
[2025-01-18T09:18:30.196+0000] {processor.py:925} INFO - DAG(s) 'example_setup_teardown' retrieved from /home/airflow/.local/lib/python3.12/site-packages/airflow/example_dags/example_setup_teardown.py
[2025-01-18T09:18:30.217+0000] {logging_mixin.py:190} INFO - [2025-01-18T09:18:30.217+0000] {dag.py:3239} INFO - Sync 1 DAGs
[2025-01-18T09:18:30.236+0000] {logging_mixin.py:190} INFO - [2025-01-18T09:18:30.236+0000] {dag.py:4180} INFO - Setting next_dagrun for example_setup_teardown to None, run_after=None
[2025-01-18T09:18:30.251+0000] {processor.py:208} INFO - Processing /home/airflow/.local/lib/python3.12/site-packages/airflow/example_dags/example_setup_teardown.py took 0.073 seconds
[2025-01-18T09:19:00.413+0000] {processor.py:186} INFO - Started process (PID=878) to work on /home/airflow/.local/lib/python3.12/site-packages/airflow/example_dags/example_setup_teardown.py
[2025-01-18T09:19:00.416+0000] {processor.py:914} INFO - Processing file /home/airflow/.local/lib/python3.12/site-packages/airflow/example_dags/example_setup_teardown.py for tasks to queue
[2025-01-18T09:19:00.418+0000] {logging_mixin.py:190} INFO - [2025-01-18T09:19:00.418+0000] {dagbag.py:588} INFO - Filling up the DagBag from /home/airflow/.local/lib/python3.12/site-packages/airflow/example_dags/example_setup_teardown.py
[2025-01-18T09:19:00.440+0000] {processor.py:925} INFO - DAG(s) 'example_setup_teardown' retrieved from /home/airflow/.local/lib/python3.12/site-packages/airflow/example_dags/example_setup_teardown.py
[2025-01-18T09:19:00.490+0000] {logging_mixin.py:190} INFO - [2025-01-18T09:19:00.490+0000] {dag.py:3239} INFO - Sync 1 DAGs
[2025-01-18T09:19:00.532+0000] {logging_mixin.py:190} INFO - [2025-01-18T09:19:00.532+0000] {dag.py:4180} INFO - Setting next_dagrun for example_setup_teardown to None, run_after=None
[2025-01-18T09:19:00.597+0000] {processor.py:208} INFO - Processing /home/airflow/.local/lib/python3.12/site-packages/airflow/example_dags/example_setup_teardown.py took 0.191 seconds
[2025-01-18T09:19:30.772+0000] {processor.py:186} INFO - Started process (PID=942) to work on /home/airflow/.local/lib/python3.12/site-packages/airflow/example_dags/example_setup_teardown.py
[2025-01-18T09:19:30.773+0000] {processor.py:914} INFO - Processing file /home/airflow/.local/lib/python3.12/site-packages/airflow/example_dags/example_setup_teardown.py for tasks to queue
[2025-01-18T09:19:30.775+0000] {logging_mixin.py:190} INFO - [2025-01-18T09:19:30.775+0000] {dagbag.py:588} INFO - Filling up the DagBag from /home/airflow/.local/lib/python3.12/site-packages/airflow/example_dags/example_setup_teardown.py
[2025-01-18T09:19:30.784+0000] {processor.py:925} INFO - DAG(s) 'example_setup_teardown' retrieved from /home/airflow/.local/lib/python3.12/site-packages/airflow/example_dags/example_setup_teardown.py
[2025-01-18T09:19:30.806+0000] {logging_mixin.py:190} INFO - [2025-01-18T09:19:30.805+0000] {dag.py:3239} INFO - Sync 1 DAGs
[2025-01-18T09:19:30.821+0000] {logging_mixin.py:190} INFO - [2025-01-18T09:19:30.821+0000] {dag.py:4180} INFO - Setting next_dagrun for example_setup_teardown to None, run_after=None
[2025-01-18T09:19:30.838+0000] {processor.py:208} INFO - Processing /home/airflow/.local/lib/python3.12/site-packages/airflow/example_dags/example_setup_teardown.py took 0.071 seconds
[2025-01-18T09:20:02.064+0000] {processor.py:186} INFO - Started process (PID=1006) to work on /home/airflow/.local/lib/python3.12/site-packages/airflow/example_dags/example_setup_teardown.py
[2025-01-18T09:20:02.069+0000] {processor.py:914} INFO - Processing file /home/airflow/.local/lib/python3.12/site-packages/airflow/example_dags/example_setup_teardown.py for tasks to queue
[2025-01-18T09:20:02.071+0000] {logging_mixin.py:190} INFO - [2025-01-18T09:20:02.071+0000] {dagbag.py:588} INFO - Filling up the DagBag from /home/airflow/.local/lib/python3.12/site-packages/airflow/example_dags/example_setup_teardown.py
[2025-01-18T09:20:02.080+0000] {processor.py:925} INFO - DAG(s) 'example_setup_teardown' retrieved from /home/airflow/.local/lib/python3.12/site-packages/airflow/example_dags/example_setup_teardown.py
[2025-01-18T09:20:02.127+0000] {logging_mixin.py:190} INFO - [2025-01-18T09:20:02.127+0000] {dag.py:3239} INFO - Sync 1 DAGs
[2025-01-18T09:20:02.169+0000] {logging_mixin.py:190} INFO - [2025-01-18T09:20:02.169+0000] {dag.py:4180} INFO - Setting next_dagrun for example_setup_teardown to None, run_after=None
[2025-01-18T09:20:02.210+0000] {processor.py:208} INFO - Processing /home/airflow/.local/lib/python3.12/site-packages/airflow/example_dags/example_setup_teardown.py took 0.161 seconds
[2025-01-18T09:20:33.044+0000] {processor.py:186} INFO - Started process (PID=1069) to work on /home/airflow/.local/lib/python3.12/site-packages/airflow/example_dags/example_setup_teardown.py
[2025-01-18T09:20:33.045+0000] {processor.py:914} INFO - Processing file /home/airflow/.local/lib/python3.12/site-packages/airflow/example_dags/example_setup_teardown.py for tasks to queue
[2025-01-18T09:20:33.047+0000] {logging_mixin.py:190} INFO - [2025-01-18T09:20:33.047+0000] {dagbag.py:588} INFO - Filling up the DagBag from /home/airflow/.local/lib/python3.12/site-packages/airflow/example_dags/example_setup_teardown.py
[2025-01-18T09:20:33.056+0000] {processor.py:925} INFO - DAG(s) 'example_setup_teardown' retrieved from /home/airflow/.local/lib/python3.12/site-packages/airflow/example_dags/example_setup_teardown.py
[2025-01-18T09:20:33.076+0000] {logging_mixin.py:190} INFO - [2025-01-18T09:20:33.076+0000] {dag.py:3239} INFO - Sync 1 DAGs
[2025-01-18T09:20:33.096+0000] {logging_mixin.py:190} INFO - [2025-01-18T09:20:33.096+0000] {dag.py:4180} INFO - Setting next_dagrun for example_setup_teardown to None, run_after=None
[2025-01-18T09:20:33.111+0000] {processor.py:208} INFO - Processing /home/airflow/.local/lib/python3.12/site-packages/airflow/example_dags/example_setup_teardown.py took 0.073 seconds
