[2025-01-18T09:12:21.329+0000] {processor.py:186} INFO - Started process (PID=73) to work on /home/airflow/.local/lib/python3.12/site-packages/airflow/example_dags/example_dataset_alias.py
[2025-01-18T09:12:21.345+0000] {processor.py:914} INFO - Processing file /home/airflow/.local/lib/python3.12/site-packages/airflow/example_dags/example_dataset_alias.py for tasks to queue
[2025-01-18T09:12:21.354+0000] {logging_mixin.py:190} INFO - [2025-01-18T09:12:21.354+0000] {dagbag.py:588} INFO - Filling up the DagBag from /home/airflow/.local/lib/python3.12/site-packages/airflow/example_dags/example_dataset_alias.py
[2025-01-18T09:12:31.870+0000] {processor.py:925} INFO - DAG(s) 'dataset_alias_example_alias_consumer', 'dataset_s3_bucket_consumer', 'dataset_alias_example_alias_producer', 'dataset_s3_bucket_producer' retrieved from /home/airflow/.local/lib/python3.12/site-packages/airflow/example_dags/example_dataset_alias.py
[2025-01-18T09:12:32.707+0000] {logging_mixin.py:190} INFO - [2025-01-18T09:12:32.706+0000] {override.py:1911} INFO - Created Permission View: can edit on DAG:dataset_alias_example_alias_consumer
[2025-01-18T09:12:32.785+0000] {logging_mixin.py:190} INFO - [2025-01-18T09:12:32.784+0000] {override.py:1911} INFO - Created Permission View: can read on DAG:dataset_alias_example_alias_consumer
[2025-01-18T09:12:32.805+0000] {logging_mixin.py:190} INFO - [2025-01-18T09:12:32.805+0000] {override.py:1911} INFO - Created Permission View: can delete on DAG:dataset_alias_example_alias_consumer
[2025-01-18T09:12:32.841+0000] {logging_mixin.py:190} INFO - [2025-01-18T09:12:32.841+0000] {override.py:1911} INFO - Created Permission View: can create on DAG Run:dataset_alias_example_alias_consumer
[2025-01-18T09:12:32.869+0000] {logging_mixin.py:190} INFO - [2025-01-18T09:12:32.869+0000] {override.py:1911} INFO - Created Permission View: menu access on DAG Run:dataset_alias_example_alias_consumer
[2025-01-18T09:12:32.893+0000] {logging_mixin.py:190} INFO - [2025-01-18T09:12:32.893+0000] {override.py:1911} INFO - Created Permission View: can read on DAG Run:dataset_alias_example_alias_consumer
[2025-01-18T09:12:32.905+0000] {logging_mixin.py:190} INFO - [2025-01-18T09:12:32.903+0000] {override.py:1911} INFO - Created Permission View: can delete on DAG Run:dataset_alias_example_alias_consumer
[2025-01-18T09:12:32.994+0000] {logging_mixin.py:190} INFO - [2025-01-18T09:12:32.993+0000] {override.py:1911} INFO - Created Permission View: can edit on DAG:dataset_s3_bucket_consumer
[2025-01-18T09:12:33.004+0000] {logging_mixin.py:190} INFO - [2025-01-18T09:12:33.003+0000] {override.py:1911} INFO - Created Permission View: can read on DAG:dataset_s3_bucket_consumer
[2025-01-18T09:12:33.016+0000] {logging_mixin.py:190} INFO - [2025-01-18T09:12:33.016+0000] {override.py:1911} INFO - Created Permission View: can delete on DAG:dataset_s3_bucket_consumer
[2025-01-18T09:12:33.042+0000] {logging_mixin.py:190} INFO - [2025-01-18T09:12:33.042+0000] {override.py:1911} INFO - Created Permission View: can create on DAG Run:dataset_s3_bucket_consumer
[2025-01-18T09:12:33.071+0000] {logging_mixin.py:190} INFO - [2025-01-18T09:12:33.071+0000] {override.py:1911} INFO - Created Permission View: menu access on DAG Run:dataset_s3_bucket_consumer
[2025-01-18T09:12:33.096+0000] {logging_mixin.py:190} INFO - [2025-01-18T09:12:33.095+0000] {override.py:1911} INFO - Created Permission View: can read on DAG Run:dataset_s3_bucket_consumer
[2025-01-18T09:12:33.118+0000] {logging_mixin.py:190} INFO - [2025-01-18T09:12:33.118+0000] {override.py:1911} INFO - Created Permission View: can delete on DAG Run:dataset_s3_bucket_consumer
[2025-01-18T09:12:33.197+0000] {logging_mixin.py:190} INFO - [2025-01-18T09:12:33.197+0000] {override.py:1911} INFO - Created Permission View: can edit on DAG:dataset_alias_example_alias_producer
[2025-01-18T09:12:33.266+0000] {logging_mixin.py:190} INFO - [2025-01-18T09:12:33.266+0000] {override.py:1911} INFO - Created Permission View: can read on DAG:dataset_alias_example_alias_producer
[2025-01-18T09:12:33.286+0000] {logging_mixin.py:190} INFO - [2025-01-18T09:12:33.286+0000] {override.py:1911} INFO - Created Permission View: can delete on DAG:dataset_alias_example_alias_producer
[2025-01-18T09:12:33.333+0000] {logging_mixin.py:190} INFO - [2025-01-18T09:12:33.332+0000] {override.py:1911} INFO - Created Permission View: can create on DAG Run:dataset_alias_example_alias_producer
[2025-01-18T09:12:33.361+0000] {logging_mixin.py:190} INFO - [2025-01-18T09:12:33.361+0000] {override.py:1911} INFO - Created Permission View: menu access on DAG Run:dataset_alias_example_alias_producer
[2025-01-18T09:12:33.393+0000] {logging_mixin.py:190} INFO - [2025-01-18T09:12:33.393+0000] {override.py:1911} INFO - Created Permission View: can read on DAG Run:dataset_alias_example_alias_producer
[2025-01-18T09:12:33.407+0000] {logging_mixin.py:190} INFO - [2025-01-18T09:12:33.406+0000] {override.py:1911} INFO - Created Permission View: can delete on DAG Run:dataset_alias_example_alias_producer
[2025-01-18T09:12:33.429+0000] {logging_mixin.py:190} INFO - [2025-01-18T09:12:33.429+0000] {override.py:1911} INFO - Created Permission View: can edit on DAG:dataset_s3_bucket_producer
[2025-01-18T09:12:33.443+0000] {logging_mixin.py:190} INFO - [2025-01-18T09:12:33.442+0000] {override.py:1911} INFO - Created Permission View: can read on DAG:dataset_s3_bucket_producer
[2025-01-18T09:12:33.467+0000] {logging_mixin.py:190} INFO - [2025-01-18T09:12:33.466+0000] {override.py:1911} INFO - Created Permission View: can delete on DAG:dataset_s3_bucket_producer
[2025-01-18T09:12:33.487+0000] {logging_mixin.py:190} INFO - [2025-01-18T09:12:33.487+0000] {override.py:1911} INFO - Created Permission View: can create on DAG Run:dataset_s3_bucket_producer
[2025-01-18T09:12:33.510+0000] {logging_mixin.py:190} INFO - [2025-01-18T09:12:33.510+0000] {override.py:1911} INFO - Created Permission View: menu access on DAG Run:dataset_s3_bucket_producer
[2025-01-18T09:12:33.545+0000] {logging_mixin.py:190} INFO - [2025-01-18T09:12:33.545+0000] {override.py:1911} INFO - Created Permission View: can read on DAG Run:dataset_s3_bucket_producer
[2025-01-18T09:12:33.567+0000] {logging_mixin.py:190} INFO - [2025-01-18T09:12:33.567+0000] {override.py:1911} INFO - Created Permission View: can delete on DAG Run:dataset_s3_bucket_producer
[2025-01-18T09:12:33.568+0000] {logging_mixin.py:190} INFO - [2025-01-18T09:12:33.568+0000] {dag.py:3239} INFO - Sync 4 DAGs
[2025-01-18T09:12:33.633+0000] {logging_mixin.py:190} INFO - [2025-01-18T09:12:33.632+0000] {dag.py:3262} INFO - Creating ORM DAG for dataset_alias_example_alias_consumer
[2025-01-18T09:12:33.634+0000] {logging_mixin.py:190} INFO - [2025-01-18T09:12:33.634+0000] {dag.py:3262} INFO - Creating ORM DAG for dataset_s3_bucket_producer
[2025-01-18T09:12:33.638+0000] {logging_mixin.py:190} INFO - [2025-01-18T09:12:33.637+0000] {dag.py:3262} INFO - Creating ORM DAG for dataset_alias_example_alias_producer
[2025-01-18T09:12:33.638+0000] {logging_mixin.py:190} INFO - [2025-01-18T09:12:33.638+0000] {dag.py:3262} INFO - Creating ORM DAG for dataset_s3_bucket_consumer
[2025-01-18T09:12:33.674+0000] {logging_mixin.py:190} INFO - [2025-01-18T09:12:33.673+0000] {dag.py:4180} INFO - Setting next_dagrun for dataset_alias_example_alias_consumer to None, run_after=None
[2025-01-18T09:12:33.675+0000] {logging_mixin.py:190} INFO - [2025-01-18T09:12:33.674+0000] {dag.py:4180} INFO - Setting next_dagrun for dataset_alias_example_alias_producer to None, run_after=None
[2025-01-18T09:12:33.675+0000] {logging_mixin.py:190} INFO - [2025-01-18T09:12:33.675+0000] {dag.py:4180} INFO - Setting next_dagrun for dataset_s3_bucket_consumer to None, run_after=None
[2025-01-18T09:12:33.676+0000] {logging_mixin.py:190} INFO - [2025-01-18T09:12:33.676+0000] {dag.py:4180} INFO - Setting next_dagrun for dataset_s3_bucket_producer to None, run_after=None
[2025-01-18T09:12:33.810+0000] {processor.py:208} INFO - Processing /home/airflow/.local/lib/python3.12/site-packages/airflow/example_dags/example_dataset_alias.py took 12.504 seconds
[2025-01-18T09:13:03.975+0000] {processor.py:186} INFO - Started process (PID=143) to work on /home/airflow/.local/lib/python3.12/site-packages/airflow/example_dags/example_dataset_alias.py
[2025-01-18T09:13:03.978+0000] {processor.py:914} INFO - Processing file /home/airflow/.local/lib/python3.12/site-packages/airflow/example_dags/example_dataset_alias.py for tasks to queue
[2025-01-18T09:13:03.981+0000] {logging_mixin.py:190} INFO - [2025-01-18T09:13:03.981+0000] {dagbag.py:588} INFO - Filling up the DagBag from /home/airflow/.local/lib/python3.12/site-packages/airflow/example_dags/example_dataset_alias.py
[2025-01-18T09:13:04.618+0000] {processor.py:925} INFO - DAG(s) 'dataset_s3_bucket_consumer', 'dataset_s3_bucket_producer', 'dataset_alias_example_alias_consumer', 'dataset_alias_example_alias_producer' retrieved from /home/airflow/.local/lib/python3.12/site-packages/airflow/example_dags/example_dataset_alias.py
[2025-01-18T09:13:04.633+0000] {logging_mixin.py:190} INFO - [2025-01-18T09:13:04.633+0000] {dag.py:3239} INFO - Sync 4 DAGs
[2025-01-18T09:13:04.651+0000] {logging_mixin.py:190} INFO - [2025-01-18T09:13:04.651+0000] {dag.py:4180} INFO - Setting next_dagrun for dataset_alias_example_alias_consumer to None, run_after=None
[2025-01-18T09:13:04.653+0000] {logging_mixin.py:190} INFO - [2025-01-18T09:13:04.652+0000] {dag.py:4180} INFO - Setting next_dagrun for dataset_alias_example_alias_producer to None, run_after=None
[2025-01-18T09:13:04.654+0000] {logging_mixin.py:190} INFO - [2025-01-18T09:13:04.653+0000] {dag.py:4180} INFO - Setting next_dagrun for dataset_s3_bucket_consumer to None, run_after=None
[2025-01-18T09:13:04.654+0000] {logging_mixin.py:190} INFO - [2025-01-18T09:13:04.654+0000] {dag.py:4180} INFO - Setting next_dagrun for dataset_s3_bucket_producer to None, run_after=None
[2025-01-18T09:13:04.669+0000] {processor.py:208} INFO - Processing /home/airflow/.local/lib/python3.12/site-packages/airflow/example_dags/example_dataset_alias.py took 0.699 seconds
[2025-01-18T09:13:34.892+0000] {processor.py:186} INFO - Started process (PID=206) to work on /home/airflow/.local/lib/python3.12/site-packages/airflow/example_dags/example_dataset_alias.py
[2025-01-18T09:13:34.895+0000] {processor.py:914} INFO - Processing file /home/airflow/.local/lib/python3.12/site-packages/airflow/example_dags/example_dataset_alias.py for tasks to queue
[2025-01-18T09:13:34.906+0000] {logging_mixin.py:190} INFO - [2025-01-18T09:13:34.906+0000] {dagbag.py:588} INFO - Filling up the DagBag from /home/airflow/.local/lib/python3.12/site-packages/airflow/example_dags/example_dataset_alias.py
[2025-01-18T09:13:36.138+0000] {processor.py:925} INFO - DAG(s) 'dataset_alias_example_alias_producer', 'dataset_s3_bucket_consumer', 'dataset_s3_bucket_producer', 'dataset_alias_example_alias_consumer' retrieved from /home/airflow/.local/lib/python3.12/site-packages/airflow/example_dags/example_dataset_alias.py
[2025-01-18T09:13:36.210+0000] {logging_mixin.py:190} INFO - [2025-01-18T09:13:36.205+0000] {dag.py:3239} INFO - Sync 4 DAGs
[2025-01-18T09:13:36.321+0000] {logging_mixin.py:190} INFO - [2025-01-18T09:13:36.321+0000] {dag.py:4180} INFO - Setting next_dagrun for dataset_alias_example_alias_consumer to None, run_after=None
[2025-01-18T09:13:36.324+0000] {logging_mixin.py:190} INFO - [2025-01-18T09:13:36.324+0000] {dag.py:4180} INFO - Setting next_dagrun for dataset_alias_example_alias_producer to None, run_after=None
[2025-01-18T09:13:36.335+0000] {logging_mixin.py:190} INFO - [2025-01-18T09:13:36.335+0000] {dag.py:4180} INFO - Setting next_dagrun for dataset_s3_bucket_consumer to None, run_after=None
[2025-01-18T09:13:36.337+0000] {logging_mixin.py:190} INFO - [2025-01-18T09:13:36.336+0000] {dag.py:4180} INFO - Setting next_dagrun for dataset_s3_bucket_producer to None, run_after=None
[2025-01-18T09:13:36.417+0000] {processor.py:208} INFO - Processing /home/airflow/.local/lib/python3.12/site-packages/airflow/example_dags/example_dataset_alias.py took 1.531 seconds
[2025-01-18T09:14:07.401+0000] {processor.py:186} INFO - Started process (PID=269) to work on /home/airflow/.local/lib/python3.12/site-packages/airflow/example_dags/example_dataset_alias.py
[2025-01-18T09:14:07.402+0000] {processor.py:914} INFO - Processing file /home/airflow/.local/lib/python3.12/site-packages/airflow/example_dags/example_dataset_alias.py for tasks to queue
[2025-01-18T09:14:07.404+0000] {logging_mixin.py:190} INFO - [2025-01-18T09:14:07.404+0000] {dagbag.py:588} INFO - Filling up the DagBag from /home/airflow/.local/lib/python3.12/site-packages/airflow/example_dags/example_dataset_alias.py
[2025-01-18T09:14:08.196+0000] {processor.py:925} INFO - DAG(s) 'dataset_s3_bucket_consumer', 'dataset_s3_bucket_producer', 'dataset_alias_example_alias_consumer', 'dataset_alias_example_alias_producer' retrieved from /home/airflow/.local/lib/python3.12/site-packages/airflow/example_dags/example_dataset_alias.py
[2025-01-18T09:14:08.223+0000] {logging_mixin.py:190} INFO - [2025-01-18T09:14:08.222+0000] {dag.py:3239} INFO - Sync 4 DAGs
[2025-01-18T09:14:08.268+0000] {logging_mixin.py:190} INFO - [2025-01-18T09:14:08.268+0000] {dag.py:4180} INFO - Setting next_dagrun for dataset_alias_example_alias_consumer to None, run_after=None
[2025-01-18T09:14:08.271+0000] {logging_mixin.py:190} INFO - [2025-01-18T09:14:08.271+0000] {dag.py:4180} INFO - Setting next_dagrun for dataset_alias_example_alias_producer to None, run_after=None
[2025-01-18T09:14:08.272+0000] {logging_mixin.py:190} INFO - [2025-01-18T09:14:08.272+0000] {dag.py:4180} INFO - Setting next_dagrun for dataset_s3_bucket_consumer to None, run_after=None
[2025-01-18T09:14:08.274+0000] {logging_mixin.py:190} INFO - [2025-01-18T09:14:08.274+0000] {dag.py:4180} INFO - Setting next_dagrun for dataset_s3_bucket_producer to None, run_after=None
[2025-01-18T09:14:08.309+0000] {processor.py:208} INFO - Processing /home/airflow/.local/lib/python3.12/site-packages/airflow/example_dags/example_dataset_alias.py took 0.916 seconds
[2025-01-18T09:14:38.968+0000] {processor.py:186} INFO - Started process (PID=333) to work on /home/airflow/.local/lib/python3.12/site-packages/airflow/example_dags/example_dataset_alias.py
[2025-01-18T09:14:38.969+0000] {processor.py:914} INFO - Processing file /home/airflow/.local/lib/python3.12/site-packages/airflow/example_dags/example_dataset_alias.py for tasks to queue
[2025-01-18T09:14:38.971+0000] {logging_mixin.py:190} INFO - [2025-01-18T09:14:38.970+0000] {dagbag.py:588} INFO - Filling up the DagBag from /home/airflow/.local/lib/python3.12/site-packages/airflow/example_dags/example_dataset_alias.py
[2025-01-18T09:14:39.509+0000] {processor.py:925} INFO - DAG(s) 'dataset_alias_example_alias_producer', 'dataset_alias_example_alias_consumer', 'dataset_s3_bucket_producer', 'dataset_s3_bucket_consumer' retrieved from /home/airflow/.local/lib/python3.12/site-packages/airflow/example_dags/example_dataset_alias.py
[2025-01-18T09:14:39.524+0000] {logging_mixin.py:190} INFO - [2025-01-18T09:14:39.524+0000] {dag.py:3239} INFO - Sync 4 DAGs
[2025-01-18T09:14:39.547+0000] {logging_mixin.py:190} INFO - [2025-01-18T09:14:39.547+0000] {dag.py:4180} INFO - Setting next_dagrun for dataset_alias_example_alias_consumer to None, run_after=None
[2025-01-18T09:14:39.549+0000] {logging_mixin.py:190} INFO - [2025-01-18T09:14:39.549+0000] {dag.py:4180} INFO - Setting next_dagrun for dataset_alias_example_alias_producer to None, run_after=None
[2025-01-18T09:14:39.552+0000] {logging_mixin.py:190} INFO - [2025-01-18T09:14:39.552+0000] {dag.py:4180} INFO - Setting next_dagrun for dataset_s3_bucket_consumer to None, run_after=None
[2025-01-18T09:14:39.553+0000] {logging_mixin.py:190} INFO - [2025-01-18T09:14:39.552+0000] {dag.py:4180} INFO - Setting next_dagrun for dataset_s3_bucket_producer to None, run_after=None
[2025-01-18T09:14:39.567+0000] {processor.py:208} INFO - Processing /home/airflow/.local/lib/python3.12/site-packages/airflow/example_dags/example_dataset_alias.py took 0.605 seconds
[2025-01-18T09:15:10.203+0000] {processor.py:186} INFO - Started process (PID=397) to work on /home/airflow/.local/lib/python3.12/site-packages/airflow/example_dags/example_dataset_alias.py
[2025-01-18T09:15:10.204+0000] {processor.py:914} INFO - Processing file /home/airflow/.local/lib/python3.12/site-packages/airflow/example_dags/example_dataset_alias.py for tasks to queue
[2025-01-18T09:15:10.206+0000] {logging_mixin.py:190} INFO - [2025-01-18T09:15:10.205+0000] {dagbag.py:588} INFO - Filling up the DagBag from /home/airflow/.local/lib/python3.12/site-packages/airflow/example_dags/example_dataset_alias.py
[2025-01-18T09:15:10.836+0000] {processor.py:925} INFO - DAG(s) 'dataset_alias_example_alias_consumer', 'dataset_alias_example_alias_producer', 'dataset_s3_bucket_consumer', 'dataset_s3_bucket_producer' retrieved from /home/airflow/.local/lib/python3.12/site-packages/airflow/example_dags/example_dataset_alias.py
[2025-01-18T09:15:10.851+0000] {logging_mixin.py:190} INFO - [2025-01-18T09:15:10.851+0000] {dag.py:3239} INFO - Sync 4 DAGs
[2025-01-18T09:15:10.868+0000] {logging_mixin.py:190} INFO - [2025-01-18T09:15:10.868+0000] {dag.py:4180} INFO - Setting next_dagrun for dataset_alias_example_alias_consumer to None, run_after=None
[2025-01-18T09:15:10.870+0000] {logging_mixin.py:190} INFO - [2025-01-18T09:15:10.870+0000] {dag.py:4180} INFO - Setting next_dagrun for dataset_alias_example_alias_producer to None, run_after=None
[2025-01-18T09:15:10.871+0000] {logging_mixin.py:190} INFO - [2025-01-18T09:15:10.871+0000] {dag.py:4180} INFO - Setting next_dagrun for dataset_s3_bucket_consumer to None, run_after=None
[2025-01-18T09:15:10.872+0000] {logging_mixin.py:190} INFO - [2025-01-18T09:15:10.872+0000] {dag.py:4180} INFO - Setting next_dagrun for dataset_s3_bucket_producer to None, run_after=None
[2025-01-18T09:15:10.896+0000] {processor.py:208} INFO - Processing /home/airflow/.local/lib/python3.12/site-packages/airflow/example_dags/example_dataset_alias.py took 0.697 seconds
[2025-01-18T09:15:40.996+0000] {processor.py:186} INFO - Started process (PID=461) to work on /home/airflow/.local/lib/python3.12/site-packages/airflow/example_dags/example_dataset_alias.py
[2025-01-18T09:15:40.996+0000] {processor.py:914} INFO - Processing file /home/airflow/.local/lib/python3.12/site-packages/airflow/example_dags/example_dataset_alias.py for tasks to queue
[2025-01-18T09:15:40.999+0000] {logging_mixin.py:190} INFO - [2025-01-18T09:15:40.998+0000] {dagbag.py:588} INFO - Filling up the DagBag from /home/airflow/.local/lib/python3.12/site-packages/airflow/example_dags/example_dataset_alias.py
[2025-01-18T09:15:41.573+0000] {processor.py:925} INFO - DAG(s) 'dataset_alias_example_alias_producer', 'dataset_s3_bucket_consumer', 'dataset_alias_example_alias_consumer', 'dataset_s3_bucket_producer' retrieved from /home/airflow/.local/lib/python3.12/site-packages/airflow/example_dags/example_dataset_alias.py
[2025-01-18T09:15:41.595+0000] {logging_mixin.py:190} INFO - [2025-01-18T09:15:41.594+0000] {dag.py:3239} INFO - Sync 4 DAGs
[2025-01-18T09:15:41.622+0000] {logging_mixin.py:190} INFO - [2025-01-18T09:15:41.622+0000] {dag.py:4180} INFO - Setting next_dagrun for dataset_alias_example_alias_consumer to None, run_after=None
[2025-01-18T09:15:41.624+0000] {logging_mixin.py:190} INFO - [2025-01-18T09:15:41.624+0000] {dag.py:4180} INFO - Setting next_dagrun for dataset_alias_example_alias_producer to None, run_after=None
[2025-01-18T09:15:41.625+0000] {logging_mixin.py:190} INFO - [2025-01-18T09:15:41.625+0000] {dag.py:4180} INFO - Setting next_dagrun for dataset_s3_bucket_consumer to None, run_after=None
[2025-01-18T09:15:41.626+0000] {logging_mixin.py:190} INFO - [2025-01-18T09:15:41.626+0000] {dag.py:4180} INFO - Setting next_dagrun for dataset_s3_bucket_producer to None, run_after=None
[2025-01-18T09:15:41.652+0000] {processor.py:208} INFO - Processing /home/airflow/.local/lib/python3.12/site-packages/airflow/example_dags/example_dataset_alias.py took 0.667 seconds
[2025-01-18T09:16:12.259+0000] {processor.py:186} INFO - Started process (PID=524) to work on /home/airflow/.local/lib/python3.12/site-packages/airflow/example_dags/example_dataset_alias.py
[2025-01-18T09:16:12.262+0000] {processor.py:914} INFO - Processing file /home/airflow/.local/lib/python3.12/site-packages/airflow/example_dags/example_dataset_alias.py for tasks to queue
[2025-01-18T09:16:12.264+0000] {logging_mixin.py:190} INFO - [2025-01-18T09:16:12.264+0000] {dagbag.py:588} INFO - Filling up the DagBag from /home/airflow/.local/lib/python3.12/site-packages/airflow/example_dags/example_dataset_alias.py
[2025-01-18T09:16:13.029+0000] {processor.py:925} INFO - DAG(s) 'dataset_alias_example_alias_consumer', 'dataset_s3_bucket_producer', 'dataset_s3_bucket_consumer', 'dataset_alias_example_alias_producer' retrieved from /home/airflow/.local/lib/python3.12/site-packages/airflow/example_dags/example_dataset_alias.py
[2025-01-18T09:16:13.044+0000] {logging_mixin.py:190} INFO - [2025-01-18T09:16:13.044+0000] {dag.py:3239} INFO - Sync 4 DAGs
[2025-01-18T09:16:13.061+0000] {logging_mixin.py:190} INFO - [2025-01-18T09:16:13.061+0000] {dag.py:4180} INFO - Setting next_dagrun for dataset_alias_example_alias_consumer to None, run_after=None
[2025-01-18T09:16:13.063+0000] {logging_mixin.py:190} INFO - [2025-01-18T09:16:13.063+0000] {dag.py:4180} INFO - Setting next_dagrun for dataset_alias_example_alias_producer to None, run_after=None
[2025-01-18T09:16:13.064+0000] {logging_mixin.py:190} INFO - [2025-01-18T09:16:13.064+0000] {dag.py:4180} INFO - Setting next_dagrun for dataset_s3_bucket_consumer to None, run_after=None
[2025-01-18T09:16:13.065+0000] {logging_mixin.py:190} INFO - [2025-01-18T09:16:13.065+0000] {dag.py:4180} INFO - Setting next_dagrun for dataset_s3_bucket_producer to None, run_after=None
[2025-01-18T09:16:13.083+0000] {processor.py:208} INFO - Processing /home/airflow/.local/lib/python3.12/site-packages/airflow/example_dags/example_dataset_alias.py took 0.839 seconds
[2025-01-18T09:16:44.053+0000] {processor.py:186} INFO - Started process (PID=588) to work on /home/airflow/.local/lib/python3.12/site-packages/airflow/example_dags/example_dataset_alias.py
[2025-01-18T09:16:44.054+0000] {processor.py:914} INFO - Processing file /home/airflow/.local/lib/python3.12/site-packages/airflow/example_dags/example_dataset_alias.py for tasks to queue
[2025-01-18T09:16:44.056+0000] {logging_mixin.py:190} INFO - [2025-01-18T09:16:44.055+0000] {dagbag.py:588} INFO - Filling up the DagBag from /home/airflow/.local/lib/python3.12/site-packages/airflow/example_dags/example_dataset_alias.py
[2025-01-18T09:16:44.659+0000] {processor.py:925} INFO - DAG(s) 'dataset_s3_bucket_producer', 'dataset_s3_bucket_consumer', 'dataset_alias_example_alias_consumer', 'dataset_alias_example_alias_producer' retrieved from /home/airflow/.local/lib/python3.12/site-packages/airflow/example_dags/example_dataset_alias.py
[2025-01-18T09:16:44.675+0000] {logging_mixin.py:190} INFO - [2025-01-18T09:16:44.674+0000] {dag.py:3239} INFO - Sync 4 DAGs
[2025-01-18T09:16:44.693+0000] {logging_mixin.py:190} INFO - [2025-01-18T09:16:44.692+0000] {dag.py:4180} INFO - Setting next_dagrun for dataset_alias_example_alias_consumer to None, run_after=None
[2025-01-18T09:16:44.695+0000] {logging_mixin.py:190} INFO - [2025-01-18T09:16:44.694+0000] {dag.py:4180} INFO - Setting next_dagrun for dataset_alias_example_alias_producer to None, run_after=None
[2025-01-18T09:16:44.696+0000] {logging_mixin.py:190} INFO - [2025-01-18T09:16:44.695+0000] {dag.py:4180} INFO - Setting next_dagrun for dataset_s3_bucket_consumer to None, run_after=None
[2025-01-18T09:16:44.696+0000] {logging_mixin.py:190} INFO - [2025-01-18T09:16:44.696+0000] {dag.py:4180} INFO - Setting next_dagrun for dataset_s3_bucket_producer to None, run_after=None
[2025-01-18T09:16:44.711+0000] {processor.py:208} INFO - Processing /home/airflow/.local/lib/python3.12/site-packages/airflow/example_dags/example_dataset_alias.py took 0.664 seconds
[2025-01-18T09:17:15.219+0000] {processor.py:186} INFO - Started process (PID=653) to work on /home/airflow/.local/lib/python3.12/site-packages/airflow/example_dags/example_dataset_alias.py
[2025-01-18T09:17:15.221+0000] {processor.py:914} INFO - Processing file /home/airflow/.local/lib/python3.12/site-packages/airflow/example_dags/example_dataset_alias.py for tasks to queue
[2025-01-18T09:17:15.223+0000] {logging_mixin.py:190} INFO - [2025-01-18T09:17:15.223+0000] {dagbag.py:588} INFO - Filling up the DagBag from /home/airflow/.local/lib/python3.12/site-packages/airflow/example_dags/example_dataset_alias.py
[2025-01-18T09:17:15.916+0000] {processor.py:925} INFO - DAG(s) 'dataset_alias_example_alias_consumer', 'dataset_s3_bucket_producer', 'dataset_s3_bucket_consumer', 'dataset_alias_example_alias_producer' retrieved from /home/airflow/.local/lib/python3.12/site-packages/airflow/example_dags/example_dataset_alias.py
[2025-01-18T09:17:15.932+0000] {logging_mixin.py:190} INFO - [2025-01-18T09:17:15.931+0000] {dag.py:3239} INFO - Sync 4 DAGs
[2025-01-18T09:17:15.949+0000] {logging_mixin.py:190} INFO - [2025-01-18T09:17:15.949+0000] {dag.py:4180} INFO - Setting next_dagrun for dataset_alias_example_alias_consumer to None, run_after=None
[2025-01-18T09:17:15.951+0000] {logging_mixin.py:190} INFO - [2025-01-18T09:17:15.951+0000] {dag.py:4180} INFO - Setting next_dagrun for dataset_alias_example_alias_producer to None, run_after=None
[2025-01-18T09:17:15.952+0000] {logging_mixin.py:190} INFO - [2025-01-18T09:17:15.952+0000] {dag.py:4180} INFO - Setting next_dagrun for dataset_s3_bucket_consumer to None, run_after=None
[2025-01-18T09:17:15.953+0000] {logging_mixin.py:190} INFO - [2025-01-18T09:17:15.953+0000] {dag.py:4180} INFO - Setting next_dagrun for dataset_s3_bucket_producer to None, run_after=None
[2025-01-18T09:17:15.968+0000] {processor.py:208} INFO - Processing /home/airflow/.local/lib/python3.12/site-packages/airflow/example_dags/example_dataset_alias.py took 0.757 seconds
[2025-01-18T09:17:46.955+0000] {processor.py:186} INFO - Started process (PID=725) to work on /home/airflow/.local/lib/python3.12/site-packages/airflow/example_dags/example_dataset_alias.py
[2025-01-18T09:17:46.956+0000] {processor.py:914} INFO - Processing file /home/airflow/.local/lib/python3.12/site-packages/airflow/example_dags/example_dataset_alias.py for tasks to queue
[2025-01-18T09:17:46.959+0000] {logging_mixin.py:190} INFO - [2025-01-18T09:17:46.958+0000] {dagbag.py:588} INFO - Filling up the DagBag from /home/airflow/.local/lib/python3.12/site-packages/airflow/example_dags/example_dataset_alias.py
[2025-01-18T09:17:47.849+0000] {processor.py:925} INFO - DAG(s) 'dataset_alias_example_alias_consumer', 'dataset_s3_bucket_consumer', 'dataset_s3_bucket_producer', 'dataset_alias_example_alias_producer' retrieved from /home/airflow/.local/lib/python3.12/site-packages/airflow/example_dags/example_dataset_alias.py
[2025-01-18T09:17:47.864+0000] {logging_mixin.py:190} INFO - [2025-01-18T09:17:47.864+0000] {dag.py:3239} INFO - Sync 4 DAGs
[2025-01-18T09:17:47.881+0000] {logging_mixin.py:190} INFO - [2025-01-18T09:17:47.881+0000] {dag.py:4180} INFO - Setting next_dagrun for dataset_alias_example_alias_consumer to None, run_after=None
[2025-01-18T09:17:47.883+0000] {logging_mixin.py:190} INFO - [2025-01-18T09:17:47.883+0000] {dag.py:4180} INFO - Setting next_dagrun for dataset_alias_example_alias_producer to None, run_after=None
[2025-01-18T09:17:47.885+0000] {logging_mixin.py:190} INFO - [2025-01-18T09:17:47.885+0000] {dag.py:4180} INFO - Setting next_dagrun for dataset_s3_bucket_consumer to None, run_after=None
[2025-01-18T09:17:47.886+0000] {logging_mixin.py:190} INFO - [2025-01-18T09:17:47.886+0000] {dag.py:4180} INFO - Setting next_dagrun for dataset_s3_bucket_producer to None, run_after=None
[2025-01-18T09:17:47.900+0000] {processor.py:208} INFO - Processing /home/airflow/.local/lib/python3.12/site-packages/airflow/example_dags/example_dataset_alias.py took 0.950 seconds
[2025-01-18T09:18:18.502+0000] {processor.py:186} INFO - Started process (PID=792) to work on /home/airflow/.local/lib/python3.12/site-packages/airflow/example_dags/example_dataset_alias.py
[2025-01-18T09:18:18.503+0000] {processor.py:914} INFO - Processing file /home/airflow/.local/lib/python3.12/site-packages/airflow/example_dags/example_dataset_alias.py for tasks to queue
[2025-01-18T09:18:18.505+0000] {logging_mixin.py:190} INFO - [2025-01-18T09:18:18.505+0000] {dagbag.py:588} INFO - Filling up the DagBag from /home/airflow/.local/lib/python3.12/site-packages/airflow/example_dags/example_dataset_alias.py
[2025-01-18T09:18:19.235+0000] {processor.py:925} INFO - DAG(s) 'dataset_s3_bucket_producer', 'dataset_alias_example_alias_producer', 'dataset_alias_example_alias_consumer', 'dataset_s3_bucket_consumer' retrieved from /home/airflow/.local/lib/python3.12/site-packages/airflow/example_dags/example_dataset_alias.py
[2025-01-18T09:18:19.251+0000] {logging_mixin.py:190} INFO - [2025-01-18T09:18:19.250+0000] {dag.py:3239} INFO - Sync 4 DAGs
[2025-01-18T09:18:19.268+0000] {logging_mixin.py:190} INFO - [2025-01-18T09:18:19.268+0000] {dag.py:4180} INFO - Setting next_dagrun for dataset_alias_example_alias_consumer to None, run_after=None
[2025-01-18T09:18:19.270+0000] {logging_mixin.py:190} INFO - [2025-01-18T09:18:19.270+0000] {dag.py:4180} INFO - Setting next_dagrun for dataset_alias_example_alias_producer to None, run_after=None
[2025-01-18T09:18:19.272+0000] {logging_mixin.py:190} INFO - [2025-01-18T09:18:19.272+0000] {dag.py:4180} INFO - Setting next_dagrun for dataset_s3_bucket_consumer to None, run_after=None
[2025-01-18T09:18:19.273+0000] {logging_mixin.py:190} INFO - [2025-01-18T09:18:19.273+0000] {dag.py:4180} INFO - Setting next_dagrun for dataset_s3_bucket_producer to None, run_after=None
[2025-01-18T09:18:19.288+0000] {processor.py:208} INFO - Processing /home/airflow/.local/lib/python3.12/site-packages/airflow/example_dags/example_dataset_alias.py took 0.791 seconds
[2025-01-18T09:18:50.158+0000] {processor.py:186} INFO - Started process (PID=857) to work on /home/airflow/.local/lib/python3.12/site-packages/airflow/example_dags/example_dataset_alias.py
[2025-01-18T09:18:50.165+0000] {processor.py:914} INFO - Processing file /home/airflow/.local/lib/python3.12/site-packages/airflow/example_dags/example_dataset_alias.py for tasks to queue
[2025-01-18T09:18:50.167+0000] {logging_mixin.py:190} INFO - [2025-01-18T09:18:50.167+0000] {dagbag.py:588} INFO - Filling up the DagBag from /home/airflow/.local/lib/python3.12/site-packages/airflow/example_dags/example_dataset_alias.py
[2025-01-18T09:18:52.529+0000] {processor.py:925} INFO - DAG(s) 'dataset_alias_example_alias_consumer', 'dataset_alias_example_alias_producer', 'dataset_s3_bucket_producer', 'dataset_s3_bucket_consumer' retrieved from /home/airflow/.local/lib/python3.12/site-packages/airflow/example_dags/example_dataset_alias.py
[2025-01-18T09:18:52.675+0000] {logging_mixin.py:190} INFO - [2025-01-18T09:18:52.674+0000] {dag.py:3239} INFO - Sync 4 DAGs
[2025-01-18T09:18:52.780+0000] {logging_mixin.py:190} INFO - [2025-01-18T09:18:52.780+0000] {dag.py:4180} INFO - Setting next_dagrun for dataset_alias_example_alias_consumer to None, run_after=None
[2025-01-18T09:18:52.793+0000] {logging_mixin.py:190} INFO - [2025-01-18T09:18:52.792+0000] {dag.py:4180} INFO - Setting next_dagrun for dataset_alias_example_alias_producer to None, run_after=None
[2025-01-18T09:18:52.798+0000] {logging_mixin.py:190} INFO - [2025-01-18T09:18:52.797+0000] {dag.py:4180} INFO - Setting next_dagrun for dataset_s3_bucket_consumer to None, run_after=None
[2025-01-18T09:18:52.805+0000] {logging_mixin.py:190} INFO - [2025-01-18T09:18:52.805+0000] {dag.py:4180} INFO - Setting next_dagrun for dataset_s3_bucket_producer to None, run_after=None
[2025-01-18T09:18:52.881+0000] {processor.py:208} INFO - Processing /home/airflow/.local/lib/python3.12/site-packages/airflow/example_dags/example_dataset_alias.py took 2.733 seconds
[2025-01-18T09:19:23.246+0000] {processor.py:186} INFO - Started process (PID=926) to work on /home/airflow/.local/lib/python3.12/site-packages/airflow/example_dags/example_dataset_alias.py
[2025-01-18T09:19:23.246+0000] {processor.py:914} INFO - Processing file /home/airflow/.local/lib/python3.12/site-packages/airflow/example_dags/example_dataset_alias.py for tasks to queue
[2025-01-18T09:19:23.249+0000] {logging_mixin.py:190} INFO - [2025-01-18T09:19:23.248+0000] {dagbag.py:588} INFO - Filling up the DagBag from /home/airflow/.local/lib/python3.12/site-packages/airflow/example_dags/example_dataset_alias.py
[2025-01-18T09:19:24.451+0000] {processor.py:925} INFO - DAG(s) 'dataset_s3_bucket_consumer', 'dataset_alias_example_alias_producer', 'dataset_s3_bucket_producer', 'dataset_alias_example_alias_consumer' retrieved from /home/airflow/.local/lib/python3.12/site-packages/airflow/example_dags/example_dataset_alias.py
[2025-01-18T09:19:24.518+0000] {logging_mixin.py:190} INFO - [2025-01-18T09:19:24.517+0000] {dag.py:3239} INFO - Sync 4 DAGs
[2025-01-18T09:19:24.571+0000] {logging_mixin.py:190} INFO - [2025-01-18T09:19:24.570+0000] {dag.py:4180} INFO - Setting next_dagrun for dataset_alias_example_alias_consumer to None, run_after=None
[2025-01-18T09:19:24.582+0000] {logging_mixin.py:190} INFO - [2025-01-18T09:19:24.581+0000] {dag.py:4180} INFO - Setting next_dagrun for dataset_alias_example_alias_producer to None, run_after=None
[2025-01-18T09:19:24.583+0000] {logging_mixin.py:190} INFO - [2025-01-18T09:19:24.583+0000] {dag.py:4180} INFO - Setting next_dagrun for dataset_s3_bucket_consumer to None, run_after=None
[2025-01-18T09:19:24.585+0000] {logging_mixin.py:190} INFO - [2025-01-18T09:19:24.585+0000] {dag.py:4180} INFO - Setting next_dagrun for dataset_s3_bucket_producer to None, run_after=None
[2025-01-18T09:19:24.646+0000] {processor.py:208} INFO - Processing /home/airflow/.local/lib/python3.12/site-packages/airflow/example_dags/example_dataset_alias.py took 1.406 seconds
[2025-01-18T09:19:55.022+0000] {processor.py:186} INFO - Started process (PID=991) to work on /home/airflow/.local/lib/python3.12/site-packages/airflow/example_dags/example_dataset_alias.py
[2025-01-18T09:19:55.023+0000] {processor.py:914} INFO - Processing file /home/airflow/.local/lib/python3.12/site-packages/airflow/example_dags/example_dataset_alias.py for tasks to queue
[2025-01-18T09:19:55.025+0000] {logging_mixin.py:190} INFO - [2025-01-18T09:19:55.025+0000] {dagbag.py:588} INFO - Filling up the DagBag from /home/airflow/.local/lib/python3.12/site-packages/airflow/example_dags/example_dataset_alias.py
[2025-01-18T09:19:55.727+0000] {processor.py:925} INFO - DAG(s) 'dataset_s3_bucket_consumer', 'dataset_s3_bucket_producer', 'dataset_alias_example_alias_consumer', 'dataset_alias_example_alias_producer' retrieved from /home/airflow/.local/lib/python3.12/site-packages/airflow/example_dags/example_dataset_alias.py
[2025-01-18T09:19:55.744+0000] {logging_mixin.py:190} INFO - [2025-01-18T09:19:55.743+0000] {dag.py:3239} INFO - Sync 4 DAGs
[2025-01-18T09:19:55.761+0000] {logging_mixin.py:190} INFO - [2025-01-18T09:19:55.760+0000] {dag.py:4180} INFO - Setting next_dagrun for dataset_alias_example_alias_consumer to None, run_after=None
[2025-01-18T09:19:55.762+0000] {logging_mixin.py:190} INFO - [2025-01-18T09:19:55.762+0000] {dag.py:4180} INFO - Setting next_dagrun for dataset_alias_example_alias_producer to None, run_after=None
[2025-01-18T09:19:55.763+0000] {logging_mixin.py:190} INFO - [2025-01-18T09:19:55.763+0000] {dag.py:4180} INFO - Setting next_dagrun for dataset_s3_bucket_consumer to None, run_after=None
[2025-01-18T09:19:55.764+0000] {logging_mixin.py:190} INFO - [2025-01-18T09:19:55.764+0000] {dag.py:4180} INFO - Setting next_dagrun for dataset_s3_bucket_producer to None, run_after=None
[2025-01-18T09:19:55.781+0000] {processor.py:208} INFO - Processing /home/airflow/.local/lib/python3.12/site-packages/airflow/example_dags/example_dataset_alias.py took 0.764 seconds
[2025-01-18T09:20:25.937+0000] {processor.py:186} INFO - Started process (PID=1054) to work on /home/airflow/.local/lib/python3.12/site-packages/airflow/example_dags/example_dataset_alias.py
[2025-01-18T09:20:25.938+0000] {processor.py:914} INFO - Processing file /home/airflow/.local/lib/python3.12/site-packages/airflow/example_dags/example_dataset_alias.py for tasks to queue
[2025-01-18T09:20:25.940+0000] {logging_mixin.py:190} INFO - [2025-01-18T09:20:25.939+0000] {dagbag.py:588} INFO - Filling up the DagBag from /home/airflow/.local/lib/python3.12/site-packages/airflow/example_dags/example_dataset_alias.py
[2025-01-18T09:20:26.573+0000] {processor.py:925} INFO - DAG(s) 'dataset_s3_bucket_consumer', 'dataset_alias_example_alias_producer', 'dataset_s3_bucket_producer', 'dataset_alias_example_alias_consumer' retrieved from /home/airflow/.local/lib/python3.12/site-packages/airflow/example_dags/example_dataset_alias.py
[2025-01-18T09:20:26.596+0000] {logging_mixin.py:190} INFO - [2025-01-18T09:20:26.595+0000] {dag.py:3239} INFO - Sync 4 DAGs
[2025-01-18T09:20:26.623+0000] {logging_mixin.py:190} INFO - [2025-01-18T09:20:26.623+0000] {dag.py:4180} INFO - Setting next_dagrun for dataset_alias_example_alias_consumer to None, run_after=None
[2025-01-18T09:20:26.626+0000] {logging_mixin.py:190} INFO - [2025-01-18T09:20:26.625+0000] {dag.py:4180} INFO - Setting next_dagrun for dataset_alias_example_alias_producer to None, run_after=None
[2025-01-18T09:20:26.627+0000] {logging_mixin.py:190} INFO - [2025-01-18T09:20:26.627+0000] {dag.py:4180} INFO - Setting next_dagrun for dataset_s3_bucket_consumer to None, run_after=None
[2025-01-18T09:20:26.628+0000] {logging_mixin.py:190} INFO - [2025-01-18T09:20:26.628+0000] {dag.py:4180} INFO - Setting next_dagrun for dataset_s3_bucket_producer to None, run_after=None
[2025-01-18T09:20:26.649+0000] {processor.py:208} INFO - Processing /home/airflow/.local/lib/python3.12/site-packages/airflow/example_dags/example_dataset_alias.py took 0.717 seconds
[2025-01-18T09:20:56.825+0000] {processor.py:186} INFO - Started process (PID=1118) to work on /home/airflow/.local/lib/python3.12/site-packages/airflow/example_dags/example_dataset_alias.py
[2025-01-18T09:20:56.825+0000] {processor.py:914} INFO - Processing file /home/airflow/.local/lib/python3.12/site-packages/airflow/example_dags/example_dataset_alias.py for tasks to queue
[2025-01-18T09:20:56.827+0000] {logging_mixin.py:190} INFO - [2025-01-18T09:20:56.827+0000] {dagbag.py:588} INFO - Filling up the DagBag from /home/airflow/.local/lib/python3.12/site-packages/airflow/example_dags/example_dataset_alias.py
[2025-01-18T09:20:57.511+0000] {processor.py:925} INFO - DAG(s) 'dataset_s3_bucket_producer', 'dataset_alias_example_alias_producer', 'dataset_s3_bucket_consumer', 'dataset_alias_example_alias_consumer' retrieved from /home/airflow/.local/lib/python3.12/site-packages/airflow/example_dags/example_dataset_alias.py
[2025-01-18T09:20:57.527+0000] {logging_mixin.py:190} INFO - [2025-01-18T09:20:57.526+0000] {dag.py:3239} INFO - Sync 4 DAGs
[2025-01-18T09:20:57.544+0000] {logging_mixin.py:190} INFO - [2025-01-18T09:20:57.544+0000] {dag.py:4180} INFO - Setting next_dagrun for dataset_alias_example_alias_consumer to None, run_after=None
[2025-01-18T09:20:57.546+0000] {logging_mixin.py:190} INFO - [2025-01-18T09:20:57.546+0000] {dag.py:4180} INFO - Setting next_dagrun for dataset_alias_example_alias_producer to None, run_after=None
[2025-01-18T09:20:57.547+0000] {logging_mixin.py:190} INFO - [2025-01-18T09:20:57.547+0000] {dag.py:4180} INFO - Setting next_dagrun for dataset_s3_bucket_consumer to None, run_after=None
[2025-01-18T09:20:57.548+0000] {logging_mixin.py:190} INFO - [2025-01-18T09:20:57.548+0000] {dag.py:4180} INFO - Setting next_dagrun for dataset_s3_bucket_producer to None, run_after=None
[2025-01-18T09:20:57.563+0000] {processor.py:208} INFO - Processing /home/airflow/.local/lib/python3.12/site-packages/airflow/example_dags/example_dataset_alias.py took 0.744 seconds
