[2025-01-18T09:12:56.316+0000] {processor.py:186} INFO - Started process (PID=125) to work on /home/airflow/.local/lib/python3.12/site-packages/airflow/example_dags/example_python_operator.py
[2025-01-18T09:12:56.331+0000] {processor.py:914} INFO - Processing file /home/airflow/.local/lib/python3.12/site-packages/airflow/example_dags/example_python_operator.py for tasks to queue
[2025-01-18T09:12:56.347+0000] {logging_mixin.py:190} INFO - [2025-01-18T09:12:56.346+0000] {dagbag.py:588} INFO - Filling up the DagBag from /home/airflow/.local/lib/python3.12/site-packages/airflow/example_dags/example_python_operator.py
[2025-01-18T09:12:56.379+0000] {processor.py:925} INFO - DAG(s) 'example_python_operator' retrieved from /home/airflow/.local/lib/python3.12/site-packages/airflow/example_dags/example_python_operator.py
[2025-01-18T09:12:56.779+0000] {logging_mixin.py:190} INFO - [2025-01-18T09:12:56.778+0000] {override.py:1911} INFO - Created Permission View: can edit on DAG:example_python_operator
[2025-01-18T09:12:56.814+0000] {logging_mixin.py:190} INFO - [2025-01-18T09:12:56.813+0000] {override.py:1911} INFO - Created Permission View: can read on DAG:example_python_operator
[2025-01-18T09:12:56.835+0000] {logging_mixin.py:190} INFO - [2025-01-18T09:12:56.834+0000] {override.py:1911} INFO - Created Permission View: can delete on DAG:example_python_operator
[2025-01-18T09:12:56.888+0000] {logging_mixin.py:190} INFO - [2025-01-18T09:12:56.887+0000] {override.py:1911} INFO - Created Permission View: can create on DAG Run:example_python_operator
[2025-01-18T09:12:56.913+0000] {logging_mixin.py:190} INFO - [2025-01-18T09:12:56.913+0000] {override.py:1911} INFO - Created Permission View: menu access on DAG Run:example_python_operator
[2025-01-18T09:12:56.941+0000] {logging_mixin.py:190} INFO - [2025-01-18T09:12:56.940+0000] {override.py:1911} INFO - Created Permission View: can read on DAG Run:example_python_operator
[2025-01-18T09:12:56.962+0000] {logging_mixin.py:190} INFO - [2025-01-18T09:12:56.962+0000] {override.py:1911} INFO - Created Permission View: can delete on DAG Run:example_python_operator
[2025-01-18T09:12:56.963+0000] {logging_mixin.py:190} INFO - [2025-01-18T09:12:56.963+0000] {dag.py:3239} INFO - Sync 1 DAGs
[2025-01-18T09:12:57.036+0000] {logging_mixin.py:190} INFO - [2025-01-18T09:12:57.036+0000] {dag.py:3262} INFO - Creating ORM DAG for example_python_operator
[2025-01-18T09:12:57.046+0000] {logging_mixin.py:190} INFO - [2025-01-18T09:12:57.046+0000] {dag.py:4180} INFO - Setting next_dagrun for example_python_operator to None, run_after=None
[2025-01-18T09:12:57.148+0000] {processor.py:208} INFO - Processing /home/airflow/.local/lib/python3.12/site-packages/airflow/example_dags/example_python_operator.py took 0.858 seconds
[2025-01-18T09:13:27.845+0000] {processor.py:186} INFO - Started process (PID=188) to work on /home/airflow/.local/lib/python3.12/site-packages/airflow/example_dags/example_python_operator.py
[2025-01-18T09:13:27.846+0000] {processor.py:914} INFO - Processing file /home/airflow/.local/lib/python3.12/site-packages/airflow/example_dags/example_python_operator.py for tasks to queue
[2025-01-18T09:13:27.848+0000] {logging_mixin.py:190} INFO - [2025-01-18T09:13:27.848+0000] {dagbag.py:588} INFO - Filling up the DagBag from /home/airflow/.local/lib/python3.12/site-packages/airflow/example_dags/example_python_operator.py
[2025-01-18T09:13:27.860+0000] {processor.py:925} INFO - DAG(s) 'example_python_operator' retrieved from /home/airflow/.local/lib/python3.12/site-packages/airflow/example_dags/example_python_operator.py
[2025-01-18T09:13:27.884+0000] {logging_mixin.py:190} INFO - [2025-01-18T09:13:27.884+0000] {dag.py:3239} INFO - Sync 1 DAGs
[2025-01-18T09:13:27.900+0000] {logging_mixin.py:190} INFO - [2025-01-18T09:13:27.900+0000] {dag.py:4180} INFO - Setting next_dagrun for example_python_operator to None, run_after=None
[2025-01-18T09:13:27.917+0000] {processor.py:208} INFO - Processing /home/airflow/.local/lib/python3.12/site-packages/airflow/example_dags/example_python_operator.py took 0.077 seconds
[2025-01-18T09:13:58.553+0000] {processor.py:186} INFO - Started process (PID=251) to work on /home/airflow/.local/lib/python3.12/site-packages/airflow/example_dags/example_python_operator.py
[2025-01-18T09:13:58.554+0000] {processor.py:914} INFO - Processing file /home/airflow/.local/lib/python3.12/site-packages/airflow/example_dags/example_python_operator.py for tasks to queue
[2025-01-18T09:13:58.555+0000] {logging_mixin.py:190} INFO - [2025-01-18T09:13:58.555+0000] {dagbag.py:588} INFO - Filling up the DagBag from /home/airflow/.local/lib/python3.12/site-packages/airflow/example_dags/example_python_operator.py
[2025-01-18T09:13:58.568+0000] {processor.py:925} INFO - DAG(s) 'example_python_operator' retrieved from /home/airflow/.local/lib/python3.12/site-packages/airflow/example_dags/example_python_operator.py
[2025-01-18T09:13:58.592+0000] {logging_mixin.py:190} INFO - [2025-01-18T09:13:58.592+0000] {dag.py:3239} INFO - Sync 1 DAGs
[2025-01-18T09:13:58.608+0000] {logging_mixin.py:190} INFO - [2025-01-18T09:13:58.608+0000] {dag.py:4180} INFO - Setting next_dagrun for example_python_operator to None, run_after=None
[2025-01-18T09:13:58.630+0000] {processor.py:208} INFO - Processing /home/airflow/.local/lib/python3.12/site-packages/airflow/example_dags/example_python_operator.py took 0.082 seconds
[2025-01-18T09:14:29.074+0000] {processor.py:186} INFO - Started process (PID=315) to work on /home/airflow/.local/lib/python3.12/site-packages/airflow/example_dags/example_python_operator.py
[2025-01-18T09:14:29.075+0000] {processor.py:914} INFO - Processing file /home/airflow/.local/lib/python3.12/site-packages/airflow/example_dags/example_python_operator.py for tasks to queue
[2025-01-18T09:14:29.077+0000] {logging_mixin.py:190} INFO - [2025-01-18T09:14:29.077+0000] {dagbag.py:588} INFO - Filling up the DagBag from /home/airflow/.local/lib/python3.12/site-packages/airflow/example_dags/example_python_operator.py
[2025-01-18T09:14:29.090+0000] {processor.py:925} INFO - DAG(s) 'example_python_operator' retrieved from /home/airflow/.local/lib/python3.12/site-packages/airflow/example_dags/example_python_operator.py
[2025-01-18T09:14:29.113+0000] {logging_mixin.py:190} INFO - [2025-01-18T09:14:29.113+0000] {dag.py:3239} INFO - Sync 1 DAGs
[2025-01-18T09:14:29.129+0000] {logging_mixin.py:190} INFO - [2025-01-18T09:14:29.129+0000] {dag.py:4180} INFO - Setting next_dagrun for example_python_operator to None, run_after=None
[2025-01-18T09:14:29.146+0000] {processor.py:208} INFO - Processing /home/airflow/.local/lib/python3.12/site-packages/airflow/example_dags/example_python_operator.py took 0.077 seconds
[2025-01-18T09:14:59.302+0000] {processor.py:186} INFO - Started process (PID=378) to work on /home/airflow/.local/lib/python3.12/site-packages/airflow/example_dags/example_python_operator.py
[2025-01-18T09:14:59.303+0000] {processor.py:914} INFO - Processing file /home/airflow/.local/lib/python3.12/site-packages/airflow/example_dags/example_python_operator.py for tasks to queue
[2025-01-18T09:14:59.305+0000] {logging_mixin.py:190} INFO - [2025-01-18T09:14:59.305+0000] {dagbag.py:588} INFO - Filling up the DagBag from /home/airflow/.local/lib/python3.12/site-packages/airflow/example_dags/example_python_operator.py
[2025-01-18T09:14:59.318+0000] {processor.py:925} INFO - DAG(s) 'example_python_operator' retrieved from /home/airflow/.local/lib/python3.12/site-packages/airflow/example_dags/example_python_operator.py
[2025-01-18T09:14:59.343+0000] {logging_mixin.py:190} INFO - [2025-01-18T09:14:59.343+0000] {dag.py:3239} INFO - Sync 1 DAGs
[2025-01-18T09:14:59.359+0000] {logging_mixin.py:190} INFO - [2025-01-18T09:14:59.359+0000] {dag.py:4180} INFO - Setting next_dagrun for example_python_operator to None, run_after=None
[2025-01-18T09:14:59.377+0000] {processor.py:208} INFO - Processing /home/airflow/.local/lib/python3.12/site-packages/airflow/example_dags/example_python_operator.py took 0.080 seconds
[2025-01-18T09:15:29.779+0000] {processor.py:186} INFO - Started process (PID=441) to work on /home/airflow/.local/lib/python3.12/site-packages/airflow/example_dags/example_python_operator.py
[2025-01-18T09:15:29.780+0000] {processor.py:914} INFO - Processing file /home/airflow/.local/lib/python3.12/site-packages/airflow/example_dags/example_python_operator.py for tasks to queue
[2025-01-18T09:15:29.782+0000] {logging_mixin.py:190} INFO - [2025-01-18T09:15:29.782+0000] {dagbag.py:588} INFO - Filling up the DagBag from /home/airflow/.local/lib/python3.12/site-packages/airflow/example_dags/example_python_operator.py
[2025-01-18T09:15:29.796+0000] {processor.py:925} INFO - DAG(s) 'example_python_operator' retrieved from /home/airflow/.local/lib/python3.12/site-packages/airflow/example_dags/example_python_operator.py
[2025-01-18T09:15:29.837+0000] {logging_mixin.py:190} INFO - [2025-01-18T09:15:29.837+0000] {dag.py:3239} INFO - Sync 1 DAGs
[2025-01-18T09:15:29.853+0000] {logging_mixin.py:190} INFO - [2025-01-18T09:15:29.853+0000] {dag.py:4180} INFO - Setting next_dagrun for example_python_operator to None, run_after=None
[2025-01-18T09:15:29.910+0000] {processor.py:208} INFO - Processing /home/airflow/.local/lib/python3.12/site-packages/airflow/example_dags/example_python_operator.py took 0.136 seconds
[2025-01-18T09:16:00.157+0000] {processor.py:186} INFO - Started process (PID=505) to work on /home/airflow/.local/lib/python3.12/site-packages/airflow/example_dags/example_python_operator.py
[2025-01-18T09:16:00.158+0000] {processor.py:914} INFO - Processing file /home/airflow/.local/lib/python3.12/site-packages/airflow/example_dags/example_python_operator.py for tasks to queue
[2025-01-18T09:16:00.163+0000] {logging_mixin.py:190} INFO - [2025-01-18T09:16:00.163+0000] {dagbag.py:588} INFO - Filling up the DagBag from /home/airflow/.local/lib/python3.12/site-packages/airflow/example_dags/example_python_operator.py
[2025-01-18T09:16:00.199+0000] {processor.py:925} INFO - DAG(s) 'example_python_operator' retrieved from /home/airflow/.local/lib/python3.12/site-packages/airflow/example_dags/example_python_operator.py
[2025-01-18T09:16:00.245+0000] {logging_mixin.py:190} INFO - [2025-01-18T09:16:00.245+0000] {dag.py:3239} INFO - Sync 1 DAGs
[2025-01-18T09:16:00.260+0000] {logging_mixin.py:190} INFO - [2025-01-18T09:16:00.260+0000] {dag.py:4180} INFO - Setting next_dagrun for example_python_operator to None, run_after=None
[2025-01-18T09:16:00.296+0000] {processor.py:208} INFO - Processing /home/airflow/.local/lib/python3.12/site-packages/airflow/example_dags/example_python_operator.py took 0.161 seconds
[2025-01-18T09:16:32.611+0000] {processor.py:186} INFO - Started process (PID=566) to work on /home/airflow/.local/lib/python3.12/site-packages/airflow/example_dags/example_python_operator.py
[2025-01-18T09:16:32.625+0000] {processor.py:914} INFO - Processing file /home/airflow/.local/lib/python3.12/site-packages/airflow/example_dags/example_python_operator.py for tasks to queue
[2025-01-18T09:16:32.632+0000] {logging_mixin.py:190} INFO - [2025-01-18T09:16:32.632+0000] {dagbag.py:588} INFO - Filling up the DagBag from /home/airflow/.local/lib/python3.12/site-packages/airflow/example_dags/example_python_operator.py
[2025-01-18T09:16:32.675+0000] {processor.py:925} INFO - DAG(s) 'example_python_operator' retrieved from /home/airflow/.local/lib/python3.12/site-packages/airflow/example_dags/example_python_operator.py
[2025-01-18T09:16:32.744+0000] {logging_mixin.py:190} INFO - [2025-01-18T09:16:32.744+0000] {dag.py:3239} INFO - Sync 1 DAGs
[2025-01-18T09:16:32.795+0000] {logging_mixin.py:190} INFO - [2025-01-18T09:16:32.795+0000] {dag.py:4180} INFO - Setting next_dagrun for example_python_operator to None, run_after=None
[2025-01-18T09:16:32.833+0000] {processor.py:208} INFO - Processing /home/airflow/.local/lib/python3.12/site-packages/airflow/example_dags/example_python_operator.py took 0.241 seconds
[2025-01-18T09:17:04.219+0000] {processor.py:186} INFO - Started process (PID=631) to work on /home/airflow/.local/lib/python3.12/site-packages/airflow/example_dags/example_python_operator.py
[2025-01-18T09:17:04.225+0000] {processor.py:914} INFO - Processing file /home/airflow/.local/lib/python3.12/site-packages/airflow/example_dags/example_python_operator.py for tasks to queue
[2025-01-18T09:17:04.228+0000] {logging_mixin.py:190} INFO - [2025-01-18T09:17:04.227+0000] {dagbag.py:588} INFO - Filling up the DagBag from /home/airflow/.local/lib/python3.12/site-packages/airflow/example_dags/example_python_operator.py
[2025-01-18T09:17:04.257+0000] {processor.py:925} INFO - DAG(s) 'example_python_operator' retrieved from /home/airflow/.local/lib/python3.12/site-packages/airflow/example_dags/example_python_operator.py
[2025-01-18T09:17:04.318+0000] {logging_mixin.py:190} INFO - [2025-01-18T09:17:04.318+0000] {dag.py:3239} INFO - Sync 1 DAGs
[2025-01-18T09:17:04.350+0000] {logging_mixin.py:190} INFO - [2025-01-18T09:17:04.350+0000] {dag.py:4180} INFO - Setting next_dagrun for example_python_operator to None, run_after=None
[2025-01-18T09:17:04.445+0000] {processor.py:208} INFO - Processing /home/airflow/.local/lib/python3.12/site-packages/airflow/example_dags/example_python_operator.py took 0.241 seconds
[2025-01-18T09:17:34.606+0000] {processor.py:186} INFO - Started process (PID=693) to work on /home/airflow/.local/lib/python3.12/site-packages/airflow/example_dags/example_python_operator.py
[2025-01-18T09:17:34.607+0000] {processor.py:914} INFO - Processing file /home/airflow/.local/lib/python3.12/site-packages/airflow/example_dags/example_python_operator.py for tasks to queue
[2025-01-18T09:17:34.609+0000] {logging_mixin.py:190} INFO - [2025-01-18T09:17:34.609+0000] {dagbag.py:588} INFO - Filling up the DagBag from /home/airflow/.local/lib/python3.12/site-packages/airflow/example_dags/example_python_operator.py
[2025-01-18T09:17:34.652+0000] {processor.py:925} INFO - DAG(s) 'example_python_operator' retrieved from /home/airflow/.local/lib/python3.12/site-packages/airflow/example_dags/example_python_operator.py
[2025-01-18T09:17:34.690+0000] {logging_mixin.py:190} INFO - [2025-01-18T09:17:34.690+0000] {dag.py:3239} INFO - Sync 1 DAGs
[2025-01-18T09:17:34.705+0000] {logging_mixin.py:190} INFO - [2025-01-18T09:17:34.705+0000] {dag.py:4180} INFO - Setting next_dagrun for example_python_operator to None, run_after=None
[2025-01-18T09:17:34.734+0000] {processor.py:208} INFO - Processing /home/airflow/.local/lib/python3.12/site-packages/airflow/example_dags/example_python_operator.py took 0.135 seconds
[2025-01-18T09:18:05.461+0000] {processor.py:186} INFO - Started process (PID=757) to work on /home/airflow/.local/lib/python3.12/site-packages/airflow/example_dags/example_python_operator.py
[2025-01-18T09:18:05.465+0000] {processor.py:914} INFO - Processing file /home/airflow/.local/lib/python3.12/site-packages/airflow/example_dags/example_python_operator.py for tasks to queue
[2025-01-18T09:18:05.477+0000] {logging_mixin.py:190} INFO - [2025-01-18T09:18:05.476+0000] {dagbag.py:588} INFO - Filling up the DagBag from /home/airflow/.local/lib/python3.12/site-packages/airflow/example_dags/example_python_operator.py
[2025-01-18T09:18:05.508+0000] {processor.py:925} INFO - DAG(s) 'example_python_operator' retrieved from /home/airflow/.local/lib/python3.12/site-packages/airflow/example_dags/example_python_operator.py
[2025-01-18T09:18:05.545+0000] {logging_mixin.py:190} INFO - [2025-01-18T09:18:05.545+0000] {dag.py:3239} INFO - Sync 1 DAGs
[2025-01-18T09:18:05.565+0000] {logging_mixin.py:190} INFO - [2025-01-18T09:18:05.564+0000] {dag.py:4180} INFO - Setting next_dagrun for example_python_operator to None, run_after=None
[2025-01-18T09:18:05.585+0000] {processor.py:208} INFO - Processing /home/airflow/.local/lib/python3.12/site-packages/airflow/example_dags/example_python_operator.py took 0.130 seconds
[2025-01-18T09:18:36.904+0000] {processor.py:186} INFO - Started process (PID=825) to work on /home/airflow/.local/lib/python3.12/site-packages/airflow/example_dags/example_python_operator.py
[2025-01-18T09:18:36.905+0000] {processor.py:914} INFO - Processing file /home/airflow/.local/lib/python3.12/site-packages/airflow/example_dags/example_python_operator.py for tasks to queue
[2025-01-18T09:18:36.907+0000] {logging_mixin.py:190} INFO - [2025-01-18T09:18:36.906+0000] {dagbag.py:588} INFO - Filling up the DagBag from /home/airflow/.local/lib/python3.12/site-packages/airflow/example_dags/example_python_operator.py
[2025-01-18T09:18:36.919+0000] {processor.py:925} INFO - DAG(s) 'example_python_operator' retrieved from /home/airflow/.local/lib/python3.12/site-packages/airflow/example_dags/example_python_operator.py
[2025-01-18T09:18:36.944+0000] {logging_mixin.py:190} INFO - [2025-01-18T09:18:36.943+0000] {dag.py:3239} INFO - Sync 1 DAGs
[2025-01-18T09:18:36.959+0000] {logging_mixin.py:190} INFO - [2025-01-18T09:18:36.959+0000] {dag.py:4180} INFO - Setting next_dagrun for example_python_operator to None, run_after=None
[2025-01-18T09:18:36.982+0000] {processor.py:208} INFO - Processing /home/airflow/.local/lib/python3.12/site-packages/airflow/example_dags/example_python_operator.py took 0.084 seconds
[2025-01-18T09:19:07.073+0000] {processor.py:186} INFO - Started process (PID=887) to work on /home/airflow/.local/lib/python3.12/site-packages/airflow/example_dags/example_python_operator.py
[2025-01-18T09:19:07.078+0000] {processor.py:914} INFO - Processing file /home/airflow/.local/lib/python3.12/site-packages/airflow/example_dags/example_python_operator.py for tasks to queue
[2025-01-18T09:19:07.080+0000] {logging_mixin.py:190} INFO - [2025-01-18T09:19:07.080+0000] {dagbag.py:588} INFO - Filling up the DagBag from /home/airflow/.local/lib/python3.12/site-packages/airflow/example_dags/example_python_operator.py
[2025-01-18T09:19:07.115+0000] {processor.py:925} INFO - DAG(s) 'example_python_operator' retrieved from /home/airflow/.local/lib/python3.12/site-packages/airflow/example_dags/example_python_operator.py
[2025-01-18T09:19:07.153+0000] {logging_mixin.py:190} INFO - [2025-01-18T09:19:07.149+0000] {dag.py:3239} INFO - Sync 1 DAGs
[2025-01-18T09:19:07.180+0000] {logging_mixin.py:190} INFO - [2025-01-18T09:19:07.180+0000] {dag.py:4180} INFO - Setting next_dagrun for example_python_operator to None, run_after=None
[2025-01-18T09:19:07.228+0000] {processor.py:208} INFO - Processing /home/airflow/.local/lib/python3.12/site-packages/airflow/example_dags/example_python_operator.py took 0.161 seconds
[2025-01-18T09:19:37.326+0000] {processor.py:186} INFO - Started process (PID=951) to work on /home/airflow/.local/lib/python3.12/site-packages/airflow/example_dags/example_python_operator.py
[2025-01-18T09:19:37.327+0000] {processor.py:914} INFO - Processing file /home/airflow/.local/lib/python3.12/site-packages/airflow/example_dags/example_python_operator.py for tasks to queue
[2025-01-18T09:19:37.329+0000] {logging_mixin.py:190} INFO - [2025-01-18T09:19:37.329+0000] {dagbag.py:588} INFO - Filling up the DagBag from /home/airflow/.local/lib/python3.12/site-packages/airflow/example_dags/example_python_operator.py
[2025-01-18T09:19:37.339+0000] {processor.py:925} INFO - DAG(s) 'example_python_operator' retrieved from /home/airflow/.local/lib/python3.12/site-packages/airflow/example_dags/example_python_operator.py
[2025-01-18T09:19:37.358+0000] {logging_mixin.py:190} INFO - [2025-01-18T09:19:37.358+0000] {dag.py:3239} INFO - Sync 1 DAGs
[2025-01-18T09:19:37.372+0000] {logging_mixin.py:190} INFO - [2025-01-18T09:19:37.372+0000] {dag.py:4180} INFO - Setting next_dagrun for example_python_operator to None, run_after=None
[2025-01-18T09:19:37.385+0000] {processor.py:208} INFO - Processing /home/airflow/.local/lib/python3.12/site-packages/airflow/example_dags/example_python_operator.py took 0.063 seconds
[2025-01-18T09:20:08.163+0000] {processor.py:186} INFO - Started process (PID=1015) to work on /home/airflow/.local/lib/python3.12/site-packages/airflow/example_dags/example_python_operator.py
[2025-01-18T09:20:08.164+0000] {processor.py:914} INFO - Processing file /home/airflow/.local/lib/python3.12/site-packages/airflow/example_dags/example_python_operator.py for tasks to queue
[2025-01-18T09:20:08.166+0000] {logging_mixin.py:190} INFO - [2025-01-18T09:20:08.166+0000] {dagbag.py:588} INFO - Filling up the DagBag from /home/airflow/.local/lib/python3.12/site-packages/airflow/example_dags/example_python_operator.py
[2025-01-18T09:20:08.181+0000] {processor.py:925} INFO - DAG(s) 'example_python_operator' retrieved from /home/airflow/.local/lib/python3.12/site-packages/airflow/example_dags/example_python_operator.py
[2025-01-18T09:20:08.205+0000] {logging_mixin.py:190} INFO - [2025-01-18T09:20:08.204+0000] {dag.py:3239} INFO - Sync 1 DAGs
[2025-01-18T09:20:08.220+0000] {logging_mixin.py:190} INFO - [2025-01-18T09:20:08.220+0000] {dag.py:4180} INFO - Setting next_dagrun for example_python_operator to None, run_after=None
[2025-01-18T09:20:08.238+0000] {processor.py:208} INFO - Processing /home/airflow/.local/lib/python3.12/site-packages/airflow/example_dags/example_python_operator.py took 0.081 seconds
[2025-01-18T09:20:38.988+0000] {processor.py:186} INFO - Started process (PID=1078) to work on /home/airflow/.local/lib/python3.12/site-packages/airflow/example_dags/example_python_operator.py
[2025-01-18T09:20:38.993+0000] {processor.py:914} INFO - Processing file /home/airflow/.local/lib/python3.12/site-packages/airflow/example_dags/example_python_operator.py for tasks to queue
[2025-01-18T09:20:38.995+0000] {logging_mixin.py:190} INFO - [2025-01-18T09:20:38.995+0000] {dagbag.py:588} INFO - Filling up the DagBag from /home/airflow/.local/lib/python3.12/site-packages/airflow/example_dags/example_python_operator.py
[2025-01-18T09:20:39.031+0000] {processor.py:925} INFO - DAG(s) 'example_python_operator' retrieved from /home/airflow/.local/lib/python3.12/site-packages/airflow/example_dags/example_python_operator.py
[2025-01-18T09:20:39.073+0000] {logging_mixin.py:190} INFO - [2025-01-18T09:20:39.073+0000] {dag.py:3239} INFO - Sync 1 DAGs
[2025-01-18T09:20:39.103+0000] {logging_mixin.py:190} INFO - [2025-01-18T09:20:39.102+0000] {dag.py:4180} INFO - Setting next_dagrun for example_python_operator to None, run_after=None
[2025-01-18T09:20:39.138+0000] {processor.py:208} INFO - Processing /home/airflow/.local/lib/python3.12/site-packages/airflow/example_dags/example_python_operator.py took 0.165 seconds
