[2025-01-18T09:12:23.940+0000] {processor.py:186} INFO - Started process (PID=75) to work on /home/airflow/.local/lib/python3.12/site-packages/airflow/example_dags/tutorial.py
[2025-01-18T09:12:23.940+0000] {processor.py:914} INFO - Processing file /home/airflow/.local/lib/python3.12/site-packages/airflow/example_dags/tutorial.py for tasks to queue
[2025-01-18T09:12:23.949+0000] {logging_mixin.py:190} INFO - [2025-01-18T09:12:23.948+0000] {dagbag.py:588} INFO - Filling up the DagBag from /home/airflow/.local/lib/python3.12/site-packages/airflow/example_dags/tutorial.py
[2025-01-18T09:12:24.021+0000] {processor.py:925} INFO - DAG(s) 'tutorial' retrieved from /home/airflow/.local/lib/python3.12/site-packages/airflow/example_dags/tutorial.py
[2025-01-18T09:12:24.788+0000] {logging_mixin.py:190} INFO - [2025-01-18T09:12:24.787+0000] {override.py:1911} INFO - Created Permission View: can edit on DAG:tutorial
[2025-01-18T09:12:24.867+0000] {logging_mixin.py:190} INFO - [2025-01-18T09:12:24.867+0000] {override.py:1911} INFO - Created Permission View: can read on DAG:tutorial
[2025-01-18T09:12:24.898+0000] {logging_mixin.py:190} INFO - [2025-01-18T09:12:24.897+0000] {override.py:1911} INFO - Created Permission View: can delete on DAG:tutorial
[2025-01-18T09:12:24.920+0000] {logging_mixin.py:190} INFO - [2025-01-18T09:12:24.919+0000] {override.py:1911} INFO - Created Permission View: can create on DAG Run:tutorial
[2025-01-18T09:12:24.940+0000] {logging_mixin.py:190} INFO - [2025-01-18T09:12:24.940+0000] {override.py:1911} INFO - Created Permission View: menu access on DAG Run:tutorial
[2025-01-18T09:12:24.961+0000] {logging_mixin.py:190} INFO - [2025-01-18T09:12:24.960+0000] {override.py:1911} INFO - Created Permission View: can read on DAG Run:tutorial
[2025-01-18T09:12:24.981+0000] {logging_mixin.py:190} INFO - [2025-01-18T09:12:24.981+0000] {override.py:1911} INFO - Created Permission View: can delete on DAG Run:tutorial
[2025-01-18T09:12:24.982+0000] {logging_mixin.py:190} INFO - [2025-01-18T09:12:24.981+0000] {dag.py:3239} INFO - Sync 1 DAGs
[2025-01-18T09:12:25.046+0000] {logging_mixin.py:190} INFO - [2025-01-18T09:12:25.046+0000] {dag.py:3262} INFO - Creating ORM DAG for tutorial
[2025-01-18T09:12:25.095+0000] {logging_mixin.py:190} INFO - [2025-01-18T09:12:25.095+0000] {dag.py:4180} INFO - Setting next_dagrun for tutorial to 2025-01-17 00:00:00+00:00, run_after=2025-01-18 00:00:00+00:00
[2025-01-18T09:12:25.151+0000] {processor.py:208} INFO - Processing /home/airflow/.local/lib/python3.12/site-packages/airflow/example_dags/tutorial.py took 1.230 seconds
[2025-01-18T09:12:59.258+0000] {processor.py:186} INFO - Started process (PID=137) to work on /home/airflow/.local/lib/python3.12/site-packages/airflow/example_dags/tutorial.py
[2025-01-18T09:12:59.260+0000] {processor.py:914} INFO - Processing file /home/airflow/.local/lib/python3.12/site-packages/airflow/example_dags/tutorial.py for tasks to queue
[2025-01-18T09:12:59.262+0000] {logging_mixin.py:190} INFO - [2025-01-18T09:12:59.262+0000] {dagbag.py:588} INFO - Filling up the DagBag from /home/airflow/.local/lib/python3.12/site-packages/airflow/example_dags/tutorial.py
[2025-01-18T09:12:59.283+0000] {processor.py:925} INFO - DAG(s) 'tutorial' retrieved from /home/airflow/.local/lib/python3.12/site-packages/airflow/example_dags/tutorial.py
[2025-01-18T09:12:59.314+0000] {logging_mixin.py:190} INFO - [2025-01-18T09:12:59.314+0000] {dag.py:3239} INFO - Sync 1 DAGs
[2025-01-18T09:12:59.339+0000] {logging_mixin.py:190} INFO - [2025-01-18T09:12:59.339+0000] {dag.py:4180} INFO - Setting next_dagrun for tutorial to 2025-01-17 00:00:00+00:00, run_after=2025-01-18 00:00:00+00:00
[2025-01-18T09:12:59.368+0000] {processor.py:208} INFO - Processing /home/airflow/.local/lib/python3.12/site-packages/airflow/example_dags/tutorial.py took 0.133 seconds
[2025-01-18T09:13:29.403+0000] {processor.py:186} INFO - Started process (PID=200) to work on /home/airflow/.local/lib/python3.12/site-packages/airflow/example_dags/tutorial.py
[2025-01-18T09:13:29.404+0000] {processor.py:914} INFO - Processing file /home/airflow/.local/lib/python3.12/site-packages/airflow/example_dags/tutorial.py for tasks to queue
[2025-01-18T09:13:29.406+0000] {logging_mixin.py:190} INFO - [2025-01-18T09:13:29.405+0000] {dagbag.py:588} INFO - Filling up the DagBag from /home/airflow/.local/lib/python3.12/site-packages/airflow/example_dags/tutorial.py
[2025-01-18T09:13:29.411+0000] {processor.py:925} INFO - DAG(s) 'tutorial' retrieved from /home/airflow/.local/lib/python3.12/site-packages/airflow/example_dags/tutorial.py
[2025-01-18T09:13:29.426+0000] {logging_mixin.py:190} INFO - [2025-01-18T09:13:29.426+0000] {dag.py:3239} INFO - Sync 1 DAGs
[2025-01-18T09:13:29.444+0000] {logging_mixin.py:190} INFO - [2025-01-18T09:13:29.443+0000] {dag.py:4180} INFO - Setting next_dagrun for tutorial to 2025-01-17 00:00:00+00:00, run_after=2025-01-18 00:00:00+00:00
[2025-01-18T09:13:29.456+0000] {processor.py:208} INFO - Processing /home/airflow/.local/lib/python3.12/site-packages/airflow/example_dags/tutorial.py took 0.057 seconds
[2025-01-18T09:13:59.932+0000] {processor.py:186} INFO - Started process (PID=259) to work on /home/airflow/.local/lib/python3.12/site-packages/airflow/example_dags/tutorial.py
[2025-01-18T09:13:59.932+0000] {processor.py:914} INFO - Processing file /home/airflow/.local/lib/python3.12/site-packages/airflow/example_dags/tutorial.py for tasks to queue
[2025-01-18T09:13:59.934+0000] {logging_mixin.py:190} INFO - [2025-01-18T09:13:59.934+0000] {dagbag.py:588} INFO - Filling up the DagBag from /home/airflow/.local/lib/python3.12/site-packages/airflow/example_dags/tutorial.py
[2025-01-18T09:13:59.943+0000] {processor.py:925} INFO - DAG(s) 'tutorial' retrieved from /home/airflow/.local/lib/python3.12/site-packages/airflow/example_dags/tutorial.py
[2025-01-18T09:13:59.962+0000] {logging_mixin.py:190} INFO - [2025-01-18T09:13:59.962+0000] {dag.py:3239} INFO - Sync 1 DAGs
[2025-01-18T09:13:59.986+0000] {logging_mixin.py:190} INFO - [2025-01-18T09:13:59.986+0000] {dag.py:4180} INFO - Setting next_dagrun for tutorial to 2025-01-17 00:00:00+00:00, run_after=2025-01-18 00:00:00+00:00
[2025-01-18T09:14:00.003+0000] {processor.py:208} INFO - Processing /home/airflow/.local/lib/python3.12/site-packages/airflow/example_dags/tutorial.py took 0.077 seconds
[2025-01-18T09:14:30.474+0000] {processor.py:186} INFO - Started process (PID=323) to work on /home/airflow/.local/lib/python3.12/site-packages/airflow/example_dags/tutorial.py
[2025-01-18T09:14:30.474+0000] {processor.py:914} INFO - Processing file /home/airflow/.local/lib/python3.12/site-packages/airflow/example_dags/tutorial.py for tasks to queue
[2025-01-18T09:14:30.476+0000] {logging_mixin.py:190} INFO - [2025-01-18T09:14:30.476+0000] {dagbag.py:588} INFO - Filling up the DagBag from /home/airflow/.local/lib/python3.12/site-packages/airflow/example_dags/tutorial.py
[2025-01-18T09:14:30.487+0000] {processor.py:925} INFO - DAG(s) 'tutorial' retrieved from /home/airflow/.local/lib/python3.12/site-packages/airflow/example_dags/tutorial.py
[2025-01-18T09:14:30.508+0000] {logging_mixin.py:190} INFO - [2025-01-18T09:14:30.507+0000] {dag.py:3239} INFO - Sync 1 DAGs
[2025-01-18T09:14:30.533+0000] {logging_mixin.py:190} INFO - [2025-01-18T09:14:30.532+0000] {dag.py:4180} INFO - Setting next_dagrun for tutorial to 2025-01-17 00:00:00+00:00, run_after=2025-01-18 00:00:00+00:00
[2025-01-18T09:14:30.549+0000] {processor.py:208} INFO - Processing /home/airflow/.local/lib/python3.12/site-packages/airflow/example_dags/tutorial.py took 0.082 seconds
[2025-01-18T09:15:00.681+0000] {processor.py:186} INFO - Started process (PID=386) to work on /home/airflow/.local/lib/python3.12/site-packages/airflow/example_dags/tutorial.py
[2025-01-18T09:15:00.681+0000] {processor.py:914} INFO - Processing file /home/airflow/.local/lib/python3.12/site-packages/airflow/example_dags/tutorial.py for tasks to queue
[2025-01-18T09:15:00.683+0000] {logging_mixin.py:190} INFO - [2025-01-18T09:15:00.683+0000] {dagbag.py:588} INFO - Filling up the DagBag from /home/airflow/.local/lib/python3.12/site-packages/airflow/example_dags/tutorial.py
[2025-01-18T09:15:00.691+0000] {processor.py:925} INFO - DAG(s) 'tutorial' retrieved from /home/airflow/.local/lib/python3.12/site-packages/airflow/example_dags/tutorial.py
[2025-01-18T09:15:00.710+0000] {logging_mixin.py:190} INFO - [2025-01-18T09:15:00.710+0000] {dag.py:3239} INFO - Sync 1 DAGs
[2025-01-18T09:15:00.734+0000] {logging_mixin.py:190} INFO - [2025-01-18T09:15:00.733+0000] {dag.py:4180} INFO - Setting next_dagrun for tutorial to 2025-01-17 00:00:00+00:00, run_after=2025-01-18 00:00:00+00:00
[2025-01-18T09:15:00.750+0000] {processor.py:208} INFO - Processing /home/airflow/.local/lib/python3.12/site-packages/airflow/example_dags/tutorial.py took 0.076 seconds
[2025-01-18T09:15:31.273+0000] {processor.py:186} INFO - Started process (PID=449) to work on /home/airflow/.local/lib/python3.12/site-packages/airflow/example_dags/tutorial.py
[2025-01-18T09:15:31.274+0000] {processor.py:914} INFO - Processing file /home/airflow/.local/lib/python3.12/site-packages/airflow/example_dags/tutorial.py for tasks to queue
[2025-01-18T09:15:31.276+0000] {logging_mixin.py:190} INFO - [2025-01-18T09:15:31.275+0000] {dagbag.py:588} INFO - Filling up the DagBag from /home/airflow/.local/lib/python3.12/site-packages/airflow/example_dags/tutorial.py
[2025-01-18T09:15:31.284+0000] {processor.py:925} INFO - DAG(s) 'tutorial' retrieved from /home/airflow/.local/lib/python3.12/site-packages/airflow/example_dags/tutorial.py
[2025-01-18T09:15:31.303+0000] {logging_mixin.py:190} INFO - [2025-01-18T09:15:31.302+0000] {dag.py:3239} INFO - Sync 1 DAGs
[2025-01-18T09:15:31.337+0000] {logging_mixin.py:190} INFO - [2025-01-18T09:15:31.336+0000] {dag.py:4180} INFO - Setting next_dagrun for tutorial to 2025-01-17 00:00:00+00:00, run_after=2025-01-18 00:00:00+00:00
[2025-01-18T09:15:31.355+0000] {processor.py:208} INFO - Processing /home/airflow/.local/lib/python3.12/site-packages/airflow/example_dags/tutorial.py took 0.088 seconds
[2025-01-18T09:16:01.666+0000] {processor.py:186} INFO - Started process (PID=512) to work on /home/airflow/.local/lib/python3.12/site-packages/airflow/example_dags/tutorial.py
[2025-01-18T09:16:01.667+0000] {processor.py:914} INFO - Processing file /home/airflow/.local/lib/python3.12/site-packages/airflow/example_dags/tutorial.py for tasks to queue
[2025-01-18T09:16:01.669+0000] {logging_mixin.py:190} INFO - [2025-01-18T09:16:01.669+0000] {dagbag.py:588} INFO - Filling up the DagBag from /home/airflow/.local/lib/python3.12/site-packages/airflow/example_dags/tutorial.py
[2025-01-18T09:16:01.677+0000] {processor.py:925} INFO - DAG(s) 'tutorial' retrieved from /home/airflow/.local/lib/python3.12/site-packages/airflow/example_dags/tutorial.py
[2025-01-18T09:16:01.700+0000] {logging_mixin.py:190} INFO - [2025-01-18T09:16:01.699+0000] {dag.py:3239} INFO - Sync 1 DAGs
[2025-01-18T09:16:01.725+0000] {logging_mixin.py:190} INFO - [2025-01-18T09:16:01.725+0000] {dag.py:4180} INFO - Setting next_dagrun for tutorial to 2025-01-17 00:00:00+00:00, run_after=2025-01-18 00:00:00+00:00
[2025-01-18T09:16:01.742+0000] {processor.py:208} INFO - Processing /home/airflow/.local/lib/python3.12/site-packages/airflow/example_dags/tutorial.py took 0.082 seconds
[2025-01-18T09:16:33.944+0000] {processor.py:186} INFO - Started process (PID=574) to work on /home/airflow/.local/lib/python3.12/site-packages/airflow/example_dags/tutorial.py
[2025-01-18T09:16:33.945+0000] {processor.py:914} INFO - Processing file /home/airflow/.local/lib/python3.12/site-packages/airflow/example_dags/tutorial.py for tasks to queue
[2025-01-18T09:16:33.947+0000] {logging_mixin.py:190} INFO - [2025-01-18T09:16:33.947+0000] {dagbag.py:588} INFO - Filling up the DagBag from /home/airflow/.local/lib/python3.12/site-packages/airflow/example_dags/tutorial.py
[2025-01-18T09:16:33.966+0000] {processor.py:925} INFO - DAG(s) 'tutorial' retrieved from /home/airflow/.local/lib/python3.12/site-packages/airflow/example_dags/tutorial.py
[2025-01-18T09:16:34.004+0000] {logging_mixin.py:190} INFO - [2025-01-18T09:16:34.004+0000] {dag.py:3239} INFO - Sync 1 DAGs
[2025-01-18T09:16:34.061+0000] {logging_mixin.py:190} INFO - [2025-01-18T09:16:34.061+0000] {dag.py:4180} INFO - Setting next_dagrun for tutorial to 2025-01-17 00:00:00+00:00, run_after=2025-01-18 00:00:00+00:00
[2025-01-18T09:16:34.088+0000] {processor.py:208} INFO - Processing /home/airflow/.local/lib/python3.12/site-packages/airflow/example_dags/tutorial.py took 0.155 seconds
[2025-01-18T09:17:05.769+0000] {processor.py:186} INFO - Started process (PID=638) to work on /home/airflow/.local/lib/python3.12/site-packages/airflow/example_dags/tutorial.py
[2025-01-18T09:17:05.774+0000] {processor.py:914} INFO - Processing file /home/airflow/.local/lib/python3.12/site-packages/airflow/example_dags/tutorial.py for tasks to queue
[2025-01-18T09:17:05.776+0000] {logging_mixin.py:190} INFO - [2025-01-18T09:17:05.776+0000] {dagbag.py:588} INFO - Filling up the DagBag from /home/airflow/.local/lib/python3.12/site-packages/airflow/example_dags/tutorial.py
[2025-01-18T09:17:05.810+0000] {processor.py:925} INFO - DAG(s) 'tutorial' retrieved from /home/airflow/.local/lib/python3.12/site-packages/airflow/example_dags/tutorial.py
[2025-01-18T09:17:05.850+0000] {logging_mixin.py:190} INFO - [2025-01-18T09:17:05.849+0000] {dag.py:3239} INFO - Sync 1 DAGs
[2025-01-18T09:17:05.892+0000] {logging_mixin.py:190} INFO - [2025-01-18T09:17:05.891+0000] {dag.py:4180} INFO - Setting next_dagrun for tutorial to 2025-01-17 00:00:00+00:00, run_after=2025-01-18 00:00:00+00:00
[2025-01-18T09:17:05.945+0000] {processor.py:208} INFO - Processing /home/airflow/.local/lib/python3.12/site-packages/airflow/example_dags/tutorial.py took 0.189 seconds
[2025-01-18T09:17:36.156+0000] {processor.py:186} INFO - Started process (PID=701) to work on /home/airflow/.local/lib/python3.12/site-packages/airflow/example_dags/tutorial.py
[2025-01-18T09:17:36.156+0000] {processor.py:914} INFO - Processing file /home/airflow/.local/lib/python3.12/site-packages/airflow/example_dags/tutorial.py for tasks to queue
[2025-01-18T09:17:36.159+0000] {logging_mixin.py:190} INFO - [2025-01-18T09:17:36.158+0000] {dagbag.py:588} INFO - Filling up the DagBag from /home/airflow/.local/lib/python3.12/site-packages/airflow/example_dags/tutorial.py
[2025-01-18T09:17:36.167+0000] {processor.py:925} INFO - DAG(s) 'tutorial' retrieved from /home/airflow/.local/lib/python3.12/site-packages/airflow/example_dags/tutorial.py
[2025-01-18T09:17:36.188+0000] {logging_mixin.py:190} INFO - [2025-01-18T09:17:36.188+0000] {dag.py:3239} INFO - Sync 1 DAGs
[2025-01-18T09:17:36.212+0000] {logging_mixin.py:190} INFO - [2025-01-18T09:17:36.212+0000] {dag.py:4180} INFO - Setting next_dagrun for tutorial to 2025-01-17 00:00:00+00:00, run_after=2025-01-18 00:00:00+00:00
[2025-01-18T09:17:36.229+0000] {processor.py:208} INFO - Processing /home/airflow/.local/lib/python3.12/site-packages/airflow/example_dags/tutorial.py took 0.080 seconds
[2025-01-18T09:18:06.412+0000] {processor.py:186} INFO - Started process (PID=764) to work on /home/airflow/.local/lib/python3.12/site-packages/airflow/example_dags/tutorial.py
[2025-01-18T09:18:06.413+0000] {processor.py:914} INFO - Processing file /home/airflow/.local/lib/python3.12/site-packages/airflow/example_dags/tutorial.py for tasks to queue
[2025-01-18T09:18:06.415+0000] {logging_mixin.py:190} INFO - [2025-01-18T09:18:06.415+0000] {dagbag.py:588} INFO - Filling up the DagBag from /home/airflow/.local/lib/python3.12/site-packages/airflow/example_dags/tutorial.py
[2025-01-18T09:18:06.423+0000] {processor.py:925} INFO - DAG(s) 'tutorial' retrieved from /home/airflow/.local/lib/python3.12/site-packages/airflow/example_dags/tutorial.py
[2025-01-18T09:18:06.449+0000] {logging_mixin.py:190} INFO - [2025-01-18T09:18:06.449+0000] {dag.py:3239} INFO - Sync 1 DAGs
[2025-01-18T09:18:06.474+0000] {logging_mixin.py:190} INFO - [2025-01-18T09:18:06.474+0000] {dag.py:4180} INFO - Setting next_dagrun for tutorial to 2025-01-17 00:00:00+00:00, run_after=2025-01-18 00:00:00+00:00
[2025-01-18T09:18:06.491+0000] {processor.py:208} INFO - Processing /home/airflow/.local/lib/python3.12/site-packages/airflow/example_dags/tutorial.py took 0.087 seconds
[2025-01-18T09:18:36.784+0000] {processor.py:186} INFO - Started process (PID=823) to work on /home/airflow/.local/lib/python3.12/site-packages/airflow/example_dags/tutorial.py
[2025-01-18T09:18:36.785+0000] {processor.py:914} INFO - Processing file /home/airflow/.local/lib/python3.12/site-packages/airflow/example_dags/tutorial.py for tasks to queue
[2025-01-18T09:18:36.787+0000] {logging_mixin.py:190} INFO - [2025-01-18T09:18:36.786+0000] {dagbag.py:588} INFO - Filling up the DagBag from /home/airflow/.local/lib/python3.12/site-packages/airflow/example_dags/tutorial.py
[2025-01-18T09:18:36.795+0000] {processor.py:925} INFO - DAG(s) 'tutorial' retrieved from /home/airflow/.local/lib/python3.12/site-packages/airflow/example_dags/tutorial.py
[2025-01-18T09:18:36.823+0000] {logging_mixin.py:190} INFO - [2025-01-18T09:18:36.823+0000] {dag.py:3239} INFO - Sync 1 DAGs
[2025-01-18T09:18:36.848+0000] {logging_mixin.py:190} INFO - [2025-01-18T09:18:36.848+0000] {dag.py:4180} INFO - Setting next_dagrun for tutorial to 2025-01-17 00:00:00+00:00, run_after=2025-01-18 00:00:00+00:00
[2025-01-18T09:18:36.864+0000] {processor.py:208} INFO - Processing /home/airflow/.local/lib/python3.12/site-packages/airflow/example_dags/tutorial.py took 0.086 seconds
[2025-01-18T09:19:07.062+0000] {processor.py:186} INFO - Started process (PID=886) to work on /home/airflow/.local/lib/python3.12/site-packages/airflow/example_dags/tutorial.py
[2025-01-18T09:19:07.063+0000] {processor.py:914} INFO - Processing file /home/airflow/.local/lib/python3.12/site-packages/airflow/example_dags/tutorial.py for tasks to queue
[2025-01-18T09:19:07.065+0000] {logging_mixin.py:190} INFO - [2025-01-18T09:19:07.064+0000] {dagbag.py:588} INFO - Filling up the DagBag from /home/airflow/.local/lib/python3.12/site-packages/airflow/example_dags/tutorial.py
[2025-01-18T09:19:07.073+0000] {processor.py:925} INFO - DAG(s) 'tutorial' retrieved from /home/airflow/.local/lib/python3.12/site-packages/airflow/example_dags/tutorial.py
[2025-01-18T09:19:07.098+0000] {logging_mixin.py:190} INFO - [2025-01-18T09:19:07.098+0000] {dag.py:3239} INFO - Sync 1 DAGs
[2025-01-18T09:19:07.144+0000] {logging_mixin.py:190} INFO - [2025-01-18T09:19:07.144+0000] {dag.py:4180} INFO - Setting next_dagrun for tutorial to 2025-01-17 00:00:00+00:00, run_after=2025-01-18 00:00:00+00:00
[2025-01-18T09:19:07.177+0000] {processor.py:208} INFO - Processing /home/airflow/.local/lib/python3.12/site-packages/airflow/example_dags/tutorial.py took 0.121 seconds
[2025-01-18T09:19:37.249+0000] {processor.py:186} INFO - Started process (PID=950) to work on /home/airflow/.local/lib/python3.12/site-packages/airflow/example_dags/tutorial.py
[2025-01-18T09:19:37.249+0000] {processor.py:914} INFO - Processing file /home/airflow/.local/lib/python3.12/site-packages/airflow/example_dags/tutorial.py for tasks to queue
[2025-01-18T09:19:37.251+0000] {logging_mixin.py:190} INFO - [2025-01-18T09:19:37.250+0000] {dagbag.py:588} INFO - Filling up the DagBag from /home/airflow/.local/lib/python3.12/site-packages/airflow/example_dags/tutorial.py
[2025-01-18T09:19:37.256+0000] {processor.py:925} INFO - DAG(s) 'tutorial' retrieved from /home/airflow/.local/lib/python3.12/site-packages/airflow/example_dags/tutorial.py
[2025-01-18T09:19:37.271+0000] {logging_mixin.py:190} INFO - [2025-01-18T09:19:37.271+0000] {dag.py:3239} INFO - Sync 1 DAGs
[2025-01-18T09:19:37.288+0000] {logging_mixin.py:190} INFO - [2025-01-18T09:19:37.288+0000] {dag.py:4180} INFO - Setting next_dagrun for tutorial to 2025-01-17 00:00:00+00:00, run_after=2025-01-18 00:00:00+00:00
[2025-01-18T09:19:37.301+0000] {processor.py:208} INFO - Processing /home/airflow/.local/lib/python3.12/site-packages/airflow/example_dags/tutorial.py took 0.058 seconds
[2025-01-18T09:20:08.153+0000] {processor.py:186} INFO - Started process (PID=1014) to work on /home/airflow/.local/lib/python3.12/site-packages/airflow/example_dags/tutorial.py
[2025-01-18T09:20:08.153+0000] {processor.py:914} INFO - Processing file /home/airflow/.local/lib/python3.12/site-packages/airflow/example_dags/tutorial.py for tasks to queue
[2025-01-18T09:20:08.155+0000] {logging_mixin.py:190} INFO - [2025-01-18T09:20:08.155+0000] {dagbag.py:588} INFO - Filling up the DagBag from /home/airflow/.local/lib/python3.12/site-packages/airflow/example_dags/tutorial.py
[2025-01-18T09:20:08.163+0000] {processor.py:925} INFO - DAG(s) 'tutorial' retrieved from /home/airflow/.local/lib/python3.12/site-packages/airflow/example_dags/tutorial.py
[2025-01-18T09:20:08.201+0000] {logging_mixin.py:190} INFO - [2025-01-18T09:20:08.201+0000] {dag.py:3239} INFO - Sync 1 DAGs
[2025-01-18T09:20:08.228+0000] {logging_mixin.py:190} INFO - [2025-01-18T09:20:08.228+0000] {dag.py:4180} INFO - Setting next_dagrun for tutorial to 2025-01-17 00:00:00+00:00, run_after=2025-01-18 00:00:00+00:00
[2025-01-18T09:20:08.245+0000] {processor.py:208} INFO - Processing /home/airflow/.local/lib/python3.12/site-packages/airflow/example_dags/tutorial.py took 0.098 seconds
[2025-01-18T09:20:38.813+0000] {processor.py:186} INFO - Started process (PID=1077) to work on /home/airflow/.local/lib/python3.12/site-packages/airflow/example_dags/tutorial.py
[2025-01-18T09:20:38.825+0000] {processor.py:914} INFO - Processing file /home/airflow/.local/lib/python3.12/site-packages/airflow/example_dags/tutorial.py for tasks to queue
[2025-01-18T09:20:38.827+0000] {logging_mixin.py:190} INFO - [2025-01-18T09:20:38.827+0000] {dagbag.py:588} INFO - Filling up the DagBag from /home/airflow/.local/lib/python3.12/site-packages/airflow/example_dags/tutorial.py
[2025-01-18T09:20:38.843+0000] {processor.py:925} INFO - DAG(s) 'tutorial' retrieved from /home/airflow/.local/lib/python3.12/site-packages/airflow/example_dags/tutorial.py
[2025-01-18T09:20:38.883+0000] {logging_mixin.py:190} INFO - [2025-01-18T09:20:38.882+0000] {dag.py:3239} INFO - Sync 1 DAGs
[2025-01-18T09:20:38.945+0000] {logging_mixin.py:190} INFO - [2025-01-18T09:20:38.945+0000] {dag.py:4180} INFO - Setting next_dagrun for tutorial to 2025-01-17 00:00:00+00:00, run_after=2025-01-18 00:00:00+00:00
[2025-01-18T09:20:38.981+0000] {processor.py:208} INFO - Processing /home/airflow/.local/lib/python3.12/site-packages/airflow/example_dags/tutorial.py took 0.181 seconds
