[2025-01-18T09:12:19.143+0000] {processor.py:186} INFO - Started process (PID=70) to work on /home/airflow/.local/lib/python3.12/site-packages/airflow/example_dags/tutorial_taskflow_templates.py
[2025-01-18T09:12:19.144+0000] {processor.py:914} INFO - Processing file /home/airflow/.local/lib/python3.12/site-packages/airflow/example_dags/tutorial_taskflow_templates.py for tasks to queue
[2025-01-18T09:12:19.152+0000] {logging_mixin.py:190} INFO - [2025-01-18T09:12:19.151+0000] {dagbag.py:588} INFO - Filling up the DagBag from /home/airflow/.local/lib/python3.12/site-packages/airflow/example_dags/tutorial_taskflow_templates.py
[2025-01-18T09:12:19.266+0000] {processor.py:925} INFO - DAG(s) 'tutorial_taskflow_templates' retrieved from /home/airflow/.local/lib/python3.12/site-packages/airflow/example_dags/tutorial_taskflow_templates.py
[2025-01-18T09:12:20.609+0000] {logging_mixin.py:190} INFO - [2025-01-18T09:12:20.600+0000] {override.py:1911} INFO - Created Permission View: can edit on DAG:tutorial_taskflow_templates
[2025-01-18T09:12:20.652+0000] {logging_mixin.py:190} INFO - [2025-01-18T09:12:20.651+0000] {override.py:1911} INFO - Created Permission View: can read on DAG:tutorial_taskflow_templates
[2025-01-18T09:12:20.675+0000] {logging_mixin.py:190} INFO - [2025-01-18T09:12:20.675+0000] {override.py:1911} INFO - Created Permission View: can delete on DAG:tutorial_taskflow_templates
[2025-01-18T09:12:20.689+0000] {logging_mixin.py:190} INFO - [2025-01-18T09:12:20.688+0000] {override.py:1911} INFO - Created Permission View: can create on DAG Run:tutorial_taskflow_templates
[2025-01-18T09:12:20.707+0000] {logging_mixin.py:190} INFO - [2025-01-18T09:12:20.706+0000] {override.py:1911} INFO - Created Permission View: menu access on DAG Run:tutorial_taskflow_templates
[2025-01-18T09:12:20.734+0000] {logging_mixin.py:190} INFO - [2025-01-18T09:12:20.733+0000] {override.py:1911} INFO - Created Permission View: can read on DAG Run:tutorial_taskflow_templates
[2025-01-18T09:12:20.748+0000] {logging_mixin.py:190} INFO - [2025-01-18T09:12:20.748+0000] {override.py:1911} INFO - Created Permission View: can delete on DAG Run:tutorial_taskflow_templates
[2025-01-18T09:12:20.749+0000] {logging_mixin.py:190} INFO - [2025-01-18T09:12:20.749+0000] {dag.py:3239} INFO - Sync 1 DAGs
[2025-01-18T09:12:20.887+0000] {logging_mixin.py:190} INFO - [2025-01-18T09:12:20.887+0000] {dag.py:3262} INFO - Creating ORM DAG for tutorial_taskflow_templates
[2025-01-18T09:12:20.933+0000] {logging_mixin.py:190} INFO - [2025-01-18T09:12:20.933+0000] {dag.py:4180} INFO - Setting next_dagrun for tutorial_taskflow_templates to 2025-01-17 00:00:00+00:00, run_after=2025-01-18 00:00:00+00:00
[2025-01-18T09:12:21.033+0000] {processor.py:208} INFO - Processing /home/airflow/.local/lib/python3.12/site-packages/airflow/example_dags/tutorial_taskflow_templates.py took 1.911 seconds
[2025-01-18T09:12:58.544+0000] {processor.py:186} INFO - Started process (PID=133) to work on /home/airflow/.local/lib/python3.12/site-packages/airflow/example_dags/tutorial_taskflow_templates.py
[2025-01-18T09:12:58.555+0000] {processor.py:914} INFO - Processing file /home/airflow/.local/lib/python3.12/site-packages/airflow/example_dags/tutorial_taskflow_templates.py for tasks to queue
[2025-01-18T09:12:58.558+0000] {logging_mixin.py:190} INFO - [2025-01-18T09:12:58.557+0000] {dagbag.py:588} INFO - Filling up the DagBag from /home/airflow/.local/lib/python3.12/site-packages/airflow/example_dags/tutorial_taskflow_templates.py
[2025-01-18T09:12:58.598+0000] {processor.py:925} INFO - DAG(s) 'tutorial_taskflow_templates' retrieved from /home/airflow/.local/lib/python3.12/site-packages/airflow/example_dags/tutorial_taskflow_templates.py
[2025-01-18T09:12:58.670+0000] {logging_mixin.py:190} INFO - [2025-01-18T09:12:58.669+0000] {dag.py:3239} INFO - Sync 1 DAGs
[2025-01-18T09:12:58.798+0000] {logging_mixin.py:190} INFO - [2025-01-18T09:12:58.798+0000] {dag.py:4180} INFO - Setting next_dagrun for tutorial_taskflow_templates to 2025-01-17 00:00:00+00:00, run_after=2025-01-18 00:00:00+00:00
[2025-01-18T09:12:58.908+0000] {processor.py:208} INFO - Processing /home/airflow/.local/lib/python3.12/site-packages/airflow/example_dags/tutorial_taskflow_templates.py took 0.385 seconds
[2025-01-18T09:13:29.005+0000] {processor.py:186} INFO - Started process (PID=192) to work on /home/airflow/.local/lib/python3.12/site-packages/airflow/example_dags/tutorial_taskflow_templates.py
[2025-01-18T09:13:29.006+0000] {processor.py:914} INFO - Processing file /home/airflow/.local/lib/python3.12/site-packages/airflow/example_dags/tutorial_taskflow_templates.py for tasks to queue
[2025-01-18T09:13:29.008+0000] {logging_mixin.py:190} INFO - [2025-01-18T09:13:29.007+0000] {dagbag.py:588} INFO - Filling up the DagBag from /home/airflow/.local/lib/python3.12/site-packages/airflow/example_dags/tutorial_taskflow_templates.py
[2025-01-18T09:13:29.021+0000] {processor.py:925} INFO - DAG(s) 'tutorial_taskflow_templates' retrieved from /home/airflow/.local/lib/python3.12/site-packages/airflow/example_dags/tutorial_taskflow_templates.py
[2025-01-18T09:13:29.045+0000] {logging_mixin.py:190} INFO - [2025-01-18T09:13:29.045+0000] {dag.py:3239} INFO - Sync 1 DAGs
[2025-01-18T09:13:29.075+0000] {logging_mixin.py:190} INFO - [2025-01-18T09:13:29.075+0000] {dag.py:4180} INFO - Setting next_dagrun for tutorial_taskflow_templates to 2025-01-17 00:00:00+00:00, run_after=2025-01-18 00:00:00+00:00
[2025-01-18T09:13:29.091+0000] {processor.py:208} INFO - Processing /home/airflow/.local/lib/python3.12/site-packages/airflow/example_dags/tutorial_taskflow_templates.py took 0.092 seconds
[2025-01-18T09:13:59.719+0000] {processor.py:186} INFO - Started process (PID=255) to work on /home/airflow/.local/lib/python3.12/site-packages/airflow/example_dags/tutorial_taskflow_templates.py
[2025-01-18T09:13:59.719+0000] {processor.py:914} INFO - Processing file /home/airflow/.local/lib/python3.12/site-packages/airflow/example_dags/tutorial_taskflow_templates.py for tasks to queue
[2025-01-18T09:13:59.721+0000] {logging_mixin.py:190} INFO - [2025-01-18T09:13:59.721+0000] {dagbag.py:588} INFO - Filling up the DagBag from /home/airflow/.local/lib/python3.12/site-packages/airflow/example_dags/tutorial_taskflow_templates.py
[2025-01-18T09:13:59.736+0000] {processor.py:925} INFO - DAG(s) 'tutorial_taskflow_templates' retrieved from /home/airflow/.local/lib/python3.12/site-packages/airflow/example_dags/tutorial_taskflow_templates.py
[2025-01-18T09:13:59.759+0000] {logging_mixin.py:190} INFO - [2025-01-18T09:13:59.758+0000] {dag.py:3239} INFO - Sync 1 DAGs
[2025-01-18T09:13:59.785+0000] {logging_mixin.py:190} INFO - [2025-01-18T09:13:59.785+0000] {dag.py:4180} INFO - Setting next_dagrun for tutorial_taskflow_templates to 2025-01-17 00:00:00+00:00, run_after=2025-01-18 00:00:00+00:00
[2025-01-18T09:13:59.804+0000] {processor.py:208} INFO - Processing /home/airflow/.local/lib/python3.12/site-packages/airflow/example_dags/tutorial_taskflow_templates.py took 0.091 seconds
[2025-01-18T09:14:30.253+0000] {processor.py:186} INFO - Started process (PID=319) to work on /home/airflow/.local/lib/python3.12/site-packages/airflow/example_dags/tutorial_taskflow_templates.py
[2025-01-18T09:14:30.254+0000] {processor.py:914} INFO - Processing file /home/airflow/.local/lib/python3.12/site-packages/airflow/example_dags/tutorial_taskflow_templates.py for tasks to queue
[2025-01-18T09:14:30.256+0000] {logging_mixin.py:190} INFO - [2025-01-18T09:14:30.256+0000] {dagbag.py:588} INFO - Filling up the DagBag from /home/airflow/.local/lib/python3.12/site-packages/airflow/example_dags/tutorial_taskflow_templates.py
[2025-01-18T09:14:30.270+0000] {processor.py:925} INFO - DAG(s) 'tutorial_taskflow_templates' retrieved from /home/airflow/.local/lib/python3.12/site-packages/airflow/example_dags/tutorial_taskflow_templates.py
[2025-01-18T09:14:30.296+0000] {logging_mixin.py:190} INFO - [2025-01-18T09:14:30.296+0000] {dag.py:3239} INFO - Sync 1 DAGs
[2025-01-18T09:14:30.323+0000] {logging_mixin.py:190} INFO - [2025-01-18T09:14:30.322+0000] {dag.py:4180} INFO - Setting next_dagrun for tutorial_taskflow_templates to 2025-01-17 00:00:00+00:00, run_after=2025-01-18 00:00:00+00:00
[2025-01-18T09:14:30.340+0000] {processor.py:208} INFO - Processing /home/airflow/.local/lib/python3.12/site-packages/airflow/example_dags/tutorial_taskflow_templates.py took 0.092 seconds
[2025-01-18T09:15:00.473+0000] {processor.py:186} INFO - Started process (PID=382) to work on /home/airflow/.local/lib/python3.12/site-packages/airflow/example_dags/tutorial_taskflow_templates.py
[2025-01-18T09:15:00.474+0000] {processor.py:914} INFO - Processing file /home/airflow/.local/lib/python3.12/site-packages/airflow/example_dags/tutorial_taskflow_templates.py for tasks to queue
[2025-01-18T09:15:00.476+0000] {logging_mixin.py:190} INFO - [2025-01-18T09:15:00.476+0000] {dagbag.py:588} INFO - Filling up the DagBag from /home/airflow/.local/lib/python3.12/site-packages/airflow/example_dags/tutorial_taskflow_templates.py
[2025-01-18T09:15:00.491+0000] {processor.py:925} INFO - DAG(s) 'tutorial_taskflow_templates' retrieved from /home/airflow/.local/lib/python3.12/site-packages/airflow/example_dags/tutorial_taskflow_templates.py
[2025-01-18T09:15:00.513+0000] {logging_mixin.py:190} INFO - [2025-01-18T09:15:00.513+0000] {dag.py:3239} INFO - Sync 1 DAGs
[2025-01-18T09:15:00.540+0000] {logging_mixin.py:190} INFO - [2025-01-18T09:15:00.540+0000] {dag.py:4180} INFO - Setting next_dagrun for tutorial_taskflow_templates to 2025-01-17 00:00:00+00:00, run_after=2025-01-18 00:00:00+00:00
[2025-01-18T09:15:00.556+0000] {processor.py:208} INFO - Processing /home/airflow/.local/lib/python3.12/site-packages/airflow/example_dags/tutorial_taskflow_templates.py took 0.095 seconds
[2025-01-18T09:15:31.007+0000] {processor.py:186} INFO - Started process (PID=445) to work on /home/airflow/.local/lib/python3.12/site-packages/airflow/example_dags/tutorial_taskflow_templates.py
[2025-01-18T09:15:31.008+0000] {processor.py:914} INFO - Processing file /home/airflow/.local/lib/python3.12/site-packages/airflow/example_dags/tutorial_taskflow_templates.py for tasks to queue
[2025-01-18T09:15:31.011+0000] {logging_mixin.py:190} INFO - [2025-01-18T09:15:31.010+0000] {dagbag.py:588} INFO - Filling up the DagBag from /home/airflow/.local/lib/python3.12/site-packages/airflow/example_dags/tutorial_taskflow_templates.py
[2025-01-18T09:15:31.030+0000] {processor.py:925} INFO - DAG(s) 'tutorial_taskflow_templates' retrieved from /home/airflow/.local/lib/python3.12/site-packages/airflow/example_dags/tutorial_taskflow_templates.py
[2025-01-18T09:15:31.052+0000] {logging_mixin.py:190} INFO - [2025-01-18T09:15:31.052+0000] {dag.py:3239} INFO - Sync 1 DAGs
[2025-01-18T09:15:31.079+0000] {logging_mixin.py:190} INFO - [2025-01-18T09:15:31.078+0000] {dag.py:4180} INFO - Setting next_dagrun for tutorial_taskflow_templates to 2025-01-17 00:00:00+00:00, run_after=2025-01-18 00:00:00+00:00
[2025-01-18T09:15:31.095+0000] {processor.py:208} INFO - Processing /home/airflow/.local/lib/python3.12/site-packages/airflow/example_dags/tutorial_taskflow_templates.py took 0.096 seconds
[2025-01-18T09:16:01.385+0000] {processor.py:186} INFO - Started process (PID=508) to work on /home/airflow/.local/lib/python3.12/site-packages/airflow/example_dags/tutorial_taskflow_templates.py
[2025-01-18T09:16:01.386+0000] {processor.py:914} INFO - Processing file /home/airflow/.local/lib/python3.12/site-packages/airflow/example_dags/tutorial_taskflow_templates.py for tasks to queue
[2025-01-18T09:16:01.388+0000] {logging_mixin.py:190} INFO - [2025-01-18T09:16:01.387+0000] {dagbag.py:588} INFO - Filling up the DagBag from /home/airflow/.local/lib/python3.12/site-packages/airflow/example_dags/tutorial_taskflow_templates.py
[2025-01-18T09:16:01.403+0000] {processor.py:925} INFO - DAG(s) 'tutorial_taskflow_templates' retrieved from /home/airflow/.local/lib/python3.12/site-packages/airflow/example_dags/tutorial_taskflow_templates.py
[2025-01-18T09:16:01.425+0000] {logging_mixin.py:190} INFO - [2025-01-18T09:16:01.425+0000] {dag.py:3239} INFO - Sync 1 DAGs
[2025-01-18T09:16:01.451+0000] {logging_mixin.py:190} INFO - [2025-01-18T09:16:01.451+0000] {dag.py:4180} INFO - Setting next_dagrun for tutorial_taskflow_templates to 2025-01-17 00:00:00+00:00, run_after=2025-01-18 00:00:00+00:00
[2025-01-18T09:16:01.468+0000] {processor.py:208} INFO - Processing /home/airflow/.local/lib/python3.12/site-packages/airflow/example_dags/tutorial_taskflow_templates.py took 0.088 seconds
[2025-01-18T09:16:33.401+0000] {processor.py:186} INFO - Started process (PID=570) to work on /home/airflow/.local/lib/python3.12/site-packages/airflow/example_dags/tutorial_taskflow_templates.py
[2025-01-18T09:16:33.402+0000] {processor.py:914} INFO - Processing file /home/airflow/.local/lib/python3.12/site-packages/airflow/example_dags/tutorial_taskflow_templates.py for tasks to queue
[2025-01-18T09:16:33.404+0000] {logging_mixin.py:190} INFO - [2025-01-18T09:16:33.404+0000] {dagbag.py:588} INFO - Filling up the DagBag from /home/airflow/.local/lib/python3.12/site-packages/airflow/example_dags/tutorial_taskflow_templates.py
[2025-01-18T09:16:33.418+0000] {processor.py:925} INFO - DAG(s) 'tutorial_taskflow_templates' retrieved from /home/airflow/.local/lib/python3.12/site-packages/airflow/example_dags/tutorial_taskflow_templates.py
[2025-01-18T09:16:33.440+0000] {logging_mixin.py:190} INFO - [2025-01-18T09:16:33.440+0000] {dag.py:3239} INFO - Sync 1 DAGs
[2025-01-18T09:16:33.467+0000] {logging_mixin.py:190} INFO - [2025-01-18T09:16:33.467+0000] {dag.py:4180} INFO - Setting next_dagrun for tutorial_taskflow_templates to 2025-01-17 00:00:00+00:00, run_after=2025-01-18 00:00:00+00:00
[2025-01-18T09:16:33.484+0000] {processor.py:208} INFO - Processing /home/airflow/.local/lib/python3.12/site-packages/airflow/example_dags/tutorial_taskflow_templates.py took 0.089 seconds
[2025-01-18T09:17:03.702+0000] {processor.py:186} INFO - Started process (PID=629) to work on /home/airflow/.local/lib/python3.12/site-packages/airflow/example_dags/tutorial_taskflow_templates.py
[2025-01-18T09:17:03.703+0000] {processor.py:914} INFO - Processing file /home/airflow/.local/lib/python3.12/site-packages/airflow/example_dags/tutorial_taskflow_templates.py for tasks to queue
[2025-01-18T09:17:03.705+0000] {logging_mixin.py:190} INFO - [2025-01-18T09:17:03.705+0000] {dagbag.py:588} INFO - Filling up the DagBag from /home/airflow/.local/lib/python3.12/site-packages/airflow/example_dags/tutorial_taskflow_templates.py
[2025-01-18T09:17:03.816+0000] {processor.py:925} INFO - DAG(s) 'tutorial_taskflow_templates' retrieved from /home/airflow/.local/lib/python3.12/site-packages/airflow/example_dags/tutorial_taskflow_templates.py
[2025-01-18T09:17:03.899+0000] {logging_mixin.py:190} INFO - [2025-01-18T09:17:03.899+0000] {dag.py:3239} INFO - Sync 1 DAGs
[2025-01-18T09:17:03.976+0000] {logging_mixin.py:190} INFO - [2025-01-18T09:17:03.976+0000] {dag.py:4180} INFO - Setting next_dagrun for tutorial_taskflow_templates to 2025-01-17 00:00:00+00:00, run_after=2025-01-18 00:00:00+00:00
[2025-01-18T09:17:04.055+0000] {processor.py:208} INFO - Processing /home/airflow/.local/lib/python3.12/site-packages/airflow/example_dags/tutorial_taskflow_templates.py took 0.371 seconds
[2025-01-18T09:17:34.593+0000] {processor.py:186} INFO - Started process (PID=692) to work on /home/airflow/.local/lib/python3.12/site-packages/airflow/example_dags/tutorial_taskflow_templates.py
[2025-01-18T09:17:34.594+0000] {processor.py:914} INFO - Processing file /home/airflow/.local/lib/python3.12/site-packages/airflow/example_dags/tutorial_taskflow_templates.py for tasks to queue
[2025-01-18T09:17:34.596+0000] {logging_mixin.py:190} INFO - [2025-01-18T09:17:34.595+0000] {dagbag.py:588} INFO - Filling up the DagBag from /home/airflow/.local/lib/python3.12/site-packages/airflow/example_dags/tutorial_taskflow_templates.py
[2025-01-18T09:17:34.609+0000] {processor.py:925} INFO - DAG(s) 'tutorial_taskflow_templates' retrieved from /home/airflow/.local/lib/python3.12/site-packages/airflow/example_dags/tutorial_taskflow_templates.py
[2025-01-18T09:17:34.633+0000] {logging_mixin.py:190} INFO - [2025-01-18T09:17:34.632+0000] {dag.py:3239} INFO - Sync 1 DAGs
[2025-01-18T09:17:34.659+0000] {logging_mixin.py:190} INFO - [2025-01-18T09:17:34.659+0000] {dag.py:4180} INFO - Setting next_dagrun for tutorial_taskflow_templates to 2025-01-17 00:00:00+00:00, run_after=2025-01-18 00:00:00+00:00
[2025-01-18T09:17:34.697+0000] {processor.py:208} INFO - Processing /home/airflow/.local/lib/python3.12/site-packages/airflow/example_dags/tutorial_taskflow_templates.py took 0.110 seconds
[2025-01-18T09:18:05.281+0000] {processor.py:186} INFO - Started process (PID=755) to work on /home/airflow/.local/lib/python3.12/site-packages/airflow/example_dags/tutorial_taskflow_templates.py
[2025-01-18T09:18:05.282+0000] {processor.py:914} INFO - Processing file /home/airflow/.local/lib/python3.12/site-packages/airflow/example_dags/tutorial_taskflow_templates.py for tasks to queue
[2025-01-18T09:18:05.284+0000] {logging_mixin.py:190} INFO - [2025-01-18T09:18:05.283+0000] {dagbag.py:588} INFO - Filling up the DagBag from /home/airflow/.local/lib/python3.12/site-packages/airflow/example_dags/tutorial_taskflow_templates.py
[2025-01-18T09:18:05.297+0000] {processor.py:925} INFO - DAG(s) 'tutorial_taskflow_templates' retrieved from /home/airflow/.local/lib/python3.12/site-packages/airflow/example_dags/tutorial_taskflow_templates.py
[2025-01-18T09:18:05.334+0000] {logging_mixin.py:190} INFO - [2025-01-18T09:18:05.333+0000] {dag.py:3239} INFO - Sync 1 DAGs
[2025-01-18T09:18:05.382+0000] {logging_mixin.py:190} INFO - [2025-01-18T09:18:05.381+0000] {dag.py:4180} INFO - Setting next_dagrun for tutorial_taskflow_templates to 2025-01-17 00:00:00+00:00, run_after=2025-01-18 00:00:00+00:00
[2025-01-18T09:18:05.402+0000] {processor.py:208} INFO - Processing /home/airflow/.local/lib/python3.12/site-packages/airflow/example_dags/tutorial_taskflow_templates.py took 0.127 seconds
[2025-01-18T09:18:35.511+0000] {processor.py:186} INFO - Started process (PID=819) to work on /home/airflow/.local/lib/python3.12/site-packages/airflow/example_dags/tutorial_taskflow_templates.py
[2025-01-18T09:18:35.511+0000] {processor.py:914} INFO - Processing file /home/airflow/.local/lib/python3.12/site-packages/airflow/example_dags/tutorial_taskflow_templates.py for tasks to queue
[2025-01-18T09:18:35.513+0000] {logging_mixin.py:190} INFO - [2025-01-18T09:18:35.513+0000] {dagbag.py:588} INFO - Filling up the DagBag from /home/airflow/.local/lib/python3.12/site-packages/airflow/example_dags/tutorial_taskflow_templates.py
[2025-01-18T09:18:35.523+0000] {processor.py:925} INFO - DAG(s) 'tutorial_taskflow_templates' retrieved from /home/airflow/.local/lib/python3.12/site-packages/airflow/example_dags/tutorial_taskflow_templates.py
[2025-01-18T09:18:35.541+0000] {logging_mixin.py:190} INFO - [2025-01-18T09:18:35.541+0000] {dag.py:3239} INFO - Sync 1 DAGs
[2025-01-18T09:18:35.562+0000] {logging_mixin.py:190} INFO - [2025-01-18T09:18:35.562+0000] {dag.py:4180} INFO - Setting next_dagrun for tutorial_taskflow_templates to 2025-01-17 00:00:00+00:00, run_after=2025-01-18 00:00:00+00:00
[2025-01-18T09:18:35.574+0000] {processor.py:208} INFO - Processing /home/airflow/.local/lib/python3.12/site-packages/airflow/example_dags/tutorial_taskflow_templates.py took 0.068 seconds
[2025-01-18T09:19:05.803+0000] {processor.py:186} INFO - Started process (PID=882) to work on /home/airflow/.local/lib/python3.12/site-packages/airflow/example_dags/tutorial_taskflow_templates.py
[2025-01-18T09:19:05.805+0000] {processor.py:914} INFO - Processing file /home/airflow/.local/lib/python3.12/site-packages/airflow/example_dags/tutorial_taskflow_templates.py for tasks to queue
[2025-01-18T09:19:05.807+0000] {logging_mixin.py:190} INFO - [2025-01-18T09:19:05.807+0000] {dagbag.py:588} INFO - Filling up the DagBag from /home/airflow/.local/lib/python3.12/site-packages/airflow/example_dags/tutorial_taskflow_templates.py
[2025-01-18T09:19:05.819+0000] {processor.py:925} INFO - DAG(s) 'tutorial_taskflow_templates' retrieved from /home/airflow/.local/lib/python3.12/site-packages/airflow/example_dags/tutorial_taskflow_templates.py
[2025-01-18T09:19:05.835+0000] {logging_mixin.py:190} INFO - [2025-01-18T09:19:05.835+0000] {dag.py:3239} INFO - Sync 1 DAGs
[2025-01-18T09:19:05.868+0000] {logging_mixin.py:190} INFO - [2025-01-18T09:19:05.867+0000] {dag.py:4180} INFO - Setting next_dagrun for tutorial_taskflow_templates to 2025-01-17 00:00:00+00:00, run_after=2025-01-18 00:00:00+00:00
[2025-01-18T09:19:05.888+0000] {processor.py:208} INFO - Processing /home/airflow/.local/lib/python3.12/site-packages/airflow/example_dags/tutorial_taskflow_templates.py took 0.092 seconds
[2025-01-18T09:19:35.969+0000] {processor.py:186} INFO - Started process (PID=946) to work on /home/airflow/.local/lib/python3.12/site-packages/airflow/example_dags/tutorial_taskflow_templates.py
[2025-01-18T09:19:35.969+0000] {processor.py:914} INFO - Processing file /home/airflow/.local/lib/python3.12/site-packages/airflow/example_dags/tutorial_taskflow_templates.py for tasks to queue
[2025-01-18T09:19:35.971+0000] {logging_mixin.py:190} INFO - [2025-01-18T09:19:35.971+0000] {dagbag.py:588} INFO - Filling up the DagBag from /home/airflow/.local/lib/python3.12/site-packages/airflow/example_dags/tutorial_taskflow_templates.py
[2025-01-18T09:19:35.981+0000] {processor.py:925} INFO - DAG(s) 'tutorial_taskflow_templates' retrieved from /home/airflow/.local/lib/python3.12/site-packages/airflow/example_dags/tutorial_taskflow_templates.py
[2025-01-18T09:19:35.996+0000] {logging_mixin.py:190} INFO - [2025-01-18T09:19:35.996+0000] {dag.py:3239} INFO - Sync 1 DAGs
[2025-01-18T09:19:36.014+0000] {logging_mixin.py:190} INFO - [2025-01-18T09:19:36.014+0000] {dag.py:4180} INFO - Setting next_dagrun for tutorial_taskflow_templates to 2025-01-17 00:00:00+00:00, run_after=2025-01-18 00:00:00+00:00
[2025-01-18T09:19:36.026+0000] {processor.py:208} INFO - Processing /home/airflow/.local/lib/python3.12/site-packages/airflow/example_dags/tutorial_taskflow_templates.py took 0.062 seconds
[2025-01-18T09:20:06.898+0000] {processor.py:186} INFO - Started process (PID=1010) to work on /home/airflow/.local/lib/python3.12/site-packages/airflow/example_dags/tutorial_taskflow_templates.py
[2025-01-18T09:20:06.899+0000] {processor.py:914} INFO - Processing file /home/airflow/.local/lib/python3.12/site-packages/airflow/example_dags/tutorial_taskflow_templates.py for tasks to queue
[2025-01-18T09:20:06.901+0000] {logging_mixin.py:190} INFO - [2025-01-18T09:20:06.901+0000] {dagbag.py:588} INFO - Filling up the DagBag from /home/airflow/.local/lib/python3.12/site-packages/airflow/example_dags/tutorial_taskflow_templates.py
[2025-01-18T09:20:06.912+0000] {processor.py:925} INFO - DAG(s) 'tutorial_taskflow_templates' retrieved from /home/airflow/.local/lib/python3.12/site-packages/airflow/example_dags/tutorial_taskflow_templates.py
[2025-01-18T09:20:06.926+0000] {logging_mixin.py:190} INFO - [2025-01-18T09:20:06.926+0000] {dag.py:3239} INFO - Sync 1 DAGs
[2025-01-18T09:20:06.944+0000] {logging_mixin.py:190} INFO - [2025-01-18T09:20:06.944+0000] {dag.py:4180} INFO - Setting next_dagrun for tutorial_taskflow_templates to 2025-01-17 00:00:00+00:00, run_after=2025-01-18 00:00:00+00:00
[2025-01-18T09:20:06.958+0000] {processor.py:208} INFO - Processing /home/airflow/.local/lib/python3.12/site-packages/airflow/example_dags/tutorial_taskflow_templates.py took 0.064 seconds
[2025-01-18T09:20:37.366+0000] {processor.py:186} INFO - Started process (PID=1073) to work on /home/airflow/.local/lib/python3.12/site-packages/airflow/example_dags/tutorial_taskflow_templates.py
[2025-01-18T09:20:37.371+0000] {processor.py:914} INFO - Processing file /home/airflow/.local/lib/python3.12/site-packages/airflow/example_dags/tutorial_taskflow_templates.py for tasks to queue
[2025-01-18T09:20:37.382+0000] {logging_mixin.py:190} INFO - [2025-01-18T09:20:37.382+0000] {dagbag.py:588} INFO - Filling up the DagBag from /home/airflow/.local/lib/python3.12/site-packages/airflow/example_dags/tutorial_taskflow_templates.py
[2025-01-18T09:20:37.404+0000] {processor.py:925} INFO - DAG(s) 'tutorial_taskflow_templates' retrieved from /home/airflow/.local/lib/python3.12/site-packages/airflow/example_dags/tutorial_taskflow_templates.py
[2025-01-18T09:20:37.425+0000] {logging_mixin.py:190} INFO - [2025-01-18T09:20:37.425+0000] {dag.py:3239} INFO - Sync 1 DAGs
[2025-01-18T09:20:37.452+0000] {logging_mixin.py:190} INFO - [2025-01-18T09:20:37.452+0000] {dag.py:4180} INFO - Setting next_dagrun for tutorial_taskflow_templates to 2025-01-17 00:00:00+00:00, run_after=2025-01-18 00:00:00+00:00
[2025-01-18T09:20:37.469+0000] {processor.py:208} INFO - Processing /home/airflow/.local/lib/python3.12/site-packages/airflow/example_dags/tutorial_taskflow_templates.py took 0.113 seconds
