[2025-02-01T08:25:37.122+0000] {local_task_job_runner.py:123} INFO - ::group::Pre task execution logs
[2025-02-01T08:25:37.198+0000] {taskinstance.py:2613} INFO - Dependencies all met for dep_context=non-requeueable deps ti=<TaskInstance: weather_api_dag.get_weather_data scheduled__2025-02-01T02:00:00+00:00 [queued]>
[2025-02-01T08:25:37.268+0000] {taskinstance.py:2613} INFO - Dependencies all met for dep_context=requeueable deps ti=<TaskInstance: weather_api_dag.get_weather_data scheduled__2025-02-01T02:00:00+00:00 [queued]>
[2025-02-01T08:25:37.269+0000] {taskinstance.py:2866} INFO - Starting attempt 1 of 1
[2025-02-01T08:25:37.375+0000] {taskinstance.py:2889} INFO - Executing <Task(PythonOperator): get_weather_data> on 2025-02-01 02:00:00+00:00
[2025-02-01T08:25:37.507+0000] {standard_task_runner.py:104} INFO - Running: ['***', 'tasks', 'run', 'weather_api_dag', 'get_weather_data', 'scheduled__2025-02-01T02:00:00+00:00', '--job-id', '9', '--raw', '--subdir', 'DAGS_FOLDER/weather_api_dag.py', '--cfg-path', '/tmp/tmptyx8aoaz']
[2025-02-01T08:25:37.527+0000] {standard_task_runner.py:105} INFO - Job 9: Subtask get_weather_data
[2025-02-01T08:25:37.538+0000] {logging_mixin.py:190} WARNING - /home/***/.local/lib/python3.12/site-packages/***/task/task_runner/standard_task_runner.py:70 DeprecationWarning: This process (pid=66320) is multi-threaded, use of fork() may lead to deadlocks in the child.
[2025-02-01T08:25:37.561+0000] {standard_task_runner.py:72} INFO - Started process 66337 to run task
[2025-02-01T08:25:37.683+0000] {task_command.py:467} INFO - Running <TaskInstance: weather_api_dag.get_weather_data scheduled__2025-02-01T02:00:00+00:00 [running]> on host 90dc065ae7b9
[2025-02-01T08:25:38.092+0000] {taskinstance.py:3132} INFO - Exporting env vars: AIRFLOW_CTX_DAG_OWNER='***' AIRFLOW_CTX_DAG_ID='weather_api_dag' AIRFLOW_CTX_TASK_ID='get_weather_data' AIRFLOW_CTX_EXECUTION_DATE='2025-02-01T02:00:00+00:00' AIRFLOW_CTX_TRY_NUMBER='1' AIRFLOW_CTX_DAG_RUN_ID='scheduled__2025-02-01T02:00:00+00:00'
[2025-02-01T08:25:38.093+0000] {logging_mixin.py:190} INFO - Task instance is in running state
[2025-02-01T08:25:38.095+0000] {logging_mixin.py:190} INFO -  Previous state of the Task instance: queued
[2025-02-01T08:25:38.101+0000] {logging_mixin.py:190} INFO - Current task name:get_weather_data state:running start_date:2025-02-01 08:25:37.218012+00:00
[2025-02-01T08:25:38.113+0000] {logging_mixin.py:190} INFO - Dag name:weather_api_dag and current dag run status:running
[2025-02-01T08:25:38.115+0000] {taskinstance.py:731} INFO - ::endgroup::
[2025-02-01T08:25:38.182+0000] {logging_mixin.py:190} INFO - https://api.openweathermap.org/data/2.5/weather?q=bangkok&appid=9e5fa9a3ca72f741ca0de4b1c4b04c09&units=metric
[2025-02-01T08:25:38.184+0000] {logging_mixin.py:190} INFO - {'coord': {'lon': 100.5167, 'lat': 13.75}, 'weather': [{'id': 803, 'main': 'Clouds', 'description': 'broken clouds', 'icon': '04d'}], 'base': 'stations', 'main': {'temp': 34.91, 'feels_like': 36.76, 'temp_min': 32.94, 'temp_max': 35.53, 'pressure': 1006, 'humidity': 39, 'sea_level': 1006, 'grnd_level': 1005}, 'visibility': 10000, 'wind': {'speed': 3.31, 'deg': 183, 'gust': 2.3}, 'clouds': {'all': 61}, 'dt': 1738397916, 'sys': {'type': 2, 'id': 2073525, 'country': 'TH', 'sunrise': 1738367109, 'sunset': 1738408663}, 'timezone': 25200, 'id': 1609350, 'name': 'Bangkok', 'cod': 200}
[2025-02-01T08:25:38.185+0000] {python.py:240} INFO - Done. Returned value was: None
[2025-02-01T08:25:38.215+0000] {taskinstance.py:340} INFO - ::group::Post task execution logs
[2025-02-01T08:25:38.216+0000] {taskinstance.py:352} INFO - Marking task as SUCCESS. dag_id=weather_api_dag, task_id=get_weather_data, run_id=scheduled__2025-02-01T02:00:00+00:00, execution_date=20250201T020000, start_date=20250201T082537, end_date=20250201T082538
[2025-02-01T08:25:38.233+0000] {logging_mixin.py:190} INFO - Task instance in success state
[2025-02-01T08:25:38.240+0000] {logging_mixin.py:190} INFO -  Previous state of the Task instance: running
[2025-02-01T08:25:38.241+0000] {logging_mixin.py:190} INFO - Dag name:weather_api_dag queued_at:2025-02-01 08:25:31.102717+00:00
[2025-02-01T08:25:38.242+0000] {logging_mixin.py:190} INFO - Task hostname:90dc065ae7b9 operator:PythonOperator
[2025-02-01T08:25:38.317+0000] {local_task_job_runner.py:266} INFO - Task exited with return code 0
[2025-02-01T08:25:38.347+0000] {local_task_job_runner.py:245} INFO - ::endgroup::
