[2025-01-18T09:18:56.424+0000] {local_task_job_runner.py:123} INFO - ::group::Pre task execution logs
[2025-01-18T09:18:56.450+0000] {taskinstance.py:2613} INFO - Dependencies all met for dep_context=non-requeueable deps ti=<TaskInstance: example_sensor_decorator.dummy_operator manual__2025-01-18T09:18:38.958091+00:00 [queued]>
[2025-01-18T09:18:56.461+0000] {taskinstance.py:2613} INFO - Dependencies all met for dep_context=requeueable deps ti=<TaskInstance: example_sensor_decorator.dummy_operator manual__2025-01-18T09:18:38.958091+00:00 [queued]>
[2025-01-18T09:18:56.461+0000] {taskinstance.py:2866} INFO - Starting attempt 1 of 1
[2025-01-18T09:18:56.479+0000] {taskinstance.py:2889} INFO - Executing <Task(_PythonDecoratedOperator): dummy_operator> on 2025-01-18 09:18:38.958091+00:00
[2025-01-18T09:18:56.495+0000] {warnings.py:112} WARNING - /home/***/.local/lib/python3.12/site-packages/***/task/task_runner/standard_task_runner.py:70: DeprecationWarning: This process (pid=151) is multi-threaded, use of fork() may lead to deadlocks in the child.
  pid = os.fork()

[2025-01-18T09:18:56.499+0000] {standard_task_runner.py:72} INFO - Started process 157 to run task
[2025-01-18T09:18:56.504+0000] {standard_task_runner.py:104} INFO - Running: ['***', 'tasks', 'run', 'example_sensor_decorator', 'dummy_operator', 'manual__2025-01-18T09:18:38.958091+00:00', '--job-id', '4', '--raw', '--subdir', '/home/***/.local/lib/python3.12/site-packages/***/example_dags/example_sensor_decorator.py', '--cfg-path', '/tmp/tmpupvk7ga8']
[2025-01-18T09:18:56.506+0000] {standard_task_runner.py:105} INFO - Job 4: Subtask dummy_operator
[2025-01-18T09:18:56.951+0000] {task_command.py:467} INFO - Running <TaskInstance: example_sensor_decorator.dummy_operator manual__2025-01-18T09:18:38.958091+00:00 [running]> on host 284f38806beb
[2025-01-18T09:18:57.111+0000] {taskinstance.py:3132} INFO - Exporting env vars: AIRFLOW_CTX_DAG_OWNER='***' AIRFLOW_CTX_DAG_ID='example_sensor_decorator' AIRFLOW_CTX_TASK_ID='dummy_operator' AIRFLOW_CTX_EXECUTION_DATE='2025-01-18T09:18:38.958091+00:00' AIRFLOW_CTX_TRY_NUMBER='1' AIRFLOW_CTX_DAG_RUN_ID='manual__2025-01-18T09:18:38.958091+00:00'
[2025-01-18T09:18:57.112+0000] {logging_mixin.py:190} INFO - Task instance is in running state
[2025-01-18T09:18:57.114+0000] {logging_mixin.py:190} INFO -  Previous state of the Task instance: queued
[2025-01-18T09:18:57.115+0000] {logging_mixin.py:190} INFO - Current task name:dummy_operator state:running start_date:2025-01-18 09:18:56.451312+00:00
[2025-01-18T09:18:57.115+0000] {logging_mixin.py:190} INFO - Dag name:example_sensor_decorator and current dag run status:running
[2025-01-18T09:18:57.116+0000] {taskinstance.py:731} INFO - ::endgroup::
[2025-01-18T09:18:57.117+0000] {python.py:240} INFO - Done. Returned value was: None
[2025-01-18T09:18:57.129+0000] {taskinstance.py:340} INFO - ::group::Post task execution logs
[2025-01-18T09:18:57.130+0000] {taskinstance.py:352} INFO - Marking task as SUCCESS. dag_id=example_sensor_decorator, task_id=dummy_operator, run_id=manual__2025-01-18T09:18:38.958091+00:00, execution_date=20250118T091838, start_date=20250118T091856, end_date=20250118T091857
[2025-01-18T09:18:57.141+0000] {logging_mixin.py:190} INFO - Task instance in success state
[2025-01-18T09:18:57.141+0000] {logging_mixin.py:190} INFO -  Previous state of the Task instance: running
[2025-01-18T09:18:57.142+0000] {logging_mixin.py:190} INFO - Dag name:example_sensor_decorator queued_at:2025-01-18 09:18:38.972967+00:00
[2025-01-18T09:18:57.143+0000] {logging_mixin.py:190} INFO - Task hostname:284f38806beb operator:_PythonDecoratedOperator
[2025-01-18T09:18:57.191+0000] {local_task_job_runner.py:266} INFO - Task exited with return code 0
[2025-01-18T09:18:57.563+0000] {taskinstance.py:3895} INFO - 0 downstream tasks scheduled from follow-on schedule check
[2025-01-18T09:18:57.568+0000] {local_task_job_runner.py:245} INFO - ::endgroup::
