[2025-02-01T08:52:07.431+0000] {local_task_job_runner.py:123} INFO - ::group::Pre task execution logs
[2025-02-01T08:52:07.453+0000] {taskinstance.py:2613} INFO - Dependencies all met for dep_context=non-requeueable deps ti=<TaskInstance: play_with_airflow_connections_and_hooks.get_data scheduled__2025-01-31T00:00:00+00:00 [queued]>
[2025-02-01T08:52:07.461+0000] {taskinstance.py:2613} INFO - Dependencies all met for dep_context=requeueable deps ti=<TaskInstance: play_with_airflow_connections_and_hooks.get_data scheduled__2025-01-31T00:00:00+00:00 [queued]>
[2025-02-01T08:52:07.462+0000] {taskinstance.py:2866} INFO - Starting attempt 1 of 1
[2025-02-01T08:52:07.475+0000] {taskinstance.py:2889} INFO - Executing <Task(PythonOperator): get_data> on 2025-01-31 00:00:00+00:00
[2025-02-01T08:52:07.497+0000] {standard_task_runner.py:104} INFO - Running: ['***', 'tasks', 'run', 'play_with_***_connections_and_hooks', 'get_data', 'scheduled__2025-01-31T00:00:00+00:00', '--job-id', '16', '--raw', '--subdir', 'DAGS_FOLDER/play_with_***_connections_and_hooks.py', '--cfg-path', '/tmp/tmptvzvax3a']
[2025-02-01T08:52:07.501+0000] {standard_task_runner.py:105} INFO - Job 16: Subtask get_data
[2025-02-01T08:52:07.500+0000] {logging_mixin.py:190} WARNING - /home/***/.local/lib/python3.12/site-packages/***/task/task_runner/standard_task_runner.py:70 DeprecationWarning: This process (pid=82024) is multi-threaded, use of fork() may lead to deadlocks in the child.
[2025-02-01T08:52:07.502+0000] {standard_task_runner.py:72} INFO - Started process 82025 to run task
[2025-02-01T08:52:07.562+0000] {task_command.py:467} INFO - Running <TaskInstance: play_with_airflow_connections_and_hooks.get_data scheduled__2025-01-31T00:00:00+00:00 [running]> on host 90dc065ae7b9
[2025-02-01T08:52:07.655+0000] {taskinstance.py:3132} INFO - Exporting env vars: AIRFLOW_CTX_DAG_OWNER='***' AIRFLOW_CTX_DAG_ID='play_with_***_connections_and_hooks' AIRFLOW_CTX_TASK_ID='get_data' AIRFLOW_CTX_EXECUTION_DATE='2025-01-31T00:00:00+00:00' AIRFLOW_CTX_TRY_NUMBER='1' AIRFLOW_CTX_DAG_RUN_ID='scheduled__2025-01-31T00:00:00+00:00'
[2025-02-01T08:52:07.656+0000] {logging_mixin.py:190} INFO - Task instance is in running state
[2025-02-01T08:52:07.657+0000] {logging_mixin.py:190} INFO -  Previous state of the Task instance: queued
[2025-02-01T08:52:07.657+0000] {logging_mixin.py:190} INFO - Current task name:get_data state:running start_date:2025-02-01 08:52:07.453659+00:00
[2025-02-01T08:52:07.657+0000] {logging_mixin.py:190} INFO - Dag name:play_with_***_connections_and_hooks and current dag run status:running
[2025-02-01T08:52:07.657+0000] {taskinstance.py:731} INFO - ::endgroup::
[2025-02-01T08:52:07.665+0000] {base.py:84} INFO - Retrieving connection 'my_postgres_conn'
[2025-02-01T08:52:07.762+0000] {logging_mixin.py:190} INFO - ('postgres', 'pg_catalog', 'pg_statistic', 'BASE TABLE', None, None, None, None, None, 'YES', 'NO', None)
[2025-02-01T08:52:07.762+0000] {logging_mixin.py:190} INFO - ('postgres', 'pg_catalog', 'pg_type', 'BASE TABLE', None, None, None, None, None, 'YES', 'NO', None)
[2025-02-01T08:52:07.762+0000] {logging_mixin.py:190} INFO - ('postgres', 'pg_catalog', 'pg_foreign_table', 'BASE TABLE', None, None, None, None, None, 'YES', 'NO', None)
[2025-02-01T08:52:07.762+0000] {logging_mixin.py:190} INFO - ('postgres', 'pg_catalog', 'pg_authid', 'BASE TABLE', None, None, None, None, None, 'YES', 'NO', None)
[2025-02-01T08:52:07.762+0000] {logging_mixin.py:190} INFO - ('postgres', 'pg_catalog', 'pg_shadow', 'VIEW', None, None, None, None, None, 'NO', 'NO', None)
[2025-02-01T08:52:07.763+0000] {logging_mixin.py:190} INFO - ('postgres', 'pg_catalog', 'pg_statistic_ext_data', 'BASE TABLE', None, None, None, None, None, 'YES', 'NO', None)
[2025-02-01T08:52:07.763+0000] {logging_mixin.py:190} INFO - ('postgres', 'pg_catalog', 'pg_roles', 'VIEW', None, None, None, None, None, 'NO', 'NO', None)
[2025-02-01T08:52:07.763+0000] {logging_mixin.py:190} INFO - ('postgres', 'pg_catalog', 'pg_settings', 'VIEW', None, None, None, None, None, 'NO', 'NO', None)
[2025-02-01T08:52:07.763+0000] {logging_mixin.py:190} INFO - ('postgres', 'pg_catalog', 'pg_file_settings', 'VIEW', None, None, None, None, None, 'NO', 'NO', None)
[2025-02-01T08:52:07.763+0000] {logging_mixin.py:190} INFO - ('postgres', 'pg_catalog', 'pg_hba_file_rules', 'VIEW', None, None, None, None, None, 'NO', 'NO', None)
[2025-02-01T08:52:07.763+0000] {logging_mixin.py:190} INFO - ('postgres', 'pg_catalog', 'pg_config', 'VIEW', None, None, None, None, None, 'NO', 'NO', None)
[2025-02-01T08:52:07.764+0000] {logging_mixin.py:190} INFO - ('postgres', 'pg_catalog', 'pg_shmem_allocations', 'VIEW', None, None, None, None, None, 'NO', 'NO', None)
[2025-02-01T08:52:07.764+0000] {logging_mixin.py:190} INFO - ('postgres', 'pg_catalog', 'pg_prepared_statements', 'VIEW', None, None, None, None, None, 'NO', 'NO', None)
[2025-02-01T08:52:07.764+0000] {logging_mixin.py:190} INFO - ('postgres', 'pg_catalog', 'pg_largeobject', 'BASE TABLE', None, None, None, None, None, 'YES', 'NO', None)
[2025-02-01T08:52:07.764+0000] {logging_mixin.py:190} INFO - ('postgres', 'pg_catalog', 'pg_user_mapping', 'BASE TABLE', None, None, None, None, None, 'YES', 'NO', None)
[2025-02-01T08:52:07.764+0000] {logging_mixin.py:190} INFO - ('postgres', 'pg_catalog', 'pg_stat_progress_vacuum', 'VIEW', None, None, None, None, None, 'NO', 'NO', None)
[2025-02-01T08:52:07.764+0000] {logging_mixin.py:190} INFO - ('postgres', 'pg_catalog', 'pg_replication_origin_status', 'VIEW', None, None, None, None, None, 'NO', 'NO', None)
[2025-02-01T08:52:07.765+0000] {logging_mixin.py:190} INFO - ('postgres', 'pg_catalog', 'pg_subscription', 'BASE TABLE', None, None, None, None, None, 'YES', 'NO', None)
[2025-02-01T08:52:07.765+0000] {logging_mixin.py:190} INFO - ('postgres', 'pg_catalog', 'pg_attribute', 'BASE TABLE', None, None, None, None, None, 'YES', 'NO', None)
[2025-02-01T08:52:07.765+0000] {logging_mixin.py:190} INFO - ('postgres', 'pg_catalog', 'pg_proc', 'BASE TABLE', None, None, None, None, None, 'YES', 'NO', None)
[2025-02-01T08:52:07.765+0000] {logging_mixin.py:190} INFO - ('postgres', 'pg_catalog', 'pg_class', 'BASE TABLE', None, None, None, None, None, 'YES', 'NO', None)
[2025-02-01T08:52:07.765+0000] {logging_mixin.py:190} INFO - ('postgres', 'pg_catalog', 'pg_attrdef', 'BASE TABLE', None, None, None, None, None, 'YES', 'NO', None)
[2025-02-01T08:52:07.765+0000] {logging_mixin.py:190} INFO - ('postgres', 'pg_catalog', 'pg_constraint', 'BASE TABLE', None, None, None, None, None, 'YES', 'NO', None)
[2025-02-01T08:52:07.766+0000] {logging_mixin.py:190} INFO - ('postgres', 'pg_catalog', 'pg_inherits', 'BASE TABLE', None, None, None, None, None, 'YES', 'NO', None)
[2025-02-01T08:52:07.766+0000] {logging_mixin.py:190} INFO - ('postgres', 'pg_catalog', 'pg_index', 'BASE TABLE', None, None, None, None, None, 'YES', 'NO', None)
[2025-02-01T08:52:07.766+0000] {logging_mixin.py:190} INFO - ('postgres', 'pg_catalog', 'pg_operator', 'BASE TABLE', None, None, None, None, None, 'YES', 'NO', None)
[2025-02-01T08:52:07.766+0000] {logging_mixin.py:190} INFO - ('postgres', 'pg_catalog', 'pg_opfamily', 'BASE TABLE', None, None, None, None, None, 'YES', 'NO', None)
[2025-02-01T08:52:07.766+0000] {logging_mixin.py:190} INFO - ('postgres', 'pg_catalog', 'pg_opclass', 'BASE TABLE', None, None, None, None, None, 'YES', 'NO', None)
[2025-02-01T08:52:07.766+0000] {logging_mixin.py:190} INFO - ('postgres', 'pg_catalog', 'pg_am', 'BASE TABLE', None, None, None, None, None, 'YES', 'NO', None)
[2025-02-01T08:52:07.766+0000] {logging_mixin.py:190} INFO - ('postgres', 'pg_catalog', 'pg_amop', 'BASE TABLE', None, None, None, None, None, 'YES', 'NO', None)
[2025-02-01T08:52:07.767+0000] {logging_mixin.py:190} INFO - ('postgres', 'pg_catalog', 'pg_amproc', 'BASE TABLE', None, None, None, None, None, 'YES', 'NO', None)
[2025-02-01T08:52:07.767+0000] {logging_mixin.py:190} INFO - ('postgres', 'pg_catalog', 'pg_language', 'BASE TABLE', None, None, None, None, None, 'YES', 'NO', None)
[2025-02-01T08:52:07.767+0000] {logging_mixin.py:190} INFO - ('postgres', 'pg_catalog', 'pg_largeobject_metadata', 'BASE TABLE', None, None, None, None, None, 'YES', 'NO', None)
[2025-02-01T08:52:07.767+0000] {logging_mixin.py:190} INFO - ('postgres', 'pg_catalog', 'pg_aggregate', 'BASE TABLE', None, None, None, None, None, 'YES', 'NO', None)
[2025-02-01T08:52:07.767+0000] {logging_mixin.py:190} INFO - ('postgres', 'pg_catalog', 'pg_statistic_ext', 'BASE TABLE', None, None, None, None, None, 'YES', 'NO', None)
[2025-02-01T08:52:07.767+0000] {logging_mixin.py:190} INFO - ('postgres', 'pg_catalog', 'pg_rewrite', 'BASE TABLE', None, None, None, None, None, 'YES', 'NO', None)
[2025-02-01T08:52:07.768+0000] {logging_mixin.py:190} INFO - ('postgres', 'pg_catalog', 'pg_trigger', 'BASE TABLE', None, None, None, None, None, 'YES', 'NO', None)
[2025-02-01T08:52:07.768+0000] {logging_mixin.py:190} INFO - ('postgres', 'pg_catalog', 'pg_event_trigger', 'BASE TABLE', None, None, None, None, None, 'YES', 'NO', None)
[2025-02-01T08:52:07.768+0000] {logging_mixin.py:190} INFO - ('postgres', 'pg_catalog', 'pg_description', 'BASE TABLE', None, None, None, None, None, 'YES', 'NO', None)
[2025-02-01T08:52:07.768+0000] {logging_mixin.py:190} INFO - ('postgres', 'pg_catalog', 'pg_cast', 'BASE TABLE', None, None, None, None, None, 'YES', 'NO', None)
[2025-02-01T08:52:07.768+0000] {logging_mixin.py:190} INFO - ('postgres', 'pg_catalog', 'pg_stat_progress_cluster', 'VIEW', None, None, None, None, None, 'NO', 'NO', None)
[2025-02-01T08:52:07.768+0000] {logging_mixin.py:190} INFO - ('postgres', 'pg_catalog', 'pg_stat_progress_create_index', 'VIEW', None, None, None, None, None, 'NO', 'NO', None)
[2025-02-01T08:52:07.768+0000] {logging_mixin.py:190} INFO - ('postgres', 'pg_catalog', 'pg_stat_progress_basebackup', 'VIEW', None, None, None, None, None, 'NO', 'NO', None)
[2025-02-01T08:52:07.769+0000] {logging_mixin.py:190} INFO - ('postgres', 'pg_catalog', 'pg_user_mappings', 'VIEW', None, None, None, None, None, 'NO', 'NO', None)
[2025-02-01T08:52:07.769+0000] {logging_mixin.py:190} INFO - ('postgres', 'pg_catalog', 'pg_enum', 'BASE TABLE', None, None, None, None, None, 'YES', 'NO', None)
[2025-02-01T08:52:07.769+0000] {logging_mixin.py:190} INFO - ('postgres', 'pg_catalog', 'pg_namespace', 'BASE TABLE', None, None, None, None, None, 'YES', 'NO', None)
[2025-02-01T08:52:07.769+0000] {logging_mixin.py:190} INFO - ('postgres', 'pg_catalog', 'pg_conversion', 'BASE TABLE', None, None, None, None, None, 'YES', 'NO', None)
[2025-02-01T08:52:07.769+0000] {logging_mixin.py:190} INFO - ('postgres', 'pg_catalog', 'pg_depend', 'BASE TABLE', None, None, None, None, None, 'YES', 'NO', None)
[2025-02-01T08:52:07.769+0000] {logging_mixin.py:190} INFO - ('postgres', 'pg_catalog', 'pg_database', 'BASE TABLE', None, None, None, None, None, 'YES', 'NO', None)
[2025-02-01T08:52:07.770+0000] {logging_mixin.py:190} INFO - ('postgres', 'pg_catalog', 'pg_db_role_setting', 'BASE TABLE', None, None, None, None, None, 'YES', 'NO', None)
[2025-02-01T08:52:07.770+0000] {logging_mixin.py:190} INFO - ('postgres', 'pg_catalog', 'pg_tablespace', 'BASE TABLE', None, None, None, None, None, 'YES', 'NO', None)
[2025-02-01T08:52:07.770+0000] {logging_mixin.py:190} INFO - ('postgres', 'pg_catalog', 'pg_auth_members', 'BASE TABLE', None, None, None, None, None, 'YES', 'NO', None)
[2025-02-01T08:52:07.770+0000] {logging_mixin.py:190} INFO - ('postgres', 'pg_catalog', 'pg_shdepend', 'BASE TABLE', None, None, None, None, None, 'YES', 'NO', None)
[2025-02-01T08:52:07.770+0000] {logging_mixin.py:190} INFO - ('postgres', 'pg_catalog', 'pg_shdescription', 'BASE TABLE', None, None, None, None, None, 'YES', 'NO', None)
[2025-02-01T08:52:07.770+0000] {logging_mixin.py:190} INFO - ('postgres', 'pg_catalog', 'pg_ts_config', 'BASE TABLE', None, None, None, None, None, 'YES', 'NO', None)
[2025-02-01T08:52:07.770+0000] {logging_mixin.py:190} INFO - ('postgres', 'pg_catalog', 'pg_ts_config_map', 'BASE TABLE', None, None, None, None, None, 'YES', 'NO', None)
[2025-02-01T08:52:07.771+0000] {logging_mixin.py:190} INFO - ('postgres', 'pg_catalog', 'pg_ts_dict', 'BASE TABLE', None, None, None, None, None, 'YES', 'NO', None)
[2025-02-01T08:52:07.771+0000] {logging_mixin.py:190} INFO - ('postgres', 'pg_catalog', 'pg_ts_parser', 'BASE TABLE', None, None, None, None, None, 'YES', 'NO', None)
[2025-02-01T08:52:07.771+0000] {logging_mixin.py:190} INFO - ('postgres', 'pg_catalog', 'pg_ts_template', 'BASE TABLE', None, None, None, None, None, 'YES', 'NO', None)
[2025-02-01T08:52:07.771+0000] {logging_mixin.py:190} INFO - ('postgres', 'pg_catalog', 'pg_extension', 'BASE TABLE', None, None, None, None, None, 'YES', 'NO', None)
[2025-02-01T08:52:07.771+0000] {logging_mixin.py:190} INFO - ('postgres', 'pg_catalog', 'pg_foreign_data_wrapper', 'BASE TABLE', None, None, None, None, None, 'YES', 'NO', None)
[2025-02-01T08:52:07.771+0000] {logging_mixin.py:190} INFO - ('postgres', 'pg_catalog', 'pg_foreign_server', 'BASE TABLE', None, None, None, None, None, 'YES', 'NO', None)
[2025-02-01T08:52:07.771+0000] {logging_mixin.py:190} INFO - ('postgres', 'pg_catalog', 'pg_policy', 'BASE TABLE', None, None, None, None, None, 'YES', 'NO', None)
[2025-02-01T08:52:07.772+0000] {logging_mixin.py:190} INFO - ('postgres', 'pg_catalog', 'pg_replication_origin', 'BASE TABLE', None, None, None, None, None, 'YES', 'NO', None)
[2025-02-01T08:52:07.772+0000] {logging_mixin.py:190} INFO - ('postgres', 'pg_catalog', 'pg_default_acl', 'BASE TABLE', None, None, None, None, None, 'YES', 'NO', None)
[2025-02-01T08:52:07.772+0000] {logging_mixin.py:190} INFO - ('postgres', 'pg_catalog', 'pg_init_privs', 'BASE TABLE', None, None, None, None, None, 'YES', 'NO', None)
[2025-02-01T08:52:07.772+0000] {logging_mixin.py:190} INFO - ('postgres', 'pg_catalog', 'pg_seclabel', 'BASE TABLE', None, None, None, None, None, 'YES', 'NO', None)
[2025-02-01T08:52:07.772+0000] {logging_mixin.py:190} INFO - ('postgres', 'pg_catalog', 'pg_shseclabel', 'BASE TABLE', None, None, None, None, None, 'YES', 'NO', None)
[2025-02-01T08:52:07.772+0000] {logging_mixin.py:190} INFO - ('postgres', 'pg_catalog', 'pg_collation', 'BASE TABLE', None, None, None, None, None, 'YES', 'NO', None)
[2025-02-01T08:52:07.772+0000] {logging_mixin.py:190} INFO - ('postgres', 'pg_catalog', 'pg_partitioned_table', 'BASE TABLE', None, None, None, None, None, 'YES', 'NO', None)
[2025-02-01T08:52:07.773+0000] {logging_mixin.py:190} INFO - ('postgres', 'pg_catalog', 'pg_range', 'BASE TABLE', None, None, None, None, None, 'YES', 'NO', None)
[2025-02-01T08:52:07.773+0000] {logging_mixin.py:190} INFO - ('postgres', 'pg_catalog', 'pg_transform', 'BASE TABLE', None, None, None, None, None, 'YES', 'NO', None)
[2025-02-01T08:52:07.773+0000] {logging_mixin.py:190} INFO - ('postgres', 'pg_catalog', 'pg_sequence', 'BASE TABLE', None, None, None, None, None, 'YES', 'NO', None)
[2025-02-01T08:52:07.773+0000] {logging_mixin.py:190} INFO - ('postgres', 'pg_catalog', 'pg_publication', 'BASE TABLE', None, None, None, None, None, 'YES', 'NO', None)
[2025-02-01T08:52:07.773+0000] {logging_mixin.py:190} INFO - ('postgres', 'pg_catalog', 'pg_publication_rel', 'BASE TABLE', None, None, None, None, None, 'YES', 'NO', None)
[2025-02-01T08:52:07.773+0000] {logging_mixin.py:190} INFO - ('postgres', 'pg_catalog', 'pg_subscription_rel', 'BASE TABLE', None, None, None, None, None, 'YES', 'NO', None)
[2025-02-01T08:52:07.774+0000] {logging_mixin.py:190} INFO - ('postgres', 'pg_catalog', 'pg_group', 'VIEW', None, None, None, None, None, 'YES', 'NO', None)
[2025-02-01T08:52:07.774+0000] {logging_mixin.py:190} INFO - ('postgres', 'pg_catalog', 'pg_user', 'VIEW', None, None, None, None, None, 'NO', 'NO', None)
[2025-02-01T08:52:07.774+0000] {logging_mixin.py:190} INFO - ('postgres', 'pg_catalog', 'pg_policies', 'VIEW', None, None, None, None, None, 'NO', 'NO', None)
[2025-02-01T08:52:07.774+0000] {logging_mixin.py:190} INFO - ('postgres', 'pg_catalog', 'pg_rules', 'VIEW', None, None, None, None, None, 'NO', 'NO', None)
[2025-02-01T08:52:07.774+0000] {logging_mixin.py:190} INFO - ('postgres', 'pg_catalog', 'pg_views', 'VIEW', None, None, None, None, None, 'NO', 'NO', None)
[2025-02-01T08:52:07.774+0000] {logging_mixin.py:190} INFO - ('postgres', 'pg_catalog', 'pg_tables', 'VIEW', None, None, None, None, None, 'NO', 'NO', None)
[2025-02-01T08:52:07.774+0000] {logging_mixin.py:190} INFO - ('postgres', 'pg_catalog', 'pg_matviews', 'VIEW', None, None, None, None, None, 'NO', 'NO', None)
[2025-02-01T08:52:07.775+0000] {logging_mixin.py:190} INFO - ('postgres', 'pg_catalog', 'pg_indexes', 'VIEW', None, None, None, None, None, 'NO', 'NO', None)
[2025-02-01T08:52:07.775+0000] {logging_mixin.py:190} INFO - ('postgres', 'pg_catalog', 'pg_sequences', 'VIEW', None, None, None, None, None, 'NO', 'NO', None)
[2025-02-01T08:52:07.775+0000] {logging_mixin.py:190} INFO - ('postgres', 'pg_catalog', 'pg_stats', 'VIEW', None, None, None, None, None, 'NO', 'NO', None)
[2025-02-01T08:52:07.775+0000] {logging_mixin.py:190} INFO - ('postgres', 'pg_catalog', 'pg_stats_ext', 'VIEW', None, None, None, None, None, 'NO', 'NO', None)
[2025-02-01T08:52:07.775+0000] {logging_mixin.py:190} INFO - ('postgres', 'pg_catalog', 'pg_publication_tables', 'VIEW', None, None, None, None, None, 'NO', 'NO', None)
[2025-02-01T08:52:07.775+0000] {logging_mixin.py:190} INFO - ('postgres', 'pg_catalog', 'pg_locks', 'VIEW', None, None, None, None, None, 'NO', 'NO', None)
[2025-02-01T08:52:07.775+0000] {logging_mixin.py:190} INFO - ('postgres', 'pg_catalog', 'pg_cursors', 'VIEW', None, None, None, None, None, 'NO', 'NO', None)
[2025-02-01T08:52:07.776+0000] {logging_mixin.py:190} INFO - ('postgres', 'pg_catalog', 'pg_available_extensions', 'VIEW', None, None, None, None, None, 'NO', 'NO', None)
[2025-02-01T08:52:07.776+0000] {logging_mixin.py:190} INFO - ('postgres', 'pg_catalog', 'pg_available_extension_versions', 'VIEW', None, None, None, None, None, 'NO', 'NO', None)
[2025-02-01T08:52:07.776+0000] {logging_mixin.py:190} INFO - ('postgres', 'pg_catalog', 'pg_prepared_xacts', 'VIEW', None, None, None, None, None, 'NO', 'NO', None)
[2025-02-01T08:52:07.776+0000] {logging_mixin.py:190} INFO - ('postgres', 'pg_catalog', 'pg_seclabels', 'VIEW', None, None, None, None, None, 'NO', 'NO', None)
[2025-02-01T08:52:07.776+0000] {logging_mixin.py:190} INFO - ('postgres', 'pg_catalog', 'pg_statio_user_tables', 'VIEW', None, None, None, None, None, 'NO', 'NO', None)
[2025-02-01T08:52:07.776+0000] {logging_mixin.py:190} INFO - ('postgres', 'pg_catalog', 'pg_stat_all_indexes', 'VIEW', None, None, None, None, None, 'NO', 'NO', None)
[2025-02-01T08:52:07.776+0000] {logging_mixin.py:190} INFO - ('postgres', 'pg_catalog', 'pg_timezone_abbrevs', 'VIEW', None, None, None, None, None, 'NO', 'NO', None)
[2025-02-01T08:52:07.777+0000] {logging_mixin.py:190} INFO - ('postgres', 'pg_catalog', 'pg_timezone_names', 'VIEW', None, None, None, None, None, 'NO', 'NO', None)
[2025-02-01T08:52:07.777+0000] {logging_mixin.py:190} INFO - ('postgres', 'pg_catalog', 'pg_stat_sys_indexes', 'VIEW', None, None, None, None, None, 'NO', 'NO', None)
[2025-02-01T08:52:07.777+0000] {logging_mixin.py:190} INFO - ('postgres', 'pg_catalog', 'pg_stat_all_tables', 'VIEW', None, None, None, None, None, 'NO', 'NO', None)
[2025-02-01T08:52:07.777+0000] {logging_mixin.py:190} INFO - ('postgres', 'pg_catalog', 'pg_stat_xact_all_tables', 'VIEW', None, None, None, None, None, 'NO', 'NO', None)
[2025-02-01T08:52:07.777+0000] {logging_mixin.py:190} INFO - ('postgres', 'pg_catalog', 'pg_stat_sys_tables', 'VIEW', None, None, None, None, None, 'NO', 'NO', None)
[2025-02-01T08:52:07.777+0000] {logging_mixin.py:190} INFO - ('postgres', 'pg_catalog', 'pg_stat_xact_sys_tables', 'VIEW', None, None, None, None, None, 'NO', 'NO', None)
[2025-02-01T08:52:07.778+0000] {logging_mixin.py:190} INFO - ('postgres', 'pg_catalog', 'pg_stat_user_tables', 'VIEW', None, None, None, None, None, 'NO', 'NO', None)
[2025-02-01T08:52:07.778+0000] {logging_mixin.py:190} INFO - ('postgres', 'pg_catalog', 'pg_stat_xact_user_tables', 'VIEW', None, None, None, None, None, 'NO', 'NO', None)
[2025-02-01T08:52:07.778+0000] {logging_mixin.py:190} INFO - ('postgres', 'pg_catalog', 'pg_statio_all_tables', 'VIEW', None, None, None, None, None, 'NO', 'NO', None)
[2025-02-01T08:52:07.778+0000] {logging_mixin.py:190} INFO - ('postgres', 'pg_catalog', 'pg_statio_sys_tables', 'VIEW', None, None, None, None, None, 'NO', 'NO', None)
[2025-02-01T08:52:07.778+0000] {logging_mixin.py:190} INFO - ('postgres', 'pg_catalog', 'pg_stat_user_indexes', 'VIEW', None, None, None, None, None, 'NO', 'NO', None)
[2025-02-01T08:52:07.778+0000] {logging_mixin.py:190} INFO - ('postgres', 'pg_catalog', 'pg_statio_all_indexes', 'VIEW', None, None, None, None, None, 'NO', 'NO', None)
[2025-02-01T08:52:07.778+0000] {logging_mixin.py:190} INFO - ('postgres', 'pg_catalog', 'pg_statio_sys_indexes', 'VIEW', None, None, None, None, None, 'NO', 'NO', None)
[2025-02-01T08:52:07.779+0000] {logging_mixin.py:190} INFO - ('postgres', 'pg_catalog', 'pg_statio_user_indexes', 'VIEW', None, None, None, None, None, 'NO', 'NO', None)
[2025-02-01T08:52:07.779+0000] {logging_mixin.py:190} INFO - ('postgres', 'pg_catalog', 'pg_statio_all_sequences', 'VIEW', None, None, None, None, None, 'NO', 'NO', None)
[2025-02-01T08:52:07.779+0000] {logging_mixin.py:190} INFO - ('postgres', 'pg_catalog', 'pg_statio_sys_sequences', 'VIEW', None, None, None, None, None, 'NO', 'NO', None)
[2025-02-01T08:52:07.779+0000] {logging_mixin.py:190} INFO - ('postgres', 'pg_catalog', 'pg_statio_user_sequences', 'VIEW', None, None, None, None, None, 'NO', 'NO', None)
[2025-02-01T08:52:07.779+0000] {logging_mixin.py:190} INFO - ('postgres', 'pg_catalog', 'pg_stat_activity', 'VIEW', None, None, None, None, None, 'NO', 'NO', None)
[2025-02-01T08:52:07.779+0000] {logging_mixin.py:190} INFO - ('postgres', 'pg_catalog', 'pg_stat_replication', 'VIEW', None, None, None, None, None, 'NO', 'NO', None)
[2025-02-01T08:52:07.779+0000] {logging_mixin.py:190} INFO - ('postgres', 'pg_catalog', 'pg_stat_slru', 'VIEW', None, None, None, None, None, 'NO', 'NO', None)
[2025-02-01T08:52:07.780+0000] {logging_mixin.py:190} INFO - ('postgres', 'pg_catalog', 'pg_stat_wal_receiver', 'VIEW', None, None, None, None, None, 'NO', 'NO', None)
[2025-02-01T08:52:07.780+0000] {logging_mixin.py:190} INFO - ('postgres', 'pg_catalog', 'pg_stat_subscription', 'VIEW', None, None, None, None, None, 'NO', 'NO', None)
[2025-02-01T08:52:07.780+0000] {logging_mixin.py:190} INFO - ('postgres', 'pg_catalog', 'pg_stat_ssl', 'VIEW', None, None, None, None, None, 'NO', 'NO', None)
[2025-02-01T08:52:07.780+0000] {logging_mixin.py:190} INFO - ('postgres', 'pg_catalog', 'pg_stat_gssapi', 'VIEW', None, None, None, None, None, 'NO', 'NO', None)
[2025-02-01T08:52:07.780+0000] {logging_mixin.py:190} INFO - ('postgres', 'pg_catalog', 'pg_replication_slots', 'VIEW', None, None, None, None, None, 'NO', 'NO', None)
[2025-02-01T08:52:07.780+0000] {logging_mixin.py:190} INFO - ('postgres', 'pg_catalog', 'pg_stat_database', 'VIEW', None, None, None, None, None, 'NO', 'NO', None)
[2025-02-01T08:52:07.780+0000] {logging_mixin.py:190} INFO - ('postgres', 'pg_catalog', 'pg_stat_database_conflicts', 'VIEW', None, None, None, None, None, 'YES', 'NO', None)
[2025-02-01T08:52:07.781+0000] {logging_mixin.py:190} INFO - ('postgres', 'pg_catalog', 'pg_stat_user_functions', 'VIEW', None, None, None, None, None, 'NO', 'NO', None)
[2025-02-01T08:52:07.781+0000] {logging_mixin.py:190} INFO - ('postgres', 'pg_catalog', 'pg_stat_xact_user_functions', 'VIEW', None, None, None, None, None, 'NO', 'NO', None)
[2025-02-01T08:52:07.781+0000] {logging_mixin.py:190} INFO - ('postgres', 'pg_catalog', 'pg_stat_archiver', 'VIEW', None, None, None, None, None, 'NO', 'NO', None)
[2025-02-01T08:52:07.781+0000] {logging_mixin.py:190} INFO - ('postgres', 'pg_catalog', 'pg_stat_bgwriter', 'VIEW', None, None, None, None, None, 'NO', 'NO', None)
[2025-02-01T08:52:07.781+0000] {logging_mixin.py:190} INFO - ('postgres', 'pg_catalog', 'pg_stat_progress_analyze', 'VIEW', None, None, None, None, None, 'NO', 'NO', None)
[2025-02-01T08:52:07.781+0000] {logging_mixin.py:190} INFO - ('postgres', 'information_schema', 'columns', 'VIEW', None, None, None, None, None, 'NO', 'NO', None)
[2025-02-01T08:52:07.782+0000] {logging_mixin.py:190} INFO - ('postgres', 'information_schema', 'information_schema_catalog_name', 'VIEW', None, None, None, None, None, 'NO', 'NO', None)
[2025-02-01T08:52:07.782+0000] {logging_mixin.py:190} INFO - ('postgres', 'information_schema', 'collations', 'VIEW', None, None, None, None, None, 'NO', 'NO', None)
[2025-02-01T08:52:07.782+0000] {logging_mixin.py:190} INFO - ('postgres', 'information_schema', 'applicable_roles', 'VIEW', None, None, None, None, None, 'NO', 'NO', None)
[2025-02-01T08:52:07.782+0000] {logging_mixin.py:190} INFO - ('postgres', 'information_schema', 'administrable_role_authorizations', 'VIEW', None, None, None, None, None, 'NO', 'NO', None)
[2025-02-01T08:52:07.782+0000] {logging_mixin.py:190} INFO - ('postgres', 'information_schema', 'column_privileges', 'VIEW', None, None, None, None, None, 'NO', 'NO', None)
[2025-02-01T08:52:07.782+0000] {logging_mixin.py:190} INFO - ('postgres', 'information_schema', 'attributes', 'VIEW', None, None, None, None, None, 'NO', 'NO', None)
[2025-02-01T08:52:07.782+0000] {logging_mixin.py:190} INFO - ('postgres', 'information_schema', 'collation_character_set_applicability', 'VIEW', None, None, None, None, None, 'NO', 'NO', None)
[2025-02-01T08:52:07.783+0000] {logging_mixin.py:190} INFO - ('postgres', 'information_schema', 'character_sets', 'VIEW', None, None, None, None, None, 'NO', 'NO', None)
[2025-02-01T08:52:07.783+0000] {logging_mixin.py:190} INFO - ('postgres', 'information_schema', 'check_constraint_routine_usage', 'VIEW', None, None, None, None, None, 'NO', 'NO', None)
[2025-02-01T08:52:07.783+0000] {logging_mixin.py:190} INFO - ('postgres', 'information_schema', 'check_constraints', 'VIEW', None, None, None, None, None, 'NO', 'NO', None)
[2025-02-01T08:52:07.783+0000] {logging_mixin.py:190} INFO - ('postgres', 'information_schema', 'column_column_usage', 'VIEW', None, None, None, None, None, 'NO', 'NO', None)
[2025-02-01T08:52:07.783+0000] {logging_mixin.py:190} INFO - ('postgres', 'information_schema', 'column_domain_usage', 'VIEW', None, None, None, None, None, 'NO', 'NO', None)
[2025-02-01T08:52:07.783+0000] {logging_mixin.py:190} INFO - ('postgres', 'information_schema', 'column_udt_usage', 'VIEW', None, None, None, None, None, 'NO', 'NO', None)
[2025-02-01T08:52:07.783+0000] {logging_mixin.py:190} INFO - ('postgres', 'information_schema', 'constraint_column_usage', 'VIEW', None, None, None, None, None, 'NO', 'NO', None)
[2025-02-01T08:52:07.784+0000] {logging_mixin.py:190} INFO - ('postgres', 'information_schema', 'constraint_table_usage', 'VIEW', None, None, None, None, None, 'NO', 'NO', None)
[2025-02-01T08:52:07.784+0000] {logging_mixin.py:190} INFO - ('postgres', 'information_schema', 'domain_constraints', 'VIEW', None, None, None, None, None, 'NO', 'NO', None)
[2025-02-01T08:52:07.784+0000] {logging_mixin.py:190} INFO - ('postgres', 'information_schema', 'domain_udt_usage', 'VIEW', None, None, None, None, None, 'NO', 'NO', None)
[2025-02-01T08:52:07.784+0000] {logging_mixin.py:190} INFO - ('postgres', 'information_schema', 'domains', 'VIEW', None, None, None, None, None, 'NO', 'NO', None)
[2025-02-01T08:52:07.784+0000] {logging_mixin.py:190} INFO - ('postgres', 'information_schema', 'enabled_roles', 'VIEW', None, None, None, None, None, 'NO', 'NO', None)
[2025-02-01T08:52:07.784+0000] {logging_mixin.py:190} INFO - ('postgres', 'information_schema', 'sql_implementation_info', 'BASE TABLE', None, None, None, None, None, 'YES', 'NO', None)
[2025-02-01T08:52:07.785+0000] {logging_mixin.py:190} INFO - ('postgres', 'information_schema', 'key_column_usage', 'VIEW', None, None, None, None, None, 'NO', 'NO', None)
[2025-02-01T08:52:07.785+0000] {logging_mixin.py:190} INFO - ('postgres', 'information_schema', 'parameters', 'VIEW', None, None, None, None, None, 'NO', 'NO', None)
[2025-02-01T08:52:07.785+0000] {logging_mixin.py:190} INFO - ('postgres', 'information_schema', 'referential_constraints', 'VIEW', None, None, None, None, None, 'NO', 'NO', None)
[2025-02-01T08:52:07.785+0000] {logging_mixin.py:190} INFO - ('postgres', 'information_schema', 'role_column_grants', 'VIEW', None, None, None, None, None, 'NO', 'NO', None)
[2025-02-01T08:52:07.785+0000] {logging_mixin.py:190} INFO - ('postgres', 'information_schema', 'sql_parts', 'BASE TABLE', None, None, None, None, None, 'YES', 'NO', None)
[2025-02-01T08:52:07.785+0000] {logging_mixin.py:190} INFO - ('postgres', 'information_schema', 'routine_privileges', 'VIEW', None, None, None, None, None, 'NO', 'NO', None)
[2025-02-01T08:52:07.785+0000] {logging_mixin.py:190} INFO - ('postgres', 'information_schema', 'role_routine_grants', 'VIEW', None, None, None, None, None, 'NO', 'NO', None)
[2025-02-01T08:52:07.786+0000] {logging_mixin.py:190} INFO - ('postgres', 'information_schema', 'routines', 'VIEW', None, None, None, None, None, 'NO', 'NO', None)
[2025-02-01T08:52:07.786+0000] {logging_mixin.py:190} INFO - ('postgres', 'information_schema', 'schemata', 'VIEW', None, None, None, None, None, 'NO', 'NO', None)
[2025-02-01T08:52:07.786+0000] {logging_mixin.py:190} INFO - ('postgres', 'information_schema', 'tables', 'VIEW', None, None, None, None, None, 'NO', 'NO', None)
[2025-02-01T08:52:07.786+0000] {logging_mixin.py:190} INFO - ('postgres', 'information_schema', 'sequences', 'VIEW', None, None, None, None, None, 'NO', 'NO', None)
[2025-02-01T08:52:07.786+0000] {logging_mixin.py:190} INFO - ('postgres', 'information_schema', 'sql_sizing', 'BASE TABLE', None, None, None, None, None, 'YES', 'NO', None)
[2025-02-01T08:52:07.786+0000] {logging_mixin.py:190} INFO - ('postgres', 'information_schema', 'sql_features', 'BASE TABLE', None, None, None, None, None, 'YES', 'NO', None)
[2025-02-01T08:52:07.786+0000] {logging_mixin.py:190} INFO - ('postgres', 'information_schema', 'table_constraints', 'VIEW', None, None, None, None, None, 'NO', 'NO', None)
[2025-02-01T08:52:07.787+0000] {logging_mixin.py:190} INFO - ('postgres', 'information_schema', 'transforms', 'VIEW', None, None, None, None, None, 'NO', 'NO', None)
[2025-02-01T08:52:07.787+0000] {logging_mixin.py:190} INFO - ('postgres', 'information_schema', 'table_privileges', 'VIEW', None, None, None, None, None, 'NO', 'NO', None)
[2025-02-01T08:52:07.787+0000] {logging_mixin.py:190} INFO - ('postgres', 'information_schema', 'role_table_grants', 'VIEW', None, None, None, None, None, 'NO', 'NO', None)
[2025-02-01T08:52:07.787+0000] {logging_mixin.py:190} INFO - ('postgres', 'information_schema', 'udt_privileges', 'VIEW', None, None, None, None, None, 'NO', 'NO', None)
[2025-02-01T08:52:07.787+0000] {logging_mixin.py:190} INFO - ('postgres', 'information_schema', 'triggered_update_columns', 'VIEW', None, None, None, None, None, 'NO', 'NO', None)
[2025-02-01T08:52:07.787+0000] {logging_mixin.py:190} INFO - ('postgres', 'information_schema', 'triggers', 'VIEW', None, None, None, None, None, 'NO', 'NO', None)
[2025-02-01T08:52:07.787+0000] {logging_mixin.py:190} INFO - ('postgres', 'information_schema', 'usage_privileges', 'VIEW', None, None, None, None, None, 'NO', 'NO', None)
[2025-02-01T08:52:07.788+0000] {logging_mixin.py:190} INFO - ('postgres', 'information_schema', 'role_udt_grants', 'VIEW', None, None, None, None, None, 'NO', 'NO', None)
[2025-02-01T08:52:07.788+0000] {logging_mixin.py:190} INFO - ('postgres', 'information_schema', 'role_usage_grants', 'VIEW', None, None, None, None, None, 'NO', 'NO', None)
[2025-02-01T08:52:07.788+0000] {logging_mixin.py:190} INFO - ('postgres', 'information_schema', 'user_defined_types', 'VIEW', None, None, None, None, None, 'NO', 'NO', None)
[2025-02-01T08:52:07.788+0000] {logging_mixin.py:190} INFO - ('postgres', 'information_schema', 'view_column_usage', 'VIEW', None, None, None, None, None, 'NO', 'NO', None)
[2025-02-01T08:52:07.788+0000] {logging_mixin.py:190} INFO - ('postgres', 'information_schema', 'view_routine_usage', 'VIEW', None, None, None, None, None, 'NO', 'NO', None)
[2025-02-01T08:52:07.788+0000] {logging_mixin.py:190} INFO - ('postgres', 'information_schema', 'view_table_usage', 'VIEW', None, None, None, None, None, 'NO', 'NO', None)
[2025-02-01T08:52:07.788+0000] {logging_mixin.py:190} INFO - ('postgres', 'information_schema', 'foreign_tables', 'VIEW', None, None, None, None, None, 'NO', 'NO', None)
[2025-02-01T08:52:07.789+0000] {logging_mixin.py:190} INFO - ('postgres', 'information_schema', 'views', 'VIEW', None, None, None, None, None, 'NO', 'NO', None)
[2025-02-01T08:52:07.789+0000] {logging_mixin.py:190} INFO - ('postgres', 'information_schema', 'data_type_privileges', 'VIEW', None, None, None, None, None, 'NO', 'NO', None)
[2025-02-01T08:52:07.789+0000] {logging_mixin.py:190} INFO - ('postgres', 'information_schema', '_pg_user_mappings', 'VIEW', None, None, None, None, None, 'NO', 'NO', None)
[2025-02-01T08:52:07.789+0000] {logging_mixin.py:190} INFO - ('postgres', 'information_schema', 'element_types', 'VIEW', None, None, None, None, None, 'NO', 'NO', None)
[2025-02-01T08:52:07.789+0000] {logging_mixin.py:190} INFO - ('postgres', 'information_schema', '_pg_foreign_table_columns', 'VIEW', None, None, None, None, None, 'NO', 'NO', None)
[2025-02-01T08:52:07.789+0000] {logging_mixin.py:190} INFO - ('postgres', 'information_schema', 'column_options', 'VIEW', None, None, None, None, None, 'NO', 'NO', None)
[2025-02-01T08:52:07.790+0000] {logging_mixin.py:190} INFO - ('postgres', 'information_schema', '_pg_foreign_data_wrappers', 'VIEW', None, None, None, None, None, 'NO', 'NO', None)
[2025-02-01T08:52:07.790+0000] {logging_mixin.py:190} INFO - ('postgres', 'information_schema', 'foreign_data_wrapper_options', 'VIEW', None, None, None, None, None, 'NO', 'NO', None)
[2025-02-01T08:52:07.790+0000] {logging_mixin.py:190} INFO - ('postgres', 'information_schema', 'user_mapping_options', 'VIEW', None, None, None, None, None, 'NO', 'NO', None)
[2025-02-01T08:52:07.790+0000] {logging_mixin.py:190} INFO - ('postgres', 'information_schema', 'foreign_data_wrappers', 'VIEW', None, None, None, None, None, 'NO', 'NO', None)
[2025-02-01T08:52:07.790+0000] {logging_mixin.py:190} INFO - ('postgres', 'information_schema', '_pg_foreign_servers', 'VIEW', None, None, None, None, None, 'NO', 'NO', None)
[2025-02-01T08:52:07.790+0000] {logging_mixin.py:190} INFO - ('postgres', 'information_schema', 'foreign_server_options', 'VIEW', None, None, None, None, None, 'NO', 'NO', None)
[2025-02-01T08:52:07.790+0000] {logging_mixin.py:190} INFO - ('postgres', 'information_schema', 'foreign_servers', 'VIEW', None, None, None, None, None, 'NO', 'NO', None)
[2025-02-01T08:52:07.791+0000] {logging_mixin.py:190} INFO - ('postgres', 'information_schema', '_pg_foreign_tables', 'VIEW', None, None, None, None, None, 'NO', 'NO', None)
[2025-02-01T08:52:07.791+0000] {logging_mixin.py:190} INFO - ('postgres', 'information_schema', 'user_mappings', 'VIEW', None, None, None, None, None, 'NO', 'NO', None)
[2025-02-01T08:52:07.791+0000] {logging_mixin.py:190} INFO - ('postgres', 'information_schema', 'foreign_table_options', 'VIEW', None, None, None, None, None, 'NO', 'NO', None)
[2025-02-01T08:52:07.791+0000] {python.py:240} INFO - Done. Returned value was: None
[2025-02-01T08:52:07.799+0000] {taskinstance.py:340} INFO - ::group::Post task execution logs
[2025-02-01T08:52:07.800+0000] {taskinstance.py:352} INFO - Marking task as SUCCESS. dag_id=play_with_***_connections_and_hooks, task_id=get_data, run_id=scheduled__2025-01-31T00:00:00+00:00, execution_date=20250131T000000, start_date=20250201T085207, end_date=20250201T085207
[2025-02-01T08:52:07.806+0000] {logging_mixin.py:190} INFO - Task instance in success state
[2025-02-01T08:52:07.806+0000] {logging_mixin.py:190} INFO -  Previous state of the Task instance: running
[2025-02-01T08:52:07.806+0000] {logging_mixin.py:190} INFO - Dag name:play_with_***_connections_and_hooks queued_at:2025-02-01 08:52:06.527917+00:00
[2025-02-01T08:52:07.807+0000] {logging_mixin.py:190} INFO - Task hostname:90dc065ae7b9 operator:PythonOperator
[2025-02-01T08:52:07.817+0000] {local_task_job_runner.py:266} INFO - Task exited with return code 0
[2025-02-01T08:52:07.834+0000] {taskinstance.py:3895} INFO - 0 downstream tasks scheduled from follow-on schedule check
[2025-02-01T08:52:07.838+0000] {local_task_job_runner.py:245} INFO - ::endgroup::
