[2025-02-01T08:53:56.694+0000] {local_task_job_runner.py:123} INFO - ::group::Pre task execution logs
[2025-02-01T08:53:56.727+0000] {taskinstance.py:2613} INFO - Dependencies all met for dep_context=non-requeueable deps ti=<TaskInstance: play_with_airflow_connections_and_hooks.get_data manual__2025-02-01T08:53:54.391828+00:00 [queued]>
[2025-02-01T08:53:56.736+0000] {taskinstance.py:2613} INFO - Dependencies all met for dep_context=requeueable deps ti=<TaskInstance: play_with_airflow_connections_and_hooks.get_data manual__2025-02-01T08:53:54.391828+00:00 [queued]>
[2025-02-01T08:53:56.736+0000] {taskinstance.py:2866} INFO - Starting attempt 1 of 1
[2025-02-01T08:53:56.751+0000] {taskinstance.py:2889} INFO - Executing <Task(PythonOperator): get_data> on 2025-02-01 08:53:54.391828+00:00
[2025-02-01T08:53:56.775+0000] {standard_task_runner.py:104} INFO - Running: ['***', 'tasks', 'run', 'play_with_***_connections_and_hooks', 'get_data', 'manual__2025-02-01T08:53:54.391828+00:00', '--job-id', '17', '--raw', '--subdir', 'DAGS_FOLDER/play_with_***_connections_and_hooks.py', '--cfg-path', '/tmp/tmpmazqm4tw']
[2025-02-01T08:53:56.778+0000] {standard_task_runner.py:105} INFO - Job 17: Subtask get_data
[2025-02-01T08:53:56.777+0000] {logging_mixin.py:190} WARNING - /home/***/.local/lib/python3.12/site-packages/***/task/task_runner/standard_task_runner.py:70 DeprecationWarning: This process (pid=83079) is multi-threaded, use of fork() may lead to deadlocks in the child.
[2025-02-01T08:53:56.778+0000] {standard_task_runner.py:72} INFO - Started process 83097 to run task
[2025-02-01T08:53:56.848+0000] {task_command.py:467} INFO - Running <TaskInstance: play_with_airflow_connections_and_hooks.get_data manual__2025-02-01T08:53:54.391828+00:00 [running]> on host 90dc065ae7b9
[2025-02-01T08:53:57.002+0000] {taskinstance.py:3132} INFO - Exporting env vars: AIRFLOW_CTX_DAG_OWNER='***' AIRFLOW_CTX_DAG_ID='play_with_***_connections_and_hooks' AIRFLOW_CTX_TASK_ID='get_data' AIRFLOW_CTX_EXECUTION_DATE='2025-02-01T08:53:54.391828+00:00' AIRFLOW_CTX_TRY_NUMBER='1' AIRFLOW_CTX_DAG_RUN_ID='manual__2025-02-01T08:53:54.391828+00:00'
[2025-02-01T08:53:57.003+0000] {logging_mixin.py:190} INFO - Task instance is in running state
[2025-02-01T08:53:57.003+0000] {logging_mixin.py:190} INFO -  Previous state of the Task instance: queued
[2025-02-01T08:53:57.003+0000] {logging_mixin.py:190} INFO - Current task name:get_data state:running start_date:2025-02-01 08:53:56.727768+00:00
[2025-02-01T08:53:57.004+0000] {logging_mixin.py:190} INFO - Dag name:play_with_***_connections_and_hooks and current dag run status:running
[2025-02-01T08:53:57.004+0000] {taskinstance.py:731} INFO - ::endgroup::
[2025-02-01T08:53:57.019+0000] {base.py:84} INFO - Retrieving connection 'my_postgres_conn'
[2025-02-01T08:53:57.066+0000] {logging_mixin.py:190} INFO - ('postgres', 'pg_catalog', 'pg_statistic', 'BASE TABLE', None, None, None, None, None, 'YES', 'NO', None)
[2025-02-01T08:53:57.067+0000] {logging_mixin.py:190} INFO - ('postgres', 'pg_catalog', 'pg_type', 'BASE TABLE', None, None, None, None, None, 'YES', 'NO', None)
[2025-02-01T08:53:57.067+0000] {logging_mixin.py:190} INFO - ('postgres', 'pg_catalog', 'pg_foreign_table', 'BASE TABLE', None, None, None, None, None, 'YES', 'NO', None)
[2025-02-01T08:53:57.068+0000] {logging_mixin.py:190} INFO - ('postgres', 'pg_catalog', 'pg_authid', 'BASE TABLE', None, None, None, None, None, 'YES', 'NO', None)
[2025-02-01T08:53:57.068+0000] {logging_mixin.py:190} INFO - ('postgres', 'pg_catalog', 'pg_shadow', 'VIEW', None, None, None, None, None, 'NO', 'NO', None)
[2025-02-01T08:53:57.068+0000] {logging_mixin.py:190} INFO - ('postgres', 'pg_catalog', 'pg_statistic_ext_data', 'BASE TABLE', None, None, None, None, None, 'YES', 'NO', None)
[2025-02-01T08:53:57.068+0000] {logging_mixin.py:190} INFO - ('postgres', 'pg_catalog', 'pg_roles', 'VIEW', None, None, None, None, None, 'NO', 'NO', None)
[2025-02-01T08:53:57.069+0000] {logging_mixin.py:190} INFO - ('postgres', 'pg_catalog', 'pg_settings', 'VIEW', None, None, None, None, None, 'NO', 'NO', None)
[2025-02-01T08:53:57.069+0000] {logging_mixin.py:190} INFO - ('postgres', 'pg_catalog', 'pg_file_settings', 'VIEW', None, None, None, None, None, 'NO', 'NO', None)
[2025-02-01T08:53:57.069+0000] {logging_mixin.py:190} INFO - ('postgres', 'pg_catalog', 'pg_hba_file_rules', 'VIEW', None, None, None, None, None, 'NO', 'NO', None)
[2025-02-01T08:53:57.069+0000] {logging_mixin.py:190} INFO - ('postgres', 'pg_catalog', 'pg_config', 'VIEW', None, None, None, None, None, 'NO', 'NO', None)
[2025-02-01T08:53:57.069+0000] {logging_mixin.py:190} INFO - ('postgres', 'pg_catalog', 'pg_shmem_allocations', 'VIEW', None, None, None, None, None, 'NO', 'NO', None)
[2025-02-01T08:53:57.070+0000] {logging_mixin.py:190} INFO - ('postgres', 'pg_catalog', 'pg_prepared_statements', 'VIEW', None, None, None, None, None, 'NO', 'NO', None)
[2025-02-01T08:53:57.070+0000] {logging_mixin.py:190} INFO - ('postgres', 'pg_catalog', 'pg_largeobject', 'BASE TABLE', None, None, None, None, None, 'YES', 'NO', None)
[2025-02-01T08:53:57.070+0000] {logging_mixin.py:190} INFO - ('postgres', 'pg_catalog', 'pg_user_mapping', 'BASE TABLE', None, None, None, None, None, 'YES', 'NO', None)
[2025-02-01T08:53:57.070+0000] {logging_mixin.py:190} INFO - ('postgres', 'pg_catalog', 'pg_stat_progress_vacuum', 'VIEW', None, None, None, None, None, 'NO', 'NO', None)
[2025-02-01T08:53:57.071+0000] {logging_mixin.py:190} INFO - ('postgres', 'pg_catalog', 'pg_replication_origin_status', 'VIEW', None, None, None, None, None, 'NO', 'NO', None)
[2025-02-01T08:53:57.071+0000] {logging_mixin.py:190} INFO - ('postgres', 'pg_catalog', 'pg_subscription', 'BASE TABLE', None, None, None, None, None, 'YES', 'NO', None)
[2025-02-01T08:53:57.071+0000] {logging_mixin.py:190} INFO - ('postgres', 'pg_catalog', 'pg_attribute', 'BASE TABLE', None, None, None, None, None, 'YES', 'NO', None)
[2025-02-01T08:53:57.071+0000] {logging_mixin.py:190} INFO - ('postgres', 'pg_catalog', 'pg_proc', 'BASE TABLE', None, None, None, None, None, 'YES', 'NO', None)
[2025-02-01T08:53:57.071+0000] {logging_mixin.py:190} INFO - ('postgres', 'pg_catalog', 'pg_class', 'BASE TABLE', None, None, None, None, None, 'YES', 'NO', None)
[2025-02-01T08:53:57.072+0000] {logging_mixin.py:190} INFO - ('postgres', 'pg_catalog', 'pg_attrdef', 'BASE TABLE', None, None, None, None, None, 'YES', 'NO', None)
[2025-02-01T08:53:57.072+0000] {logging_mixin.py:190} INFO - ('postgres', 'pg_catalog', 'pg_constraint', 'BASE TABLE', None, None, None, None, None, 'YES', 'NO', None)
[2025-02-01T08:53:57.072+0000] {logging_mixin.py:190} INFO - ('postgres', 'pg_catalog', 'pg_inherits', 'BASE TABLE', None, None, None, None, None, 'YES', 'NO', None)
[2025-02-01T08:53:57.073+0000] {logging_mixin.py:190} INFO - ('postgres', 'pg_catalog', 'pg_index', 'BASE TABLE', None, None, None, None, None, 'YES', 'NO', None)
[2025-02-01T08:53:57.073+0000] {logging_mixin.py:190} INFO - ('postgres', 'pg_catalog', 'pg_operator', 'BASE TABLE', None, None, None, None, None, 'YES', 'NO', None)
[2025-02-01T08:53:57.073+0000] {logging_mixin.py:190} INFO - ('postgres', 'pg_catalog', 'pg_opfamily', 'BASE TABLE', None, None, None, None, None, 'YES', 'NO', None)
[2025-02-01T08:53:57.074+0000] {logging_mixin.py:190} INFO - ('postgres', 'pg_catalog', 'pg_opclass', 'BASE TABLE', None, None, None, None, None, 'YES', 'NO', None)
[2025-02-01T08:53:57.074+0000] {logging_mixin.py:190} INFO - ('postgres', 'pg_catalog', 'pg_am', 'BASE TABLE', None, None, None, None, None, 'YES', 'NO', None)
[2025-02-01T08:53:57.074+0000] {logging_mixin.py:190} INFO - ('postgres', 'pg_catalog', 'pg_amop', 'BASE TABLE', None, None, None, None, None, 'YES', 'NO', None)
[2025-02-01T08:53:57.074+0000] {logging_mixin.py:190} INFO - ('postgres', 'pg_catalog', 'pg_amproc', 'BASE TABLE', None, None, None, None, None, 'YES', 'NO', None)
[2025-02-01T08:53:57.075+0000] {logging_mixin.py:190} INFO - ('postgres', 'pg_catalog', 'pg_language', 'BASE TABLE', None, None, None, None, None, 'YES', 'NO', None)
[2025-02-01T08:53:57.075+0000] {logging_mixin.py:190} INFO - ('postgres', 'pg_catalog', 'pg_largeobject_metadata', 'BASE TABLE', None, None, None, None, None, 'YES', 'NO', None)
[2025-02-01T08:53:57.075+0000] {logging_mixin.py:190} INFO - ('postgres', 'pg_catalog', 'pg_aggregate', 'BASE TABLE', None, None, None, None, None, 'YES', 'NO', None)
[2025-02-01T08:53:57.075+0000] {logging_mixin.py:190} INFO - ('postgres', 'pg_catalog', 'pg_statistic_ext', 'BASE TABLE', None, None, None, None, None, 'YES', 'NO', None)
[2025-02-01T08:53:57.075+0000] {logging_mixin.py:190} INFO - ('postgres', 'pg_catalog', 'pg_rewrite', 'BASE TABLE', None, None, None, None, None, 'YES', 'NO', None)
[2025-02-01T08:53:57.076+0000] {logging_mixin.py:190} INFO - ('postgres', 'pg_catalog', 'pg_trigger', 'BASE TABLE', None, None, None, None, None, 'YES', 'NO', None)
[2025-02-01T08:53:57.076+0000] {logging_mixin.py:190} INFO - ('postgres', 'pg_catalog', 'pg_event_trigger', 'BASE TABLE', None, None, None, None, None, 'YES', 'NO', None)
[2025-02-01T08:53:57.076+0000] {logging_mixin.py:190} INFO - ('postgres', 'pg_catalog', 'pg_description', 'BASE TABLE', None, None, None, None, None, 'YES', 'NO', None)
[2025-02-01T08:53:57.076+0000] {logging_mixin.py:190} INFO - ('postgres', 'pg_catalog', 'pg_cast', 'BASE TABLE', None, None, None, None, None, 'YES', 'NO', None)
[2025-02-01T08:53:57.077+0000] {logging_mixin.py:190} INFO - ('postgres', 'pg_catalog', 'pg_stat_progress_cluster', 'VIEW', None, None, None, None, None, 'NO', 'NO', None)
[2025-02-01T08:53:57.077+0000] {logging_mixin.py:190} INFO - ('postgres', 'pg_catalog', 'pg_stat_progress_create_index', 'VIEW', None, None, None, None, None, 'NO', 'NO', None)
[2025-02-01T08:53:57.077+0000] {logging_mixin.py:190} INFO - ('postgres', 'pg_catalog', 'pg_stat_progress_basebackup', 'VIEW', None, None, None, None, None, 'NO', 'NO', None)
[2025-02-01T08:53:57.077+0000] {logging_mixin.py:190} INFO - ('postgres', 'pg_catalog', 'pg_user_mappings', 'VIEW', None, None, None, None, None, 'NO', 'NO', None)
[2025-02-01T08:53:57.078+0000] {logging_mixin.py:190} INFO - ('postgres', 'pg_catalog', 'pg_enum', 'BASE TABLE', None, None, None, None, None, 'YES', 'NO', None)
[2025-02-01T08:53:57.078+0000] {logging_mixin.py:190} INFO - ('postgres', 'pg_catalog', 'pg_namespace', 'BASE TABLE', None, None, None, None, None, 'YES', 'NO', None)
[2025-02-01T08:53:57.078+0000] {logging_mixin.py:190} INFO - ('postgres', 'pg_catalog', 'pg_conversion', 'BASE TABLE', None, None, None, None, None, 'YES', 'NO', None)
[2025-02-01T08:53:57.078+0000] {logging_mixin.py:190} INFO - ('postgres', 'pg_catalog', 'pg_depend', 'BASE TABLE', None, None, None, None, None, 'YES', 'NO', None)
[2025-02-01T08:53:57.078+0000] {logging_mixin.py:190} INFO - ('postgres', 'pg_catalog', 'pg_database', 'BASE TABLE', None, None, None, None, None, 'YES', 'NO', None)
[2025-02-01T08:53:57.079+0000] {logging_mixin.py:190} INFO - ('postgres', 'pg_catalog', 'pg_db_role_setting', 'BASE TABLE', None, None, None, None, None, 'YES', 'NO', None)
[2025-02-01T08:53:57.079+0000] {logging_mixin.py:190} INFO - ('postgres', 'pg_catalog', 'pg_tablespace', 'BASE TABLE', None, None, None, None, None, 'YES', 'NO', None)
[2025-02-01T08:53:57.079+0000] {logging_mixin.py:190} INFO - ('postgres', 'pg_catalog', 'pg_auth_members', 'BASE TABLE', None, None, None, None, None, 'YES', 'NO', None)
[2025-02-01T08:53:57.079+0000] {logging_mixin.py:190} INFO - ('postgres', 'pg_catalog', 'pg_shdepend', 'BASE TABLE', None, None, None, None, None, 'YES', 'NO', None)
[2025-02-01T08:53:57.079+0000] {logging_mixin.py:190} INFO - ('postgres', 'pg_catalog', 'pg_shdescription', 'BASE TABLE', None, None, None, None, None, 'YES', 'NO', None)
[2025-02-01T08:53:57.080+0000] {logging_mixin.py:190} INFO - ('postgres', 'pg_catalog', 'pg_ts_config', 'BASE TABLE', None, None, None, None, None, 'YES', 'NO', None)
[2025-02-01T08:53:57.080+0000] {logging_mixin.py:190} INFO - ('postgres', 'pg_catalog', 'pg_ts_config_map', 'BASE TABLE', None, None, None, None, None, 'YES', 'NO', None)
[2025-02-01T08:53:57.080+0000] {logging_mixin.py:190} INFO - ('postgres', 'pg_catalog', 'pg_ts_dict', 'BASE TABLE', None, None, None, None, None, 'YES', 'NO', None)
[2025-02-01T08:53:57.082+0000] {logging_mixin.py:190} INFO - ('postgres', 'pg_catalog', 'pg_ts_parser', 'BASE TABLE', None, None, None, None, None, 'YES', 'NO', None)
[2025-02-01T08:53:57.082+0000] {logging_mixin.py:190} INFO - ('postgres', 'pg_catalog', 'pg_ts_template', 'BASE TABLE', None, None, None, None, None, 'YES', 'NO', None)
[2025-02-01T08:53:57.082+0000] {logging_mixin.py:190} INFO - ('postgres', 'pg_catalog', 'pg_extension', 'BASE TABLE', None, None, None, None, None, 'YES', 'NO', None)
[2025-02-01T08:53:57.082+0000] {logging_mixin.py:190} INFO - ('postgres', 'pg_catalog', 'pg_foreign_data_wrapper', 'BASE TABLE', None, None, None, None, None, 'YES', 'NO', None)
[2025-02-01T08:53:57.082+0000] {logging_mixin.py:190} INFO - ('postgres', 'pg_catalog', 'pg_foreign_server', 'BASE TABLE', None, None, None, None, None, 'YES', 'NO', None)
[2025-02-01T08:53:57.083+0000] {logging_mixin.py:190} INFO - ('postgres', 'pg_catalog', 'pg_policy', 'BASE TABLE', None, None, None, None, None, 'YES', 'NO', None)
[2025-02-01T08:53:57.083+0000] {logging_mixin.py:190} INFO - ('postgres', 'pg_catalog', 'pg_replication_origin', 'BASE TABLE', None, None, None, None, None, 'YES', 'NO', None)
[2025-02-01T08:53:57.083+0000] {logging_mixin.py:190} INFO - ('postgres', 'pg_catalog', 'pg_default_acl', 'BASE TABLE', None, None, None, None, None, 'YES', 'NO', None)
[2025-02-01T08:53:57.083+0000] {logging_mixin.py:190} INFO - ('postgres', 'pg_catalog', 'pg_init_privs', 'BASE TABLE', None, None, None, None, None, 'YES', 'NO', None)
[2025-02-01T08:53:57.083+0000] {logging_mixin.py:190} INFO - ('postgres', 'pg_catalog', 'pg_seclabel', 'BASE TABLE', None, None, None, None, None, 'YES', 'NO', None)
[2025-02-01T08:53:57.084+0000] {logging_mixin.py:190} INFO - ('postgres', 'pg_catalog', 'pg_shseclabel', 'BASE TABLE', None, None, None, None, None, 'YES', 'NO', None)
[2025-02-01T08:53:57.084+0000] {logging_mixin.py:190} INFO - ('postgres', 'pg_catalog', 'pg_collation', 'BASE TABLE', None, None, None, None, None, 'YES', 'NO', None)
[2025-02-01T08:53:57.084+0000] {logging_mixin.py:190} INFO - ('postgres', 'pg_catalog', 'pg_partitioned_table', 'BASE TABLE', None, None, None, None, None, 'YES', 'NO', None)
[2025-02-01T08:53:57.085+0000] {logging_mixin.py:190} INFO - ('postgres', 'pg_catalog', 'pg_range', 'BASE TABLE', None, None, None, None, None, 'YES', 'NO', None)
[2025-02-01T08:53:57.085+0000] {logging_mixin.py:190} INFO - ('postgres', 'pg_catalog', 'pg_transform', 'BASE TABLE', None, None, None, None, None, 'YES', 'NO', None)
[2025-02-01T08:53:57.085+0000] {logging_mixin.py:190} INFO - ('postgres', 'pg_catalog', 'pg_sequence', 'BASE TABLE', None, None, None, None, None, 'YES', 'NO', None)
[2025-02-01T08:53:57.085+0000] {logging_mixin.py:190} INFO - ('postgres', 'pg_catalog', 'pg_publication', 'BASE TABLE', None, None, None, None, None, 'YES', 'NO', None)
[2025-02-01T08:53:57.085+0000] {logging_mixin.py:190} INFO - ('postgres', 'pg_catalog', 'pg_publication_rel', 'BASE TABLE', None, None, None, None, None, 'YES', 'NO', None)
[2025-02-01T08:53:57.086+0000] {logging_mixin.py:190} INFO - ('postgres', 'pg_catalog', 'pg_subscription_rel', 'BASE TABLE', None, None, None, None, None, 'YES', 'NO', None)
[2025-02-01T08:53:57.086+0000] {logging_mixin.py:190} INFO - ('postgres', 'pg_catalog', 'pg_group', 'VIEW', None, None, None, None, None, 'YES', 'NO', None)
[2025-02-01T08:53:57.086+0000] {logging_mixin.py:190} INFO - ('postgres', 'pg_catalog', 'pg_user', 'VIEW', None, None, None, None, None, 'NO', 'NO', None)
[2025-02-01T08:53:57.086+0000] {logging_mixin.py:190} INFO - ('postgres', 'pg_catalog', 'pg_policies', 'VIEW', None, None, None, None, None, 'NO', 'NO', None)
[2025-02-01T08:53:57.086+0000] {logging_mixin.py:190} INFO - ('postgres', 'pg_catalog', 'pg_rules', 'VIEW', None, None, None, None, None, 'NO', 'NO', None)
[2025-02-01T08:53:57.087+0000] {logging_mixin.py:190} INFO - ('postgres', 'pg_catalog', 'pg_views', 'VIEW', None, None, None, None, None, 'NO', 'NO', None)
[2025-02-01T08:53:57.087+0000] {logging_mixin.py:190} INFO - ('postgres', 'pg_catalog', 'pg_tables', 'VIEW', None, None, None, None, None, 'NO', 'NO', None)
[2025-02-01T08:53:57.087+0000] {logging_mixin.py:190} INFO - ('postgres', 'pg_catalog', 'pg_matviews', 'VIEW', None, None, None, None, None, 'NO', 'NO', None)
[2025-02-01T08:53:57.087+0000] {logging_mixin.py:190} INFO - ('postgres', 'pg_catalog', 'pg_indexes', 'VIEW', None, None, None, None, None, 'NO', 'NO', None)
[2025-02-01T08:53:57.088+0000] {logging_mixin.py:190} INFO - ('postgres', 'pg_catalog', 'pg_sequences', 'VIEW', None, None, None, None, None, 'NO', 'NO', None)
[2025-02-01T08:53:57.088+0000] {logging_mixin.py:190} INFO - ('postgres', 'pg_catalog', 'pg_stats', 'VIEW', None, None, None, None, None, 'NO', 'NO', None)
[2025-02-01T08:53:57.088+0000] {logging_mixin.py:190} INFO - ('postgres', 'pg_catalog', 'pg_stats_ext', 'VIEW', None, None, None, None, None, 'NO', 'NO', None)
[2025-02-01T08:53:57.088+0000] {logging_mixin.py:190} INFO - ('postgres', 'pg_catalog', 'pg_publication_tables', 'VIEW', None, None, None, None, None, 'NO', 'NO', None)
[2025-02-01T08:53:57.101+0000] {logging_mixin.py:190} INFO - ('postgres', 'pg_catalog', 'pg_locks', 'VIEW', None, None, None, None, None, 'NO', 'NO', None)
[2025-02-01T08:53:57.101+0000] {logging_mixin.py:190} INFO - ('postgres', 'pg_catalog', 'pg_cursors', 'VIEW', None, None, None, None, None, 'NO', 'NO', None)
[2025-02-01T08:53:57.101+0000] {logging_mixin.py:190} INFO - ('postgres', 'pg_catalog', 'pg_available_extensions', 'VIEW', None, None, None, None, None, 'NO', 'NO', None)
[2025-02-01T08:53:57.102+0000] {logging_mixin.py:190} INFO - ('postgres', 'pg_catalog', 'pg_available_extension_versions', 'VIEW', None, None, None, None, None, 'NO', 'NO', None)
[2025-02-01T08:53:57.108+0000] {logging_mixin.py:190} INFO - ('postgres', 'pg_catalog', 'pg_prepared_xacts', 'VIEW', None, None, None, None, None, 'NO', 'NO', None)
[2025-02-01T08:53:57.109+0000] {logging_mixin.py:190} INFO - ('postgres', 'pg_catalog', 'pg_seclabels', 'VIEW', None, None, None, None, None, 'NO', 'NO', None)
[2025-02-01T08:53:57.109+0000] {logging_mixin.py:190} INFO - ('postgres', 'pg_catalog', 'pg_statio_user_tables', 'VIEW', None, None, None, None, None, 'NO', 'NO', None)
[2025-02-01T08:53:57.109+0000] {logging_mixin.py:190} INFO - ('postgres', 'pg_catalog', 'pg_stat_all_indexes', 'VIEW', None, None, None, None, None, 'NO', 'NO', None)
[2025-02-01T08:53:57.109+0000] {logging_mixin.py:190} INFO - ('postgres', 'pg_catalog', 'pg_timezone_abbrevs', 'VIEW', None, None, None, None, None, 'NO', 'NO', None)
[2025-02-01T08:53:57.110+0000] {logging_mixin.py:190} INFO - ('postgres', 'pg_catalog', 'pg_timezone_names', 'VIEW', None, None, None, None, None, 'NO', 'NO', None)
[2025-02-01T08:53:57.110+0000] {logging_mixin.py:190} INFO - ('postgres', 'pg_catalog', 'pg_stat_sys_indexes', 'VIEW', None, None, None, None, None, 'NO', 'NO', None)
[2025-02-01T08:53:57.110+0000] {logging_mixin.py:190} INFO - ('postgres', 'pg_catalog', 'pg_stat_all_tables', 'VIEW', None, None, None, None, None, 'NO', 'NO', None)
[2025-02-01T08:53:57.110+0000] {logging_mixin.py:190} INFO - ('postgres', 'pg_catalog', 'pg_stat_xact_all_tables', 'VIEW', None, None, None, None, None, 'NO', 'NO', None)
[2025-02-01T08:53:57.110+0000] {logging_mixin.py:190} INFO - ('postgres', 'pg_catalog', 'pg_stat_sys_tables', 'VIEW', None, None, None, None, None, 'NO', 'NO', None)
[2025-02-01T08:53:57.111+0000] {logging_mixin.py:190} INFO - ('postgres', 'pg_catalog', 'pg_stat_xact_sys_tables', 'VIEW', None, None, None, None, None, 'NO', 'NO', None)
[2025-02-01T08:53:57.111+0000] {logging_mixin.py:190} INFO - ('postgres', 'pg_catalog', 'pg_stat_user_tables', 'VIEW', None, None, None, None, None, 'NO', 'NO', None)
[2025-02-01T08:53:57.111+0000] {logging_mixin.py:190} INFO - ('postgres', 'pg_catalog', 'pg_stat_xact_user_tables', 'VIEW', None, None, None, None, None, 'NO', 'NO', None)
[2025-02-01T08:53:57.111+0000] {logging_mixin.py:190} INFO - ('postgres', 'pg_catalog', 'pg_statio_all_tables', 'VIEW', None, None, None, None, None, 'NO', 'NO', None)
[2025-02-01T08:53:57.112+0000] {logging_mixin.py:190} INFO - ('postgres', 'pg_catalog', 'pg_statio_sys_tables', 'VIEW', None, None, None, None, None, 'NO', 'NO', None)
[2025-02-01T08:53:57.112+0000] {logging_mixin.py:190} INFO - ('postgres', 'pg_catalog', 'pg_stat_user_indexes', 'VIEW', None, None, None, None, None, 'NO', 'NO', None)
[2025-02-01T08:53:57.112+0000] {logging_mixin.py:190} INFO - ('postgres', 'pg_catalog', 'pg_statio_all_indexes', 'VIEW', None, None, None, None, None, 'NO', 'NO', None)
[2025-02-01T08:53:57.113+0000] {logging_mixin.py:190} INFO - ('postgres', 'pg_catalog', 'pg_statio_sys_indexes', 'VIEW', None, None, None, None, None, 'NO', 'NO', None)
[2025-02-01T08:53:57.113+0000] {logging_mixin.py:190} INFO - ('postgres', 'pg_catalog', 'pg_statio_user_indexes', 'VIEW', None, None, None, None, None, 'NO', 'NO', None)
[2025-02-01T08:53:57.113+0000] {logging_mixin.py:190} INFO - ('postgres', 'pg_catalog', 'pg_statio_all_sequences', 'VIEW', None, None, None, None, None, 'NO', 'NO', None)
[2025-02-01T08:53:57.113+0000] {logging_mixin.py:190} INFO - ('postgres', 'pg_catalog', 'pg_statio_sys_sequences', 'VIEW', None, None, None, None, None, 'NO', 'NO', None)
[2025-02-01T08:53:57.114+0000] {logging_mixin.py:190} INFO - ('postgres', 'pg_catalog', 'pg_statio_user_sequences', 'VIEW', None, None, None, None, None, 'NO', 'NO', None)
[2025-02-01T08:53:57.115+0000] {logging_mixin.py:190} INFO - ('postgres', 'pg_catalog', 'pg_stat_activity', 'VIEW', None, None, None, None, None, 'NO', 'NO', None)
[2025-02-01T08:53:57.117+0000] {logging_mixin.py:190} INFO - ('postgres', 'pg_catalog', 'pg_stat_replication', 'VIEW', None, None, None, None, None, 'NO', 'NO', None)
[2025-02-01T08:53:57.118+0000] {logging_mixin.py:190} INFO - ('postgres', 'pg_catalog', 'pg_stat_slru', 'VIEW', None, None, None, None, None, 'NO', 'NO', None)
[2025-02-01T08:53:57.118+0000] {logging_mixin.py:190} INFO - ('postgres', 'pg_catalog', 'pg_stat_wal_receiver', 'VIEW', None, None, None, None, None, 'NO', 'NO', None)
[2025-02-01T08:53:57.118+0000] {logging_mixin.py:190} INFO - ('postgres', 'pg_catalog', 'pg_stat_subscription', 'VIEW', None, None, None, None, None, 'NO', 'NO', None)
[2025-02-01T08:53:57.118+0000] {logging_mixin.py:190} INFO - ('postgres', 'pg_catalog', 'pg_stat_ssl', 'VIEW', None, None, None, None, None, 'NO', 'NO', None)
[2025-02-01T08:53:57.119+0000] {logging_mixin.py:190} INFO - ('postgres', 'pg_catalog', 'pg_stat_gssapi', 'VIEW', None, None, None, None, None, 'NO', 'NO', None)
[2025-02-01T08:53:57.119+0000] {logging_mixin.py:190} INFO - ('postgres', 'pg_catalog', 'pg_replication_slots', 'VIEW', None, None, None, None, None, 'NO', 'NO', None)
[2025-02-01T08:53:57.119+0000] {logging_mixin.py:190} INFO - ('postgres', 'pg_catalog', 'pg_stat_database', 'VIEW', None, None, None, None, None, 'NO', 'NO', None)
[2025-02-01T08:53:57.119+0000] {logging_mixin.py:190} INFO - ('postgres', 'pg_catalog', 'pg_stat_database_conflicts', 'VIEW', None, None, None, None, None, 'YES', 'NO', None)
[2025-02-01T08:53:57.120+0000] {logging_mixin.py:190} INFO - ('postgres', 'pg_catalog', 'pg_stat_user_functions', 'VIEW', None, None, None, None, None, 'NO', 'NO', None)
[2025-02-01T08:53:57.120+0000] {logging_mixin.py:190} INFO - ('postgres', 'pg_catalog', 'pg_stat_xact_user_functions', 'VIEW', None, None, None, None, None, 'NO', 'NO', None)
[2025-02-01T08:53:57.120+0000] {logging_mixin.py:190} INFO - ('postgres', 'pg_catalog', 'pg_stat_archiver', 'VIEW', None, None, None, None, None, 'NO', 'NO', None)
[2025-02-01T08:53:57.120+0000] {logging_mixin.py:190} INFO - ('postgres', 'pg_catalog', 'pg_stat_bgwriter', 'VIEW', None, None, None, None, None, 'NO', 'NO', None)
[2025-02-01T08:53:57.122+0000] {logging_mixin.py:190} INFO - ('postgres', 'pg_catalog', 'pg_stat_progress_analyze', 'VIEW', None, None, None, None, None, 'NO', 'NO', None)
[2025-02-01T08:53:57.122+0000] {logging_mixin.py:190} INFO - ('postgres', 'information_schema', 'columns', 'VIEW', None, None, None, None, None, 'NO', 'NO', None)
[2025-02-01T08:53:57.122+0000] {logging_mixin.py:190} INFO - ('postgres', 'information_schema', 'information_schema_catalog_name', 'VIEW', None, None, None, None, None, 'NO', 'NO', None)
[2025-02-01T08:53:57.123+0000] {logging_mixin.py:190} INFO - ('postgres', 'information_schema', 'collations', 'VIEW', None, None, None, None, None, 'NO', 'NO', None)
[2025-02-01T08:53:57.123+0000] {logging_mixin.py:190} INFO - ('postgres', 'information_schema', 'applicable_roles', 'VIEW', None, None, None, None, None, 'NO', 'NO', None)
[2025-02-01T08:53:57.123+0000] {logging_mixin.py:190} INFO - ('postgres', 'information_schema', 'administrable_role_authorizations', 'VIEW', None, None, None, None, None, 'NO', 'NO', None)
[2025-02-01T08:53:57.123+0000] {logging_mixin.py:190} INFO - ('postgres', 'information_schema', 'column_privileges', 'VIEW', None, None, None, None, None, 'NO', 'NO', None)
[2025-02-01T08:53:57.123+0000] {logging_mixin.py:190} INFO - ('postgres', 'information_schema', 'attributes', 'VIEW', None, None, None, None, None, 'NO', 'NO', None)
[2025-02-01T08:53:57.124+0000] {logging_mixin.py:190} INFO - ('postgres', 'information_schema', 'collation_character_set_applicability', 'VIEW', None, None, None, None, None, 'NO', 'NO', None)
[2025-02-01T08:53:57.124+0000] {logging_mixin.py:190} INFO - ('postgres', 'information_schema', 'character_sets', 'VIEW', None, None, None, None, None, 'NO', 'NO', None)
[2025-02-01T08:53:57.125+0000] {logging_mixin.py:190} INFO - ('postgres', 'information_schema', 'check_constraint_routine_usage', 'VIEW', None, None, None, None, None, 'NO', 'NO', None)
[2025-02-01T08:53:57.125+0000] {logging_mixin.py:190} INFO - ('postgres', 'information_schema', 'check_constraints', 'VIEW', None, None, None, None, None, 'NO', 'NO', None)
[2025-02-01T08:53:57.125+0000] {logging_mixin.py:190} INFO - ('postgres', 'information_schema', 'column_column_usage', 'VIEW', None, None, None, None, None, 'NO', 'NO', None)
[2025-02-01T08:53:57.125+0000] {logging_mixin.py:190} INFO - ('postgres', 'information_schema', 'column_domain_usage', 'VIEW', None, None, None, None, None, 'NO', 'NO', None)
[2025-02-01T08:53:57.125+0000] {logging_mixin.py:190} INFO - ('postgres', 'information_schema', 'column_udt_usage', 'VIEW', None, None, None, None, None, 'NO', 'NO', None)
[2025-02-01T08:53:57.126+0000] {logging_mixin.py:190} INFO - ('postgres', 'information_schema', 'constraint_column_usage', 'VIEW', None, None, None, None, None, 'NO', 'NO', None)
[2025-02-01T08:53:57.126+0000] {logging_mixin.py:190} INFO - ('postgres', 'information_schema', 'constraint_table_usage', 'VIEW', None, None, None, None, None, 'NO', 'NO', None)
[2025-02-01T08:53:57.126+0000] {logging_mixin.py:190} INFO - ('postgres', 'information_schema', 'domain_constraints', 'VIEW', None, None, None, None, None, 'NO', 'NO', None)
[2025-02-01T08:53:57.127+0000] {logging_mixin.py:190} INFO - ('postgres', 'information_schema', 'domain_udt_usage', 'VIEW', None, None, None, None, None, 'NO', 'NO', None)
[2025-02-01T08:53:57.128+0000] {logging_mixin.py:190} INFO - ('postgres', 'information_schema', 'domains', 'VIEW', None, None, None, None, None, 'NO', 'NO', None)
[2025-02-01T08:53:57.128+0000] {logging_mixin.py:190} INFO - ('postgres', 'information_schema', 'enabled_roles', 'VIEW', None, None, None, None, None, 'NO', 'NO', None)
[2025-02-01T08:53:57.128+0000] {logging_mixin.py:190} INFO - ('postgres', 'information_schema', 'sql_implementation_info', 'BASE TABLE', None, None, None, None, None, 'YES', 'NO', None)
[2025-02-01T08:53:57.128+0000] {logging_mixin.py:190} INFO - ('postgres', 'information_schema', 'key_column_usage', 'VIEW', None, None, None, None, None, 'NO', 'NO', None)
[2025-02-01T08:53:57.128+0000] {logging_mixin.py:190} INFO - ('postgres', 'information_schema', 'parameters', 'VIEW', None, None, None, None, None, 'NO', 'NO', None)
[2025-02-01T08:53:57.129+0000] {logging_mixin.py:190} INFO - ('postgres', 'information_schema', 'referential_constraints', 'VIEW', None, None, None, None, None, 'NO', 'NO', None)
[2025-02-01T08:53:57.129+0000] {logging_mixin.py:190} INFO - ('postgres', 'information_schema', 'role_column_grants', 'VIEW', None, None, None, None, None, 'NO', 'NO', None)
[2025-02-01T08:53:57.129+0000] {logging_mixin.py:190} INFO - ('postgres', 'information_schema', 'sql_parts', 'BASE TABLE', None, None, None, None, None, 'YES', 'NO', None)
[2025-02-01T08:53:57.129+0000] {logging_mixin.py:190} INFO - ('postgres', 'information_schema', 'routine_privileges', 'VIEW', None, None, None, None, None, 'NO', 'NO', None)
[2025-02-01T08:53:57.129+0000] {logging_mixin.py:190} INFO - ('postgres', 'information_schema', 'role_routine_grants', 'VIEW', None, None, None, None, None, 'NO', 'NO', None)
[2025-02-01T08:53:57.130+0000] {logging_mixin.py:190} INFO - ('postgres', 'information_schema', 'routines', 'VIEW', None, None, None, None, None, 'NO', 'NO', None)
[2025-02-01T08:53:57.130+0000] {logging_mixin.py:190} INFO - ('postgres', 'information_schema', 'schemata', 'VIEW', None, None, None, None, None, 'NO', 'NO', None)
[2025-02-01T08:53:57.130+0000] {logging_mixin.py:190} INFO - ('postgres', 'information_schema', 'tables', 'VIEW', None, None, None, None, None, 'NO', 'NO', None)
[2025-02-01T08:53:57.130+0000] {logging_mixin.py:190} INFO - ('postgres', 'information_schema', 'sequences', 'VIEW', None, None, None, None, None, 'NO', 'NO', None)
[2025-02-01T08:53:57.131+0000] {logging_mixin.py:190} INFO - ('postgres', 'information_schema', 'sql_sizing', 'BASE TABLE', None, None, None, None, None, 'YES', 'NO', None)
[2025-02-01T08:53:57.131+0000] {logging_mixin.py:190} INFO - ('postgres', 'information_schema', 'sql_features', 'BASE TABLE', None, None, None, None, None, 'YES', 'NO', None)
[2025-02-01T08:53:57.131+0000] {logging_mixin.py:190} INFO - ('postgres', 'information_schema', 'table_constraints', 'VIEW', None, None, None, None, None, 'NO', 'NO', None)
[2025-02-01T08:53:57.131+0000] {logging_mixin.py:190} INFO - ('postgres', 'information_schema', 'transforms', 'VIEW', None, None, None, None, None, 'NO', 'NO', None)
[2025-02-01T08:53:57.131+0000] {logging_mixin.py:190} INFO - ('postgres', 'information_schema', 'table_privileges', 'VIEW', None, None, None, None, None, 'NO', 'NO', None)
[2025-02-01T08:53:57.132+0000] {logging_mixin.py:190} INFO - ('postgres', 'information_schema', 'role_table_grants', 'VIEW', None, None, None, None, None, 'NO', 'NO', None)
[2025-02-01T08:53:57.132+0000] {logging_mixin.py:190} INFO - ('postgres', 'information_schema', 'udt_privileges', 'VIEW', None, None, None, None, None, 'NO', 'NO', None)
[2025-02-01T08:53:57.132+0000] {logging_mixin.py:190} INFO - ('postgres', 'information_schema', 'triggered_update_columns', 'VIEW', None, None, None, None, None, 'NO', 'NO', None)
[2025-02-01T08:53:57.132+0000] {logging_mixin.py:190} INFO - ('postgres', 'information_schema', 'triggers', 'VIEW', None, None, None, None, None, 'NO', 'NO', None)
[2025-02-01T08:53:57.132+0000] {logging_mixin.py:190} INFO - ('postgres', 'information_schema', 'usage_privileges', 'VIEW', None, None, None, None, None, 'NO', 'NO', None)
[2025-02-01T08:53:57.133+0000] {logging_mixin.py:190} INFO - ('postgres', 'information_schema', 'role_udt_grants', 'VIEW', None, None, None, None, None, 'NO', 'NO', None)
[2025-02-01T08:53:57.133+0000] {logging_mixin.py:190} INFO - ('postgres', 'information_schema', 'role_usage_grants', 'VIEW', None, None, None, None, None, 'NO', 'NO', None)
[2025-02-01T08:53:57.133+0000] {logging_mixin.py:190} INFO - ('postgres', 'information_schema', 'user_defined_types', 'VIEW', None, None, None, None, None, 'NO', 'NO', None)
[2025-02-01T08:53:57.134+0000] {logging_mixin.py:190} INFO - ('postgres', 'information_schema', 'view_column_usage', 'VIEW', None, None, None, None, None, 'NO', 'NO', None)
[2025-02-01T08:53:57.134+0000] {logging_mixin.py:190} INFO - ('postgres', 'information_schema', 'view_routine_usage', 'VIEW', None, None, None, None, None, 'NO', 'NO', None)
[2025-02-01T08:53:57.134+0000] {logging_mixin.py:190} INFO - ('postgres', 'information_schema', 'view_table_usage', 'VIEW', None, None, None, None, None, 'NO', 'NO', None)
[2025-02-01T08:53:57.134+0000] {logging_mixin.py:190} INFO - ('postgres', 'information_schema', 'foreign_tables', 'VIEW', None, None, None, None, None, 'NO', 'NO', None)
[2025-02-01T08:53:57.135+0000] {logging_mixin.py:190} INFO - ('postgres', 'information_schema', 'views', 'VIEW', None, None, None, None, None, 'NO', 'NO', None)
[2025-02-01T08:53:57.135+0000] {logging_mixin.py:190} INFO - ('postgres', 'information_schema', 'data_type_privileges', 'VIEW', None, None, None, None, None, 'NO', 'NO', None)
[2025-02-01T08:53:57.135+0000] {logging_mixin.py:190} INFO - ('postgres', 'information_schema', '_pg_user_mappings', 'VIEW', None, None, None, None, None, 'NO', 'NO', None)
[2025-02-01T08:53:57.135+0000] {logging_mixin.py:190} INFO - ('postgres', 'information_schema', 'element_types', 'VIEW', None, None, None, None, None, 'NO', 'NO', None)
[2025-02-01T08:53:57.135+0000] {logging_mixin.py:190} INFO - ('postgres', 'information_schema', '_pg_foreign_table_columns', 'VIEW', None, None, None, None, None, 'NO', 'NO', None)
[2025-02-01T08:53:57.136+0000] {logging_mixin.py:190} INFO - ('postgres', 'information_schema', 'column_options', 'VIEW', None, None, None, None, None, 'NO', 'NO', None)
[2025-02-01T08:53:57.136+0000] {logging_mixin.py:190} INFO - ('postgres', 'information_schema', '_pg_foreign_data_wrappers', 'VIEW', None, None, None, None, None, 'NO', 'NO', None)
[2025-02-01T08:53:57.136+0000] {logging_mixin.py:190} INFO - ('postgres', 'information_schema', 'foreign_data_wrapper_options', 'VIEW', None, None, None, None, None, 'NO', 'NO', None)
[2025-02-01T08:53:57.137+0000] {logging_mixin.py:190} INFO - ('postgres', 'information_schema', 'user_mapping_options', 'VIEW', None, None, None, None, None, 'NO', 'NO', None)
[2025-02-01T08:53:57.137+0000] {logging_mixin.py:190} INFO - ('postgres', 'information_schema', 'foreign_data_wrappers', 'VIEW', None, None, None, None, None, 'NO', 'NO', None)
[2025-02-01T08:53:57.137+0000] {logging_mixin.py:190} INFO - ('postgres', 'information_schema', '_pg_foreign_servers', 'VIEW', None, None, None, None, None, 'NO', 'NO', None)
[2025-02-01T08:53:57.137+0000] {logging_mixin.py:190} INFO - ('postgres', 'information_schema', 'foreign_server_options', 'VIEW', None, None, None, None, None, 'NO', 'NO', None)
[2025-02-01T08:53:57.138+0000] {logging_mixin.py:190} INFO - ('postgres', 'information_schema', 'foreign_servers', 'VIEW', None, None, None, None, None, 'NO', 'NO', None)
[2025-02-01T08:53:57.139+0000] {logging_mixin.py:190} INFO - ('postgres', 'information_schema', '_pg_foreign_tables', 'VIEW', None, None, None, None, None, 'NO', 'NO', None)
[2025-02-01T08:53:57.139+0000] {logging_mixin.py:190} INFO - ('postgres', 'information_schema', 'user_mappings', 'VIEW', None, None, None, None, None, 'NO', 'NO', None)
[2025-02-01T08:53:57.139+0000] {logging_mixin.py:190} INFO - ('postgres', 'information_schema', 'foreign_table_options', 'VIEW', None, None, None, None, None, 'NO', 'NO', None)
[2025-02-01T08:53:57.139+0000] {python.py:240} INFO - Done. Returned value was: None
[2025-02-01T08:53:57.152+0000] {taskinstance.py:340} INFO - ::group::Post task execution logs
[2025-02-01T08:53:57.152+0000] {taskinstance.py:352} INFO - Marking task as SUCCESS. dag_id=play_with_***_connections_and_hooks, task_id=get_data, run_id=manual__2025-02-01T08:53:54.391828+00:00, execution_date=20250201T085354, start_date=20250201T085356, end_date=20250201T085357
[2025-02-01T08:53:57.165+0000] {logging_mixin.py:190} INFO - Task instance in success state
[2025-02-01T08:53:57.165+0000] {logging_mixin.py:190} INFO -  Previous state of the Task instance: running
[2025-02-01T08:53:57.165+0000] {logging_mixin.py:190} INFO - Dag name:play_with_***_connections_and_hooks queued_at:2025-02-01 08:53:54.398847+00:00
[2025-02-01T08:53:57.166+0000] {logging_mixin.py:190} INFO - Task hostname:90dc065ae7b9 operator:PythonOperator
[2025-02-01T08:53:57.217+0000] {local_task_job_runner.py:266} INFO - Task exited with return code 0
[2025-02-01T08:53:57.240+0000] {taskinstance.py:3895} INFO - 0 downstream tasks scheduled from follow-on schedule check
[2025-02-01T08:53:57.246+0000] {local_task_job_runner.py:245} INFO - ::endgroup::
