[2025-02-01T08:25:38.972+0000] {local_task_job_runner.py:123} INFO - ::group::Pre task execution logs
[2025-02-01T08:25:39.014+0000] {taskinstance.py:2613} INFO - Dependencies all met for dep_context=non-requeueable deps ti=<TaskInstance: weather_api_dag.get_weather_data scheduled__2025-02-01T06:00:00+00:00 [queued]>
[2025-02-01T08:25:39.123+0000] {taskinstance.py:2613} INFO - Dependencies all met for dep_context=requeueable deps ti=<TaskInstance: weather_api_dag.get_weather_data scheduled__2025-02-01T06:00:00+00:00 [queued]>
[2025-02-01T08:25:39.123+0000] {taskinstance.py:2866} INFO - Starting attempt 1 of 1
[2025-02-01T08:25:39.239+0000] {taskinstance.py:2889} INFO - Executing <Task(PythonOperator): get_weather_data> on 2025-02-01 06:00:00+00:00
[2025-02-01T08:25:39.306+0000] {standard_task_runner.py:104} INFO - Running: ['***', 'tasks', 'run', 'weather_api_dag', 'get_weather_data', 'scheduled__2025-02-01T06:00:00+00:00', '--job-id', '15', '--raw', '--subdir', 'DAGS_FOLDER/weather_api_dag.py', '--cfg-path', '/tmp/tmp_6b0r7up']
[2025-02-01T08:25:39.313+0000] {standard_task_runner.py:105} INFO - Job 15: Subtask get_weather_data
[2025-02-01T08:25:39.319+0000] {logging_mixin.py:190} WARNING - /home/***/.local/lib/python3.12/site-packages/***/task/task_runner/standard_task_runner.py:70 DeprecationWarning: This process (pid=66333) is multi-threaded, use of fork() may lead to deadlocks in the child.
[2025-02-01T08:25:39.350+0000] {standard_task_runner.py:72} INFO - Started process 66349 to run task
[2025-02-01T08:25:39.432+0000] {task_command.py:467} INFO - Running <TaskInstance: weather_api_dag.get_weather_data scheduled__2025-02-01T06:00:00+00:00 [running]> on host 90dc065ae7b9
[2025-02-01T08:25:39.821+0000] {taskinstance.py:3132} INFO - Exporting env vars: AIRFLOW_CTX_DAG_OWNER='***' AIRFLOW_CTX_DAG_ID='weather_api_dag' AIRFLOW_CTX_TASK_ID='get_weather_data' AIRFLOW_CTX_EXECUTION_DATE='2025-02-01T06:00:00+00:00' AIRFLOW_CTX_TRY_NUMBER='1' AIRFLOW_CTX_DAG_RUN_ID='scheduled__2025-02-01T06:00:00+00:00'
[2025-02-01T08:25:39.822+0000] {logging_mixin.py:190} INFO - Task instance is in running state
[2025-02-01T08:25:39.823+0000] {logging_mixin.py:190} INFO -  Previous state of the Task instance: queued
[2025-02-01T08:25:39.823+0000] {logging_mixin.py:190} INFO - Current task name:get_weather_data state:running start_date:2025-02-01 08:25:39.031789+00:00
[2025-02-01T08:25:39.823+0000] {logging_mixin.py:190} INFO - Dag name:weather_api_dag and current dag run status:running
[2025-02-01T08:25:39.824+0000] {taskinstance.py:731} INFO - ::endgroup::
[2025-02-01T08:25:39.905+0000] {logging_mixin.py:190} INFO - https://api.openweathermap.org/data/2.5/weather?q=bangkok&appid=9e5fa9a3ca72f741ca0de4b1c4b04c09&units=metric
[2025-02-01T08:25:39.905+0000] {logging_mixin.py:190} INFO - {'coord': {'lon': 100.5167, 'lat': 13.75}, 'weather': [{'id': 803, 'main': 'Clouds', 'description': 'broken clouds', 'icon': '04d'}], 'base': 'stations', 'main': {'temp': 34.91, 'feels_like': 36.76, 'temp_min': 32.94, 'temp_max': 35.53, 'pressure': 1006, 'humidity': 39, 'sea_level': 1006, 'grnd_level': 1005}, 'visibility': 10000, 'wind': {'speed': 3.31, 'deg': 183, 'gust': 2.3}, 'clouds': {'all': 61}, 'dt': 1738398066, 'sys': {'type': 2, 'id': 2073525, 'country': 'TH', 'sunrise': 1738367109, 'sunset': 1738408663}, 'timezone': 25200, 'id': 1609350, 'name': 'Bangkok', 'cod': 200}
[2025-02-01T08:25:39.906+0000] {python.py:240} INFO - Done. Returned value was: None
[2025-02-01T08:25:39.919+0000] {taskinstance.py:340} INFO - ::group::Post task execution logs
[2025-02-01T08:25:39.920+0000] {taskinstance.py:352} INFO - Marking task as SUCCESS. dag_id=weather_api_dag, task_id=get_weather_data, run_id=scheduled__2025-02-01T06:00:00+00:00, execution_date=20250201T060000, start_date=20250201T082539, end_date=20250201T082539
[2025-02-01T08:25:39.932+0000] {logging_mixin.py:190} INFO - Task instance in success state
[2025-02-01T08:25:39.932+0000] {logging_mixin.py:190} INFO -  Previous state of the Task instance: running
[2025-02-01T08:25:39.933+0000] {logging_mixin.py:190} INFO - Dag name:weather_api_dag queued_at:2025-02-01 08:25:31.858397+00:00
[2025-02-01T08:25:39.933+0000] {logging_mixin.py:190} INFO - Task hostname:90dc065ae7b9 operator:PythonOperator
[2025-02-01T08:25:39.958+0000] {local_task_job_runner.py:266} INFO - Task exited with return code 0
[2025-02-01T08:25:39.981+0000] {taskinstance.py:3895} INFO - 0 downstream tasks scheduled from follow-on schedule check
[2025-02-01T08:25:39.986+0000] {local_task_job_runner.py:245} INFO - ::endgroup::
